CRITICAL - 2021-03-07 22:31:28 --> Unable to connect to the database.
#0 C:\wamp64\www\sunstone\frontend\system\Database\BaseConnection.php(646): CodeIgniter\Database\BaseConnection->initialize()
#1 C:\wamp64\www\sunstone\frontend\app\Controllers\Home.php(12): CodeIgniter\Database\BaseConnection->query('SELECT * FROM s...')
#2 C:\wamp64\www\sunstone\frontend\system\CodeIgniter.php(924): App\Controllers\Home->index()
#3 C:\wamp64\www\sunstone\frontend\system\CodeIgniter.php(410): CodeIgniter\CodeIgniter->runController(Object(App\Controllers\Home))
#4 C:\wamp64\www\sunstone\frontend\system\CodeIgniter.php(318): CodeIgniter\CodeIgniter->handleRequest(NULL, Object(Config\Cache), false)
#5 C:\wamp64\www\sunstone\frontend\index.php(46): CodeIgniter\CodeIgniter->run()
#6 {main}
CRITICAL - 2021-03-07 22:34:54 --> Unable to connect to the database.
#0 C:\wamp64\www\sunstone\frontend\system\Database\BaseConnection.php(646): CodeIgniter\Database\BaseConnection->initialize()
#1 C:\wamp64\www\sunstone\frontend\app\Controllers\Home.php(12): CodeIgniter\Database\BaseConnection->query('SELECT * FROM s...')
#2 C:\wamp64\www\sunstone\frontend\system\CodeIgniter.php(924): App\Controllers\Home->index()
#3 C:\wamp64\www\sunstone\frontend\system\CodeIgniter.php(410): CodeIgniter\CodeIgniter->runController(Object(App\Controllers\Home))
#4 C:\wamp64\www\sunstone\frontend\system\CodeIgniter.php(318): CodeIgniter\CodeIgniter->handleRequest(NULL, Object(Config\Cache), false)
#5 C:\wamp64\www\sunstone\frontend\index.php(46): CodeIgniter\CodeIgniter->run()
#6 {main}
CRITICAL - 2021-03-07 22:35:44 --> Unable to connect to the database.
#0 C:\wamp64\www\sunstone\frontend\system\Database\BaseConnection.php(646): CodeIgniter\Database\BaseConnection->initialize()
#1 C:\wamp64\www\sunstone\frontend\app\Controllers\Home.php(12): CodeIgniter\Database\BaseConnection->query('SELECT * FROM s...')
#2 C:\wamp64\www\sunstone\frontend\system\CodeIgniter.php(924): App\Controllers\Home->index()
#3 C:\wamp64\www\sunstone\frontend\system\CodeIgniter.php(410): CodeIgniter\CodeIgniter->runController(Object(App\Controllers\Home))
#4 C:\wamp64\www\sunstone\frontend\system\CodeIgniter.php(318): CodeIgniter\CodeIgniter->handleRequest(NULL, Object(Config\Cache), false)
#5 C:\wamp64\www\sunstone\frontend\index.php(46): CodeIgniter\CodeIgniter->run()
#6 {main}
CRITICAL - 2021-03-07 23:08:51 --> Undefined variable: db
#0 C:\wamp64\www\sunstone\frontend\app\Controllers\Home.php(60): CodeIgniter\Debug\Exceptions->errorHandler(8, 'Undefined varia...', 'C:\\wamp64\\www\\s...', 60, Array)
#1 C:\wamp64\www\sunstone\frontend\system\CodeIgniter.php(924): App\Controllers\Home->search()
#2 C:\wamp64\www\sunstone\frontend\system\CodeIgniter.php(410): CodeIgniter\CodeIgniter->runController(Object(App\Controllers\Home))
#3 C:\wamp64\www\sunstone\frontend\system\CodeIgniter.php(318): CodeIgniter\CodeIgniter->handleRequest(NULL, Object(Config\Cache), false)
#4 C:\wamp64\www\sunstone\frontend\index.php(46): CodeIgniter\CodeIgniter->run()
#5 {main}
CRITICAL - 2021-03-07 23:12:51 -->  route cannot be found while reverse-routing.
#0 C:\wamp64\www\sunstone\frontend\system\HTTP\RedirectResponse.php(92): CodeIgniter\HTTP\Exceptions\HTTPException::forInvalidRedirectRoute('')
#1 C:\wamp64\www\sunstone\frontend\system\Common.php(845): CodeIgniter\HTTP\RedirectResponse->route(false)
#2 C:\wamp64\www\sunstone\frontend\app\Controllers\Home.php(65): redirect('www.3d anitmati...')
#3 C:\wamp64\www\sunstone\frontend\system\CodeIgniter.php(924): App\Controllers\Home->search()
#4 C:\wamp64\www\sunstone\frontend\system\CodeIgniter.php(410): CodeIgniter\CodeIgniter->runController(Object(App\Controllers\Home))
#5 C:\wamp64\www\sunstone\frontend\system\CodeIgniter.php(318): CodeIgniter\CodeIgniter->handleRequest(NULL, Object(Config\Cache), false)
#6 C:\wamp64\www\sunstone\frontend\index.php(46): CodeIgniter\CodeIgniter->run()
#7 {main}
CRITICAL - 2021-03-07 23:13:23 --> Use of undefined constant refresh - assumed 'refresh' (this will throw an Error in a future version of PHP)
#0 C:\wamp64\www\sunstone\frontend\app\Controllers\Home.php(65): CodeIgniter\Debug\Exceptions->errorHandler(2, 'Use of undefine...', 'C:\\wamp64\\www\\s...', 65, Array)
#1 C:\wamp64\www\sunstone\frontend\system\CodeIgniter.php(924): App\Controllers\Home->search()
#2 C:\wamp64\www\sunstone\frontend\system\CodeIgniter.php(410): CodeIgniter\CodeIgniter->runController(Object(App\Controllers\Home))
#3 C:\wamp64\www\sunstone\frontend\system\CodeIgniter.php(318): CodeIgniter\CodeIgniter->handleRequest(NULL, Object(Config\Cache), false)
#4 C:\wamp64\www\sunstone\frontend\index.php(46): CodeIgniter\CodeIgniter->run()
#5 {main}
CRITICAL - 2021-03-07 23:13:57 -->  route cannot be found while reverse-routing.
#0 C:\wamp64\www\sunstone\frontend\system\HTTP\RedirectResponse.php(92): CodeIgniter\HTTP\Exceptions\HTTPException::forInvalidRedirectRoute('')
#1 C:\wamp64\www\sunstone\frontend\system\Common.php(845): CodeIgniter\HTTP\RedirectResponse->route(false)
#2 C:\wamp64\www\sunstone\frontend\app\Controllers\Home.php(65): redirect('www.3d anitmati...', 'refresh')
#3 C:\wamp64\www\sunstone\frontend\system\CodeIgniter.php(924): App\Controllers\Home->search()
#4 C:\wamp64\www\sunstone\frontend\system\CodeIgniter.php(410): CodeIgniter\CodeIgniter->runController(Object(App\Controllers\Home))
#5 C:\wamp64\www\sunstone\frontend\system\CodeIgniter.php(318): CodeIgniter\CodeIgniter->handleRequest(NULL, Object(Config\Cache), false)
#6 C:\wamp64\www\sunstone\frontend\index.php(46): CodeIgniter\CodeIgniter->run()
#7 {main}
CRITICAL - 2021-03-07 23:14:42 -->  route cannot be found while reverse-routing.
#0 C:\wamp64\www\sunstone\frontend\system\HTTP\RedirectResponse.php(92): CodeIgniter\HTTP\Exceptions\HTTPException::forInvalidRedirectRoute('')
#1 C:\wamp64\www\sunstone\frontend\system\Common.php(845): CodeIgniter\HTTP\RedirectResponse->route(false)
#2 C:\wamp64\www\sunstone\frontend\app\Controllers\Home.php(65): redirect('https://www.goo...', 'refresh')
#3 C:\wamp64\www\sunstone\frontend\system\CodeIgniter.php(924): App\Controllers\Home->search()
#4 C:\wamp64\www\sunstone\frontend\system\CodeIgniter.php(410): CodeIgniter\CodeIgniter->runController(Object(App\Controllers\Home))
#5 C:\wamp64\www\sunstone\frontend\system\CodeIgniter.php(318): CodeIgniter\CodeIgniter->handleRequest(NULL, Object(Config\Cache), false)
#6 C:\wamp64\www\sunstone\frontend\index.php(46): CodeIgniter\CodeIgniter->run()
#7 {main}
