CRITICAL - 2021-03-12 08:46:52 --> Undefined variable: addPrice
#0 C:\wamp64\www\sunstone\frontend\app\Views\profile.php(279): CodeIgniter\Debug\Exceptions->errorHandler(8, 'Undefined varia...', 'C:\\wamp64\\www\\s...', 279, Array)
#1 C:\wamp64\www\sunstone\frontend\system\View\View.php(246): include('C:\\wamp64\\www\\s...')
#2 C:\wamp64\www\sunstone\frontend\system\Common.php(1119): CodeIgniter\View\View->render('profile', Array, true)
#3 C:\wamp64\www\sunstone\frontend\app\Controllers\Profile.php(53): view('profile', Array)
#4 C:\wamp64\www\sunstone\frontend\system\CodeIgniter.php(924): App\Controllers\Profile->index()
#5 C:\wamp64\www\sunstone\frontend\system\CodeIgniter.php(410): CodeIgniter\CodeIgniter->runController(Object(App\Controllers\Profile))
#6 C:\wamp64\www\sunstone\frontend\system\CodeIgniter.php(318): CodeIgniter\CodeIgniter->handleRequest(NULL, Object(Config\Cache), false)
#7 C:\wamp64\www\sunstone\frontend\index.php(46): CodeIgniter\CodeIgniter->run()
#8 {main}
CRITICAL - 2021-03-12 08:47:48 --> Undefined variable: addPrice
#0 C:\wamp64\www\sunstone\frontend\app\Views\profile.php(279): CodeIgniter\Debug\Exceptions->errorHandler(8, 'Undefined varia...', 'C:\\wamp64\\www\\s...', 279, Array)
#1 C:\wamp64\www\sunstone\frontend\system\View\View.php(246): include('C:\\wamp64\\www\\s...')
#2 C:\wamp64\www\sunstone\frontend\system\Common.php(1119): CodeIgniter\View\View->render('profile', Array, true)
#3 C:\wamp64\www\sunstone\frontend\app\Controllers\Profile.php(53): view('profile', Array)
#4 C:\wamp64\www\sunstone\frontend\system\CodeIgniter.php(924): App\Controllers\Profile->index()
#5 C:\wamp64\www\sunstone\frontend\system\CodeIgniter.php(410): CodeIgniter\CodeIgniter->runController(Object(App\Controllers\Profile))
#6 C:\wamp64\www\sunstone\frontend\system\CodeIgniter.php(318): CodeIgniter\CodeIgniter->handleRequest(NULL, Object(Config\Cache), false)
#7 C:\wamp64\www\sunstone\frontend\index.php(46): CodeIgniter\CodeIgniter->run()
#8 {main}
