CRITICAL - 2021-02-17 01:42:57 --> Call to undefined function get_section()
#0 /var/www/html/sunstone/system/View/View.php(246): include()
#1 /var/www/html/sunstone/system/Common.php(1119): CodeIgniter\View\View->render()
#2 /var/www/html/sunstone/app/Controllers/Profile.php(11): view()
#3 /var/www/html/sunstone/system/CodeIgniter.php(924): App\Controllers\Profile->index()
#4 /var/www/html/sunstone/system/CodeIgniter.php(410): CodeIgniter\CodeIgniter->runController()
#5 /var/www/html/sunstone/system/CodeIgniter.php(318): CodeIgniter\CodeIgniter->handleRequest()
#6 /var/www/html/sunstone/index.php(46): CodeIgniter\CodeIgniter->run()
#7 {main}
CRITICAL - 2021-02-17 01:43:18 --> Call to undefined function get_section()
#0 /var/www/html/sunstone/system/View/View.php(246): include()
#1 /var/www/html/sunstone/system/Common.php(1119): CodeIgniter\View\View->render()
#2 /var/www/html/sunstone/app/Controllers/Profile.php(11): view()
#3 /var/www/html/sunstone/system/CodeIgniter.php(924): App\Controllers\Profile->index()
#4 /var/www/html/sunstone/system/CodeIgniter.php(410): CodeIgniter\CodeIgniter->runController()
#5 /var/www/html/sunstone/system/CodeIgniter.php(318): CodeIgniter\CodeIgniter->handleRequest()
#6 /var/www/html/sunstone/index.php(46): CodeIgniter\CodeIgniter->run()
#7 {main}
CRITICAL - 2021-02-17 02:18:50 --> Call to undefined function bse_url()
#0 /var/www/html/sunstone/system/View/View.php(246): include()
#1 /var/www/html/sunstone/system/Common.php(1119): CodeIgniter\View\View->render()
#2 /var/www/html/sunstone/app/Controllers/Profile.php(11): view()
#3 /var/www/html/sunstone/system/CodeIgniter.php(924): App\Controllers\Profile->index()
#4 /var/www/html/sunstone/system/CodeIgniter.php(410): CodeIgniter\CodeIgniter->runController()
#5 /var/www/html/sunstone/system/CodeIgniter.php(318): CodeIgniter\CodeIgniter->handleRequest()
#6 /var/www/html/sunstone/index.php(46): CodeIgniter\CodeIgniter->run()
#7 {main}
CRITICAL - 2021-02-17 08:05:49 --> Division by zero
#0 /var/www/html/sunstone/app/Views/home.php(126): CodeIgniter\Debug\Exceptions->errorHandler()
#1 /var/www/html/sunstone/system/View/View.php(246): include('/var/www/html/s...')
#2 /var/www/html/sunstone/system/Common.php(1119): CodeIgniter\View\View->render()
#3 /var/www/html/sunstone/app/Controllers/Home.php(37): view()
#4 /var/www/html/sunstone/system/CodeIgniter.php(924): App\Controllers\Home->index()
#5 /var/www/html/sunstone/system/CodeIgniter.php(410): CodeIgniter\CodeIgniter->runController()
#6 /var/www/html/sunstone/system/CodeIgniter.php(318): CodeIgniter\CodeIgniter->handleRequest()
#7 /var/www/html/sunstone/index.php(46): CodeIgniter\CodeIgniter->run()
#8 {main}
CRITICAL - 2021-02-17 08:06:12 --> Division by zero
#0 /var/www/html/sunstone/app/Views/home.php(126): CodeIgniter\Debug\Exceptions->errorHandler()
#1 /var/www/html/sunstone/system/View/View.php(246): include('/var/www/html/s...')
#2 /var/www/html/sunstone/system/Common.php(1119): CodeIgniter\View\View->render()
#3 /var/www/html/sunstone/app/Controllers/Home.php(37): view()
#4 /var/www/html/sunstone/system/CodeIgniter.php(924): App\Controllers\Home->index()
#5 /var/www/html/sunstone/system/CodeIgniter.php(410): CodeIgniter\CodeIgniter->runController()
#6 /var/www/html/sunstone/system/CodeIgniter.php(318): CodeIgniter\CodeIgniter->handleRequest()
#7 /var/www/html/sunstone/index.php(46): CodeIgniter\CodeIgniter->run()
#8 {main}
CRITICAL - 2021-02-17 08:06:14 --> Division by zero
#0 /var/www/html/sunstone/app/Views/home.php(126): CodeIgniter\Debug\Exceptions->errorHandler()
#1 /var/www/html/sunstone/system/View/View.php(246): include('/var/www/html/s...')
#2 /var/www/html/sunstone/system/Common.php(1119): CodeIgniter\View\View->render()
#3 /var/www/html/sunstone/app/Controllers/Home.php(37): view()
#4 /var/www/html/sunstone/system/CodeIgniter.php(924): App\Controllers\Home->index()
#5 /var/www/html/sunstone/system/CodeIgniter.php(410): CodeIgniter\CodeIgniter->runController()
#6 /var/www/html/sunstone/system/CodeIgniter.php(318): CodeIgniter\CodeIgniter->handleRequest()
#7 /var/www/html/sunstone/index.php(46): CodeIgniter\CodeIgniter->run()
#8 {main}
CRITICAL - 2021-02-17 08:36:25 --> Division by zero
#0 /var/www/html/sunstone/app/Views/home.php(126): CodeIgniter\Debug\Exceptions->errorHandler()
#1 /var/www/html/sunstone/system/View/View.php(246): include('/var/www/html/s...')
#2 /var/www/html/sunstone/system/Common.php(1119): CodeIgniter\View\View->render()
#3 /var/www/html/sunstone/app/Controllers/Home.php(37): view()
#4 /var/www/html/sunstone/system/CodeIgniter.php(924): App\Controllers\Home->index()
#5 /var/www/html/sunstone/system/CodeIgniter.php(410): CodeIgniter\CodeIgniter->runController()
#6 /var/www/html/sunstone/system/CodeIgniter.php(318): CodeIgniter\CodeIgniter->handleRequest()
#7 /var/www/html/sunstone/index.php(46): CodeIgniter\CodeIgniter->run()
#8 {main}
CRITICAL - 2021-02-17 08:36:45 --> Division by zero
#0 /var/www/html/sunstone/app/Views/home.php(126): CodeIgniter\Debug\Exceptions->errorHandler()
#1 /var/www/html/sunstone/system/View/View.php(246): include('/var/www/html/s...')
#2 /var/www/html/sunstone/system/Common.php(1119): CodeIgniter\View\View->render()
#3 /var/www/html/sunstone/app/Controllers/Home.php(37): view()
#4 /var/www/html/sunstone/system/CodeIgniter.php(924): App\Controllers\Home->index()
#5 /var/www/html/sunstone/system/CodeIgniter.php(410): CodeIgniter\CodeIgniter->runController()
#6 /var/www/html/sunstone/system/CodeIgniter.php(318): CodeIgniter\CodeIgniter->handleRequest()
#7 /var/www/html/sunstone/index.php(46): CodeIgniter\CodeIgniter->run()
#8 {main}
CRITICAL - 2021-02-17 08:38:18 --> Division by zero
#0 /var/www/html/sunstone/app/Views/home.php(126): CodeIgniter\Debug\Exceptions->errorHandler()
#1 /var/www/html/sunstone/system/View/View.php(246): include('/var/www/html/s...')
#2 /var/www/html/sunstone/system/Common.php(1119): CodeIgniter\View\View->render()
#3 /var/www/html/sunstone/app/Controllers/Home.php(37): view()
#4 /var/www/html/sunstone/system/CodeIgniter.php(924): App\Controllers\Home->index()
#5 /var/www/html/sunstone/system/CodeIgniter.php(410): CodeIgniter\CodeIgniter->runController()
#6 /var/www/html/sunstone/system/CodeIgniter.php(318): CodeIgniter\CodeIgniter->handleRequest()
#7 /var/www/html/sunstone/index.php(46): CodeIgniter\CodeIgniter->run()
#8 {main}
