CRITICAL - 2021-02-28 08:50:44 --> Invalid argument supplied for foreach()
#0 F:\wamp\www\freelancer\sunstone\frontend\app\Views\addons.php(481): CodeIgniter\Debug\Exceptions->errorHandler(2, 'Invalid argumen...', 'F:\\wamp\\www\\fre...', 481, Array)
#1 F:\wamp\www\freelancer\sunstone\frontend\system\View\View.php(246): include('F:\\wamp\\www\\fre...')
#2 F:\wamp\www\freelancer\sunstone\frontend\system\Common.php(1119): CodeIgniter\View\View->render('addons', Array, true)
#3 F:\wamp\www\freelancer\sunstone\frontend\app\Controllers\Addons.php(38): view('addons', Array)
#4 F:\wamp\www\freelancer\sunstone\frontend\system\CodeIgniter.php(924): App\Controllers\Addons->index()
#5 F:\wamp\www\freelancer\sunstone\frontend\system\CodeIgniter.php(410): CodeIgniter\CodeIgniter->runController(Object(App\Controllers\Addons))
#6 F:\wamp\www\freelancer\sunstone\frontend\system\CodeIgniter.php(318): CodeIgniter\CodeIgniter->handleRequest(NULL, Object(Config\Cache), false)
#7 F:\wamp\www\freelancer\sunstone\frontend\index.php(46): CodeIgniter\CodeIgniter->run()
#8 {main}
CRITICAL - 2021-02-28 08:51:10 --> Undefined variable: service
#0 F:\wamp\www\freelancer\sunstone\frontend\app\Views\addons.php(119): CodeIgniter\Debug\Exceptions->errorHandler(8, 'Undefined varia...', 'F:\\wamp\\www\\fre...', 119, Array)
#1 F:\wamp\www\freelancer\sunstone\frontend\system\View\View.php(246): include('F:\\wamp\\www\\fre...')
#2 F:\wamp\www\freelancer\sunstone\frontend\system\Common.php(1119): CodeIgniter\View\View->render('addons', Array, true)
#3 F:\wamp\www\freelancer\sunstone\frontend\app\Controllers\Addons.php(38): view('addons', Array)
#4 F:\wamp\www\freelancer\sunstone\frontend\system\CodeIgniter.php(924): App\Controllers\Addons->index()
#5 F:\wamp\www\freelancer\sunstone\frontend\system\CodeIgniter.php(410): CodeIgniter\CodeIgniter->runController(Object(App\Controllers\Addons))
#6 F:\wamp\www\freelancer\sunstone\frontend\system\CodeIgniter.php(318): CodeIgniter\CodeIgniter->handleRequest(NULL, Object(Config\Cache), false)
#7 F:\wamp\www\freelancer\sunstone\frontend\index.php(46): CodeIgniter\CodeIgniter->run()
#8 {main}
CRITICAL - 2021-02-28 08:52:34 --> Undefined variable: service
#0 F:\wamp\www\freelancer\sunstone\frontend\app\Views\addons.php(119): CodeIgniter\Debug\Exceptions->errorHandler(8, 'Undefined varia...', 'F:\\wamp\\www\\fre...', 119, Array)
#1 F:\wamp\www\freelancer\sunstone\frontend\system\View\View.php(246): include('F:\\wamp\\www\\fre...')
#2 F:\wamp\www\freelancer\sunstone\frontend\system\Common.php(1119): CodeIgniter\View\View->render('addons', Array, true)
#3 F:\wamp\www\freelancer\sunstone\frontend\app\Controllers\Addons.php(38): view('addons', Array)
#4 F:\wamp\www\freelancer\sunstone\frontend\system\CodeIgniter.php(924): App\Controllers\Addons->index()
#5 F:\wamp\www\freelancer\sunstone\frontend\system\CodeIgniter.php(410): CodeIgniter\CodeIgniter->runController(Object(App\Controllers\Addons))
#6 F:\wamp\www\freelancer\sunstone\frontend\system\CodeIgniter.php(318): CodeIgniter\CodeIgniter->handleRequest(NULL, Object(Config\Cache), false)
#7 F:\wamp\www\freelancer\sunstone\frontend\index.php(46): CodeIgniter\CodeIgniter->run()
#8 {main}
CRITICAL - 2021-02-28 08:52:35 --> Undefined variable: service
#0 F:\wamp\www\freelancer\sunstone\frontend\app\Views\addons.php(119): CodeIgniter\Debug\Exceptions->errorHandler(8, 'Undefined varia...', 'F:\\wamp\\www\\fre...', 119, Array)
#1 F:\wamp\www\freelancer\sunstone\frontend\system\View\View.php(246): include('F:\\wamp\\www\\fre...')
#2 F:\wamp\www\freelancer\sunstone\frontend\system\Common.php(1119): CodeIgniter\View\View->render('addons', Array, true)
#3 F:\wamp\www\freelancer\sunstone\frontend\app\Controllers\Addons.php(38): view('addons', Array)
#4 F:\wamp\www\freelancer\sunstone\frontend\system\CodeIgniter.php(924): App\Controllers\Addons->index()
#5 F:\wamp\www\freelancer\sunstone\frontend\system\CodeIgniter.php(410): CodeIgniter\CodeIgniter->runController(Object(App\Controllers\Addons))
#6 F:\wamp\www\freelancer\sunstone\frontend\system\CodeIgniter.php(318): CodeIgniter\CodeIgniter->handleRequest(NULL, Object(Config\Cache), false)
#7 F:\wamp\www\freelancer\sunstone\frontend\index.php(46): CodeIgniter\CodeIgniter->run()
#8 {main}
CRITICAL - 2021-02-28 08:52:35 --> Undefined variable: service
#0 F:\wamp\www\freelancer\sunstone\frontend\app\Views\addons.php(119): CodeIgniter\Debug\Exceptions->errorHandler(8, 'Undefined varia...', 'F:\\wamp\\www\\fre...', 119, Array)
#1 F:\wamp\www\freelancer\sunstone\frontend\system\View\View.php(246): include('F:\\wamp\\www\\fre...')
#2 F:\wamp\www\freelancer\sunstone\frontend\system\Common.php(1119): CodeIgniter\View\View->render('addons', Array, true)
#3 F:\wamp\www\freelancer\sunstone\frontend\app\Controllers\Addons.php(38): view('addons', Array)
#4 F:\wamp\www\freelancer\sunstone\frontend\system\CodeIgniter.php(924): App\Controllers\Addons->index()
#5 F:\wamp\www\freelancer\sunstone\frontend\system\CodeIgniter.php(410): CodeIgniter\CodeIgniter->runController(Object(App\Controllers\Addons))
#6 F:\wamp\www\freelancer\sunstone\frontend\system\CodeIgniter.php(318): CodeIgniter\CodeIgniter->handleRequest(NULL, Object(Config\Cache), false)
#7 F:\wamp\www\freelancer\sunstone\frontend\index.php(46): CodeIgniter\CodeIgniter->run()
#8 {main}
CRITICAL - 2021-02-28 08:52:36 --> Undefined variable: service
#0 F:\wamp\www\freelancer\sunstone\frontend\app\Views\addons.php(119): CodeIgniter\Debug\Exceptions->errorHandler(8, 'Undefined varia...', 'F:\\wamp\\www\\fre...', 119, Array)
#1 F:\wamp\www\freelancer\sunstone\frontend\system\View\View.php(246): include('F:\\wamp\\www\\fre...')
#2 F:\wamp\www\freelancer\sunstone\frontend\system\Common.php(1119): CodeIgniter\View\View->render('addons', Array, true)
#3 F:\wamp\www\freelancer\sunstone\frontend\app\Controllers\Addons.php(38): view('addons', Array)
#4 F:\wamp\www\freelancer\sunstone\frontend\system\CodeIgniter.php(924): App\Controllers\Addons->index()
#5 F:\wamp\www\freelancer\sunstone\frontend\system\CodeIgniter.php(410): CodeIgniter\CodeIgniter->runController(Object(App\Controllers\Addons))
#6 F:\wamp\www\freelancer\sunstone\frontend\system\CodeIgniter.php(318): CodeIgniter\CodeIgniter->handleRequest(NULL, Object(Config\Cache), false)
#7 F:\wamp\www\freelancer\sunstone\frontend\index.php(46): CodeIgniter\CodeIgniter->run()
#8 {main}
CRITICAL - 2021-02-28 08:52:36 --> Undefined variable: service
#0 F:\wamp\www\freelancer\sunstone\frontend\app\Views\addons.php(119): CodeIgniter\Debug\Exceptions->errorHandler(8, 'Undefined varia...', 'F:\\wamp\\www\\fre...', 119, Array)
#1 F:\wamp\www\freelancer\sunstone\frontend\system\View\View.php(246): include('F:\\wamp\\www\\fre...')
#2 F:\wamp\www\freelancer\sunstone\frontend\system\Common.php(1119): CodeIgniter\View\View->render('addons', Array, true)
#3 F:\wamp\www\freelancer\sunstone\frontend\app\Controllers\Addons.php(38): view('addons', Array)
#4 F:\wamp\www\freelancer\sunstone\frontend\system\CodeIgniter.php(924): App\Controllers\Addons->index()
#5 F:\wamp\www\freelancer\sunstone\frontend\system\CodeIgniter.php(410): CodeIgniter\CodeIgniter->runController(Object(App\Controllers\Addons))
#6 F:\wamp\www\freelancer\sunstone\frontend\system\CodeIgniter.php(318): CodeIgniter\CodeIgniter->handleRequest(NULL, Object(Config\Cache), false)
#7 F:\wamp\www\freelancer\sunstone\frontend\index.php(46): CodeIgniter\CodeIgniter->run()
#8 {main}
CRITICAL - 2021-02-28 08:52:36 --> Undefined variable: service
#0 F:\wamp\www\freelancer\sunstone\frontend\app\Views\addons.php(119): CodeIgniter\Debug\Exceptions->errorHandler(8, 'Undefined varia...', 'F:\\wamp\\www\\fre...', 119, Array)
#1 F:\wamp\www\freelancer\sunstone\frontend\system\View\View.php(246): include('F:\\wamp\\www\\fre...')
#2 F:\wamp\www\freelancer\sunstone\frontend\system\Common.php(1119): CodeIgniter\View\View->render('addons', Array, true)
#3 F:\wamp\www\freelancer\sunstone\frontend\app\Controllers\Addons.php(38): view('addons', Array)
#4 F:\wamp\www\freelancer\sunstone\frontend\system\CodeIgniter.php(924): App\Controllers\Addons->index()
#5 F:\wamp\www\freelancer\sunstone\frontend\system\CodeIgniter.php(410): CodeIgniter\CodeIgniter->runController(Object(App\Controllers\Addons))
#6 F:\wamp\www\freelancer\sunstone\frontend\system\CodeIgniter.php(318): CodeIgniter\CodeIgniter->handleRequest(NULL, Object(Config\Cache), false)
#7 F:\wamp\www\freelancer\sunstone\frontend\index.php(46): CodeIgniter\CodeIgniter->run()
#8 {main}
CRITICAL - 2021-02-28 08:52:55 --> Undefined variable: service
#0 F:\wamp\www\freelancer\sunstone\frontend\app\Views\addons.php(119): CodeIgniter\Debug\Exceptions->errorHandler(8, 'Undefined varia...', 'F:\\wamp\\www\\fre...', 119, Array)
#1 F:\wamp\www\freelancer\sunstone\frontend\system\View\View.php(246): include('F:\\wamp\\www\\fre...')
#2 F:\wamp\www\freelancer\sunstone\frontend\system\Common.php(1119): CodeIgniter\View\View->render('addons', Array, true)
#3 F:\wamp\www\freelancer\sunstone\frontend\app\Controllers\Addons.php(38): view('addons', Array)
#4 F:\wamp\www\freelancer\sunstone\frontend\system\CodeIgniter.php(924): App\Controllers\Addons->index()
#5 F:\wamp\www\freelancer\sunstone\frontend\system\CodeIgniter.php(410): CodeIgniter\CodeIgniter->runController(Object(App\Controllers\Addons))
#6 F:\wamp\www\freelancer\sunstone\frontend\system\CodeIgniter.php(318): CodeIgniter\CodeIgniter->handleRequest(NULL, Object(Config\Cache), false)
#7 F:\wamp\www\freelancer\sunstone\frontend\index.php(46): CodeIgniter\CodeIgniter->run()
#8 {main}
CRITICAL - 2021-02-28 08:52:56 --> Undefined variable: service
#0 F:\wamp\www\freelancer\sunstone\frontend\app\Views\addons.php(119): CodeIgniter\Debug\Exceptions->errorHandler(8, 'Undefined varia...', 'F:\\wamp\\www\\fre...', 119, Array)
#1 F:\wamp\www\freelancer\sunstone\frontend\system\View\View.php(246): include('F:\\wamp\\www\\fre...')
#2 F:\wamp\www\freelancer\sunstone\frontend\system\Common.php(1119): CodeIgniter\View\View->render('addons', Array, true)
#3 F:\wamp\www\freelancer\sunstone\frontend\app\Controllers\Addons.php(38): view('addons', Array)
#4 F:\wamp\www\freelancer\sunstone\frontend\system\CodeIgniter.php(924): App\Controllers\Addons->index()
#5 F:\wamp\www\freelancer\sunstone\frontend\system\CodeIgniter.php(410): CodeIgniter\CodeIgniter->runController(Object(App\Controllers\Addons))
#6 F:\wamp\www\freelancer\sunstone\frontend\system\CodeIgniter.php(318): CodeIgniter\CodeIgniter->handleRequest(NULL, Object(Config\Cache), false)
#7 F:\wamp\www\freelancer\sunstone\frontend\index.php(46): CodeIgniter\CodeIgniter->run()
#8 {main}
CRITICAL - 2021-02-28 08:52:56 --> Undefined variable: service
#0 F:\wamp\www\freelancer\sunstone\frontend\app\Views\addons.php(119): CodeIgniter\Debug\Exceptions->errorHandler(8, 'Undefined varia...', 'F:\\wamp\\www\\fre...', 119, Array)
#1 F:\wamp\www\freelancer\sunstone\frontend\system\View\View.php(246): include('F:\\wamp\\www\\fre...')
#2 F:\wamp\www\freelancer\sunstone\frontend\system\Common.php(1119): CodeIgniter\View\View->render('addons', Array, true)
#3 F:\wamp\www\freelancer\sunstone\frontend\app\Controllers\Addons.php(38): view('addons', Array)
#4 F:\wamp\www\freelancer\sunstone\frontend\system\CodeIgniter.php(924): App\Controllers\Addons->index()
#5 F:\wamp\www\freelancer\sunstone\frontend\system\CodeIgniter.php(410): CodeIgniter\CodeIgniter->runController(Object(App\Controllers\Addons))
#6 F:\wamp\www\freelancer\sunstone\frontend\system\CodeIgniter.php(318): CodeIgniter\CodeIgniter->handleRequest(NULL, Object(Config\Cache), false)
#7 F:\wamp\www\freelancer\sunstone\frontend\index.php(46): CodeIgniter\CodeIgniter->run()
#8 {main}
CRITICAL - 2021-02-28 08:52:57 --> Undefined variable: service
#0 F:\wamp\www\freelancer\sunstone\frontend\app\Views\addons.php(119): CodeIgniter\Debug\Exceptions->errorHandler(8, 'Undefined varia...', 'F:\\wamp\\www\\fre...', 119, Array)
#1 F:\wamp\www\freelancer\sunstone\frontend\system\View\View.php(246): include('F:\\wamp\\www\\fre...')
#2 F:\wamp\www\freelancer\sunstone\frontend\system\Common.php(1119): CodeIgniter\View\View->render('addons', Array, true)
#3 F:\wamp\www\freelancer\sunstone\frontend\app\Controllers\Addons.php(38): view('addons', Array)
#4 F:\wamp\www\freelancer\sunstone\frontend\system\CodeIgniter.php(924): App\Controllers\Addons->index()
#5 F:\wamp\www\freelancer\sunstone\frontend\system\CodeIgniter.php(410): CodeIgniter\CodeIgniter->runController(Object(App\Controllers\Addons))
#6 F:\wamp\www\freelancer\sunstone\frontend\system\CodeIgniter.php(318): CodeIgniter\CodeIgniter->handleRequest(NULL, Object(Config\Cache), false)
#7 F:\wamp\www\freelancer\sunstone\frontend\index.php(46): CodeIgniter\CodeIgniter->run()
#8 {main}
CRITICAL - 2021-02-28 08:52:57 --> Undefined variable: service
#0 F:\wamp\www\freelancer\sunstone\frontend\app\Views\addons.php(119): CodeIgniter\Debug\Exceptions->errorHandler(8, 'Undefined varia...', 'F:\\wamp\\www\\fre...', 119, Array)
#1 F:\wamp\www\freelancer\sunstone\frontend\system\View\View.php(246): include('F:\\wamp\\www\\fre...')
#2 F:\wamp\www\freelancer\sunstone\frontend\system\Common.php(1119): CodeIgniter\View\View->render('addons', Array, true)
#3 F:\wamp\www\freelancer\sunstone\frontend\app\Controllers\Addons.php(38): view('addons', Array)
#4 F:\wamp\www\freelancer\sunstone\frontend\system\CodeIgniter.php(924): App\Controllers\Addons->index()
#5 F:\wamp\www\freelancer\sunstone\frontend\system\CodeIgniter.php(410): CodeIgniter\CodeIgniter->runController(Object(App\Controllers\Addons))
#6 F:\wamp\www\freelancer\sunstone\frontend\system\CodeIgniter.php(318): CodeIgniter\CodeIgniter->handleRequest(NULL, Object(Config\Cache), false)
#7 F:\wamp\www\freelancer\sunstone\frontend\index.php(46): CodeIgniter\CodeIgniter->run()
#8 {main}
CRITICAL - 2021-02-28 08:54:59 --> Undefined variable: service
#0 F:\wamp\www\freelancer\sunstone\frontend\app\Views\addons.php(119): CodeIgniter\Debug\Exceptions->errorHandler(8, 'Undefined varia...', 'F:\\wamp\\www\\fre...', 119, Array)
#1 F:\wamp\www\freelancer\sunstone\frontend\system\View\View.php(246): include('F:\\wamp\\www\\fre...')
#2 F:\wamp\www\freelancer\sunstone\frontend\system\Common.php(1119): CodeIgniter\View\View->render('addons', Array, true)
#3 F:\wamp\www\freelancer\sunstone\frontend\app\Controllers\Addons.php(38): view('addons', Array)
#4 F:\wamp\www\freelancer\sunstone\frontend\system\CodeIgniter.php(924): App\Controllers\Addons->index()
#5 F:\wamp\www\freelancer\sunstone\frontend\system\CodeIgniter.php(410): CodeIgniter\CodeIgniter->runController(Object(App\Controllers\Addons))
#6 F:\wamp\www\freelancer\sunstone\frontend\system\CodeIgniter.php(318): CodeIgniter\CodeIgniter->handleRequest(NULL, Object(Config\Cache), false)
#7 F:\wamp\www\freelancer\sunstone\frontend\index.php(46): CodeIgniter\CodeIgniter->run()
#8 {main}
CRITICAL - 2021-02-28 08:57:23 --> Undefined index: service_id
#0 F:\wamp\www\freelancer\sunstone\frontend\app\Views\addons.php(491): CodeIgniter\Debug\Exceptions->errorHandler(8, 'Undefined index...', 'F:\\wamp\\www\\fre...', 491, Array)
#1 F:\wamp\www\freelancer\sunstone\frontend\system\View\View.php(246): include('F:\\wamp\\www\\fre...')
#2 F:\wamp\www\freelancer\sunstone\frontend\system\Common.php(1119): CodeIgniter\View\View->render('addons', Array, true)
#3 F:\wamp\www\freelancer\sunstone\frontend\app\Controllers\Packages.php(56): view('addons', Array)
#4 F:\wamp\www\freelancer\sunstone\frontend\system\CodeIgniter.php(924): App\Controllers\Packages->index()
#5 F:\wamp\www\freelancer\sunstone\frontend\system\CodeIgniter.php(410): CodeIgniter\CodeIgniter->runController(Object(App\Controllers\Packages))
#6 F:\wamp\www\freelancer\sunstone\frontend\system\CodeIgniter.php(318): CodeIgniter\CodeIgniter->handleRequest(NULL, Object(Config\Cache), false)
#7 F:\wamp\www\freelancer\sunstone\frontend\index.php(46): CodeIgniter\CodeIgniter->run()
#8 {main}
CRITICAL - 2021-02-28 08:57:49 --> Undefined index: service_id
#0 F:\wamp\www\freelancer\sunstone\frontend\app\Views\addons.php(491): CodeIgniter\Debug\Exceptions->errorHandler(8, 'Undefined index...', 'F:\\wamp\\www\\fre...', 491, Array)
#1 F:\wamp\www\freelancer\sunstone\frontend\system\View\View.php(246): include('F:\\wamp\\www\\fre...')
#2 F:\wamp\www\freelancer\sunstone\frontend\system\Common.php(1119): CodeIgniter\View\View->render('addons', Array, true)
#3 F:\wamp\www\freelancer\sunstone\frontend\app\Controllers\Packages.php(56): view('addons', Array)
#4 F:\wamp\www\freelancer\sunstone\frontend\system\CodeIgniter.php(924): App\Controllers\Packages->index()
#5 F:\wamp\www\freelancer\sunstone\frontend\system\CodeIgniter.php(410): CodeIgniter\CodeIgniter->runController(Object(App\Controllers\Packages))
#6 F:\wamp\www\freelancer\sunstone\frontend\system\CodeIgniter.php(318): CodeIgniter\CodeIgniter->handleRequest(NULL, Object(Config\Cache), false)
#7 F:\wamp\www\freelancer\sunstone\frontend\index.php(46): CodeIgniter\CodeIgniter->run()
#8 {main}
CRITICAL - 2021-02-28 08:58:19 --> Undefined variable: service
#0 F:\wamp\www\freelancer\sunstone\frontend\app\Views\addons.php(119): CodeIgniter\Debug\Exceptions->errorHandler(8, 'Undefined varia...', 'F:\\wamp\\www\\fre...', 119, Array)
#1 F:\wamp\www\freelancer\sunstone\frontend\system\View\View.php(246): include('F:\\wamp\\www\\fre...')
#2 F:\wamp\www\freelancer\sunstone\frontend\system\Common.php(1119): CodeIgniter\View\View->render('addons', Array, true)
#3 F:\wamp\www\freelancer\sunstone\frontend\app\Controllers\Addons.php(38): view('addons', Array)
#4 F:\wamp\www\freelancer\sunstone\frontend\system\CodeIgniter.php(924): App\Controllers\Addons->index()
#5 F:\wamp\www\freelancer\sunstone\frontend\system\CodeIgniter.php(410): CodeIgniter\CodeIgniter->runController(Object(App\Controllers\Addons))
#6 F:\wamp\www\freelancer\sunstone\frontend\system\CodeIgniter.php(318): CodeIgniter\CodeIgniter->handleRequest(NULL, Object(Config\Cache), false)
#7 F:\wamp\www\freelancer\sunstone\frontend\index.php(46): CodeIgniter\CodeIgniter->run()
#8 {main}
CRITICAL - 2021-02-28 12:06:25 --> Undefined variable: service
#0 F:\wamp\www\freelancer\sunstone\frontend\app\Views\addons.php(119): CodeIgniter\Debug\Exceptions->errorHandler(8, 'Undefined varia...', 'F:\\wamp\\www\\fre...', 119, Array)
#1 F:\wamp\www\freelancer\sunstone\frontend\system\View\View.php(246): include('F:\\wamp\\www\\fre...')
#2 F:\wamp\www\freelancer\sunstone\frontend\system\Common.php(1119): CodeIgniter\View\View->render('addons', Array, true)
#3 F:\wamp\www\freelancer\sunstone\frontend\app\Controllers\Addons.php(38): view('addons', Array)
#4 F:\wamp\www\freelancer\sunstone\frontend\system\CodeIgniter.php(924): App\Controllers\Addons->index()
#5 F:\wamp\www\freelancer\sunstone\frontend\system\CodeIgniter.php(410): CodeIgniter\CodeIgniter->runController(Object(App\Controllers\Addons))
#6 F:\wamp\www\freelancer\sunstone\frontend\system\CodeIgniter.php(318): CodeIgniter\CodeIgniter->handleRequest(NULL, Object(Config\Cache), false)
#7 F:\wamp\www\freelancer\sunstone\frontend\index.php(46): CodeIgniter\CodeIgniter->run()
#8 {main}
