CRITICAL - 2021-09-30 10:31:32 --> Invalid argument supplied for foreach()
#0 /home/cdncitrusclean/public_html/app/Views/__partial/__available.php(14): CodeIgniter\Debug\Exceptions->errorHandler(2, 'Invalid argumen...', '/home/cdncitrus...', 14, Array)
#1 /home/cdncitrusclean/public_html/app/Views/all_products.php(191): include('/home/cdncitrus...')
#2 /home/cdncitrusclean/public_html/system/View/View.php(246): include('/home/cdncitrus...')
#3 /home/cdncitrusclean/public_html/system/Common.php(1119): CodeIgniter\View\View->render('all_products', Array, true)
#4 /home/cdncitrusclean/public_html/app/Controllers/Products.php(56): view('all_products', Array)
#5 /home/cdncitrusclean/public_html/system/CodeIgniter.php(924): App\Controllers\Products->all_products()
#6 /home/cdncitrusclean/public_html/system/CodeIgniter.php(410): CodeIgniter\CodeIgniter->runController(Object(App\Controllers\Products))
#7 /home/cdncitrusclean/public_html/system/CodeIgniter.php(318): CodeIgniter\CodeIgniter->handleRequest(NULL, Object(Config\Cache), false)
#8 /home/cdncitrusclean/public_html/index.php(46): CodeIgniter\CodeIgniter->run()
#9 {main}
CRITICAL - 2021-09-30 11:43:12 --> Invalid argument supplied for foreach()
#0 /home/cdncitrusclean/public_html/app/Views/__partial/__available.php(14): CodeIgniter\Debug\Exceptions->errorHandler(2, 'Invalid argumen...', '/home/cdncitrus...', 14, Array)
#1 /home/cdncitrusclean/public_html/app/Views/all_products.php(191): include('/home/cdncitrus...')
#2 /home/cdncitrusclean/public_html/system/View/View.php(246): include('/home/cdncitrus...')
#3 /home/cdncitrusclean/public_html/system/Common.php(1119): CodeIgniter\View\View->render('all_products', Array, true)
#4 /home/cdncitrusclean/public_html/app/Controllers/Products.php(56): view('all_products', Array)
#5 /home/cdncitrusclean/public_html/system/CodeIgniter.php(924): App\Controllers\Products->all_products()
#6 /home/cdncitrusclean/public_html/system/CodeIgniter.php(410): CodeIgniter\CodeIgniter->runController(Object(App\Controllers\Products))
#7 /home/cdncitrusclean/public_html/system/CodeIgniter.php(318): CodeIgniter\CodeIgniter->handleRequest(NULL, Object(Config\Cache), false)
#8 /home/cdncitrusclean/public_html/index.php(46): CodeIgniter\CodeIgniter->run()
#9 {main}
CRITICAL - 2021-09-30 17:58:46 --> Invalid argument supplied for foreach()
#0 /home/cdncitrusclean/public_html/app/Views/__partial/__available.php(14): CodeIgniter\Debug\Exceptions->errorHandler(2, 'Invalid argumen...', '/home/cdncitrus...', 14, Array)
#1 /home/cdncitrusclean/public_html/app/Views/all_products.php(191): include('/home/cdncitrus...')
#2 /home/cdncitrusclean/public_html/system/View/View.php(246): include('/home/cdncitrus...')
#3 /home/cdncitrusclean/public_html/system/Common.php(1119): CodeIgniter\View\View->render('all_products', Array, true)
#4 /home/cdncitrusclean/public_html/app/Controllers/Products.php(56): view('all_products', Array)
#5 /home/cdncitrusclean/public_html/system/CodeIgniter.php(924): App\Controllers\Products->all_products()
#6 /home/cdncitrusclean/public_html/system/CodeIgniter.php(410): CodeIgniter\CodeIgniter->runController(Object(App\Controllers\Products))
#7 /home/cdncitrusclean/public_html/system/CodeIgniter.php(318): CodeIgniter\CodeIgniter->handleRequest(NULL, Object(Config\Cache), false)
#8 /home/cdncitrusclean/public_html/index.php(46): CodeIgniter\CodeIgniter->run()
#9 {main}
CRITICAL - 2021-09-30 19:01:12 --> Invalid argument supplied for foreach()
#0 /home/cdncitrusclean/public_html/app/Views/__partial/__available.php(14): CodeIgniter\Debug\Exceptions->errorHandler(2, 'Invalid argumen...', '/home/cdncitrus...', 14, Array)
#1 /home/cdncitrusclean/public_html/app/Views/all_products.php(191): include('/home/cdncitrus...')
#2 /home/cdncitrusclean/public_html/system/View/View.php(246): include('/home/cdncitrus...')
#3 /home/cdncitrusclean/public_html/system/Common.php(1119): CodeIgniter\View\View->render('all_products', Array, true)
#4 /home/cdncitrusclean/public_html/app/Controllers/Products.php(56): view('all_products', Array)
#5 /home/cdncitrusclean/public_html/system/CodeIgniter.php(924): App\Controllers\Products->all_products()
#6 /home/cdncitrusclean/public_html/system/CodeIgniter.php(410): CodeIgniter\CodeIgniter->runController(Object(App\Controllers\Products))
#7 /home/cdncitrusclean/public_html/system/CodeIgniter.php(318): CodeIgniter\CodeIgniter->handleRequest(NULL, Object(Config\Cache), false)
#8 /home/cdncitrusclean/public_html/index.php(46): CodeIgniter\CodeIgniter->run()
#9 {main}
CRITICAL - 2021-09-30 19:01:20 --> Invalid argument supplied for foreach()
#0 /home/cdncitrusclean/public_html/app/Views/__partial/__available.php(14): CodeIgniter\Debug\Exceptions->errorHandler(2, 'Invalid argumen...', '/home/cdncitrus...', 14, Array)
#1 /home/cdncitrusclean/public_html/app/Views/all_products.php(191): include('/home/cdncitrus...')
#2 /home/cdncitrusclean/public_html/system/View/View.php(246): include('/home/cdncitrus...')
#3 /home/cdncitrusclean/public_html/system/Common.php(1119): CodeIgniter\View\View->render('all_products', Array, true)
#4 /home/cdncitrusclean/public_html/app/Controllers/All_products.php(9): view('all_products')
#5 /home/cdncitrusclean/public_html/system/CodeIgniter.php(924): App\Controllers\All_products->index()
#6 /home/cdncitrusclean/public_html/system/CodeIgniter.php(410): CodeIgniter\CodeIgniter->runController(Object(App\Controllers\All_products))
#7 /home/cdncitrusclean/public_html/system/CodeIgniter.php(318): CodeIgniter\CodeIgniter->handleRequest(NULL, Object(Config\Cache), false)
#8 /home/cdncitrusclean/public_html/index.php(46): CodeIgniter\CodeIgniter->run()
#9 {main}
