CRITICAL - 2021-07-08 22:57:39 --> Call to a member function post() on null
#0 /home/vntcbq34d1v5/public_html/cdncc/frontend/system/CodeIgniter.php(924): App\Controllers\Careers->add_form()
#1 /home/vntcbq34d1v5/public_html/cdncc/frontend/system/CodeIgniter.php(410): CodeIgniter\CodeIgniter->runController(Object(App\Controllers\Careers))
#2 /home/vntcbq34d1v5/public_html/cdncc/frontend/system/CodeIgniter.php(318): CodeIgniter\CodeIgniter->handleRequest(NULL, Object(Config\Cache), false)
#3 /home/vntcbq34d1v5/public_html/cdncc/frontend/index.php(46): CodeIgniter\CodeIgniter->run()
#4 {main}
CRITICAL - 2021-07-08 22:59:52 --> Call to a member function post() on null
#0 /home/vntcbq34d1v5/public_html/cdncc/frontend/system/CodeIgniter.php(924): App\Controllers\Careers->add_form()
#1 /home/vntcbq34d1v5/public_html/cdncc/frontend/system/CodeIgniter.php(410): CodeIgniter\CodeIgniter->runController(Object(App\Controllers\Careers))
#2 /home/vntcbq34d1v5/public_html/cdncc/frontend/system/CodeIgniter.php(318): CodeIgniter\CodeIgniter->handleRequest(NULL, Object(Config\Cache), false)
#3 /home/vntcbq34d1v5/public_html/cdncc/frontend/index.php(46): CodeIgniter\CodeIgniter->run()
#4 {main}
CRITICAL - 2021-07-08 23:01:15 --> Call to a member function post() on null
#0 /home/vntcbq34d1v5/public_html/cdncc/frontend/system/CodeIgniter.php(924): App\Controllers\Careers->add_form()
#1 /home/vntcbq34d1v5/public_html/cdncc/frontend/system/CodeIgniter.php(410): CodeIgniter\CodeIgniter->runController(Object(App\Controllers\Careers))
#2 /home/vntcbq34d1v5/public_html/cdncc/frontend/system/CodeIgniter.php(318): CodeIgniter\CodeIgniter->handleRequest(NULL, Object(Config\Cache), false)
#3 /home/vntcbq34d1v5/public_html/cdncc/frontend/index.php(46): CodeIgniter\CodeIgniter->run()
#4 {main}
CRITICAL - 2021-07-08 23:01:19 --> Call to a member function post() on null
#0 /home/vntcbq34d1v5/public_html/cdncc/frontend/system/CodeIgniter.php(924): App\Controllers\Careers->add_form()
#1 /home/vntcbq34d1v5/public_html/cdncc/frontend/system/CodeIgniter.php(410): CodeIgniter\CodeIgniter->runController(Object(App\Controllers\Careers))
#2 /home/vntcbq34d1v5/public_html/cdncc/frontend/system/CodeIgniter.php(318): CodeIgniter\CodeIgniter->handleRequest(NULL, Object(Config\Cache), false)
#3 /home/vntcbq34d1v5/public_html/cdncc/frontend/index.php(46): CodeIgniter\CodeIgniter->run()
#4 {main}
CRITICAL - 2021-07-08 23:02:57 --> Call to a member function post() on null
#0 /home/vntcbq34d1v5/public_html/cdncc/frontend/system/CodeIgniter.php(924): App\Controllers\Careers->add_form()
#1 /home/vntcbq34d1v5/public_html/cdncc/frontend/system/CodeIgniter.php(410): CodeIgniter\CodeIgniter->runController(Object(App\Controllers\Careers))
#2 /home/vntcbq34d1v5/public_html/cdncc/frontend/system/CodeIgniter.php(318): CodeIgniter\CodeIgniter->handleRequest(NULL, Object(Config\Cache), false)
#3 /home/vntcbq34d1v5/public_html/cdncc/frontend/index.php(46): CodeIgniter\CodeIgniter->run()
#4 {main}
CRITICAL - 2021-07-08 23:04:04 --> Call to a member function post() on null
#0 /home/vntcbq34d1v5/public_html/cdncc/frontend/system/CodeIgniter.php(924): App\Controllers\Careers->add_form()
#1 /home/vntcbq34d1v5/public_html/cdncc/frontend/system/CodeIgniter.php(410): CodeIgniter\CodeIgniter->runController(Object(App\Controllers\Careers))
#2 /home/vntcbq34d1v5/public_html/cdncc/frontend/system/CodeIgniter.php(318): CodeIgniter\CodeIgniter->handleRequest(NULL, Object(Config\Cache), false)
#3 /home/vntcbq34d1v5/public_html/cdncc/frontend/index.php(46): CodeIgniter\CodeIgniter->run()
#4 {main}
CRITICAL - 2021-07-08 23:07:36 --> Invalid file: Careers.php
#0 /home/vntcbq34d1v5/public_html/cdncc/frontend/system/View/View.php(228): CodeIgniter\Exceptions\FrameworkException::forInvalidFile('Careers.php')
#1 /home/vntcbq34d1v5/public_html/cdncc/frontend/system/Common.php(1119): CodeIgniter\View\View->render('Careers.php', Array, true)
#2 /home/vntcbq34d1v5/public_html/cdncc/frontend/app/Controllers/Careers.php(11): view('Careers.php')
#3 /home/vntcbq34d1v5/public_html/cdncc/frontend/system/CodeIgniter.php(924): App\Controllers\Careers->index()
#4 /home/vntcbq34d1v5/public_html/cdncc/frontend/system/CodeIgniter.php(410): CodeIgniter\CodeIgniter->runController(Object(App\Controllers\Careers))
#5 /home/vntcbq34d1v5/public_html/cdncc/frontend/system/CodeIgniter.php(318): CodeIgniter\CodeIgniter->handleRequest(NULL, Object(Config\Cache), false)
#6 /home/vntcbq34d1v5/public_html/cdncc/frontend/index.php(46): CodeIgniter\CodeIgniter->run()
#7 {main}
CRITICAL - 2021-07-08 23:07:38 --> Invalid file: Careers.php
#0 /home/vntcbq34d1v5/public_html/cdncc/frontend/system/View/View.php(228): CodeIgniter\Exceptions\FrameworkException::forInvalidFile('Careers.php')
#1 /home/vntcbq34d1v5/public_html/cdncc/frontend/system/Common.php(1119): CodeIgniter\View\View->render('Careers.php', Array, true)
#2 /home/vntcbq34d1v5/public_html/cdncc/frontend/app/Controllers/Careers.php(11): view('Careers.php')
#3 /home/vntcbq34d1v5/public_html/cdncc/frontend/system/CodeIgniter.php(924): App\Controllers\Careers->index()
#4 /home/vntcbq34d1v5/public_html/cdncc/frontend/system/CodeIgniter.php(410): CodeIgniter\CodeIgniter->runController(Object(App\Controllers\Careers))
#5 /home/vntcbq34d1v5/public_html/cdncc/frontend/system/CodeIgniter.php(318): CodeIgniter\CodeIgniter->handleRequest(NULL, Object(Config\Cache), false)
#6 /home/vntcbq34d1v5/public_html/cdncc/frontend/index.php(46): CodeIgniter\CodeIgniter->run()
#7 {main}
CRITICAL - 2021-07-08 23:07:42 --> Invalid file: Careers.php
#0 /home/vntcbq34d1v5/public_html/cdncc/frontend/system/View/View.php(228): CodeIgniter\Exceptions\FrameworkException::forInvalidFile('Careers.php')
#1 /home/vntcbq34d1v5/public_html/cdncc/frontend/system/Common.php(1119): CodeIgniter\View\View->render('Careers.php', Array, true)
#2 /home/vntcbq34d1v5/public_html/cdncc/frontend/app/Controllers/Careers.php(11): view('Careers.php')
#3 /home/vntcbq34d1v5/public_html/cdncc/frontend/system/CodeIgniter.php(924): App\Controllers\Careers->index()
#4 /home/vntcbq34d1v5/public_html/cdncc/frontend/system/CodeIgniter.php(410): CodeIgniter\CodeIgniter->runController(Object(App\Controllers\Careers))
#5 /home/vntcbq34d1v5/public_html/cdncc/frontend/system/CodeIgniter.php(318): CodeIgniter\CodeIgniter->handleRequest(NULL, Object(Config\Cache), false)
#6 /home/vntcbq34d1v5/public_html/cdncc/frontend/index.php(46): CodeIgniter\CodeIgniter->run()
#7 {main}
CRITICAL - 2021-07-08 23:26:25 --> Use of undefined constant php - assumed 'php' (this will throw an Error in a future version of PHP)
#0 /home/vntcbq34d1v5/public_html/cdncc/frontend/app/Views/careers.php(22): CodeIgniter\Debug\Exceptions->errorHandler(2, 'Use of undefine...', '/home/vntcbq34d...', 22, Array)
#1 /home/vntcbq34d1v5/public_html/cdncc/frontend/system/View/View.php(246): include('/home/vntcbq34d...')
#2 /home/vntcbq34d1v5/public_html/cdncc/frontend/system/Common.php(1119): CodeIgniter\View\View->render('careers', Array, true)
#3 /home/vntcbq34d1v5/public_html/cdncc/frontend/app/Controllers/Careers.php(11): view('careers')
#4 /home/vntcbq34d1v5/public_html/cdncc/frontend/system/CodeIgniter.php(924): App\Controllers\Careers->index()
#5 /home/vntcbq34d1v5/public_html/cdncc/frontend/system/CodeIgniter.php(410): CodeIgniter\CodeIgniter->runController(Object(App\Controllers\Careers))
#6 /home/vntcbq34d1v5/public_html/cdncc/frontend/system/CodeIgniter.php(318): CodeIgniter\CodeIgniter->handleRequest(NULL, Object(Config\Cache), false)
#7 /home/vntcbq34d1v5/public_html/cdncc/frontend/index.php(46): CodeIgniter\CodeIgniter->run()
#8 {main}
CRITICAL - 2021-07-08 23:26:28 --> Use of undefined constant php - assumed 'php' (this will throw an Error in a future version of PHP)
#0 /home/vntcbq34d1v5/public_html/cdncc/frontend/app/Views/careers.php(22): CodeIgniter\Debug\Exceptions->errorHandler(2, 'Use of undefine...', '/home/vntcbq34d...', 22, Array)
#1 /home/vntcbq34d1v5/public_html/cdncc/frontend/system/View/View.php(246): include('/home/vntcbq34d...')
#2 /home/vntcbq34d1v5/public_html/cdncc/frontend/system/Common.php(1119): CodeIgniter\View\View->render('careers', Array, true)
#3 /home/vntcbq34d1v5/public_html/cdncc/frontend/app/Controllers/Careers.php(11): view('careers')
#4 /home/vntcbq34d1v5/public_html/cdncc/frontend/system/CodeIgniter.php(924): App\Controllers\Careers->index()
#5 /home/vntcbq34d1v5/public_html/cdncc/frontend/system/CodeIgniter.php(410): CodeIgniter\CodeIgniter->runController(Object(App\Controllers\Careers))
#6 /home/vntcbq34d1v5/public_html/cdncc/frontend/system/CodeIgniter.php(318): CodeIgniter\CodeIgniter->handleRequest(NULL, Object(Config\Cache), false)
#7 /home/vntcbq34d1v5/public_html/cdncc/frontend/index.php(46): CodeIgniter\CodeIgniter->run()
#8 {main}
CRITICAL - 2021-07-08 23:27:13 --> Use of undefined constant php - assumed 'php' (this will throw an Error in a future version of PHP)
#0 /home/vntcbq34d1v5/public_html/cdncc/frontend/app/Views/careers.php(22): CodeIgniter\Debug\Exceptions->errorHandler(2, 'Use of undefine...', '/home/vntcbq34d...', 22, Array)
#1 /home/vntcbq34d1v5/public_html/cdncc/frontend/system/View/View.php(246): include('/home/vntcbq34d...')
#2 /home/vntcbq34d1v5/public_html/cdncc/frontend/system/Common.php(1119): CodeIgniter\View\View->render('careers', Array, true)
#3 /home/vntcbq34d1v5/public_html/cdncc/frontend/app/Controllers/Careers.php(11): view('careers')
#4 /home/vntcbq34d1v5/public_html/cdncc/frontend/system/CodeIgniter.php(924): App\Controllers\Careers->index()
#5 /home/vntcbq34d1v5/public_html/cdncc/frontend/system/CodeIgniter.php(410): CodeIgniter\CodeIgniter->runController(Object(App\Controllers\Careers))
#6 /home/vntcbq34d1v5/public_html/cdncc/frontend/system/CodeIgniter.php(318): CodeIgniter\CodeIgniter->handleRequest(NULL, Object(Config\Cache), false)
#7 /home/vntcbq34d1v5/public_html/cdncc/frontend/index.php(46): CodeIgniter\CodeIgniter->run()
#8 {main}
CRITICAL - 2021-07-08 23:27:14 --> Use of undefined constant php - assumed 'php' (this will throw an Error in a future version of PHP)
#0 /home/vntcbq34d1v5/public_html/cdncc/frontend/app/Views/careers.php(22): CodeIgniter\Debug\Exceptions->errorHandler(2, 'Use of undefine...', '/home/vntcbq34d...', 22, Array)
#1 /home/vntcbq34d1v5/public_html/cdncc/frontend/system/View/View.php(246): include('/home/vntcbq34d...')
#2 /home/vntcbq34d1v5/public_html/cdncc/frontend/system/Common.php(1119): CodeIgniter\View\View->render('careers', Array, true)
#3 /home/vntcbq34d1v5/public_html/cdncc/frontend/app/Controllers/Careers.php(11): view('careers')
#4 /home/vntcbq34d1v5/public_html/cdncc/frontend/system/CodeIgniter.php(924): App\Controllers\Careers->index()
#5 /home/vntcbq34d1v5/public_html/cdncc/frontend/system/CodeIgniter.php(410): CodeIgniter\CodeIgniter->runController(Object(App\Controllers\Careers))
#6 /home/vntcbq34d1v5/public_html/cdncc/frontend/system/CodeIgniter.php(318): CodeIgniter\CodeIgniter->handleRequest(NULL, Object(Config\Cache), false)
#7 /home/vntcbq34d1v5/public_html/cdncc/frontend/index.php(46): CodeIgniter\CodeIgniter->run()
#8 {main}
