CRITICAL - 2021-02-11 01:45:51 --> Undefined variable: portfolios
#0 /var/www/html/sunstone/app/Views/addons.php(219): CodeIgniter\Debug\Exceptions->errorHandler()
#1 /var/www/html/sunstone/system/View/View.php(246): include('/var/www/html/s...')
#2 /var/www/html/sunstone/system/Common.php(1119): CodeIgniter\View\View->render()
#3 /var/www/html/sunstone/app/Controllers/Addons.php(44): view()
#4 /var/www/html/sunstone/system/CodeIgniter.php(924): App\Controllers\Addons->index()
#5 /var/www/html/sunstone/system/CodeIgniter.php(410): CodeIgniter\CodeIgniter->runController()
#6 /var/www/html/sunstone/system/CodeIgniter.php(318): CodeIgniter\CodeIgniter->handleRequest()
#7 /var/www/html/sunstone/index.php(46): CodeIgniter\CodeIgniter->run()
#8 {main}
CRITICAL - 2021-02-11 06:07:46 --> Trying to access array offset on value of type null
#0 /var/www/html/sunstone/app/Views/services.php(64): CodeIgniter\Debug\Exceptions->errorHandler()
#1 /var/www/html/sunstone/system/View/View.php(246): include('/var/www/html/s...')
#2 /var/www/html/sunstone/system/Common.php(1119): CodeIgniter\View\View->render()
#3 /var/www/html/sunstone/app/Controllers/Services.php(46): view()
#4 /var/www/html/sunstone/system/CodeIgniter.php(924): App\Controllers\Services->index()
#5 /var/www/html/sunstone/system/CodeIgniter.php(410): CodeIgniter\CodeIgniter->runController()
#6 /var/www/html/sunstone/system/CodeIgniter.php(318): CodeIgniter\CodeIgniter->handleRequest()
#7 /var/www/html/sunstone/index.php(46): CodeIgniter\CodeIgniter->run()
#8 {main}
CRITICAL - 2021-02-11 06:37:10 --> Undefined variable: db
#0 /var/www/html/sunstone/app/Controllers/All_services.php(12): CodeIgniter\Debug\Exceptions->errorHandler()
#1 /var/www/html/sunstone/system/CodeIgniter.php(924): App\Controllers\All_services->index()
#2 /var/www/html/sunstone/system/CodeIgniter.php(410): CodeIgniter\CodeIgniter->runController()
#3 /var/www/html/sunstone/system/CodeIgniter.php(318): CodeIgniter\CodeIgniter->handleRequest()
#4 /var/www/html/sunstone/index.php(46): CodeIgniter\CodeIgniter->run()
#5 {main}
