CRITICAL - 2021-07-03 06:42:09 --> Call to a member function post() on null
#0 /home/vntcbq34d1v5/public_html/cdncc/frontend/system/CodeIgniter.php(924): App\Controllers\Careers->index()
#1 /home/vntcbq34d1v5/public_html/cdncc/frontend/system/CodeIgniter.php(410): CodeIgniter\CodeIgniter->runController(Object(App\Controllers\Careers))
#2 /home/vntcbq34d1v5/public_html/cdncc/frontend/system/CodeIgniter.php(318): CodeIgniter\CodeIgniter->handleRequest(NULL, Object(Config\Cache), false)
#3 /home/vntcbq34d1v5/public_html/cdncc/frontend/index.php(46): CodeIgniter\CodeIgniter->run()
#4 {main}
CRITICAL - 2021-07-03 06:43:20 --> Call to a member function post() on null
#0 /home/vntcbq34d1v5/public_html/cdncc/frontend/system/CodeIgniter.php(924): App\Controllers\Careers->index()
#1 /home/vntcbq34d1v5/public_html/cdncc/frontend/system/CodeIgniter.php(410): CodeIgniter\CodeIgniter->runController(Object(App\Controllers\Careers))
#2 /home/vntcbq34d1v5/public_html/cdncc/frontend/system/CodeIgniter.php(318): CodeIgniter\CodeIgniter->handleRequest(NULL, Object(Config\Cache), false)
#3 /home/vntcbq34d1v5/public_html/cdncc/frontend/index.php(46): CodeIgniter\CodeIgniter->run()
#4 {main}
CRITICAL - 2021-07-03 06:43:22 --> Call to a member function post() on null
#0 /home/vntcbq34d1v5/public_html/cdncc/frontend/system/CodeIgniter.php(924): App\Controllers\Careers->index()
#1 /home/vntcbq34d1v5/public_html/cdncc/frontend/system/CodeIgniter.php(410): CodeIgniter\CodeIgniter->runController(Object(App\Controllers\Careers))
#2 /home/vntcbq34d1v5/public_html/cdncc/frontend/system/CodeIgniter.php(318): CodeIgniter\CodeIgniter->handleRequest(NULL, Object(Config\Cache), false)
#3 /home/vntcbq34d1v5/public_html/cdncc/frontend/index.php(46): CodeIgniter\CodeIgniter->run()
#4 {main}
CRITICAL - 2021-07-03 06:44:47 --> Call to a member function post() on null
#0 /home/vntcbq34d1v5/public_html/cdncc/frontend/system/CodeIgniter.php(924): App\Controllers\Careers->index()
#1 /home/vntcbq34d1v5/public_html/cdncc/frontend/system/CodeIgniter.php(410): CodeIgniter\CodeIgniter->runController(Object(App\Controllers\Careers))
#2 /home/vntcbq34d1v5/public_html/cdncc/frontend/system/CodeIgniter.php(318): CodeIgniter\CodeIgniter->handleRequest(NULL, Object(Config\Cache), false)
#3 /home/vntcbq34d1v5/public_html/cdncc/frontend/index.php(46): CodeIgniter\CodeIgniter->run()
#4 {main}
CRITICAL - 2021-07-03 06:45:00 --> Call to a member function post() on null
#0 /home/vntcbq34d1v5/public_html/cdncc/frontend/system/CodeIgniter.php(924): App\Controllers\Careers->index()
#1 /home/vntcbq34d1v5/public_html/cdncc/frontend/system/CodeIgniter.php(410): CodeIgniter\CodeIgniter->runController(Object(App\Controllers\Careers))
#2 /home/vntcbq34d1v5/public_html/cdncc/frontend/system/CodeIgniter.php(318): CodeIgniter\CodeIgniter->handleRequest(NULL, Object(Config\Cache), false)
#3 /home/vntcbq34d1v5/public_html/cdncc/frontend/index.php(46): CodeIgniter\CodeIgniter->run()
#4 {main}
CRITICAL - 2021-07-03 06:45:04 --> Call to a member function post() on null
#0 /home/vntcbq34d1v5/public_html/cdncc/frontend/system/CodeIgniter.php(924): App\Controllers\Careers->index()
#1 /home/vntcbq34d1v5/public_html/cdncc/frontend/system/CodeIgniter.php(410): CodeIgniter\CodeIgniter->runController(Object(App\Controllers\Careers))
#2 /home/vntcbq34d1v5/public_html/cdncc/frontend/system/CodeIgniter.php(318): CodeIgniter\CodeIgniter->handleRequest(NULL, Object(Config\Cache), false)
#3 /home/vntcbq34d1v5/public_html/cdncc/frontend/index.php(46): CodeIgniter\CodeIgniter->run()
#4 {main}
CRITICAL - 2021-07-03 06:53:11 --> Call to a member function view() on null
#0 /home/vntcbq34d1v5/public_html/cdncc/frontend/system/CodeIgniter.php(924): App\Controllers\Careers->index()
#1 /home/vntcbq34d1v5/public_html/cdncc/frontend/system/CodeIgniter.php(410): CodeIgniter\CodeIgniter->runController(Object(App\Controllers\Careers))
#2 /home/vntcbq34d1v5/public_html/cdncc/frontend/system/CodeIgniter.php(318): CodeIgniter\CodeIgniter->handleRequest(NULL, Object(Config\Cache), false)
#3 /home/vntcbq34d1v5/public_html/cdncc/frontend/index.php(46): CodeIgniter\CodeIgniter->run()
#4 {main}
CRITICAL - 2021-07-03 06:53:21 --> Call to a member function view() on null
#0 /home/vntcbq34d1v5/public_html/cdncc/frontend/system/CodeIgniter.php(924): App\Controllers\Careers->index()
#1 /home/vntcbq34d1v5/public_html/cdncc/frontend/system/CodeIgniter.php(410): CodeIgniter\CodeIgniter->runController(Object(App\Controllers\Careers))
#2 /home/vntcbq34d1v5/public_html/cdncc/frontend/system/CodeIgniter.php(318): CodeIgniter\CodeIgniter->handleRequest(NULL, Object(Config\Cache), false)
#3 /home/vntcbq34d1v5/public_html/cdncc/frontend/index.php(46): CodeIgniter\CodeIgniter->run()
#4 {main}
CRITICAL - 2021-07-03 06:54:21 --> Call to a member function view() on null
#0 /home/vntcbq34d1v5/public_html/cdncc/frontend/system/CodeIgniter.php(924): App\Controllers\Careers->index()
#1 /home/vntcbq34d1v5/public_html/cdncc/frontend/system/CodeIgniter.php(410): CodeIgniter\CodeIgniter->runController(Object(App\Controllers\Careers))
#2 /home/vntcbq34d1v5/public_html/cdncc/frontend/system/CodeIgniter.php(318): CodeIgniter\CodeIgniter->handleRequest(NULL, Object(Config\Cache), false)
#3 /home/vntcbq34d1v5/public_html/cdncc/frontend/index.php(46): CodeIgniter\CodeIgniter->run()
#4 {main}
CRITICAL - 2021-07-03 06:58:59 --> Call to a member function model() on null
#0 /home/vntcbq34d1v5/public_html/cdncc/frontend/system/CodeIgniter.php(896): App\Controllers\Careers->__construct()
#1 /home/vntcbq34d1v5/public_html/cdncc/frontend/system/CodeIgniter.php(405): CodeIgniter\CodeIgniter->createController()
#2 /home/vntcbq34d1v5/public_html/cdncc/frontend/system/CodeIgniter.php(318): CodeIgniter\CodeIgniter->handleRequest(NULL, Object(Config\Cache), false)
#3 /home/vntcbq34d1v5/public_html/cdncc/frontend/index.php(46): CodeIgniter\CodeIgniter->run()
#4 {main}
CRITICAL - 2021-07-03 06:59:50 --> Call to a member function model() on null
#0 /home/vntcbq34d1v5/public_html/cdncc/frontend/system/CodeIgniter.php(896): App\Controllers\Careers->__construct()
#1 /home/vntcbq34d1v5/public_html/cdncc/frontend/system/CodeIgniter.php(405): CodeIgniter\CodeIgniter->createController()
#2 /home/vntcbq34d1v5/public_html/cdncc/frontend/system/CodeIgniter.php(318): CodeIgniter\CodeIgniter->handleRequest(NULL, Object(Config\Cache), false)
#3 /home/vntcbq34d1v5/public_html/cdncc/frontend/index.php(46): CodeIgniter\CodeIgniter->run()
#4 {main}
CRITICAL - 2021-07-03 07:12:22 --> Call to a member function post() on null
#0 /home/vntcbq34d1v5/public_html/cdncc/frontend/system/CodeIgniter.php(924): App\Controllers\Careers->index()
#1 /home/vntcbq34d1v5/public_html/cdncc/frontend/system/CodeIgniter.php(410): CodeIgniter\CodeIgniter->runController(Object(App\Controllers\Careers))
#2 /home/vntcbq34d1v5/public_html/cdncc/frontend/system/CodeIgniter.php(318): CodeIgniter\CodeIgniter->handleRequest(NULL, Object(Config\Cache), false)
#3 /home/vntcbq34d1v5/public_html/cdncc/frontend/index.php(46): CodeIgniter\CodeIgniter->run()
#4 {main}
CRITICAL - 2021-07-03 07:13:10 --> Call to a member function post() on null
#0 /home/vntcbq34d1v5/public_html/cdncc/frontend/system/CodeIgniter.php(924): App\Controllers\Careers->index()
#1 /home/vntcbq34d1v5/public_html/cdncc/frontend/system/CodeIgniter.php(410): CodeIgniter\CodeIgniter->runController(Object(App\Controllers\Careers))
#2 /home/vntcbq34d1v5/public_html/cdncc/frontend/system/CodeIgniter.php(318): CodeIgniter\CodeIgniter->handleRequest(NULL, Object(Config\Cache), false)
#3 /home/vntcbq34d1v5/public_html/cdncc/frontend/index.php(46): CodeIgniter\CodeIgniter->run()
#4 {main}
CRITICAL - 2021-07-03 07:15:24 --> Call to a member function post() on null
#0 /home/vntcbq34d1v5/public_html/cdncc/frontend/system/CodeIgniter.php(924): App\Controllers\Careers->index()
#1 /home/vntcbq34d1v5/public_html/cdncc/frontend/system/CodeIgniter.php(410): CodeIgniter\CodeIgniter->runController(Object(App\Controllers\Careers))
#2 /home/vntcbq34d1v5/public_html/cdncc/frontend/system/CodeIgniter.php(318): CodeIgniter\CodeIgniter->handleRequest(NULL, Object(Config\Cache), false)
#3 /home/vntcbq34d1v5/public_html/cdncc/frontend/index.php(46): CodeIgniter\CodeIgniter->run()
#4 {main}
CRITICAL - 2021-07-03 07:15:58 --> Call to a member function post() on null
#0 /home/vntcbq34d1v5/public_html/cdncc/frontend/system/CodeIgniter.php(924): App\Controllers\Careers->index()
#1 /home/vntcbq34d1v5/public_html/cdncc/frontend/system/CodeIgniter.php(410): CodeIgniter\CodeIgniter->runController(Object(App\Controllers\Careers))
#2 /home/vntcbq34d1v5/public_html/cdncc/frontend/system/CodeIgniter.php(318): CodeIgniter\CodeIgniter->handleRequest(NULL, Object(Config\Cache), false)
#3 /home/vntcbq34d1v5/public_html/cdncc/frontend/index.php(46): CodeIgniter\CodeIgniter->run()
#4 {main}
CRITICAL - 2021-07-03 07:32:10 --> Call to a member function view() on null
#0 /home/vntcbq34d1v5/public_html/cdncc/frontend/system/CodeIgniter.php(924): App\Controllers\Careers->index()
#1 /home/vntcbq34d1v5/public_html/cdncc/frontend/system/CodeIgniter.php(410): CodeIgniter\CodeIgniter->runController(Object(App\Controllers\Careers))
#2 /home/vntcbq34d1v5/public_html/cdncc/frontend/system/CodeIgniter.php(318): CodeIgniter\CodeIgniter->handleRequest(NULL, Object(Config\Cache), false)
#3 /home/vntcbq34d1v5/public_html/cdncc/frontend/index.php(46): CodeIgniter\CodeIgniter->run()
#4 {main}
CRITICAL - 2021-07-03 09:54:54 --> Call to undefined method App\Controllers\Careers::save()
#0 /home/vntcbq34d1v5/public_html/cdncc/frontend/system/CodeIgniter.php(924): App\Controllers\Careers->form_validation()
#1 /home/vntcbq34d1v5/public_html/cdncc/frontend/system/CodeIgniter.php(410): CodeIgniter\CodeIgniter->runController(Object(App\Controllers\Careers))
#2 /home/vntcbq34d1v5/public_html/cdncc/frontend/system/CodeIgniter.php(318): CodeIgniter\CodeIgniter->handleRequest(NULL, Object(Config\Cache), false)
#3 /home/vntcbq34d1v5/public_html/cdncc/frontend/index.php(46): CodeIgniter\CodeIgniter->run()
#4 {main}
CRITICAL - 2021-07-03 09:56:50 --> Call to undefined method App\Controllers\Careers::save()
#0 /home/vntcbq34d1v5/public_html/cdncc/frontend/system/CodeIgniter.php(924): App\Controllers\Careers->form_validation()
#1 /home/vntcbq34d1v5/public_html/cdncc/frontend/system/CodeIgniter.php(410): CodeIgniter\CodeIgniter->runController(Object(App\Controllers\Careers))
#2 /home/vntcbq34d1v5/public_html/cdncc/frontend/system/CodeIgniter.php(318): CodeIgniter\CodeIgniter->handleRequest(NULL, Object(Config\Cache), false)
#3 /home/vntcbq34d1v5/public_html/cdncc/frontend/index.php(46): CodeIgniter\CodeIgniter->run()
#4 {main}
CRITICAL - 2021-07-03 09:59:17 --> Call to undefined method App\Controllers\Careers::save()
#0 /home/vntcbq34d1v5/public_html/cdncc/frontend/system/CodeIgniter.php(924): App\Controllers\Careers->form_validation()
#1 /home/vntcbq34d1v5/public_html/cdncc/frontend/system/CodeIgniter.php(410): CodeIgniter\CodeIgniter->runController(Object(App\Controllers\Careers))
#2 /home/vntcbq34d1v5/public_html/cdncc/frontend/system/CodeIgniter.php(318): CodeIgniter\CodeIgniter->handleRequest(NULL, Object(Config\Cache), false)
#3 /home/vntcbq34d1v5/public_html/cdncc/frontend/index.php(46): CodeIgniter\CodeIgniter->run()
#4 {main}
CRITICAL - 2021-07-03 10:00:37 --> Call to undefined method App\Controllers\Careers::save()
#0 /home/vntcbq34d1v5/public_html/cdncc/frontend/system/CodeIgniter.php(924): App\Controllers\Careers->form_validation()
#1 /home/vntcbq34d1v5/public_html/cdncc/frontend/system/CodeIgniter.php(410): CodeIgniter\CodeIgniter->runController(Object(App\Controllers\Careers))
#2 /home/vntcbq34d1v5/public_html/cdncc/frontend/system/CodeIgniter.php(318): CodeIgniter\CodeIgniter->handleRequest(NULL, Object(Config\Cache), false)
#3 /home/vntcbq34d1v5/public_html/cdncc/frontend/index.php(46): CodeIgniter\CodeIgniter->run()
#4 {main}
CRITICAL - 2021-07-03 11:12:28 --> Call to undefined method App\Controllers\Careers::save()
#0 /home/vntcbq34d1v5/public_html/cdncc/frontend/system/CodeIgniter.php(924): App\Controllers\Careers->form_validation()
#1 /home/vntcbq34d1v5/public_html/cdncc/frontend/system/CodeIgniter.php(410): CodeIgniter\CodeIgniter->runController(Object(App\Controllers\Careers))
#2 /home/vntcbq34d1v5/public_html/cdncc/frontend/system/CodeIgniter.php(318): CodeIgniter\CodeIgniter->handleRequest(NULL, Object(Config\Cache), false)
#3 /home/vntcbq34d1v5/public_html/cdncc/frontend/index.php(46): CodeIgniter\CodeIgniter->run()
#4 {main}
CRITICAL - 2021-07-03 11:21:13 --> Call to undefined method App\Controllers\Careers::save()
#0 /home/vntcbq34d1v5/public_html/cdncc/frontend/system/CodeIgniter.php(924): App\Controllers\Careers->add_validation()
#1 /home/vntcbq34d1v5/public_html/cdncc/frontend/system/CodeIgniter.php(410): CodeIgniter\CodeIgniter->runController(Object(App\Controllers\Careers))
#2 /home/vntcbq34d1v5/public_html/cdncc/frontend/system/CodeIgniter.php(318): CodeIgniter\CodeIgniter->handleRequest(NULL, Object(Config\Cache), false)
#3 /home/vntcbq34d1v5/public_html/cdncc/frontend/index.php(46): CodeIgniter\CodeIgniter->run()
#4 {main}
CRITICAL - 2021-07-03 11:22:00 --> Call to undefined method App\Controllers\Careers::save()
#0 /home/vntcbq34d1v5/public_html/cdncc/frontend/system/CodeIgniter.php(924): App\Controllers\Careers->add_validation()
#1 /home/vntcbq34d1v5/public_html/cdncc/frontend/system/CodeIgniter.php(410): CodeIgniter\CodeIgniter->runController(Object(App\Controllers\Careers))
#2 /home/vntcbq34d1v5/public_html/cdncc/frontend/system/CodeIgniter.php(318): CodeIgniter\CodeIgniter->handleRequest(NULL, Object(Config\Cache), false)
#3 /home/vntcbq34d1v5/public_html/cdncc/frontend/index.php(46): CodeIgniter\CodeIgniter->run()
#4 {main}
CRITICAL - 2021-07-03 11:22:46 --> Call to undefined method App\Controllers\Careers::save()
#0 /home/vntcbq34d1v5/public_html/cdncc/frontend/system/CodeIgniter.php(924): App\Controllers\Careers->add_validation()
#1 /home/vntcbq34d1v5/public_html/cdncc/frontend/system/CodeIgniter.php(410): CodeIgniter\CodeIgniter->runController(Object(App\Controllers\Careers))
#2 /home/vntcbq34d1v5/public_html/cdncc/frontend/system/CodeIgniter.php(318): CodeIgniter\CodeIgniter->handleRequest(NULL, Object(Config\Cache), false)
#3 /home/vntcbq34d1v5/public_html/cdncc/frontend/index.php(46): CodeIgniter\CodeIgniter->run()
#4 {main}
CRITICAL - 2021-07-03 11:25:18 --> Call to undefined method App\Controllers\Careers::save()
#0 /home/vntcbq34d1v5/public_html/cdncc/frontend/system/CodeIgniter.php(924): App\Controllers\Careers->add_validation()
#1 /home/vntcbq34d1v5/public_html/cdncc/frontend/system/CodeIgniter.php(410): CodeIgniter\CodeIgniter->runController(Object(App\Controllers\Careers))
#2 /home/vntcbq34d1v5/public_html/cdncc/frontend/system/CodeIgniter.php(318): CodeIgniter\CodeIgniter->handleRequest(NULL, Object(Config\Cache), false)
#3 /home/vntcbq34d1v5/public_html/cdncc/frontend/index.php(46): CodeIgniter\CodeIgniter->run()
#4 {main}
CRITICAL - 2021-07-03 11:27:44 --> Call to undefined method App\Controllers\Careers::save()
#0 /home/vntcbq34d1v5/public_html/cdncc/frontend/system/CodeIgniter.php(924): App\Controllers\Careers->add_validation()
#1 /home/vntcbq34d1v5/public_html/cdncc/frontend/system/CodeIgniter.php(410): CodeIgniter\CodeIgniter->runController(Object(App\Controllers\Careers))
#2 /home/vntcbq34d1v5/public_html/cdncc/frontend/system/CodeIgniter.php(318): CodeIgniter\CodeIgniter->handleRequest(NULL, Object(Config\Cache), false)
#3 /home/vntcbq34d1v5/public_html/cdncc/frontend/index.php(46): CodeIgniter\CodeIgniter->run()
#4 {main}
CRITICAL - 2021-07-03 11:29:23 --> Class 'App\Controllers\CareersModel' not found
#0 /home/vntcbq34d1v5/public_html/cdncc/frontend/system/CodeIgniter.php(924): App\Controllers\Careers->add_validation()
#1 /home/vntcbq34d1v5/public_html/cdncc/frontend/system/CodeIgniter.php(410): CodeIgniter\CodeIgniter->runController(Object(App\Controllers\Careers))
#2 /home/vntcbq34d1v5/public_html/cdncc/frontend/system/CodeIgniter.php(318): CodeIgniter\CodeIgniter->handleRequest(NULL, Object(Config\Cache), false)
#3 /home/vntcbq34d1v5/public_html/cdncc/frontend/index.php(46): CodeIgniter\CodeIgniter->run()
#4 {main}
CRITICAL - 2021-07-03 11:30:47 --> Class 'App\Controllers\CareersModel' not found
#0 /home/vntcbq34d1v5/public_html/cdncc/frontend/system/CodeIgniter.php(924): App\Controllers\Careers->add_validation()
#1 /home/vntcbq34d1v5/public_html/cdncc/frontend/system/CodeIgniter.php(410): CodeIgniter\CodeIgniter->runController(Object(App\Controllers\Careers))
#2 /home/vntcbq34d1v5/public_html/cdncc/frontend/system/CodeIgniter.php(318): CodeIgniter\CodeIgniter->handleRequest(NULL, Object(Config\Cache), false)
#3 /home/vntcbq34d1v5/public_html/cdncc/frontend/index.php(46): CodeIgniter\CodeIgniter->run()
#4 {main}
CRITICAL - 2021-07-03 11:34:07 --> Class 'App\Controllers\CareersModel' not found
#0 /home/vntcbq34d1v5/public_html/cdncc/frontend/system/CodeIgniter.php(924): App\Controllers\Careers->add_validation()
#1 /home/vntcbq34d1v5/public_html/cdncc/frontend/system/CodeIgniter.php(410): CodeIgniter\CodeIgniter->runController(Object(App\Controllers\Careers))
#2 /home/vntcbq34d1v5/public_html/cdncc/frontend/system/CodeIgniter.php(318): CodeIgniter\CodeIgniter->handleRequest(NULL, Object(Config\Cache), false)
#3 /home/vntcbq34d1v5/public_html/cdncc/frontend/index.php(46): CodeIgniter\CodeIgniter->run()
#4 {main}
CRITICAL - 2021-07-03 11:34:25 --> Class 'App\Controllers\CareersModel' not found
#0 /home/vntcbq34d1v5/public_html/cdncc/frontend/system/CodeIgniter.php(924): App\Controllers\Careers->add_validation()
#1 /home/vntcbq34d1v5/public_html/cdncc/frontend/system/CodeIgniter.php(410): CodeIgniter\CodeIgniter->runController(Object(App\Controllers\Careers))
#2 /home/vntcbq34d1v5/public_html/cdncc/frontend/system/CodeIgniter.php(318): CodeIgniter\CodeIgniter->handleRequest(NULL, Object(Config\Cache), false)
#3 /home/vntcbq34d1v5/public_html/cdncc/frontend/index.php(46): CodeIgniter\CodeIgniter->run()
#4 {main}
CRITICAL - 2021-07-03 11:36:47 --> Cannot declare class App\Controllers\Careers because the name is already in use
#0 [internal function]: CodeIgniter\Debug\Exceptions->shutdownHandler()
#1 {main}
CRITICAL - 2021-07-03 11:36:49 --> Cannot declare class App\Controllers\Careers because the name is already in use
#0 [internal function]: CodeIgniter\Debug\Exceptions->shutdownHandler()
#1 {main}
CRITICAL - 2021-07-03 11:37:03 --> Cannot declare class App\Controllers\Careers because the name is already in use
#0 [internal function]: CodeIgniter\Debug\Exceptions->shutdownHandler()
#1 {main}
CRITICAL - 2021-07-03 11:38:56 --> Cannot declare class App\Controllers\Careers because the name is already in use
#0 [internal function]: CodeIgniter\Debug\Exceptions->shutdownHandler()
#1 {main}
CRITICAL - 2021-07-03 11:39:45 --> Call to undefined method App\Controllers\Careers::save()
#0 /home/vntcbq34d1v5/public_html/cdncc/frontend/system/CodeIgniter.php(924): App\Controllers\Careers->add_validation()
#1 /home/vntcbq34d1v5/public_html/cdncc/frontend/system/CodeIgniter.php(410): CodeIgniter\CodeIgniter->runController(Object(App\Controllers\Careers))
#2 /home/vntcbq34d1v5/public_html/cdncc/frontend/system/CodeIgniter.php(318): CodeIgniter\CodeIgniter->handleRequest(NULL, Object(Config\Cache), false)
#3 /home/vntcbq34d1v5/public_html/cdncc/frontend/index.php(46): CodeIgniter\CodeIgniter->run()
#4 {main}
CRITICAL - 2021-07-03 11:40:32 --> Call to undefined method App\Controllers\Careers::save()
#0 /home/vntcbq34d1v5/public_html/cdncc/frontend/system/CodeIgniter.php(924): App\Controllers\Careers->add_validation()
#1 /home/vntcbq34d1v5/public_html/cdncc/frontend/system/CodeIgniter.php(410): CodeIgniter\CodeIgniter->runController(Object(App\Controllers\Careers))
#2 /home/vntcbq34d1v5/public_html/cdncc/frontend/system/CodeIgniter.php(318): CodeIgniter\CodeIgniter->handleRequest(NULL, Object(Config\Cache), false)
#3 /home/vntcbq34d1v5/public_html/cdncc/frontend/index.php(46): CodeIgniter\CodeIgniter->run()
#4 {main}
CRITICAL - 2021-07-03 11:40:51 --> Call to undefined method App\Controllers\Careers::save()
#0 /home/vntcbq34d1v5/public_html/cdncc/frontend/system/CodeIgniter.php(924): App\Controllers\Careers->add_validation()
#1 /home/vntcbq34d1v5/public_html/cdncc/frontend/system/CodeIgniter.php(410): CodeIgniter\CodeIgniter->runController(Object(App\Controllers\Careers))
#2 /home/vntcbq34d1v5/public_html/cdncc/frontend/system/CodeIgniter.php(318): CodeIgniter\CodeIgniter->handleRequest(NULL, Object(Config\Cache), false)
#3 /home/vntcbq34d1v5/public_html/cdncc/frontend/index.php(46): CodeIgniter\CodeIgniter->run()
#4 {main}
