CRITICAL - 2021-02-06 05:15:38 --> Invalid file: {0}
#0 /var/www/html/sunstone/system/View/View.php(228): CodeIgniter\Exceptions\FrameworkException::forInvalidFile()
#1 /var/www/html/sunstone/system/Common.php(1119): CodeIgniter\View\View->render()
#2 /var/www/html/sunstone/app/Controllers/Home.php(7): view()
#3 /var/www/html/sunstone/system/CodeIgniter.php(924): App\Controllers\Home->index()
#4 /var/www/html/sunstone/system/CodeIgniter.php(410): CodeIgniter\CodeIgniter->runController()
#5 /var/www/html/sunstone/system/CodeIgniter.php(318): CodeIgniter\CodeIgniter->handleRequest()
#6 /var/www/html/sunstone/index.php(46): CodeIgniter\CodeIgniter->run()
#7 {main}
CRITICAL - 2021-02-06 05:16:00 --> Undefined variable: count_items
#0 /var/www/html/sunstone/app/Views/home.php(175): CodeIgniter\Debug\Exceptions->errorHandler()
#1 /var/www/html/sunstone/system/View/View.php(246): include('/var/www/html/s...')
#2 /var/www/html/sunstone/system/Common.php(1119): CodeIgniter\View\View->render()
#3 /var/www/html/sunstone/app/Controllers/Home.php(7): view()
#4 /var/www/html/sunstone/system/CodeIgniter.php(924): App\Controllers\Home->index()
#5 /var/www/html/sunstone/system/CodeIgniter.php(410): CodeIgniter\CodeIgniter->runController()
#6 /var/www/html/sunstone/system/CodeIgniter.php(318): CodeIgniter\CodeIgniter->handleRequest()
#7 /var/www/html/sunstone/index.php(46): CodeIgniter\CodeIgniter->run()
#8 {main}
CRITICAL - 2021-02-06 05:51:14 --> include(__partial/__css.php): failed to open stream: No such file or directory
#0 /var/www/html/sunstone/app/Views/home.php(11): CodeIgniter\Debug\Exceptions->errorHandler()
#1 /var/www/html/sunstone/app/Views/home.php(11): include()
#2 /var/www/html/sunstone/system/View/View.php(246): include('/var/www/html/s...')
#3 /var/www/html/sunstone/system/Common.php(1119): CodeIgniter\View\View->render()
#4 /var/www/html/sunstone/app/Controllers/Home.php(7): view()
#5 /var/www/html/sunstone/system/CodeIgniter.php(924): App\Controllers\Home->index()
#6 /var/www/html/sunstone/system/CodeIgniter.php(410): CodeIgniter\CodeIgniter->runController()
#7 /var/www/html/sunstone/system/CodeIgniter.php(318): CodeIgniter\CodeIgniter->handleRequest()
#8 /var/www/html/sunstone/index.php(46): CodeIgniter\CodeIgniter->run()
#9 {main}
CRITICAL - 2021-02-06 05:53:12 --> include(__partial/__css.php): failed to open stream: No such file or directory
#0 /var/www/html/sunstone/app/Views/home.php(11): CodeIgniter\Debug\Exceptions->errorHandler()
#1 /var/www/html/sunstone/app/Views/home.php(11): include()
#2 /var/www/html/sunstone/system/View/View.php(246): include('/var/www/html/s...')
#3 /var/www/html/sunstone/system/Common.php(1119): CodeIgniter\View\View->render()
#4 /var/www/html/sunstone/app/Controllers/Home.php(7): view()
#5 /var/www/html/sunstone/system/CodeIgniter.php(924): App\Controllers\Home->index()
#6 /var/www/html/sunstone/system/CodeIgniter.php(410): CodeIgniter\CodeIgniter->runController()
#7 /var/www/html/sunstone/system/CodeIgniter.php(318): CodeIgniter\CodeIgniter->handleRequest()
#8 /var/www/html/sunstone/index.php(46): CodeIgniter\CodeIgniter->run()
#9 {main}
CRITICAL - 2021-02-06 05:53:54 --> include(__partial/__css.php): failed to open stream: No such file or directory
#0 /var/www/html/sunstone/app/Views/home.php(11): CodeIgniter\Debug\Exceptions->errorHandler()
#1 /var/www/html/sunstone/app/Views/home.php(11): include()
#2 /var/www/html/sunstone/system/View/View.php(246): include('/var/www/html/s...')
#3 /var/www/html/sunstone/system/Common.php(1119): CodeIgniter\View\View->render()
#4 /var/www/html/sunstone/app/Controllers/Home.php(7): view()
#5 /var/www/html/sunstone/system/CodeIgniter.php(924): App\Controllers\Home->index()
#6 /var/www/html/sunstone/system/CodeIgniter.php(410): CodeIgniter\CodeIgniter->runController()
#7 /var/www/html/sunstone/system/CodeIgniter.php(318): CodeIgniter\CodeIgniter->handleRequest()
#8 /var/www/html/sunstone/index.php(46): CodeIgniter\CodeIgniter->run()
#9 {main}
CRITICAL - 2021-02-06 05:55:56 --> include(__partial/__css.php): failed to open stream: No such file or directory
#0 /var/www/html/sunstone/app/Views/home.php(11): CodeIgniter\Debug\Exceptions->errorHandler()
#1 /var/www/html/sunstone/app/Views/home.php(11): include()
#2 /var/www/html/sunstone/system/View/View.php(246): include('/var/www/html/s...')
#3 /var/www/html/sunstone/system/Common.php(1119): CodeIgniter\View\View->render()
#4 /var/www/html/sunstone/app/Controllers/Home.php(7): view()
#5 /var/www/html/sunstone/system/CodeIgniter.php(924): App\Controllers\Home->index()
#6 /var/www/html/sunstone/system/CodeIgniter.php(410): CodeIgniter\CodeIgniter->runController()
#7 /var/www/html/sunstone/system/CodeIgniter.php(318): CodeIgniter\CodeIgniter->handleRequest()
#8 /var/www/html/sunstone/index.php(46): CodeIgniter\CodeIgniter->run()
#9 {main}
CRITICAL - 2021-02-06 05:55:59 --> include(__partial/__css.php): failed to open stream: No such file or directory
#0 /var/www/html/sunstone/app/Views/home.php(11): CodeIgniter\Debug\Exceptions->errorHandler()
#1 /var/www/html/sunstone/app/Views/home.php(11): include()
#2 /var/www/html/sunstone/system/View/View.php(246): include('/var/www/html/s...')
#3 /var/www/html/sunstone/system/Common.php(1119): CodeIgniter\View\View->render()
#4 /var/www/html/sunstone/app/Controllers/Home.php(7): view()
#5 /var/www/html/sunstone/system/CodeIgniter.php(924): App\Controllers\Home->index()
#6 /var/www/html/sunstone/system/CodeIgniter.php(410): CodeIgniter\CodeIgniter->runController()
#7 /var/www/html/sunstone/system/CodeIgniter.php(318): CodeIgniter\CodeIgniter->handleRequest()
#8 /var/www/html/sunstone/index.php(46): CodeIgniter\CodeIgniter->run()
#9 {main}
CRITICAL - 2021-02-06 05:57:40 --> include(__partial/__css.php): failed to open stream: No such file or directory
#0 /var/www/html/sunstone/app/Views/home.php(11): CodeIgniter\Debug\Exceptions->errorHandler()
#1 /var/www/html/sunstone/app/Views/home.php(11): include()
#2 /var/www/html/sunstone/system/View/View.php(246): include('/var/www/html/s...')
#3 /var/www/html/sunstone/system/Common.php(1119): CodeIgniter\View\View->render()
#4 /var/www/html/sunstone/app/Controllers/Home.php(7): view()
#5 /var/www/html/sunstone/system/CodeIgniter.php(924): App\Controllers\Home->index()
#6 /var/www/html/sunstone/system/CodeIgniter.php(410): CodeIgniter\CodeIgniter->runController()
#7 /var/www/html/sunstone/system/CodeIgniter.php(318): CodeIgniter\CodeIgniter->handleRequest()
#8 /var/www/html/sunstone/index.php(46): CodeIgniter\CodeIgniter->run()
#9 {main}
CRITICAL - 2021-02-06 05:57:40 --> include(__partial/__css.php): failed to open stream: No such file or directory
#0 /var/www/html/sunstone/app/Views/home.php(11): CodeIgniter\Debug\Exceptions->errorHandler()
#1 /var/www/html/sunstone/app/Views/home.php(11): include()
#2 /var/www/html/sunstone/system/View/View.php(246): include('/var/www/html/s...')
#3 /var/www/html/sunstone/system/Common.php(1119): CodeIgniter\View\View->render()
#4 /var/www/html/sunstone/app/Controllers/Home.php(7): view()
#5 /var/www/html/sunstone/system/CodeIgniter.php(924): App\Controllers\Home->index()
#6 /var/www/html/sunstone/system/CodeIgniter.php(410): CodeIgniter\CodeIgniter->runController()
#7 /var/www/html/sunstone/system/CodeIgniter.php(318): CodeIgniter\CodeIgniter->handleRequest()
#8 /var/www/html/sunstone/index.php(46): CodeIgniter\CodeIgniter->run()
#9 {main}
CRITICAL - 2021-02-06 05:58:11 --> include(/__partial/__css.php): failed to open stream: No such file or directory
#0 /var/www/html/sunstone/app/Views/home.php(11): CodeIgniter\Debug\Exceptions->errorHandler()
#1 /var/www/html/sunstone/app/Views/home.php(11): include()
#2 /var/www/html/sunstone/system/View/View.php(246): include('/var/www/html/s...')
#3 /var/www/html/sunstone/system/Common.php(1119): CodeIgniter\View\View->render()
#4 /var/www/html/sunstone/app/Controllers/Home.php(7): view()
#5 /var/www/html/sunstone/system/CodeIgniter.php(924): App\Controllers\Home->index()
#6 /var/www/html/sunstone/system/CodeIgniter.php(410): CodeIgniter\CodeIgniter->runController()
#7 /var/www/html/sunstone/system/CodeIgniter.php(318): CodeIgniter\CodeIgniter->handleRequest()
#8 /var/www/html/sunstone/index.php(46): CodeIgniter\CodeIgniter->run()
#9 {main}
CRITICAL - 2021-02-06 05:59:34 --> include(/var/www/html/sunstone/app/__partial/__css.php): failed to open stream: No such file or directory
#0 /var/www/html/sunstone/app/Views/home.php(11): CodeIgniter\Debug\Exceptions->errorHandler()
#1 /var/www/html/sunstone/app/Views/home.php(11): include()
#2 /var/www/html/sunstone/system/View/View.php(246): include('/var/www/html/s...')
#3 /var/www/html/sunstone/system/Common.php(1119): CodeIgniter\View\View->render()
#4 /var/www/html/sunstone/app/Controllers/Home.php(7): view()
#5 /var/www/html/sunstone/system/CodeIgniter.php(924): App\Controllers\Home->index()
#6 /var/www/html/sunstone/system/CodeIgniter.php(410): CodeIgniter\CodeIgniter->runController()
#7 /var/www/html/sunstone/system/CodeIgniter.php(318): CodeIgniter\CodeIgniter->handleRequest()
#8 /var/www/html/sunstone/index.php(46): CodeIgniter\CodeIgniter->run()
#9 {main}
CRITICAL - 2021-02-06 05:59:36 --> include(/var/www/html/sunstone/app/__partial/__css.php): failed to open stream: No such file or directory
#0 /var/www/html/sunstone/app/Views/home.php(11): CodeIgniter\Debug\Exceptions->errorHandler()
#1 /var/www/html/sunstone/app/Views/home.php(11): include()
#2 /var/www/html/sunstone/system/View/View.php(246): include('/var/www/html/s...')
#3 /var/www/html/sunstone/system/Common.php(1119): CodeIgniter\View\View->render()
#4 /var/www/html/sunstone/app/Controllers/Home.php(7): view()
#5 /var/www/html/sunstone/system/CodeIgniter.php(924): App\Controllers\Home->index()
#6 /var/www/html/sunstone/system/CodeIgniter.php(410): CodeIgniter\CodeIgniter->runController()
#7 /var/www/html/sunstone/system/CodeIgniter.php(318): CodeIgniter\CodeIgniter->handleRequest()
#8 /var/www/html/sunstone/index.php(46): CodeIgniter\CodeIgniter->run()
#9 {main}
CRITICAL - 2021-02-06 05:59:36 --> include(/var/www/html/sunstone/app/__partial/__css.php): failed to open stream: No such file or directory
#0 /var/www/html/sunstone/app/Views/home.php(11): CodeIgniter\Debug\Exceptions->errorHandler()
#1 /var/www/html/sunstone/app/Views/home.php(11): include()
#2 /var/www/html/sunstone/system/View/View.php(246): include('/var/www/html/s...')
#3 /var/www/html/sunstone/system/Common.php(1119): CodeIgniter\View\View->render()
#4 /var/www/html/sunstone/app/Controllers/Home.php(7): view()
#5 /var/www/html/sunstone/system/CodeIgniter.php(924): App\Controllers\Home->index()
#6 /var/www/html/sunstone/system/CodeIgniter.php(410): CodeIgniter\CodeIgniter->runController()
#7 /var/www/html/sunstone/system/CodeIgniter.php(318): CodeIgniter\CodeIgniter->handleRequest()
#8 /var/www/html/sunstone/index.php(46): CodeIgniter\CodeIgniter->run()
#9 {main}
CRITICAL - 2021-02-06 05:59:36 --> include(/var/www/html/sunstone/app/__partial/__css.php): failed to open stream: No such file or directory
#0 /var/www/html/sunstone/app/Views/home.php(11): CodeIgniter\Debug\Exceptions->errorHandler()
#1 /var/www/html/sunstone/app/Views/home.php(11): include()
#2 /var/www/html/sunstone/system/View/View.php(246): include('/var/www/html/s...')
#3 /var/www/html/sunstone/system/Common.php(1119): CodeIgniter\View\View->render()
#4 /var/www/html/sunstone/app/Controllers/Home.php(7): view()
#5 /var/www/html/sunstone/system/CodeIgniter.php(924): App\Controllers\Home->index()
#6 /var/www/html/sunstone/system/CodeIgniter.php(410): CodeIgniter\CodeIgniter->runController()
#7 /var/www/html/sunstone/system/CodeIgniter.php(318): CodeIgniter\CodeIgniter->handleRequest()
#8 /var/www/html/sunstone/index.php(46): CodeIgniter\CodeIgniter->run()
#9 {main}
CRITICAL - 2021-02-06 05:59:37 --> include(/var/www/html/sunstone/app/__partial/__css.php): failed to open stream: No such file or directory
#0 /var/www/html/sunstone/app/Views/home.php(11): CodeIgniter\Debug\Exceptions->errorHandler()
#1 /var/www/html/sunstone/app/Views/home.php(11): include()
#2 /var/www/html/sunstone/system/View/View.php(246): include('/var/www/html/s...')
#3 /var/www/html/sunstone/system/Common.php(1119): CodeIgniter\View\View->render()
#4 /var/www/html/sunstone/app/Controllers/Home.php(7): view()
#5 /var/www/html/sunstone/system/CodeIgniter.php(924): App\Controllers\Home->index()
#6 /var/www/html/sunstone/system/CodeIgniter.php(410): CodeIgniter\CodeIgniter->runController()
#7 /var/www/html/sunstone/system/CodeIgniter.php(318): CodeIgniter\CodeIgniter->handleRequest()
#8 /var/www/html/sunstone/index.php(46): CodeIgniter\CodeIgniter->run()
#9 {main}
CRITICAL - 2021-02-06 05:59:58 --> include(/var/www/html/sunstone/app/Views/__partial/__css.php): failed to open stream: No such file or directory
#0 /var/www/html/sunstone/app/Views/home.php(11): CodeIgniter\Debug\Exceptions->errorHandler()
#1 /var/www/html/sunstone/app/Views/home.php(11): include()
#2 /var/www/html/sunstone/system/View/View.php(246): include('/var/www/html/s...')
#3 /var/www/html/sunstone/system/Common.php(1119): CodeIgniter\View\View->render()
#4 /var/www/html/sunstone/app/Controllers/Home.php(7): view()
#5 /var/www/html/sunstone/system/CodeIgniter.php(924): App\Controllers\Home->index()
#6 /var/www/html/sunstone/system/CodeIgniter.php(410): CodeIgniter\CodeIgniter->runController()
#7 /var/www/html/sunstone/system/CodeIgniter.php(318): CodeIgniter\CodeIgniter->handleRequest()
#8 /var/www/html/sunstone/index.php(46): CodeIgniter\CodeIgniter->run()
#9 {main}
CRITICAL - 2021-02-06 06:00:31 --> include(/var/www/html/sunstone/app/Views/__partial/__css.php): failed to open stream: No such file or directory
#0 /var/www/html/sunstone/app/Views/home.php(14): CodeIgniter\Debug\Exceptions->errorHandler()
#1 /var/www/html/sunstone/app/Views/home.php(14): include()
#2 /var/www/html/sunstone/system/View/View.php(246): include('/var/www/html/s...')
#3 /var/www/html/sunstone/system/Common.php(1119): CodeIgniter\View\View->render()
#4 /var/www/html/sunstone/app/Controllers/Home.php(7): view()
#5 /var/www/html/sunstone/system/CodeIgniter.php(924): App\Controllers\Home->index()
#6 /var/www/html/sunstone/system/CodeIgniter.php(410): CodeIgniter\CodeIgniter->runController()
#7 /var/www/html/sunstone/system/CodeIgniter.php(318): CodeIgniter\CodeIgniter->handleRequest()
#8 /var/www/html/sunstone/index.php(46): CodeIgniter\CodeIgniter->run()
#9 {main}
CRITICAL - 2021-02-06 06:00:35 --> include(/var/www/html/sunstone/app/Views/__partial/__css.php): failed to open stream: No such file or directory
#0 /var/www/html/sunstone/app/Views/home.php(14): CodeIgniter\Debug\Exceptions->errorHandler()
#1 /var/www/html/sunstone/app/Views/home.php(14): include()
#2 /var/www/html/sunstone/system/View/View.php(246): include('/var/www/html/s...')
#3 /var/www/html/sunstone/system/Common.php(1119): CodeIgniter\View\View->render()
#4 /var/www/html/sunstone/app/Controllers/Home.php(7): view()
#5 /var/www/html/sunstone/system/CodeIgniter.php(924): App\Controllers\Home->index()
#6 /var/www/html/sunstone/system/CodeIgniter.php(410): CodeIgniter\CodeIgniter->runController()
#7 /var/www/html/sunstone/system/CodeIgniter.php(318): CodeIgniter\CodeIgniter->handleRequest()
#8 /var/www/html/sunstone/index.php(46): CodeIgniter\CodeIgniter->run()
#9 {main}
CRITICAL - 2021-02-06 06:02:20 --> include(/var/www/html/sunstone/app/Views/__partial/__css.php): failed to open stream: No such file or directory
#0 /var/www/html/sunstone/app/Views/home.php(14): CodeIgniter\Debug\Exceptions->errorHandler()
#1 /var/www/html/sunstone/app/Views/home.php(14): include()
#2 /var/www/html/sunstone/system/View/View.php(246): include('/var/www/html/s...')
#3 /var/www/html/sunstone/system/Common.php(1119): CodeIgniter\View\View->render()
#4 /var/www/html/sunstone/app/Controllers/Home.php(7): view()
#5 /var/www/html/sunstone/system/CodeIgniter.php(924): App\Controllers\Home->index()
#6 /var/www/html/sunstone/system/CodeIgniter.php(410): CodeIgniter\CodeIgniter->runController()
#7 /var/www/html/sunstone/system/CodeIgniter.php(318): CodeIgniter\CodeIgniter->handleRequest()
#8 /var/www/html/sunstone/index.php(46): CodeIgniter\CodeIgniter->run()
#9 {main}
CRITICAL - 2021-02-06 06:02:21 --> include(/var/www/html/sunstone/app/Views/__partial/__css.php): failed to open stream: No such file or directory
#0 /var/www/html/sunstone/app/Views/home.php(14): CodeIgniter\Debug\Exceptions->errorHandler()
#1 /var/www/html/sunstone/app/Views/home.php(14): include()
#2 /var/www/html/sunstone/system/View/View.php(246): include('/var/www/html/s...')
#3 /var/www/html/sunstone/system/Common.php(1119): CodeIgniter\View\View->render()
#4 /var/www/html/sunstone/app/Controllers/Home.php(7): view()
#5 /var/www/html/sunstone/system/CodeIgniter.php(924): App\Controllers\Home->index()
#6 /var/www/html/sunstone/system/CodeIgniter.php(410): CodeIgniter\CodeIgniter->runController()
#7 /var/www/html/sunstone/system/CodeIgniter.php(318): CodeIgniter\CodeIgniter->handleRequest()
#8 /var/www/html/sunstone/index.php(46): CodeIgniter\CodeIgniter->run()
#9 {main}
CRITICAL - 2021-02-06 06:02:21 --> include(/var/www/html/sunstone/app/Views/__partial/__css.php): failed to open stream: No such file or directory
#0 /var/www/html/sunstone/app/Views/home.php(14): CodeIgniter\Debug\Exceptions->errorHandler()
#1 /var/www/html/sunstone/app/Views/home.php(14): include()
#2 /var/www/html/sunstone/system/View/View.php(246): include('/var/www/html/s...')
#3 /var/www/html/sunstone/system/Common.php(1119): CodeIgniter\View\View->render()
#4 /var/www/html/sunstone/app/Controllers/Home.php(7): view()
#5 /var/www/html/sunstone/system/CodeIgniter.php(924): App\Controllers\Home->index()
#6 /var/www/html/sunstone/system/CodeIgniter.php(410): CodeIgniter\CodeIgniter->runController()
#7 /var/www/html/sunstone/system/CodeIgniter.php(318): CodeIgniter\CodeIgniter->handleRequest()
#8 /var/www/html/sunstone/index.php(46): CodeIgniter\CodeIgniter->run()
#9 {main}
CRITICAL - 2021-02-06 06:02:22 --> include(/var/www/html/sunstone/app/Views/__partial/__css.php): failed to open stream: No such file or directory
#0 /var/www/html/sunstone/app/Views/home.php(14): CodeIgniter\Debug\Exceptions->errorHandler()
#1 /var/www/html/sunstone/app/Views/home.php(14): include()
#2 /var/www/html/sunstone/system/View/View.php(246): include('/var/www/html/s...')
#3 /var/www/html/sunstone/system/Common.php(1119): CodeIgniter\View\View->render()
#4 /var/www/html/sunstone/app/Controllers/Home.php(7): view()
#5 /var/www/html/sunstone/system/CodeIgniter.php(924): App\Controllers\Home->index()
#6 /var/www/html/sunstone/system/CodeIgniter.php(410): CodeIgniter\CodeIgniter->runController()
#7 /var/www/html/sunstone/system/CodeIgniter.php(318): CodeIgniter\CodeIgniter->handleRequest()
#8 /var/www/html/sunstone/index.php(46): CodeIgniter\CodeIgniter->run()
#9 {main}
CRITICAL - 2021-02-06 06:08:17 --> Call to undefined function APPPATH()
#0 /var/www/html/sunstone/system/View/View.php(246): include()
#1 /var/www/html/sunstone/system/Common.php(1119): CodeIgniter\View\View->render()
#2 /var/www/html/sunstone/app/Controllers/Home.php(7): view()
#3 /var/www/html/sunstone/system/CodeIgniter.php(924): App\Controllers\Home->index()
#4 /var/www/html/sunstone/system/CodeIgniter.php(410): CodeIgniter\CodeIgniter->runController()
#5 /var/www/html/sunstone/system/CodeIgniter.php(318): CodeIgniter\CodeIgniter->handleRequest()
#6 /var/www/html/sunstone/index.php(46): CodeIgniter\CodeIgniter->run()
#7 {main}
