CRITICAL - 2021-09-23 08:55:17 --> Invalid argument supplied for foreach()
#0 /home/cdncitrusclean/public_html/app/Views/__partial/__available.php(14): CodeIgniter\Debug\Exceptions->errorHandler(2, 'Invalid argumen...', '/home/cdncitrus...', 14, Array)
#1 /home/cdncitrusclean/public_html/app/Views/all_products.php(191): include('/home/cdncitrus...')
#2 /home/cdncitrusclean/public_html/system/View/View.php(246): include('/home/cdncitrus...')
#3 /home/cdncitrusclean/public_html/system/Common.php(1119): CodeIgniter\View\View->render('all_products', Array, true)
#4 /home/cdncitrusclean/public_html/app/Controllers/Products.php(56): view('all_products', Array)
#5 /home/cdncitrusclean/public_html/system/CodeIgniter.php(924): App\Controllers\Products->all_products()
#6 /home/cdncitrusclean/public_html/system/CodeIgniter.php(410): CodeIgniter\CodeIgniter->runController(Object(App\Controllers\Products))
#7 /home/cdncitrusclean/public_html/system/CodeIgniter.php(318): CodeIgniter\CodeIgniter->handleRequest(NULL, Object(Config\Cache), false)
#8 /home/cdncitrusclean/public_html/index.php(46): CodeIgniter\CodeIgniter->run()
#9 {main}
CRITICAL - 2021-09-23 09:52:40 --> Invalid argument supplied for foreach()
#0 /home/cdncitrusclean/public_html/app/Views/__partial/__available.php(14): CodeIgniter\Debug\Exceptions->errorHandler(2, 'Invalid argumen...', '/home/cdncitrus...', 14, Array)
#1 /home/cdncitrusclean/public_html/app/Views/all_products.php(191): include('/home/cdncitrus...')
#2 /home/cdncitrusclean/public_html/system/View/View.php(246): include('/home/cdncitrus...')
#3 /home/cdncitrusclean/public_html/system/Common.php(1119): CodeIgniter\View\View->render('all_products', Array, true)
#4 /home/cdncitrusclean/public_html/app/Controllers/Products.php(56): view('all_products', Array)
#5 /home/cdncitrusclean/public_html/system/CodeIgniter.php(924): App\Controllers\Products->all_products()
#6 /home/cdncitrusclean/public_html/system/CodeIgniter.php(410): CodeIgniter\CodeIgniter->runController(Object(App\Controllers\Products))
#7 /home/cdncitrusclean/public_html/system/CodeIgniter.php(318): CodeIgniter\CodeIgniter->handleRequest(NULL, Object(Config\Cache), false)
#8 /home/cdncitrusclean/public_html/index.php(46): CodeIgniter\CodeIgniter->run()
#9 {main}
CRITICAL - 2021-09-23 10:11:07 --> Invalid argument supplied for foreach()
#0 /home/cdncitrusclean/public_html/app/Views/__partial/__available.php(14): CodeIgniter\Debug\Exceptions->errorHandler(2, 'Invalid argumen...', '/home/cdncitrus...', 14, Array)
#1 /home/cdncitrusclean/public_html/app/Views/all_products.php(191): include('/home/cdncitrus...')
#2 /home/cdncitrusclean/public_html/system/View/View.php(246): include('/home/cdncitrus...')
#3 /home/cdncitrusclean/public_html/system/Common.php(1119): CodeIgniter\View\View->render('all_products', Array, true)
#4 /home/cdncitrusclean/public_html/app/Controllers/Products.php(56): view('all_products', Array)
#5 /home/cdncitrusclean/public_html/system/CodeIgniter.php(924): App\Controllers\Products->all_products()
#6 /home/cdncitrusclean/public_html/system/CodeIgniter.php(410): CodeIgniter\CodeIgniter->runController(Object(App\Controllers\Products))
#7 /home/cdncitrusclean/public_html/system/CodeIgniter.php(318): CodeIgniter\CodeIgniter->handleRequest(NULL, Object(Config\Cache), false)
#8 /home/cdncitrusclean/public_html/index.php(46): CodeIgniter\CodeIgniter->run()
#9 {main}
CRITICAL - 2021-09-23 10:13:15 --> Invalid argument supplied for foreach()
#0 /home/cdncitrusclean/public_html/app/Views/__partial/__available.php(14): CodeIgniter\Debug\Exceptions->errorHandler(2, 'Invalid argumen...', '/home/cdncitrus...', 14, Array)
#1 /home/cdncitrusclean/public_html/app/Views/all_products.php(191): include('/home/cdncitrus...')
#2 /home/cdncitrusclean/public_html/system/View/View.php(246): include('/home/cdncitrus...')
#3 /home/cdncitrusclean/public_html/system/Common.php(1119): CodeIgniter\View\View->render('all_products', Array, true)
#4 /home/cdncitrusclean/public_html/app/Controllers/Products.php(56): view('all_products', Array)
#5 /home/cdncitrusclean/public_html/system/CodeIgniter.php(924): App\Controllers\Products->all_products()
#6 /home/cdncitrusclean/public_html/system/CodeIgniter.php(410): CodeIgniter\CodeIgniter->runController(Object(App\Controllers\Products))
#7 /home/cdncitrusclean/public_html/system/CodeIgniter.php(318): CodeIgniter\CodeIgniter->handleRequest(NULL, Object(Config\Cache), false)
#8 /home/cdncitrusclean/public_html/index.php(46): CodeIgniter\CodeIgniter->run()
#9 {main}
CRITICAL - 2021-09-23 10:13:27 --> Invalid argument supplied for foreach()
#0 /home/cdncitrusclean/public_html/app/Views/__partial/__available.php(14): CodeIgniter\Debug\Exceptions->errorHandler(2, 'Invalid argumen...', '/home/cdncitrus...', 14, Array)
#1 /home/cdncitrusclean/public_html/app/Views/all_products.php(191): include('/home/cdncitrus...')
#2 /home/cdncitrusclean/public_html/system/View/View.php(246): include('/home/cdncitrus...')
#3 /home/cdncitrusclean/public_html/system/Common.php(1119): CodeIgniter\View\View->render('all_products', Array, true)
#4 /home/cdncitrusclean/public_html/app/Controllers/Products.php(56): view('all_products', Array)
#5 /home/cdncitrusclean/public_html/system/CodeIgniter.php(924): App\Controllers\Products->all_products()
#6 /home/cdncitrusclean/public_html/system/CodeIgniter.php(410): CodeIgniter\CodeIgniter->runController(Object(App\Controllers\Products))
#7 /home/cdncitrusclean/public_html/system/CodeIgniter.php(318): CodeIgniter\CodeIgniter->handleRequest(NULL, Object(Config\Cache), false)
#8 /home/cdncitrusclean/public_html/index.php(46): CodeIgniter\CodeIgniter->run()
#9 {main}
CRITICAL - 2021-09-23 10:24:29 --> Invalid argument supplied for foreach()
#0 /home/cdncitrusclean/public_html/app/Views/__partial/__available.php(14): CodeIgniter\Debug\Exceptions->errorHandler(2, 'Invalid argumen...', '/home/cdncitrus...', 14, Array)
#1 /home/cdncitrusclean/public_html/app/Views/all_products.php(191): include('/home/cdncitrus...')
#2 /home/cdncitrusclean/public_html/system/View/View.php(246): include('/home/cdncitrus...')
#3 /home/cdncitrusclean/public_html/system/Common.php(1119): CodeIgniter\View\View->render('all_products', Array, true)
#4 /home/cdncitrusclean/public_html/app/Controllers/Products.php(56): view('all_products', Array)
#5 /home/cdncitrusclean/public_html/system/CodeIgniter.php(924): App\Controllers\Products->all_products()
#6 /home/cdncitrusclean/public_html/system/CodeIgniter.php(410): CodeIgniter\CodeIgniter->runController(Object(App\Controllers\Products))
#7 /home/cdncitrusclean/public_html/system/CodeIgniter.php(318): CodeIgniter\CodeIgniter->handleRequest(NULL, Object(Config\Cache), false)
#8 /home/cdncitrusclean/public_html/index.php(46): CodeIgniter\CodeIgniter->run()
#9 {main}
CRITICAL - 2021-09-23 10:25:00 --> Invalid argument supplied for foreach()
#0 /home/cdncitrusclean/public_html/app/Views/__partial/__available.php(14): CodeIgniter\Debug\Exceptions->errorHandler(2, 'Invalid argumen...', '/home/cdncitrus...', 14, Array)
#1 /home/cdncitrusclean/public_html/app/Views/all_products.php(191): include('/home/cdncitrus...')
#2 /home/cdncitrusclean/public_html/system/View/View.php(246): include('/home/cdncitrus...')
#3 /home/cdncitrusclean/public_html/system/Common.php(1119): CodeIgniter\View\View->render('all_products', Array, true)
#4 /home/cdncitrusclean/public_html/app/Controllers/Products.php(56): view('all_products', Array)
#5 /home/cdncitrusclean/public_html/system/CodeIgniter.php(924): App\Controllers\Products->all_products()
#6 /home/cdncitrusclean/public_html/system/CodeIgniter.php(410): CodeIgniter\CodeIgniter->runController(Object(App\Controllers\Products))
#7 /home/cdncitrusclean/public_html/system/CodeIgniter.php(318): CodeIgniter\CodeIgniter->handleRequest(NULL, Object(Config\Cache), false)
#8 /home/cdncitrusclean/public_html/index.php(46): CodeIgniter\CodeIgniter->run()
#9 {main}
CRITICAL - 2021-09-23 10:26:04 --> Invalid argument supplied for foreach()
#0 /home/cdncitrusclean/public_html/app/Views/__partial/__available.php(14): CodeIgniter\Debug\Exceptions->errorHandler(2, 'Invalid argumen...', '/home/cdncitrus...', 14, Array)
#1 /home/cdncitrusclean/public_html/app/Views/all_products.php(191): include('/home/cdncitrus...')
#2 /home/cdncitrusclean/public_html/system/View/View.php(246): include('/home/cdncitrus...')
#3 /home/cdncitrusclean/public_html/system/Common.php(1119): CodeIgniter\View\View->render('all_products', Array, true)
#4 /home/cdncitrusclean/public_html/app/Controllers/Products.php(56): view('all_products', Array)
#5 /home/cdncitrusclean/public_html/system/CodeIgniter.php(924): App\Controllers\Products->all_products()
#6 /home/cdncitrusclean/public_html/system/CodeIgniter.php(410): CodeIgniter\CodeIgniter->runController(Object(App\Controllers\Products))
#7 /home/cdncitrusclean/public_html/system/CodeIgniter.php(318): CodeIgniter\CodeIgniter->handleRequest(NULL, Object(Config\Cache), false)
#8 /home/cdncitrusclean/public_html/index.php(46): CodeIgniter\CodeIgniter->run()
#9 {main}
CRITICAL - 2021-09-23 10:59:41 --> Invalid argument supplied for foreach()
#0 /home/cdncitrusclean/public_html/app/Views/__partial/__available.php(14): CodeIgniter\Debug\Exceptions->errorHandler(2, 'Invalid argumen...', '/home/cdncitrus...', 14, Array)
#1 /home/cdncitrusclean/public_html/app/Views/all_products.php(191): include('/home/cdncitrus...')
#2 /home/cdncitrusclean/public_html/system/View/View.php(246): include('/home/cdncitrus...')
#3 /home/cdncitrusclean/public_html/system/Common.php(1119): CodeIgniter\View\View->render('all_products', Array, true)
#4 /home/cdncitrusclean/public_html/app/Controllers/Products.php(56): view('all_products', Array)
#5 /home/cdncitrusclean/public_html/system/CodeIgniter.php(924): App\Controllers\Products->all_products()
#6 /home/cdncitrusclean/public_html/system/CodeIgniter.php(410): CodeIgniter\CodeIgniter->runController(Object(App\Controllers\Products))
#7 /home/cdncitrusclean/public_html/system/CodeIgniter.php(318): CodeIgniter\CodeIgniter->handleRequest(NULL, Object(Config\Cache), false)
#8 /home/cdncitrusclean/public_html/index.php(46): CodeIgniter\CodeIgniter->run()
#9 {main}
CRITICAL - 2021-09-23 10:59:49 --> Invalid argument supplied for foreach()
#0 /home/cdncitrusclean/public_html/app/Views/__partial/__available.php(14): CodeIgniter\Debug\Exceptions->errorHandler(2, 'Invalid argumen...', '/home/cdncitrus...', 14, Array)
#1 /home/cdncitrusclean/public_html/app/Views/all_products.php(191): include('/home/cdncitrus...')
#2 /home/cdncitrusclean/public_html/system/View/View.php(246): include('/home/cdncitrus...')
#3 /home/cdncitrusclean/public_html/system/Common.php(1119): CodeIgniter\View\View->render('all_products', Array, true)
#4 /home/cdncitrusclean/public_html/app/Controllers/Products.php(56): view('all_products', Array)
#5 /home/cdncitrusclean/public_html/system/CodeIgniter.php(924): App\Controllers\Products->all_products()
#6 /home/cdncitrusclean/public_html/system/CodeIgniter.php(410): CodeIgniter\CodeIgniter->runController(Object(App\Controllers\Products))
#7 /home/cdncitrusclean/public_html/system/CodeIgniter.php(318): CodeIgniter\CodeIgniter->handleRequest(NULL, Object(Config\Cache), false)
#8 /home/cdncitrusclean/public_html/index.php(46): CodeIgniter\CodeIgniter->run()
#9 {main}
CRITICAL - 2021-09-23 11:00:42 --> Invalid argument supplied for foreach()
#0 /home/cdncitrusclean/public_html/app/Views/__partial/__available.php(14): CodeIgniter\Debug\Exceptions->errorHandler(2, 'Invalid argumen...', '/home/cdncitrus...', 14, Array)
#1 /home/cdncitrusclean/public_html/app/Views/all_products.php(191): include('/home/cdncitrus...')
#2 /home/cdncitrusclean/public_html/system/View/View.php(246): include('/home/cdncitrus...')
#3 /home/cdncitrusclean/public_html/system/Common.php(1119): CodeIgniter\View\View->render('all_products', Array, true)
#4 /home/cdncitrusclean/public_html/app/Controllers/Products.php(56): view('all_products', Array)
#5 /home/cdncitrusclean/public_html/system/CodeIgniter.php(924): App\Controllers\Products->all_products()
#6 /home/cdncitrusclean/public_html/system/CodeIgniter.php(410): CodeIgniter\CodeIgniter->runController(Object(App\Controllers\Products))
#7 /home/cdncitrusclean/public_html/system/CodeIgniter.php(318): CodeIgniter\CodeIgniter->handleRequest(NULL, Object(Config\Cache), false)
#8 /home/cdncitrusclean/public_html/index.php(46): CodeIgniter\CodeIgniter->run()
#9 {main}
CRITICAL - 2021-09-23 11:13:39 --> Invalid argument supplied for foreach()
#0 /home/cdncitrusclean/public_html/app/Views/__partial/__available.php(14): CodeIgniter\Debug\Exceptions->errorHandler(2, 'Invalid argumen...', '/home/cdncitrus...', 14, Array)
#1 /home/cdncitrusclean/public_html/app/Views/all_products.php(191): include('/home/cdncitrus...')
#2 /home/cdncitrusclean/public_html/system/View/View.php(246): include('/home/cdncitrus...')
#3 /home/cdncitrusclean/public_html/system/Common.php(1119): CodeIgniter\View\View->render('all_products', Array, true)
#4 /home/cdncitrusclean/public_html/app/Controllers/Products.php(56): view('all_products', Array)
#5 /home/cdncitrusclean/public_html/system/CodeIgniter.php(924): App\Controllers\Products->all_products()
#6 /home/cdncitrusclean/public_html/system/CodeIgniter.php(410): CodeIgniter\CodeIgniter->runController(Object(App\Controllers\Products))
#7 /home/cdncitrusclean/public_html/system/CodeIgniter.php(318): CodeIgniter\CodeIgniter->handleRequest(NULL, Object(Config\Cache), false)
#8 /home/cdncitrusclean/public_html/index.php(46): CodeIgniter\CodeIgniter->run()
#9 {main}
CRITICAL - 2021-09-23 11:13:40 --> Invalid argument supplied for foreach()
#0 /home/cdncitrusclean/public_html/app/Views/__partial/__available.php(14): CodeIgniter\Debug\Exceptions->errorHandler(2, 'Invalid argumen...', '/home/cdncitrus...', 14, Array)
#1 /home/cdncitrusclean/public_html/app/Views/all_products.php(191): include('/home/cdncitrus...')
#2 /home/cdncitrusclean/public_html/system/View/View.php(246): include('/home/cdncitrus...')
#3 /home/cdncitrusclean/public_html/system/Common.php(1119): CodeIgniter\View\View->render('all_products', Array, true)
#4 /home/cdncitrusclean/public_html/app/Controllers/Products.php(56): view('all_products', Array)
#5 /home/cdncitrusclean/public_html/system/CodeIgniter.php(924): App\Controllers\Products->all_products()
#6 /home/cdncitrusclean/public_html/system/CodeIgniter.php(410): CodeIgniter\CodeIgniter->runController(Object(App\Controllers\Products))
#7 /home/cdncitrusclean/public_html/system/CodeIgniter.php(318): CodeIgniter\CodeIgniter->handleRequest(NULL, Object(Config\Cache), false)
#8 /home/cdncitrusclean/public_html/index.php(46): CodeIgniter\CodeIgniter->run()
#9 {main}
CRITICAL - 2021-09-23 11:13:40 --> Invalid argument supplied for foreach()
#0 /home/cdncitrusclean/public_html/app/Views/__partial/__available.php(14): CodeIgniter\Debug\Exceptions->errorHandler(2, 'Invalid argumen...', '/home/cdncitrus...', 14, Array)
#1 /home/cdncitrusclean/public_html/app/Views/all_products.php(191): include('/home/cdncitrus...')
#2 /home/cdncitrusclean/public_html/system/View/View.php(246): include('/home/cdncitrus...')
#3 /home/cdncitrusclean/public_html/system/Common.php(1119): CodeIgniter\View\View->render('all_products', Array, true)
#4 /home/cdncitrusclean/public_html/app/Controllers/Products.php(56): view('all_products', Array)
#5 /home/cdncitrusclean/public_html/system/CodeIgniter.php(924): App\Controllers\Products->all_products()
#6 /home/cdncitrusclean/public_html/system/CodeIgniter.php(410): CodeIgniter\CodeIgniter->runController(Object(App\Controllers\Products))
#7 /home/cdncitrusclean/public_html/system/CodeIgniter.php(318): CodeIgniter\CodeIgniter->handleRequest(NULL, Object(Config\Cache), false)
#8 /home/cdncitrusclean/public_html/index.php(46): CodeIgniter\CodeIgniter->run()
#9 {main}
CRITICAL - 2021-09-23 11:13:40 --> Invalid argument supplied for foreach()
#0 /home/cdncitrusclean/public_html/app/Views/__partial/__available.php(14): CodeIgniter\Debug\Exceptions->errorHandler(2, 'Invalid argumen...', '/home/cdncitrus...', 14, Array)
#1 /home/cdncitrusclean/public_html/app/Views/all_products.php(191): include('/home/cdncitrus...')
#2 /home/cdncitrusclean/public_html/system/View/View.php(246): include('/home/cdncitrus...')
#3 /home/cdncitrusclean/public_html/system/Common.php(1119): CodeIgniter\View\View->render('all_products', Array, true)
#4 /home/cdncitrusclean/public_html/app/Controllers/Products.php(56): view('all_products', Array)
#5 /home/cdncitrusclean/public_html/system/CodeIgniter.php(924): App\Controllers\Products->all_products()
#6 /home/cdncitrusclean/public_html/system/CodeIgniter.php(410): CodeIgniter\CodeIgniter->runController(Object(App\Controllers\Products))
#7 /home/cdncitrusclean/public_html/system/CodeIgniter.php(318): CodeIgniter\CodeIgniter->handleRequest(NULL, Object(Config\Cache), false)
#8 /home/cdncitrusclean/public_html/index.php(46): CodeIgniter\CodeIgniter->run()
#9 {main}
CRITICAL - 2021-09-23 12:57:34 --> Invalid argument supplied for foreach()
#0 /home/cdncitrusclean/public_html/app/Views/__partial/__available.php(14): CodeIgniter\Debug\Exceptions->errorHandler(2, 'Invalid argumen...', '/home/cdncitrus...', 14, Array)
#1 /home/cdncitrusclean/public_html/app/Views/all_products.php(191): include('/home/cdncitrus...')
#2 /home/cdncitrusclean/public_html/system/View/View.php(246): include('/home/cdncitrus...')
#3 /home/cdncitrusclean/public_html/system/Common.php(1119): CodeIgniter\View\View->render('all_products', Array, true)
#4 /home/cdncitrusclean/public_html/app/Controllers/Products.php(56): view('all_products', Array)
#5 /home/cdncitrusclean/public_html/system/CodeIgniter.php(924): App\Controllers\Products->all_products()
#6 /home/cdncitrusclean/public_html/system/CodeIgniter.php(410): CodeIgniter\CodeIgniter->runController(Object(App\Controllers\Products))
#7 /home/cdncitrusclean/public_html/system/CodeIgniter.php(318): CodeIgniter\CodeIgniter->handleRequest(NULL, Object(Config\Cache), false)
#8 /home/cdncitrusclean/public_html/index.php(46): CodeIgniter\CodeIgniter->run()
#9 {main}
CRITICAL - 2021-09-23 12:58:03 --> Invalid argument supplied for foreach()
#0 /home/cdncitrusclean/public_html/app/Views/__partial/__available.php(14): CodeIgniter\Debug\Exceptions->errorHandler(2, 'Invalid argumen...', '/home/cdncitrus...', 14, Array)
#1 /home/cdncitrusclean/public_html/app/Views/all_products.php(191): include('/home/cdncitrus...')
#2 /home/cdncitrusclean/public_html/system/View/View.php(246): include('/home/cdncitrus...')
#3 /home/cdncitrusclean/public_html/system/Common.php(1119): CodeIgniter\View\View->render('all_products', Array, true)
#4 /home/cdncitrusclean/public_html/app/Controllers/Products.php(56): view('all_products', Array)
#5 /home/cdncitrusclean/public_html/system/CodeIgniter.php(924): App\Controllers\Products->all_products()
#6 /home/cdncitrusclean/public_html/system/CodeIgniter.php(410): CodeIgniter\CodeIgniter->runController(Object(App\Controllers\Products))
#7 /home/cdncitrusclean/public_html/system/CodeIgniter.php(318): CodeIgniter\CodeIgniter->handleRequest(NULL, Object(Config\Cache), false)
#8 /home/cdncitrusclean/public_html/index.php(46): CodeIgniter\CodeIgniter->run()
#9 {main}
CRITICAL - 2021-09-23 13:53:15 --> Invalid argument supplied for foreach()
#0 /home/cdncitrusclean/public_html/app/Views/__partial/__available.php(14): CodeIgniter\Debug\Exceptions->errorHandler(2, 'Invalid argumen...', '/home/cdncitrus...', 14, Array)
#1 /home/cdncitrusclean/public_html/app/Views/all_products.php(191): include('/home/cdncitrus...')
#2 /home/cdncitrusclean/public_html/system/View/View.php(246): include('/home/cdncitrus...')
#3 /home/cdncitrusclean/public_html/system/Common.php(1119): CodeIgniter\View\View->render('all_products', Array, true)
#4 /home/cdncitrusclean/public_html/app/Controllers/Products.php(56): view('all_products', Array)
#5 /home/cdncitrusclean/public_html/system/CodeIgniter.php(924): App\Controllers\Products->all_products()
#6 /home/cdncitrusclean/public_html/system/CodeIgniter.php(410): CodeIgniter\CodeIgniter->runController(Object(App\Controllers\Products))
#7 /home/cdncitrusclean/public_html/system/CodeIgniter.php(318): CodeIgniter\CodeIgniter->handleRequest(NULL, Object(Config\Cache), false)
#8 /home/cdncitrusclean/public_html/index.php(46): CodeIgniter\CodeIgniter->run()
#9 {main}
CRITICAL - 2021-09-23 14:28:28 --> Invalid argument supplied for foreach()
#0 /home/cdncitrusclean/public_html/app/Views/__partial/__available.php(14): CodeIgniter\Debug\Exceptions->errorHandler(2, 'Invalid argumen...', '/home/cdncitrus...', 14, Array)
#1 /home/cdncitrusclean/public_html/app/Views/all_products.php(191): include('/home/cdncitrus...')
#2 /home/cdncitrusclean/public_html/system/View/View.php(246): include('/home/cdncitrus...')
#3 /home/cdncitrusclean/public_html/system/Common.php(1119): CodeIgniter\View\View->render('all_products', Array, true)
#4 /home/cdncitrusclean/public_html/app/Controllers/Products.php(56): view('all_products', Array)
#5 /home/cdncitrusclean/public_html/system/CodeIgniter.php(924): App\Controllers\Products->all_products()
#6 /home/cdncitrusclean/public_html/system/CodeIgniter.php(410): CodeIgniter\CodeIgniter->runController(Object(App\Controllers\Products))
#7 /home/cdncitrusclean/public_html/system/CodeIgniter.php(318): CodeIgniter\CodeIgniter->handleRequest(NULL, Object(Config\Cache), false)
#8 /home/cdncitrusclean/public_html/index.php(46): CodeIgniter\CodeIgniter->run()
#9 {main}
CRITICAL - 2021-09-23 14:43:44 --> Invalid argument supplied for foreach()
#0 /home/cdncitrusclean/public_html/app/Views/__partial/__available.php(14): CodeIgniter\Debug\Exceptions->errorHandler(2, 'Invalid argumen...', '/home/cdncitrus...', 14, Array)
#1 /home/cdncitrusclean/public_html/app/Views/all_products.php(191): include('/home/cdncitrus...')
#2 /home/cdncitrusclean/public_html/system/View/View.php(246): include('/home/cdncitrus...')
#3 /home/cdncitrusclean/public_html/system/Common.php(1119): CodeIgniter\View\View->render('all_products', Array, true)
#4 /home/cdncitrusclean/public_html/app/Controllers/Products.php(56): view('all_products', Array)
#5 /home/cdncitrusclean/public_html/system/CodeIgniter.php(924): App\Controllers\Products->all_products()
#6 /home/cdncitrusclean/public_html/system/CodeIgniter.php(410): CodeIgniter\CodeIgniter->runController(Object(App\Controllers\Products))
#7 /home/cdncitrusclean/public_html/system/CodeIgniter.php(318): CodeIgniter\CodeIgniter->handleRequest(NULL, Object(Config\Cache), false)
#8 /home/cdncitrusclean/public_html/index.php(46): CodeIgniter\CodeIgniter->run()
#9 {main}
CRITICAL - 2021-09-23 16:37:32 --> Invalid argument supplied for foreach()
#0 /home/cdncitrusclean/public_html/app/Views/__partial/__available.php(14): CodeIgniter\Debug\Exceptions->errorHandler(2, 'Invalid argumen...', '/home/cdncitrus...', 14, Array)
#1 /home/cdncitrusclean/public_html/app/Views/all_products.php(191): include('/home/cdncitrus...')
#2 /home/cdncitrusclean/public_html/system/View/View.php(246): include('/home/cdncitrus...')
#3 /home/cdncitrusclean/public_html/system/Common.php(1119): CodeIgniter\View\View->render('all_products', Array, true)
#4 /home/cdncitrusclean/public_html/app/Controllers/Products.php(56): view('all_products', Array)
#5 /home/cdncitrusclean/public_html/system/CodeIgniter.php(924): App\Controllers\Products->all_products()
#6 /home/cdncitrusclean/public_html/system/CodeIgniter.php(410): CodeIgniter\CodeIgniter->runController(Object(App\Controllers\Products))
#7 /home/cdncitrusclean/public_html/system/CodeIgniter.php(318): CodeIgniter\CodeIgniter->handleRequest(NULL, Object(Config\Cache), false)
#8 /home/cdncitrusclean/public_html/index.php(46): CodeIgniter\CodeIgniter->run()
#9 {main}
CRITICAL - 2021-09-23 16:37:39 --> Invalid argument supplied for foreach()
#0 /home/cdncitrusclean/public_html/app/Views/__partial/__available.php(14): CodeIgniter\Debug\Exceptions->errorHandler(2, 'Invalid argumen...', '/home/cdncitrus...', 14, Array)
#1 /home/cdncitrusclean/public_html/app/Views/all_products.php(191): include('/home/cdncitrus...')
#2 /home/cdncitrusclean/public_html/system/View/View.php(246): include('/home/cdncitrus...')
#3 /home/cdncitrusclean/public_html/system/Common.php(1119): CodeIgniter\View\View->render('all_products', Array, true)
#4 /home/cdncitrusclean/public_html/app/Controllers/Products.php(56): view('all_products', Array)
#5 /home/cdncitrusclean/public_html/system/CodeIgniter.php(924): App\Controllers\Products->all_products()
#6 /home/cdncitrusclean/public_html/system/CodeIgniter.php(410): CodeIgniter\CodeIgniter->runController(Object(App\Controllers\Products))
#7 /home/cdncitrusclean/public_html/system/CodeIgniter.php(318): CodeIgniter\CodeIgniter->handleRequest(NULL, Object(Config\Cache), false)
#8 /home/cdncitrusclean/public_html/index.php(46): CodeIgniter\CodeIgniter->run()
#9 {main}
CRITICAL - 2021-09-23 17:53:08 --> implode(): Invalid arguments passed
#0 [internal function]: CodeIgniter\Debug\Exceptions->errorHandler(2, 'implode(): Inva...', '/home/cdncitrus...', 39, Array)
#1 /home/cdncitrusclean/public_html/app/Controllers/Careers.php(39): implode(',', NULL)
#2 /home/cdncitrusclean/public_html/system/CodeIgniter.php(924): App\Controllers\Careers->createjobs()
#3 /home/cdncitrusclean/public_html/system/CodeIgniter.php(410): CodeIgniter\CodeIgniter->runController(Object(App\Controllers\Careers))
#4 /home/cdncitrusclean/public_html/system/CodeIgniter.php(318): CodeIgniter\CodeIgniter->handleRequest(NULL, Object(Config\Cache), false)
#5 /home/cdncitrusclean/public_html/index.php(46): CodeIgniter\CodeIgniter->run()
#6 {main}
