CRITICAL - 2021-06-17 00:54:07 --> Call to a member function table() on null
#0 /home/vntcbq34d1v5/public_html/cdncc/frontend/system/CodeIgniter.php(924): App\Controllers\Category->delete('18')
#1 /home/vntcbq34d1v5/public_html/cdncc/frontend/system/CodeIgniter.php(410): CodeIgniter\CodeIgniter->runController(Object(App\Controllers\Category))
#2 /home/vntcbq34d1v5/public_html/cdncc/frontend/system/CodeIgniter.php(318): CodeIgniter\CodeIgniter->handleRequest(NULL, Object(Config\Cache), false)
#3 /home/vntcbq34d1v5/public_html/cdncc/frontend/index.php(46): CodeIgniter\CodeIgniter->run()
#4 {main}
CRITICAL - 2021-06-17 00:55:13 --> Call to a member function table() on null
#0 /home/vntcbq34d1v5/public_html/cdncc/frontend/system/CodeIgniter.php(924): App\Controllers\Category->delete('12')
#1 /home/vntcbq34d1v5/public_html/cdncc/frontend/system/CodeIgniter.php(410): CodeIgniter\CodeIgniter->runController(Object(App\Controllers\Category))
#2 /home/vntcbq34d1v5/public_html/cdncc/frontend/system/CodeIgniter.php(318): CodeIgniter\CodeIgniter->handleRequest(NULL, Object(Config\Cache), false)
#3 /home/vntcbq34d1v5/public_html/cdncc/frontend/index.php(46): CodeIgniter\CodeIgniter->run()
#4 {main}
CRITICAL - 2021-06-17 13:27:53 --> Call to a member function flashdata() on null
#0 /home/vntcbq34d1v5/public_html/cdncc/frontend/system/View/View.php(246): include()
#1 /home/vntcbq34d1v5/public_html/cdncc/frontend/system/Common.php(1119): CodeIgniter\View\View->render('admin/login', Array, true)
#2 /home/vntcbq34d1v5/public_html/cdncc/frontend/app/Controllers/Admin.php(13): view('admin/login')
#3 /home/vntcbq34d1v5/public_html/cdncc/frontend/system/CodeIgniter.php(924): App\Controllers\Admin->index()
#4 /home/vntcbq34d1v5/public_html/cdncc/frontend/system/CodeIgniter.php(410): CodeIgniter\CodeIgniter->runController(Object(App\Controllers\Admin))
#5 /home/vntcbq34d1v5/public_html/cdncc/frontend/system/CodeIgniter.php(318): CodeIgniter\CodeIgniter->handleRequest(NULL, Object(Config\Cache), false)
#6 /home/vntcbq34d1v5/public_html/cdncc/frontend/index.php(46): CodeIgniter\CodeIgniter->run()
#7 {main}
CRITICAL - 2021-06-17 13:45:16 --> Using $this when not in object context
#0 /home/vntcbq34d1v5/public_html/cdncc/frontend/app/Controllers/Admin.php(11): admin_base_url()
#1 /home/vntcbq34d1v5/public_html/cdncc/frontend/system/CodeIgniter.php(924): App\Controllers\Admin->index()
#2 /home/vntcbq34d1v5/public_html/cdncc/frontend/system/CodeIgniter.php(410): CodeIgniter\CodeIgniter->runController(Object(App\Controllers\Admin))
#3 /home/vntcbq34d1v5/public_html/cdncc/frontend/system/CodeIgniter.php(318): CodeIgniter\CodeIgniter->handleRequest(NULL, Object(Config\Cache), false)
#4 /home/vntcbq34d1v5/public_html/cdncc/frontend/index.php(46): CodeIgniter\CodeIgniter->run()
#5 {main}
CRITICAL - 2021-06-17 13:45:40 --> Using $this when not in object context
#0 /home/vntcbq34d1v5/public_html/cdncc/frontend/app/Controllers/Admin.php(11): admin_base_url()
#1 /home/vntcbq34d1v5/public_html/cdncc/frontend/system/CodeIgniter.php(924): App\Controllers\Admin->index()
#2 /home/vntcbq34d1v5/public_html/cdncc/frontend/system/CodeIgniter.php(410): CodeIgniter\CodeIgniter->runController(Object(App\Controllers\Admin))
#3 /home/vntcbq34d1v5/public_html/cdncc/frontend/system/CodeIgniter.php(318): CodeIgniter\CodeIgniter->handleRequest(NULL, Object(Config\Cache), false)
#4 /home/vntcbq34d1v5/public_html/cdncc/frontend/index.php(46): CodeIgniter\CodeIgniter->run()
#5 {main}
CRITICAL - 2021-06-17 13:46:19 --> Undefined variable: session
#0 /home/vntcbq34d1v5/public_html/cdncc/frontend/app/Views/admin/login.php(28): CodeIgniter\Debug\Exceptions->errorHandler(8, 'Undefined varia...', '/home/vntcbq34d...', 28, Array)
#1 /home/vntcbq34d1v5/public_html/cdncc/frontend/system/View/View.php(246): include('/home/vntcbq34d...')
#2 /home/vntcbq34d1v5/public_html/cdncc/frontend/system/Common.php(1119): CodeIgniter\View\View->render('admin/login', Array, true)
#3 /home/vntcbq34d1v5/public_html/cdncc/frontend/app/Controllers/Admin.php(12): view('admin/login')
#4 /home/vntcbq34d1v5/public_html/cdncc/frontend/system/CodeIgniter.php(924): App\Controllers\Admin->index()
#5 /home/vntcbq34d1v5/public_html/cdncc/frontend/system/CodeIgniter.php(410): CodeIgniter\CodeIgniter->runController(Object(App\Controllers\Admin))
#6 /home/vntcbq34d1v5/public_html/cdncc/frontend/system/CodeIgniter.php(318): CodeIgniter\CodeIgniter->handleRequest(NULL, Object(Config\Cache), false)
#7 /home/vntcbq34d1v5/public_html/cdncc/frontend/index.php(46): CodeIgniter\CodeIgniter->run()
#8 {main}
CRITICAL - 2021-06-17 13:49:24 -->  route cannot be found while reverse-routing.
#0 /home/vntcbq34d1v5/public_html/cdncc/frontend/system/HTTP/RedirectResponse.php(92): CodeIgniter\HTTP\Exceptions\HTTPException::forInvalidRedirectRoute('')
#1 /home/vntcbq34d1v5/public_html/cdncc/frontend/system/Common.php(845): CodeIgniter\HTTP\RedirectResponse->route(false)
#2 /home/vntcbq34d1v5/public_html/cdncc/frontend/app/Controllers/Admin.php(40): redirect('https://sunston...')
#3 /home/vntcbq34d1v5/public_html/cdncc/frontend/system/CodeIgniter.php(924): App\Controllers\Admin->signin()
#4 /home/vntcbq34d1v5/public_html/cdncc/frontend/system/CodeIgniter.php(410): CodeIgniter\CodeIgniter->runController(Object(App\Controllers\Admin))
#5 /home/vntcbq34d1v5/public_html/cdncc/frontend/system/CodeIgniter.php(318): CodeIgniter\CodeIgniter->handleRequest(NULL, Object(Config\Cache), false)
#6 /home/vntcbq34d1v5/public_html/cdncc/frontend/index.php(46): CodeIgniter\CodeIgniter->run()
#7 {main}
CRITICAL - 2021-06-17 13:49:36 -->  route cannot be found while reverse-routing.
#0 /home/vntcbq34d1v5/public_html/cdncc/frontend/system/HTTP/RedirectResponse.php(92): CodeIgniter\HTTP\Exceptions\HTTPException::forInvalidRedirectRoute('')
#1 /home/vntcbq34d1v5/public_html/cdncc/frontend/system/Common.php(845): CodeIgniter\HTTP\RedirectResponse->route(false)
#2 /home/vntcbq34d1v5/public_html/cdncc/frontend/app/Controllers/Admin.php(40): redirect('https://sunston...')
#3 /home/vntcbq34d1v5/public_html/cdncc/frontend/system/CodeIgniter.php(924): App\Controllers\Admin->signin()
#4 /home/vntcbq34d1v5/public_html/cdncc/frontend/system/CodeIgniter.php(410): CodeIgniter\CodeIgniter->runController(Object(App\Controllers\Admin))
#5 /home/vntcbq34d1v5/public_html/cdncc/frontend/system/CodeIgniter.php(318): CodeIgniter\CodeIgniter->handleRequest(NULL, Object(Config\Cache), false)
#6 /home/vntcbq34d1v5/public_html/cdncc/frontend/index.php(46): CodeIgniter\CodeIgniter->run()
#7 {main}
CRITICAL - 2021-06-17 14:04:45 --> Call to undefined function App\Controllers\index()
#0 /home/vntcbq34d1v5/public_html/cdncc/frontend/system/CodeIgniter.php(924): App\Controllers\Admin->signin()
#1 /home/vntcbq34d1v5/public_html/cdncc/frontend/system/CodeIgniter.php(410): CodeIgniter\CodeIgniter->runController(Object(App\Controllers\Admin))
#2 /home/vntcbq34d1v5/public_html/cdncc/frontend/system/CodeIgniter.php(318): CodeIgniter\CodeIgniter->handleRequest(NULL, Object(Config\Cache), false)
#3 /home/vntcbq34d1v5/public_html/cdncc/frontend/index.php(46): CodeIgniter\CodeIgniter->run()
#4 {main}
