CRITICAL - 2021-06-14 07:26:03 --> Illegal string offset 'category_name'
#0 /home/vntcbq34d1v5/public_html/cdncc/frontend/app/Views/products.php(43): CodeIgniter\Debug\Exceptions->errorHandler(2, 'Illegal string ...', '/home/vntcbq34d...', 43, Array)
#1 /home/vntcbq34d1v5/public_html/cdncc/frontend/system/View/View.php(246): include('/home/vntcbq34d...')
#2 /home/vntcbq34d1v5/public_html/cdncc/frontend/system/Common.php(1119): CodeIgniter\View\View->render('products', Array, true)
#3 /home/vntcbq34d1v5/public_html/cdncc/frontend/app/Controllers/Products.php(45): view('products', Array)
#4 /home/vntcbq34d1v5/public_html/cdncc/frontend/system/CodeIgniter.php(924): App\Controllers\Products->index()
#5 /home/vntcbq34d1v5/public_html/cdncc/frontend/system/CodeIgniter.php(410): CodeIgniter\CodeIgniter->runController(Object(App\Controllers\Products))
#6 /home/vntcbq34d1v5/public_html/cdncc/frontend/system/CodeIgniter.php(318): CodeIgniter\CodeIgniter->handleRequest(NULL, Object(Config\Cache), false)
#7 /home/vntcbq34d1v5/public_html/cdncc/frontend/index.php(46): CodeIgniter\CodeIgniter->run()
#8 {main}
CRITICAL - 2021-06-14 07:38:05 --> Illegal string offset 'category_name'
#0 /home/vntcbq34d1v5/public_html/cdncc/frontend/app/Views/products.php(42): CodeIgniter\Debug\Exceptions->errorHandler(2, 'Illegal string ...', '/home/vntcbq34d...', 42, Array)
#1 /home/vntcbq34d1v5/public_html/cdncc/frontend/system/View/View.php(246): include('/home/vntcbq34d...')
#2 /home/vntcbq34d1v5/public_html/cdncc/frontend/system/Common.php(1119): CodeIgniter\View\View->render('products', Array, true)
#3 /home/vntcbq34d1v5/public_html/cdncc/frontend/app/Controllers/Products.php(45): view('products', Array)
#4 /home/vntcbq34d1v5/public_html/cdncc/frontend/system/CodeIgniter.php(924): App\Controllers\Products->index()
#5 /home/vntcbq34d1v5/public_html/cdncc/frontend/system/CodeIgniter.php(410): CodeIgniter\CodeIgniter->runController(Object(App\Controllers\Products))
#6 /home/vntcbq34d1v5/public_html/cdncc/frontend/system/CodeIgniter.php(318): CodeIgniter\CodeIgniter->handleRequest(NULL, Object(Config\Cache), false)
#7 /home/vntcbq34d1v5/public_html/cdncc/frontend/index.php(46): CodeIgniter\CodeIgniter->run()
#8 {main}
CRITICAL - 2021-06-14 07:38:17 --> Illegal string offset 'category_name'
#0 /home/vntcbq34d1v5/public_html/cdncc/frontend/app/Views/products.php(42): CodeIgniter\Debug\Exceptions->errorHandler(2, 'Illegal string ...', '/home/vntcbq34d...', 42, Array)
#1 /home/vntcbq34d1v5/public_html/cdncc/frontend/system/View/View.php(246): include('/home/vntcbq34d...')
#2 /home/vntcbq34d1v5/public_html/cdncc/frontend/system/Common.php(1119): CodeIgniter\View\View->render('products', Array, true)
#3 /home/vntcbq34d1v5/public_html/cdncc/frontend/app/Controllers/Products.php(45): view('products', Array)
#4 /home/vntcbq34d1v5/public_html/cdncc/frontend/system/CodeIgniter.php(924): App\Controllers\Products->index()
#5 /home/vntcbq34d1v5/public_html/cdncc/frontend/system/CodeIgniter.php(410): CodeIgniter\CodeIgniter->runController(Object(App\Controllers\Products))
#6 /home/vntcbq34d1v5/public_html/cdncc/frontend/system/CodeIgniter.php(318): CodeIgniter\CodeIgniter->handleRequest(NULL, Object(Config\Cache), false)
#7 /home/vntcbq34d1v5/public_html/cdncc/frontend/index.php(46): CodeIgniter\CodeIgniter->run()
#8 {main}
CRITICAL - 2021-06-14 08:15:41 --> Use of undefined constant vikram - assumed 'vikram' (this will throw an Error in a future version of PHP)
#0 /home/vntcbq34d1v5/public_html/cdncc/frontend/app/Views/products.php(46): CodeIgniter\Debug\Exceptions->errorHandler(2, 'Use of undefine...', '/home/vntcbq34d...', 46, Array)
#1 /home/vntcbq34d1v5/public_html/cdncc/frontend/system/View/View.php(246): include('/home/vntcbq34d...')
#2 /home/vntcbq34d1v5/public_html/cdncc/frontend/system/Common.php(1119): CodeIgniter\View\View->render('products', Array, true)
#3 /home/vntcbq34d1v5/public_html/cdncc/frontend/app/Controllers/Products.php(45): view('products', Array)
#4 /home/vntcbq34d1v5/public_html/cdncc/frontend/system/CodeIgniter.php(924): App\Controllers\Products->index()
#5 /home/vntcbq34d1v5/public_html/cdncc/frontend/system/CodeIgniter.php(410): CodeIgniter\CodeIgniter->runController(Object(App\Controllers\Products))
#6 /home/vntcbq34d1v5/public_html/cdncc/frontend/system/CodeIgniter.php(318): CodeIgniter\CodeIgniter->handleRequest(NULL, Object(Config\Cache), false)
#7 /home/vntcbq34d1v5/public_html/cdncc/frontend/index.php(46): CodeIgniter\CodeIgniter->run()
#8 {main}
CRITICAL - 2021-06-14 08:16:17 --> Use of undefined constant vikram - assumed 'vikram' (this will throw an Error in a future version of PHP)
#0 /home/vntcbq34d1v5/public_html/cdncc/frontend/app/Views/products.php(46): CodeIgniter\Debug\Exceptions->errorHandler(2, 'Use of undefine...', '/home/vntcbq34d...', 46, Array)
#1 /home/vntcbq34d1v5/public_html/cdncc/frontend/system/View/View.php(246): include('/home/vntcbq34d...')
#2 /home/vntcbq34d1v5/public_html/cdncc/frontend/system/Common.php(1119): CodeIgniter\View\View->render('products', Array, true)
#3 /home/vntcbq34d1v5/public_html/cdncc/frontend/app/Controllers/Products.php(45): view('products', Array)
#4 /home/vntcbq34d1v5/public_html/cdncc/frontend/system/CodeIgniter.php(924): App\Controllers\Products->index()
#5 /home/vntcbq34d1v5/public_html/cdncc/frontend/system/CodeIgniter.php(410): CodeIgniter\CodeIgniter->runController(Object(App\Controllers\Products))
#6 /home/vntcbq34d1v5/public_html/cdncc/frontend/system/CodeIgniter.php(318): CodeIgniter\CodeIgniter->handleRequest(NULL, Object(Config\Cache), false)
#7 /home/vntcbq34d1v5/public_html/cdncc/frontend/index.php(46): CodeIgniter\CodeIgniter->run()
#8 {main}
CRITICAL - 2021-06-14 08:16:20 --> Use of undefined constant vikram - assumed 'vikram' (this will throw an Error in a future version of PHP)
#0 /home/vntcbq34d1v5/public_html/cdncc/frontend/app/Views/products.php(46): CodeIgniter\Debug\Exceptions->errorHandler(2, 'Use of undefine...', '/home/vntcbq34d...', 46, Array)
#1 /home/vntcbq34d1v5/public_html/cdncc/frontend/system/View/View.php(246): include('/home/vntcbq34d...')
#2 /home/vntcbq34d1v5/public_html/cdncc/frontend/system/Common.php(1119): CodeIgniter\View\View->render('products', Array, true)
#3 /home/vntcbq34d1v5/public_html/cdncc/frontend/app/Controllers/Products.php(45): view('products', Array)
#4 /home/vntcbq34d1v5/public_html/cdncc/frontend/system/CodeIgniter.php(924): App\Controllers\Products->index()
#5 /home/vntcbq34d1v5/public_html/cdncc/frontend/system/CodeIgniter.php(410): CodeIgniter\CodeIgniter->runController(Object(App\Controllers\Products))
#6 /home/vntcbq34d1v5/public_html/cdncc/frontend/system/CodeIgniter.php(318): CodeIgniter\CodeIgniter->handleRequest(NULL, Object(Config\Cache), false)
#7 /home/vntcbq34d1v5/public_html/cdncc/frontend/index.php(46): CodeIgniter\CodeIgniter->run()
#8 {main}
CRITICAL - 2021-06-14 08:16:48 --> Use of undefined constant vikram - assumed 'vikram' (this will throw an Error in a future version of PHP)
#0 /home/vntcbq34d1v5/public_html/cdncc/frontend/app/Views/products.php(44): CodeIgniter\Debug\Exceptions->errorHandler(2, 'Use of undefine...', '/home/vntcbq34d...', 44, Array)
#1 /home/vntcbq34d1v5/public_html/cdncc/frontend/system/View/View.php(246): include('/home/vntcbq34d...')
#2 /home/vntcbq34d1v5/public_html/cdncc/frontend/system/Common.php(1119): CodeIgniter\View\View->render('products', Array, true)
#3 /home/vntcbq34d1v5/public_html/cdncc/frontend/app/Controllers/Products.php(45): view('products', Array)
#4 /home/vntcbq34d1v5/public_html/cdncc/frontend/system/CodeIgniter.php(924): App\Controllers\Products->index()
#5 /home/vntcbq34d1v5/public_html/cdncc/frontend/system/CodeIgniter.php(410): CodeIgniter\CodeIgniter->runController(Object(App\Controllers\Products))
#6 /home/vntcbq34d1v5/public_html/cdncc/frontend/system/CodeIgniter.php(318): CodeIgniter\CodeIgniter->handleRequest(NULL, Object(Config\Cache), false)
#7 /home/vntcbq34d1v5/public_html/cdncc/frontend/index.php(46): CodeIgniter\CodeIgniter->run()
#8 {main}
CRITICAL - 2021-06-14 08:17:05 --> Use of undefined constant vikram - assumed 'vikram' (this will throw an Error in a future version of PHP)
#0 /home/vntcbq34d1v5/public_html/cdncc/frontend/app/Views/products.php(44): CodeIgniter\Debug\Exceptions->errorHandler(2, 'Use of undefine...', '/home/vntcbq34d...', 44, Array)
#1 /home/vntcbq34d1v5/public_html/cdncc/frontend/system/View/View.php(246): include('/home/vntcbq34d...')
#2 /home/vntcbq34d1v5/public_html/cdncc/frontend/system/Common.php(1119): CodeIgniter\View\View->render('products', Array, true)
#3 /home/vntcbq34d1v5/public_html/cdncc/frontend/app/Controllers/Products.php(45): view('products', Array)
#4 /home/vntcbq34d1v5/public_html/cdncc/frontend/system/CodeIgniter.php(924): App\Controllers\Products->index()
#5 /home/vntcbq34d1v5/public_html/cdncc/frontend/system/CodeIgniter.php(410): CodeIgniter\CodeIgniter->runController(Object(App\Controllers\Products))
#6 /home/vntcbq34d1v5/public_html/cdncc/frontend/system/CodeIgniter.php(318): CodeIgniter\CodeIgniter->handleRequest(NULL, Object(Config\Cache), false)
#7 /home/vntcbq34d1v5/public_html/cdncc/frontend/index.php(46): CodeIgniter\CodeIgniter->run()
#8 {main}
CRITICAL - 2021-06-14 08:17:11 --> Use of undefined constant vikram - assumed 'vikram' (this will throw an Error in a future version of PHP)
#0 /home/vntcbq34d1v5/public_html/cdncc/frontend/app/Views/products.php(44): CodeIgniter\Debug\Exceptions->errorHandler(2, 'Use of undefine...', '/home/vntcbq34d...', 44, Array)
#1 /home/vntcbq34d1v5/public_html/cdncc/frontend/system/View/View.php(246): include('/home/vntcbq34d...')
#2 /home/vntcbq34d1v5/public_html/cdncc/frontend/system/Common.php(1119): CodeIgniter\View\View->render('products', Array, true)
#3 /home/vntcbq34d1v5/public_html/cdncc/frontend/app/Controllers/Products.php(45): view('products', Array)
#4 /home/vntcbq34d1v5/public_html/cdncc/frontend/system/CodeIgniter.php(924): App\Controllers\Products->index()
#5 /home/vntcbq34d1v5/public_html/cdncc/frontend/system/CodeIgniter.php(410): CodeIgniter\CodeIgniter->runController(Object(App\Controllers\Products))
#6 /home/vntcbq34d1v5/public_html/cdncc/frontend/system/CodeIgniter.php(318): CodeIgniter\CodeIgniter->handleRequest(NULL, Object(Config\Cache), false)
#7 /home/vntcbq34d1v5/public_html/cdncc/frontend/index.php(46): CodeIgniter\CodeIgniter->run()
#8 {main}
CRITICAL - 2021-06-14 08:17:13 --> Use of undefined constant vikram - assumed 'vikram' (this will throw an Error in a future version of PHP)
#0 /home/vntcbq34d1v5/public_html/cdncc/frontend/app/Views/products.php(44): CodeIgniter\Debug\Exceptions->errorHandler(2, 'Use of undefine...', '/home/vntcbq34d...', 44, Array)
#1 /home/vntcbq34d1v5/public_html/cdncc/frontend/system/View/View.php(246): include('/home/vntcbq34d...')
#2 /home/vntcbq34d1v5/public_html/cdncc/frontend/system/Common.php(1119): CodeIgniter\View\View->render('products', Array, true)
#3 /home/vntcbq34d1v5/public_html/cdncc/frontend/app/Controllers/Products.php(45): view('products', Array)
#4 /home/vntcbq34d1v5/public_html/cdncc/frontend/system/CodeIgniter.php(924): App\Controllers\Products->index()
#5 /home/vntcbq34d1v5/public_html/cdncc/frontend/system/CodeIgniter.php(410): CodeIgniter\CodeIgniter->runController(Object(App\Controllers\Products))
#6 /home/vntcbq34d1v5/public_html/cdncc/frontend/system/CodeIgniter.php(318): CodeIgniter\CodeIgniter->handleRequest(NULL, Object(Config\Cache), false)
#7 /home/vntcbq34d1v5/public_html/cdncc/frontend/index.php(46): CodeIgniter\CodeIgniter->run()
#8 {main}
CRITICAL - 2021-06-14 08:17:16 --> Use of undefined constant vikram - assumed 'vikram' (this will throw an Error in a future version of PHP)
#0 /home/vntcbq34d1v5/public_html/cdncc/frontend/app/Views/products.php(44): CodeIgniter\Debug\Exceptions->errorHandler(2, 'Use of undefine...', '/home/vntcbq34d...', 44, Array)
#1 /home/vntcbq34d1v5/public_html/cdncc/frontend/system/View/View.php(246): include('/home/vntcbq34d...')
#2 /home/vntcbq34d1v5/public_html/cdncc/frontend/system/Common.php(1119): CodeIgniter\View\View->render('products', Array, true)
#3 /home/vntcbq34d1v5/public_html/cdncc/frontend/app/Controllers/Products.php(45): view('products', Array)
#4 /home/vntcbq34d1v5/public_html/cdncc/frontend/system/CodeIgniter.php(924): App\Controllers\Products->index()
#5 /home/vntcbq34d1v5/public_html/cdncc/frontend/system/CodeIgniter.php(410): CodeIgniter\CodeIgniter->runController(Object(App\Controllers\Products))
#6 /home/vntcbq34d1v5/public_html/cdncc/frontend/system/CodeIgniter.php(318): CodeIgniter\CodeIgniter->handleRequest(NULL, Object(Config\Cache), false)
#7 /home/vntcbq34d1v5/public_html/cdncc/frontend/index.php(46): CodeIgniter\CodeIgniter->run()
#8 {main}
CRITICAL - 2021-06-14 08:17:35 --> Use of undefined constant vikram - assumed 'vikram' (this will throw an Error in a future version of PHP)
#0 /home/vntcbq34d1v5/public_html/cdncc/frontend/app/Views/products.php(44): CodeIgniter\Debug\Exceptions->errorHandler(2, 'Use of undefine...', '/home/vntcbq34d...', 44, Array)
#1 /home/vntcbq34d1v5/public_html/cdncc/frontend/system/View/View.php(246): include('/home/vntcbq34d...')
#2 /home/vntcbq34d1v5/public_html/cdncc/frontend/system/Common.php(1119): CodeIgniter\View\View->render('products', Array, true)
#3 /home/vntcbq34d1v5/public_html/cdncc/frontend/app/Controllers/Products.php(45): view('products', Array)
#4 /home/vntcbq34d1v5/public_html/cdncc/frontend/system/CodeIgniter.php(924): App\Controllers\Products->index()
#5 /home/vntcbq34d1v5/public_html/cdncc/frontend/system/CodeIgniter.php(410): CodeIgniter\CodeIgniter->runController(Object(App\Controllers\Products))
#6 /home/vntcbq34d1v5/public_html/cdncc/frontend/system/CodeIgniter.php(318): CodeIgniter\CodeIgniter->handleRequest(NULL, Object(Config\Cache), false)
#7 /home/vntcbq34d1v5/public_html/cdncc/frontend/index.php(46): CodeIgniter\CodeIgniter->run()
#8 {main}
CRITICAL - 2021-06-14 08:17:38 --> Use of undefined constant vikram - assumed 'vikram' (this will throw an Error in a future version of PHP)
#0 /home/vntcbq34d1v5/public_html/cdncc/frontend/app/Views/products.php(44): CodeIgniter\Debug\Exceptions->errorHandler(2, 'Use of undefine...', '/home/vntcbq34d...', 44, Array)
#1 /home/vntcbq34d1v5/public_html/cdncc/frontend/system/View/View.php(246): include('/home/vntcbq34d...')
#2 /home/vntcbq34d1v5/public_html/cdncc/frontend/system/Common.php(1119): CodeIgniter\View\View->render('products', Array, true)
#3 /home/vntcbq34d1v5/public_html/cdncc/frontend/app/Controllers/Products.php(45): view('products', Array)
#4 /home/vntcbq34d1v5/public_html/cdncc/frontend/system/CodeIgniter.php(924): App\Controllers\Products->index()
#5 /home/vntcbq34d1v5/public_html/cdncc/frontend/system/CodeIgniter.php(410): CodeIgniter\CodeIgniter->runController(Object(App\Controllers\Products))
#6 /home/vntcbq34d1v5/public_html/cdncc/frontend/system/CodeIgniter.php(318): CodeIgniter\CodeIgniter->handleRequest(NULL, Object(Config\Cache), false)
#7 /home/vntcbq34d1v5/public_html/cdncc/frontend/index.php(46): CodeIgniter\CodeIgniter->run()
#8 {main}
CRITICAL - 2021-06-14 08:18:01 --> Use of undefined constant vikram - assumed 'vikram' (this will throw an Error in a future version of PHP)
#0 /home/vntcbq34d1v5/public_html/cdncc/frontend/app/Views/products.php(44): CodeIgniter\Debug\Exceptions->errorHandler(2, 'Use of undefine...', '/home/vntcbq34d...', 44, Array)
#1 /home/vntcbq34d1v5/public_html/cdncc/frontend/system/View/View.php(246): include('/home/vntcbq34d...')
#2 /home/vntcbq34d1v5/public_html/cdncc/frontend/system/Common.php(1119): CodeIgniter\View\View->render('products', Array, true)
#3 /home/vntcbq34d1v5/public_html/cdncc/frontend/app/Controllers/Products.php(45): view('products', Array)
#4 /home/vntcbq34d1v5/public_html/cdncc/frontend/system/CodeIgniter.php(924): App\Controllers\Products->index()
#5 /home/vntcbq34d1v5/public_html/cdncc/frontend/system/CodeIgniter.php(410): CodeIgniter\CodeIgniter->runController(Object(App\Controllers\Products))
#6 /home/vntcbq34d1v5/public_html/cdncc/frontend/system/CodeIgniter.php(318): CodeIgniter\CodeIgniter->handleRequest(NULL, Object(Config\Cache), false)
#7 /home/vntcbq34d1v5/public_html/cdncc/frontend/index.php(46): CodeIgniter\CodeIgniter->run()
#8 {main}
CRITICAL - 2021-06-14 08:18:15 --> Use of undefined constant vikram - assumed 'vikram' (this will throw an Error in a future version of PHP)
#0 /home/vntcbq34d1v5/public_html/cdncc/frontend/app/Views/products.php(44): CodeIgniter\Debug\Exceptions->errorHandler(2, 'Use of undefine...', '/home/vntcbq34d...', 44, Array)
#1 /home/vntcbq34d1v5/public_html/cdncc/frontend/system/View/View.php(246): include('/home/vntcbq34d...')
#2 /home/vntcbq34d1v5/public_html/cdncc/frontend/system/Common.php(1119): CodeIgniter\View\View->render('products', Array, true)
#3 /home/vntcbq34d1v5/public_html/cdncc/frontend/app/Controllers/Products.php(45): view('products', Array)
#4 /home/vntcbq34d1v5/public_html/cdncc/frontend/system/CodeIgniter.php(924): App\Controllers\Products->index()
#5 /home/vntcbq34d1v5/public_html/cdncc/frontend/system/CodeIgniter.php(410): CodeIgniter\CodeIgniter->runController(Object(App\Controllers\Products))
#6 /home/vntcbq34d1v5/public_html/cdncc/frontend/system/CodeIgniter.php(318): CodeIgniter\CodeIgniter->handleRequest(NULL, Object(Config\Cache), false)
#7 /home/vntcbq34d1v5/public_html/cdncc/frontend/index.php(46): CodeIgniter\CodeIgniter->run()
#8 {main}
CRITICAL - 2021-06-14 08:18:52 --> Use of undefined constant vikram - assumed 'vikram' (this will throw an Error in a future version of PHP)
#0 /home/vntcbq34d1v5/public_html/cdncc/frontend/app/Views/products.php(44): CodeIgniter\Debug\Exceptions->errorHandler(2, 'Use of undefine...', '/home/vntcbq34d...', 44, Array)
#1 /home/vntcbq34d1v5/public_html/cdncc/frontend/system/View/View.php(246): include('/home/vntcbq34d...')
#2 /home/vntcbq34d1v5/public_html/cdncc/frontend/system/Common.php(1119): CodeIgniter\View\View->render('products', Array, true)
#3 /home/vntcbq34d1v5/public_html/cdncc/frontend/app/Controllers/Products.php(45): view('products', Array)
#4 /home/vntcbq34d1v5/public_html/cdncc/frontend/system/CodeIgniter.php(924): App\Controllers\Products->index()
#5 /home/vntcbq34d1v5/public_html/cdncc/frontend/system/CodeIgniter.php(410): CodeIgniter\CodeIgniter->runController(Object(App\Controllers\Products))
#6 /home/vntcbq34d1v5/public_html/cdncc/frontend/system/CodeIgniter.php(318): CodeIgniter\CodeIgniter->handleRequest(NULL, Object(Config\Cache), false)
#7 /home/vntcbq34d1v5/public_html/cdncc/frontend/index.php(46): CodeIgniter\CodeIgniter->run()
#8 {main}
CRITICAL - 2021-06-14 10:58:14 --> syntax error, unexpected end of file
#0 /home/vntcbq34d1v5/public_html/cdncc/frontend/system/Common.php(1119): CodeIgniter\View\View->render('products', Array, true)
#1 /home/vntcbq34d1v5/public_html/cdncc/frontend/app/Controllers/Products.php(45): view('products', Array)
#2 /home/vntcbq34d1v5/public_html/cdncc/frontend/system/CodeIgniter.php(924): App\Controllers\Products->index()
#3 /home/vntcbq34d1v5/public_html/cdncc/frontend/system/CodeIgniter.php(410): CodeIgniter\CodeIgniter->runController(Object(App\Controllers\Products))
#4 /home/vntcbq34d1v5/public_html/cdncc/frontend/system/CodeIgniter.php(318): CodeIgniter\CodeIgniter->handleRequest(NULL, Object(Config\Cache), false)
#5 /home/vntcbq34d1v5/public_html/cdncc/frontend/index.php(46): CodeIgniter\CodeIgniter->run()
#6 {main}
CRITICAL - 2021-06-14 10:59:05 --> syntax error, unexpected end of file
#0 /home/vntcbq34d1v5/public_html/cdncc/frontend/system/Common.php(1119): CodeIgniter\View\View->render('products', Array, true)
#1 /home/vntcbq34d1v5/public_html/cdncc/frontend/app/Controllers/Products.php(45): view('products', Array)
#2 /home/vntcbq34d1v5/public_html/cdncc/frontend/system/CodeIgniter.php(924): App\Controllers\Products->index()
#3 /home/vntcbq34d1v5/public_html/cdncc/frontend/system/CodeIgniter.php(410): CodeIgniter\CodeIgniter->runController(Object(App\Controllers\Products))
#4 /home/vntcbq34d1v5/public_html/cdncc/frontend/system/CodeIgniter.php(318): CodeIgniter\CodeIgniter->handleRequest(NULL, Object(Config\Cache), false)
#5 /home/vntcbq34d1v5/public_html/cdncc/frontend/index.php(46): CodeIgniter\CodeIgniter->run()
#6 {main}
CRITICAL - 2021-06-14 23:42:24 --> fopen(/home/vntcbq34d1v5/public_html/cdncc/frontend/writable/session/ci_session78b19e2dc559a0b4d17810b0d6974638a7a782ab): failed to open stream: Disk quota exceeded
#0 [internal function]: CodeIgniter\Debug\Exceptions->errorHandler(2, 'fopen(/home/vnt...', '/home/vntcbq34d...', 174, Array)
#1 /home/vntcbq34d1v5/public_html/cdncc/frontend/system/Session/Handlers/FileHandler.php(174): fopen('/home/vntcbq34d...', 'c+b')
#2 [internal function]: CodeIgniter\Session\Handlers\FileHandler->read('78b19e2dc559a0b...')
#3 /home/vntcbq34d1v5/public_html/cdncc/frontend/system/Session/Session.php(1005): session_start()
#4 /home/vntcbq34d1v5/public_html/cdncc/frontend/system/Session/Session.php(240): CodeIgniter\Session\Session->startSession()
#5 /home/vntcbq34d1v5/public_html/cdncc/frontend/system/Config/Services.php(788): CodeIgniter\Session\Session->start()
#6 /home/vntcbq34d1v5/public_html/cdncc/frontend/system/Config/BaseService.php(123): CodeIgniter\Config\Services::session(Object(Config\App), false)
#7 /home/vntcbq34d1v5/public_html/cdncc/frontend/system/Config/Services.php(769): CodeIgniter\Config\BaseService::getSharedInstance('session', NULL)
#8 /home/vntcbq34d1v5/public_html/cdncc/frontend/system/Common.php(957): CodeIgniter\Config\Services::session()
#9 /home/vntcbq34d1v5/public_html/cdncc/frontend/app/Helpers/fun_helper.php(6): service('session')
#10 /home/vntcbq34d1v5/public_html/cdncc/frontend/app/Views/__partial/__header.php(3): get_cart()
#11 /home/vntcbq34d1v5/public_html/cdncc/frontend/app/Views/home.php(1): include('/home/vntcbq34d...')
#12 /home/vntcbq34d1v5/public_html/cdncc/frontend/system/View/View.php(246): include('/home/vntcbq34d...')
#13 /home/vntcbq34d1v5/public_html/cdncc/frontend/system/Common.php(1119): CodeIgniter\View\View->render('home', Array, true)
#14 /home/vntcbq34d1v5/public_html/cdncc/frontend/app/Controllers/Home.php(28): view('home', Array)
#15 /home/vntcbq34d1v5/public_html/cdncc/frontend/system/CodeIgniter.php(924): App\Controllers\Home->index()
#16 /home/vntcbq34d1v5/public_html/cdncc/frontend/system/CodeIgniter.php(410): CodeIgniter\CodeIgniter->runController(Object(App\Controllers\Home))
#17 /home/vntcbq34d1v5/public_html/cdncc/frontend/system/CodeIgniter.php(318): CodeIgniter\CodeIgniter->handleRequest(NULL, Object(Config\Cache), false)
#18 /home/vntcbq34d1v5/public_html/cdncc/frontend/index.php(46): CodeIgniter\CodeIgniter->run()
#19 {main}
CRITICAL - 2021-06-14 23:42:40 --> fopen(/home/vntcbq34d1v5/public_html/cdncc/frontend/writable/session/ci_session78b19e2dc559a0b4d17810b0d6974638a7a782ab): failed to open stream: Disk quota exceeded
#0 [internal function]: CodeIgniter\Debug\Exceptions->errorHandler(2, 'fopen(/home/vnt...', '/home/vntcbq34d...', 174, Array)
#1 /home/vntcbq34d1v5/public_html/cdncc/frontend/system/Session/Handlers/FileHandler.php(174): fopen('/home/vntcbq34d...', 'c+b')
#2 [internal function]: CodeIgniter\Session\Handlers\FileHandler->read('78b19e2dc559a0b...')
#3 /home/vntcbq34d1v5/public_html/cdncc/frontend/system/Session/Session.php(1005): session_start()
#4 /home/vntcbq34d1v5/public_html/cdncc/frontend/system/Session/Session.php(240): CodeIgniter\Session\Session->startSession()
#5 /home/vntcbq34d1v5/public_html/cdncc/frontend/system/Config/Services.php(788): CodeIgniter\Session\Session->start()
#6 /home/vntcbq34d1v5/public_html/cdncc/frontend/system/Config/BaseService.php(123): CodeIgniter\Config\Services::session(Object(Config\App), false)
#7 /home/vntcbq34d1v5/public_html/cdncc/frontend/system/Config/Services.php(769): CodeIgniter\Config\BaseService::getSharedInstance('session', NULL)
#8 /home/vntcbq34d1v5/public_html/cdncc/frontend/system/Common.php(957): CodeIgniter\Config\Services::session()
#9 /home/vntcbq34d1v5/public_html/cdncc/frontend/app/Helpers/fun_helper.php(6): service('session')
#10 /home/vntcbq34d1v5/public_html/cdncc/frontend/app/Views/__partial/__header.php(3): get_cart()
#11 /home/vntcbq34d1v5/public_html/cdncc/frontend/app/Views/home.php(1): include('/home/vntcbq34d...')
#12 /home/vntcbq34d1v5/public_html/cdncc/frontend/system/View/View.php(246): include('/home/vntcbq34d...')
#13 /home/vntcbq34d1v5/public_html/cdncc/frontend/system/Common.php(1119): CodeIgniter\View\View->render('home', Array, true)
#14 /home/vntcbq34d1v5/public_html/cdncc/frontend/app/Controllers/Home.php(28): view('home', Array)
#15 /home/vntcbq34d1v5/public_html/cdncc/frontend/system/CodeIgniter.php(924): App\Controllers\Home->index()
#16 /home/vntcbq34d1v5/public_html/cdncc/frontend/system/CodeIgniter.php(410): CodeIgniter\CodeIgniter->runController(Object(App\Controllers\Home))
#17 /home/vntcbq34d1v5/public_html/cdncc/frontend/system/CodeIgniter.php(318): CodeIgniter\CodeIgniter->handleRequest(NULL, Object(Config\Cache), false)
#18 /home/vntcbq34d1v5/public_html/cdncc/frontend/index.php(46): CodeIgniter\CodeIgniter->run()
#19 {main}
CRITICAL - 2021-06-14 23:42:48 --> fopen(/home/vntcbq34d1v5/public_html/cdncc/frontend/writable/session/ci_session777f8e1368adcf9522eea686041912a967b115f9): failed to open stream: Disk quota exceeded
#0 [internal function]: CodeIgniter\Debug\Exceptions->errorHandler(2, 'fopen(/home/vnt...', '/home/vntcbq34d...', 174, Array)
#1 /home/vntcbq34d1v5/public_html/cdncc/frontend/system/Session/Handlers/FileHandler.php(174): fopen('/home/vntcbq34d...', 'c+b')
#2 [internal function]: CodeIgniter\Session\Handlers\FileHandler->read('777f8e1368adcf9...')
#3 /home/vntcbq34d1v5/public_html/cdncc/frontend/system/Session/Session.php(1005): session_start()
#4 /home/vntcbq34d1v5/public_html/cdncc/frontend/system/Session/Session.php(240): CodeIgniter\Session\Session->startSession()
#5 /home/vntcbq34d1v5/public_html/cdncc/frontend/system/Config/Services.php(788): CodeIgniter\Session\Session->start()
#6 /home/vntcbq34d1v5/public_html/cdncc/frontend/system/Config/BaseService.php(123): CodeIgniter\Config\Services::session(Object(Config\App), false)
#7 /home/vntcbq34d1v5/public_html/cdncc/frontend/system/Config/Services.php(769): CodeIgniter\Config\BaseService::getSharedInstance('session', NULL)
#8 /home/vntcbq34d1v5/public_html/cdncc/frontend/system/Common.php(957): CodeIgniter\Config\Services::session()
#9 /home/vntcbq34d1v5/public_html/cdncc/frontend/app/Controllers/Products.php(9): service('session')
#10 /home/vntcbq34d1v5/public_html/cdncc/frontend/system/CodeIgniter.php(924): App\Controllers\Products->index()
#11 /home/vntcbq34d1v5/public_html/cdncc/frontend/system/CodeIgniter.php(410): CodeIgniter\CodeIgniter->runController(Object(App\Controllers\Products))
#12 /home/vntcbq34d1v5/public_html/cdncc/frontend/system/CodeIgniter.php(318): CodeIgniter\CodeIgniter->handleRequest(NULL, Object(Config\Cache), false)
#13 /home/vntcbq34d1v5/public_html/cdncc/frontend/index.php(46): CodeIgniter\CodeIgniter->run()
#14 {main}
CRITICAL - 2021-06-14 23:42:57 --> fopen(/home/vntcbq34d1v5/public_html/cdncc/frontend/writable/session/ci_session777f8e1368adcf9522eea686041912a967b115f9): failed to open stream: Disk quota exceeded
#0 [internal function]: CodeIgniter\Debug\Exceptions->errorHandler(2, 'fopen(/home/vnt...', '/home/vntcbq34d...', 174, Array)
#1 /home/vntcbq34d1v5/public_html/cdncc/frontend/system/Session/Handlers/FileHandler.php(174): fopen('/home/vntcbq34d...', 'c+b')
#2 [internal function]: CodeIgniter\Session\Handlers\FileHandler->read('777f8e1368adcf9...')
#3 /home/vntcbq34d1v5/public_html/cdncc/frontend/system/Session/Session.php(1005): session_start()
#4 /home/vntcbq34d1v5/public_html/cdncc/frontend/system/Session/Session.php(240): CodeIgniter\Session\Session->startSession()
#5 /home/vntcbq34d1v5/public_html/cdncc/frontend/system/Config/Services.php(788): CodeIgniter\Session\Session->start()
#6 /home/vntcbq34d1v5/public_html/cdncc/frontend/system/Config/BaseService.php(123): CodeIgniter\Config\Services::session(Object(Config\App), false)
#7 /home/vntcbq34d1v5/public_html/cdncc/frontend/system/Config/Services.php(769): CodeIgniter\Config\BaseService::getSharedInstance('session', NULL)
#8 /home/vntcbq34d1v5/public_html/cdncc/frontend/system/Common.php(957): CodeIgniter\Config\Services::session()
#9 /home/vntcbq34d1v5/public_html/cdncc/frontend/app/Helpers/fun_helper.php(6): service('session')
#10 /home/vntcbq34d1v5/public_html/cdncc/frontend/app/Views/__partial/__header.php(3): get_cart()
#11 /home/vntcbq34d1v5/public_html/cdncc/frontend/app/Views/home.php(1): include('/home/vntcbq34d...')
#12 /home/vntcbq34d1v5/public_html/cdncc/frontend/system/View/View.php(246): include('/home/vntcbq34d...')
#13 /home/vntcbq34d1v5/public_html/cdncc/frontend/system/Common.php(1119): CodeIgniter\View\View->render('home', Array, true)
#14 /home/vntcbq34d1v5/public_html/cdncc/frontend/app/Controllers/Home.php(28): view('home', Array)
#15 /home/vntcbq34d1v5/public_html/cdncc/frontend/system/CodeIgniter.php(924): App\Controllers\Home->index()
#16 /home/vntcbq34d1v5/public_html/cdncc/frontend/system/CodeIgniter.php(410): CodeIgniter\CodeIgniter->runController(Object(App\Controllers\Home))
#17 /home/vntcbq34d1v5/public_html/cdncc/frontend/system/CodeIgniter.php(318): CodeIgniter\CodeIgniter->handleRequest(NULL, Object(Config\Cache), false)
#18 /home/vntcbq34d1v5/public_html/cdncc/frontend/index.php(46): CodeIgniter\CodeIgniter->run()
#19 {main}
CRITICAL - 2021-06-14 23:42:59 --> fopen(/home/vntcbq34d1v5/public_html/cdncc/frontend/writable/session/ci_session777f8e1368adcf9522eea686041912a967b115f9): failed to open stream: Disk quota exceeded
#0 [internal function]: CodeIgniter\Debug\Exceptions->errorHandler(2, 'fopen(/home/vnt...', '/home/vntcbq34d...', 174, Array)
#1 /home/vntcbq34d1v5/public_html/cdncc/frontend/system/Session/Handlers/FileHandler.php(174): fopen('/home/vntcbq34d...', 'c+b')
#2 [internal function]: CodeIgniter\Session\Handlers\FileHandler->read('777f8e1368adcf9...')
#3 /home/vntcbq34d1v5/public_html/cdncc/frontend/system/Session/Session.php(1005): session_start()
#4 /home/vntcbq34d1v5/public_html/cdncc/frontend/system/Session/Session.php(240): CodeIgniter\Session\Session->startSession()
#5 /home/vntcbq34d1v5/public_html/cdncc/frontend/system/Config/Services.php(788): CodeIgniter\Session\Session->start()
#6 /home/vntcbq34d1v5/public_html/cdncc/frontend/system/Config/BaseService.php(123): CodeIgniter\Config\Services::session(Object(Config\App), false)
#7 /home/vntcbq34d1v5/public_html/cdncc/frontend/system/Config/Services.php(769): CodeIgniter\Config\BaseService::getSharedInstance('session', NULL)
#8 /home/vntcbq34d1v5/public_html/cdncc/frontend/system/Common.php(957): CodeIgniter\Config\Services::session()
#9 /home/vntcbq34d1v5/public_html/cdncc/frontend/app/Helpers/fun_helper.php(6): service('session')
#10 /home/vntcbq34d1v5/public_html/cdncc/frontend/app/Views/__partial/__header.php(3): get_cart()
#11 /home/vntcbq34d1v5/public_html/cdncc/frontend/app/Views/home.php(1): include('/home/vntcbq34d...')
#12 /home/vntcbq34d1v5/public_html/cdncc/frontend/system/View/View.php(246): include('/home/vntcbq34d...')
#13 /home/vntcbq34d1v5/public_html/cdncc/frontend/system/Common.php(1119): CodeIgniter\View\View->render('home', Array, true)
#14 /home/vntcbq34d1v5/public_html/cdncc/frontend/app/Controllers/Home.php(28): view('home', Array)
#15 /home/vntcbq34d1v5/public_html/cdncc/frontend/system/CodeIgniter.php(924): App\Controllers\Home->index()
#16 /home/vntcbq34d1v5/public_html/cdncc/frontend/system/CodeIgniter.php(410): CodeIgniter\CodeIgniter->runController(Object(App\Controllers\Home))
#17 /home/vntcbq34d1v5/public_html/cdncc/frontend/system/CodeIgniter.php(318): CodeIgniter\CodeIgniter->handleRequest(NULL, Object(Config\Cache), false)
#18 /home/vntcbq34d1v5/public_html/cdncc/frontend/index.php(46): CodeIgniter\CodeIgniter->run()
#19 {main}
CRITICAL - 2021-06-14 23:43:01 --> fopen(/home/vntcbq34d1v5/public_html/cdncc/frontend/writable/session/ci_session777f8e1368adcf9522eea686041912a967b115f9): failed to open stream: Disk quota exceeded
#0 [internal function]: CodeIgniter\Debug\Exceptions->errorHandler(2, 'fopen(/home/vnt...', '/home/vntcbq34d...', 174, Array)
#1 /home/vntcbq34d1v5/public_html/cdncc/frontend/system/Session/Handlers/FileHandler.php(174): fopen('/home/vntcbq34d...', 'c+b')
#2 [internal function]: CodeIgniter\Session\Handlers\FileHandler->read('777f8e1368adcf9...')
#3 /home/vntcbq34d1v5/public_html/cdncc/frontend/system/Session/Session.php(1005): session_start()
#4 /home/vntcbq34d1v5/public_html/cdncc/frontend/system/Session/Session.php(240): CodeIgniter\Session\Session->startSession()
#5 /home/vntcbq34d1v5/public_html/cdncc/frontend/system/Config/Services.php(788): CodeIgniter\Session\Session->start()
#6 /home/vntcbq34d1v5/public_html/cdncc/frontend/system/Config/BaseService.php(123): CodeIgniter\Config\Services::session(Object(Config\App), false)
#7 /home/vntcbq34d1v5/public_html/cdncc/frontend/system/Config/Services.php(769): CodeIgniter\Config\BaseService::getSharedInstance('session', NULL)
#8 /home/vntcbq34d1v5/public_html/cdncc/frontend/system/Common.php(957): CodeIgniter\Config\Services::session()
#9 /home/vntcbq34d1v5/public_html/cdncc/frontend/app/Helpers/fun_helper.php(6): service('session')
#10 /home/vntcbq34d1v5/public_html/cdncc/frontend/app/Views/__partial/__header.php(3): get_cart()
#11 /home/vntcbq34d1v5/public_html/cdncc/frontend/app/Views/home.php(1): include('/home/vntcbq34d...')
#12 /home/vntcbq34d1v5/public_html/cdncc/frontend/system/View/View.php(246): include('/home/vntcbq34d...')
#13 /home/vntcbq34d1v5/public_html/cdncc/frontend/system/Common.php(1119): CodeIgniter\View\View->render('home', Array, true)
#14 /home/vntcbq34d1v5/public_html/cdncc/frontend/app/Controllers/Home.php(28): view('home', Array)
#15 /home/vntcbq34d1v5/public_html/cdncc/frontend/system/CodeIgniter.php(924): App\Controllers\Home->index()
#16 /home/vntcbq34d1v5/public_html/cdncc/frontend/system/CodeIgniter.php(410): CodeIgniter\CodeIgniter->runController(Object(App\Controllers\Home))
#17 /home/vntcbq34d1v5/public_html/cdncc/frontend/system/CodeIgniter.php(318): CodeIgniter\CodeIgniter->handleRequest(NULL, Object(Config\Cache), false)
#18 /home/vntcbq34d1v5/public_html/cdncc/frontend/index.php(46): CodeIgniter\CodeIgniter->run()
#19 {main}
CRITICAL - 2021-06-14 23:43:03 --> fopen(/home/vntcbq34d1v5/public_html/cdncc/frontend/writable/session/ci_session777f8e1368adcf9522eea686041912a967b115f9): failed to open stream: Disk quota exceeded
#0 [internal function]: CodeIgniter\Debug\Exceptions->errorHandler(2, 'fopen(/home/vnt...', '/home/vntcbq34d...', 174, Array)
#1 /home/vntcbq34d1v5/public_html/cdncc/frontend/system/Session/Handlers/FileHandler.php(174): fopen('/home/vntcbq34d...', 'c+b')
#2 [internal function]: CodeIgniter\Session\Handlers\FileHandler->read('777f8e1368adcf9...')
#3 /home/vntcbq34d1v5/public_html/cdncc/frontend/system/Session/Session.php(1005): session_start()
#4 /home/vntcbq34d1v5/public_html/cdncc/frontend/system/Session/Session.php(240): CodeIgniter\Session\Session->startSession()
#5 /home/vntcbq34d1v5/public_html/cdncc/frontend/system/Config/Services.php(788): CodeIgniter\Session\Session->start()
#6 /home/vntcbq34d1v5/public_html/cdncc/frontend/system/Config/BaseService.php(123): CodeIgniter\Config\Services::session(Object(Config\App), false)
#7 /home/vntcbq34d1v5/public_html/cdncc/frontend/system/Config/Services.php(769): CodeIgniter\Config\BaseService::getSharedInstance('session', NULL)
#8 /home/vntcbq34d1v5/public_html/cdncc/frontend/system/Common.php(957): CodeIgniter\Config\Services::session()
#9 /home/vntcbq34d1v5/public_html/cdncc/frontend/app/Helpers/fun_helper.php(6): service('session')
#10 /home/vntcbq34d1v5/public_html/cdncc/frontend/app/Views/__partial/__header.php(3): get_cart()
#11 /home/vntcbq34d1v5/public_html/cdncc/frontend/app/Views/home.php(1): include('/home/vntcbq34d...')
#12 /home/vntcbq34d1v5/public_html/cdncc/frontend/system/View/View.php(246): include('/home/vntcbq34d...')
#13 /home/vntcbq34d1v5/public_html/cdncc/frontend/system/Common.php(1119): CodeIgniter\View\View->render('home', Array, true)
#14 /home/vntcbq34d1v5/public_html/cdncc/frontend/app/Controllers/Home.php(28): view('home', Array)
#15 /home/vntcbq34d1v5/public_html/cdncc/frontend/system/CodeIgniter.php(924): App\Controllers\Home->index()
#16 /home/vntcbq34d1v5/public_html/cdncc/frontend/system/CodeIgniter.php(410): CodeIgniter\CodeIgniter->runController(Object(App\Controllers\Home))
#17 /home/vntcbq34d1v5/public_html/cdncc/frontend/system/CodeIgniter.php(318): CodeIgniter\CodeIgniter->handleRequest(NULL, Object(Config\Cache), false)
#18 /home/vntcbq34d1v5/public_html/cdncc/frontend/index.php(46): CodeIgniter\CodeIgniter->run()
#19 {main}
CRITICAL - 2021-06-14 23:43:12 --> fopen(/home/vntcbq34d1v5/public_html/cdncc/frontend/writable/session/ci_session78b19e2dc559a0b4d17810b0d6974638a7a782ab): failed to open stream: Disk quota exceeded
#0 [internal function]: CodeIgniter\Debug\Exceptions->errorHandler(2, 'fopen(/home/vnt...', '/home/vntcbq34d...', 174, Array)
#1 /home/vntcbq34d1v5/public_html/cdncc/frontend/system/Session/Handlers/FileHandler.php(174): fopen('/home/vntcbq34d...', 'c+b')
#2 [internal function]: CodeIgniter\Session\Handlers\FileHandler->read('78b19e2dc559a0b...')
#3 /home/vntcbq34d1v5/public_html/cdncc/frontend/system/Session/Session.php(1005): session_start()
#4 /home/vntcbq34d1v5/public_html/cdncc/frontend/system/Session/Session.php(240): CodeIgniter\Session\Session->startSession()
#5 /home/vntcbq34d1v5/public_html/cdncc/frontend/system/Config/Services.php(788): CodeIgniter\Session\Session->start()
#6 /home/vntcbq34d1v5/public_html/cdncc/frontend/system/Config/BaseService.php(123): CodeIgniter\Config\Services::session(Object(Config\App), false)
#7 /home/vntcbq34d1v5/public_html/cdncc/frontend/system/Config/Services.php(769): CodeIgniter\Config\BaseService::getSharedInstance('session', NULL)
#8 /home/vntcbq34d1v5/public_html/cdncc/frontend/system/Common.php(957): CodeIgniter\Config\Services::session()
#9 /home/vntcbq34d1v5/public_html/cdncc/frontend/app/Helpers/fun_helper.php(6): service('session')
#10 /home/vntcbq34d1v5/public_html/cdncc/frontend/app/Views/__partial/__header.php(3): get_cart()
#11 /home/vntcbq34d1v5/public_html/cdncc/frontend/app/Views/home.php(1): include('/home/vntcbq34d...')
#12 /home/vntcbq34d1v5/public_html/cdncc/frontend/system/View/View.php(246): include('/home/vntcbq34d...')
#13 /home/vntcbq34d1v5/public_html/cdncc/frontend/system/Common.php(1119): CodeIgniter\View\View->render('home', Array, true)
#14 /home/vntcbq34d1v5/public_html/cdncc/frontend/app/Controllers/Home.php(28): view('home', Array)
#15 /home/vntcbq34d1v5/public_html/cdncc/frontend/system/CodeIgniter.php(924): App\Controllers\Home->index()
#16 /home/vntcbq34d1v5/public_html/cdncc/frontend/system/CodeIgniter.php(410): CodeIgniter\CodeIgniter->runController(Object(App\Controllers\Home))
#17 /home/vntcbq34d1v5/public_html/cdncc/frontend/system/CodeIgniter.php(318): CodeIgniter\CodeIgniter->handleRequest(NULL, Object(Config\Cache), false)
#18 /home/vntcbq34d1v5/public_html/cdncc/frontend/index.php(46): CodeIgniter\CodeIgniter->run()
#19 {main}
CRITICAL - 2021-06-14 23:43:14 --> fopen(/home/vntcbq34d1v5/public_html/cdncc/frontend/writable/session/ci_session78b19e2dc559a0b4d17810b0d6974638a7a782ab): failed to open stream: Disk quota exceeded
#0 [internal function]: CodeIgniter\Debug\Exceptions->errorHandler(2, 'fopen(/home/vnt...', '/home/vntcbq34d...', 174, Array)
#1 /home/vntcbq34d1v5/public_html/cdncc/frontend/system/Session/Handlers/FileHandler.php(174): fopen('/home/vntcbq34d...', 'c+b')
#2 [internal function]: CodeIgniter\Session\Handlers\FileHandler->read('78b19e2dc559a0b...')
#3 /home/vntcbq34d1v5/public_html/cdncc/frontend/system/Session/Session.php(1005): session_start()
#4 /home/vntcbq34d1v5/public_html/cdncc/frontend/system/Session/Session.php(240): CodeIgniter\Session\Session->startSession()
#5 /home/vntcbq34d1v5/public_html/cdncc/frontend/system/Config/Services.php(788): CodeIgniter\Session\Session->start()
#6 /home/vntcbq34d1v5/public_html/cdncc/frontend/system/Config/BaseService.php(123): CodeIgniter\Config\Services::session(Object(Config\App), false)
#7 /home/vntcbq34d1v5/public_html/cdncc/frontend/system/Config/Services.php(769): CodeIgniter\Config\BaseService::getSharedInstance('session', NULL)
#8 /home/vntcbq34d1v5/public_html/cdncc/frontend/system/Common.php(957): CodeIgniter\Config\Services::session()
#9 /home/vntcbq34d1v5/public_html/cdncc/frontend/app/Helpers/fun_helper.php(6): service('session')
#10 /home/vntcbq34d1v5/public_html/cdncc/frontend/app/Views/__partial/__header.php(3): get_cart()
#11 /home/vntcbq34d1v5/public_html/cdncc/frontend/app/Views/home.php(1): include('/home/vntcbq34d...')
#12 /home/vntcbq34d1v5/public_html/cdncc/frontend/system/View/View.php(246): include('/home/vntcbq34d...')
#13 /home/vntcbq34d1v5/public_html/cdncc/frontend/system/Common.php(1119): CodeIgniter\View\View->render('home', Array, true)
#14 /home/vntcbq34d1v5/public_html/cdncc/frontend/app/Controllers/Home.php(28): view('home', Array)
#15 /home/vntcbq34d1v5/public_html/cdncc/frontend/system/CodeIgniter.php(924): App\Controllers\Home->index()
#16 /home/vntcbq34d1v5/public_html/cdncc/frontend/system/CodeIgniter.php(410): CodeIgniter\CodeIgniter->runController(Object(App\Controllers\Home))
#17 /home/vntcbq34d1v5/public_html/cdncc/frontend/system/CodeIgniter.php(318): CodeIgniter\CodeIgniter->handleRequest(NULL, Object(Config\Cache), false)
#18 /home/vntcbq34d1v5/public_html/cdncc/frontend/index.php(46): CodeIgniter\CodeIgniter->run()
#19 {main}
CRITICAL - 2021-06-14 23:44:52 --> fopen(/home/vntcbq34d1v5/public_html/cdncc/frontend/writable/session/ci_session78b19e2dc559a0b4d17810b0d6974638a7a782ab): failed to open stream: Disk quota exceeded
#0 [internal function]: CodeIgniter\Debug\Exceptions->errorHandler(2, 'fopen(/home/vnt...', '/home/vntcbq34d...', 174, Array)
#1 /home/vntcbq34d1v5/public_html/cdncc/frontend/system/Session/Handlers/FileHandler.php(174): fopen('/home/vntcbq34d...', 'c+b')
#2 [internal function]: CodeIgniter\Session\Handlers\FileHandler->read('78b19e2dc559a0b...')
#3 /home/vntcbq34d1v5/public_html/cdncc/frontend/system/Session/Session.php(1005): session_start()
#4 /home/vntcbq34d1v5/public_html/cdncc/frontend/system/Session/Session.php(240): CodeIgniter\Session\Session->startSession()
#5 /home/vntcbq34d1v5/public_html/cdncc/frontend/system/Config/Services.php(788): CodeIgniter\Session\Session->start()
#6 /home/vntcbq34d1v5/public_html/cdncc/frontend/system/Config/BaseService.php(123): CodeIgniter\Config\Services::session(Object(Config\App), false)
#7 /home/vntcbq34d1v5/public_html/cdncc/frontend/system/Config/Services.php(769): CodeIgniter\Config\BaseService::getSharedInstance('session', NULL)
#8 /home/vntcbq34d1v5/public_html/cdncc/frontend/system/Common.php(957): CodeIgniter\Config\Services::session()
#9 /home/vntcbq34d1v5/public_html/cdncc/frontend/app/Helpers/fun_helper.php(6): service('session')
#10 /home/vntcbq34d1v5/public_html/cdncc/frontend/app/Views/__partial/__header.php(3): get_cart()
#11 /home/vntcbq34d1v5/public_html/cdncc/frontend/app/Views/home.php(1): include('/home/vntcbq34d...')
#12 /home/vntcbq34d1v5/public_html/cdncc/frontend/system/View/View.php(246): include('/home/vntcbq34d...')
#13 /home/vntcbq34d1v5/public_html/cdncc/frontend/system/Common.php(1119): CodeIgniter\View\View->render('home', Array, true)
#14 /home/vntcbq34d1v5/public_html/cdncc/frontend/app/Controllers/Home.php(28): view('home', Array)
#15 /home/vntcbq34d1v5/public_html/cdncc/frontend/system/CodeIgniter.php(924): App\Controllers\Home->index()
#16 /home/vntcbq34d1v5/public_html/cdncc/frontend/system/CodeIgniter.php(410): CodeIgniter\CodeIgniter->runController(Object(App\Controllers\Home))
#17 /home/vntcbq34d1v5/public_html/cdncc/frontend/system/CodeIgniter.php(318): CodeIgniter\CodeIgniter->handleRequest(NULL, Object(Config\Cache), false)
#18 /home/vntcbq34d1v5/public_html/cdncc/frontend/index.php(46): CodeIgniter\CodeIgniter->run()
#19 {main}
CRITICAL - 2021-06-14 23:45:06 --> fopen(/home/vntcbq34d1v5/public_html/cdncc/frontend/writable/session/ci_session78b19e2dc559a0b4d17810b0d6974638a7a782ab): failed to open stream: Disk quota exceeded
#0 [internal function]: CodeIgniter\Debug\Exceptions->errorHandler(2, 'fopen(/home/vnt...', '/home/vntcbq34d...', 174, Array)
#1 /home/vntcbq34d1v5/public_html/cdncc/frontend/system/Session/Handlers/FileHandler.php(174): fopen('/home/vntcbq34d...', 'c+b')
#2 [internal function]: CodeIgniter\Session\Handlers\FileHandler->read('78b19e2dc559a0b...')
#3 /home/vntcbq34d1v5/public_html/cdncc/frontend/system/Session/Session.php(1005): session_start()
#4 /home/vntcbq34d1v5/public_html/cdncc/frontend/system/Session/Session.php(240): CodeIgniter\Session\Session->startSession()
#5 /home/vntcbq34d1v5/public_html/cdncc/frontend/system/Config/Services.php(788): CodeIgniter\Session\Session->start()
#6 /home/vntcbq34d1v5/public_html/cdncc/frontend/system/Config/BaseService.php(123): CodeIgniter\Config\Services::session(Object(Config\App), false)
#7 /home/vntcbq34d1v5/public_html/cdncc/frontend/system/Config/Services.php(769): CodeIgniter\Config\BaseService::getSharedInstance('session', NULL)
#8 /home/vntcbq34d1v5/public_html/cdncc/frontend/system/Common.php(957): CodeIgniter\Config\Services::session()
#9 /home/vntcbq34d1v5/public_html/cdncc/frontend/app/Helpers/fun_helper.php(6): service('session')
#10 /home/vntcbq34d1v5/public_html/cdncc/frontend/app/Views/__partial/__header.php(3): get_cart()
#11 /home/vntcbq34d1v5/public_html/cdncc/frontend/app/Views/home.php(1): include('/home/vntcbq34d...')
#12 /home/vntcbq34d1v5/public_html/cdncc/frontend/system/View/View.php(246): include('/home/vntcbq34d...')
#13 /home/vntcbq34d1v5/public_html/cdncc/frontend/system/Common.php(1119): CodeIgniter\View\View->render('home', Array, true)
#14 /home/vntcbq34d1v5/public_html/cdncc/frontend/app/Controllers/Home.php(28): view('home', Array)
#15 /home/vntcbq34d1v5/public_html/cdncc/frontend/system/CodeIgniter.php(924): App\Controllers\Home->index()
#16 /home/vntcbq34d1v5/public_html/cdncc/frontend/system/CodeIgniter.php(410): CodeIgniter\CodeIgniter->runController(Object(App\Controllers\Home))
#17 /home/vntcbq34d1v5/public_html/cdncc/frontend/system/CodeIgniter.php(318): CodeIgniter\CodeIgniter->handleRequest(NULL, Object(Config\Cache), false)
#18 /home/vntcbq34d1v5/public_html/cdncc/frontend/index.php(46): CodeIgniter\CodeIgniter->run()
#19 {main}
CRITICAL - 2021-06-14 23:45:44 --> fopen(/home/vntcbq34d1v5/public_html/cdncc/frontend/writable/session/ci_session78b19e2dc559a0b4d17810b0d6974638a7a782ab): failed to open stream: Disk quota exceeded
#0 [internal function]: CodeIgniter\Debug\Exceptions->errorHandler(2, 'fopen(/home/vnt...', '/home/vntcbq34d...', 174, Array)
#1 /home/vntcbq34d1v5/public_html/cdncc/frontend/system/Session/Handlers/FileHandler.php(174): fopen('/home/vntcbq34d...', 'c+b')
#2 [internal function]: CodeIgniter\Session\Handlers\FileHandler->read('78b19e2dc559a0b...')
#3 /home/vntcbq34d1v5/public_html/cdncc/frontend/system/Session/Session.php(1005): session_start()
#4 /home/vntcbq34d1v5/public_html/cdncc/frontend/system/Session/Session.php(240): CodeIgniter\Session\Session->startSession()
#5 /home/vntcbq34d1v5/public_html/cdncc/frontend/system/Config/Services.php(788): CodeIgniter\Session\Session->start()
#6 /home/vntcbq34d1v5/public_html/cdncc/frontend/system/Config/BaseService.php(123): CodeIgniter\Config\Services::session(Object(Config\App), false)
#7 /home/vntcbq34d1v5/public_html/cdncc/frontend/system/Config/Services.php(769): CodeIgniter\Config\BaseService::getSharedInstance('session', NULL)
#8 /home/vntcbq34d1v5/public_html/cdncc/frontend/system/Common.php(957): CodeIgniter\Config\Services::session()
#9 /home/vntcbq34d1v5/public_html/cdncc/frontend/app/Helpers/fun_helper.php(6): service('session')
#10 /home/vntcbq34d1v5/public_html/cdncc/frontend/app/Views/__partial/__header.php(3): get_cart()
#11 /home/vntcbq34d1v5/public_html/cdncc/frontend/app/Views/cart.php(1): include('/home/vntcbq34d...')
#12 /home/vntcbq34d1v5/public_html/cdncc/frontend/system/View/View.php(246): include('/home/vntcbq34d...')
#13 /home/vntcbq34d1v5/public_html/cdncc/frontend/system/Common.php(1119): CodeIgniter\View\View->render('cart', Array, true)
#14 /home/vntcbq34d1v5/public_html/cdncc/frontend/app/Controllers/Home.php(33): view('cart', Array)
#15 /home/vntcbq34d1v5/public_html/cdncc/frontend/system/CodeIgniter.php(924): App\Controllers\Home->cart()
#16 /home/vntcbq34d1v5/public_html/cdncc/frontend/system/CodeIgniter.php(410): CodeIgniter\CodeIgniter->runController(Object(App\Controllers\Home))
#17 /home/vntcbq34d1v5/public_html/cdncc/frontend/system/CodeIgniter.php(318): CodeIgniter\CodeIgniter->handleRequest(NULL, Object(Config\Cache), false)
#18 /home/vntcbq34d1v5/public_html/cdncc/frontend/index.php(46): CodeIgniter\CodeIgniter->run()
#19 {main}
CRITICAL - 2021-06-14 23:46:58 --> fopen(/home/vntcbq34d1v5/public_html/cdncc/frontend/writable/session/ci_session78b19e2dc559a0b4d17810b0d6974638a7a782ab): failed to open stream: Disk quota exceeded
#0 [internal function]: CodeIgniter\Debug\Exceptions->errorHandler(2, 'fopen(/home/vnt...', '/home/vntcbq34d...', 174, Array)
#1 /home/vntcbq34d1v5/public_html/cdncc/frontend/system/Session/Handlers/FileHandler.php(174): fopen('/home/vntcbq34d...', 'c+b')
#2 [internal function]: CodeIgniter\Session\Handlers\FileHandler->read('78b19e2dc559a0b...')
#3 /home/vntcbq34d1v5/public_html/cdncc/frontend/system/Session/Session.php(1005): session_start()
#4 /home/vntcbq34d1v5/public_html/cdncc/frontend/system/Session/Session.php(240): CodeIgniter\Session\Session->startSession()
#5 /home/vntcbq34d1v5/public_html/cdncc/frontend/system/Config/Services.php(788): CodeIgniter\Session\Session->start()
#6 /home/vntcbq34d1v5/public_html/cdncc/frontend/system/Config/BaseService.php(123): CodeIgniter\Config\Services::session(Object(Config\App), false)
#7 /home/vntcbq34d1v5/public_html/cdncc/frontend/system/Config/Services.php(769): CodeIgniter\Config\BaseService::getSharedInstance('session', NULL)
#8 /home/vntcbq34d1v5/public_html/cdncc/frontend/system/Common.php(957): CodeIgniter\Config\Services::session()
#9 /home/vntcbq34d1v5/public_html/cdncc/frontend/app/Helpers/fun_helper.php(6): service('session')
#10 /home/vntcbq34d1v5/public_html/cdncc/frontend/app/Views/__partial/__header.php(3): get_cart()
#11 /home/vntcbq34d1v5/public_html/cdncc/frontend/app/Views/cart.php(1): include('/home/vntcbq34d...')
#12 /home/vntcbq34d1v5/public_html/cdncc/frontend/system/View/View.php(246): include('/home/vntcbq34d...')
#13 /home/vntcbq34d1v5/public_html/cdncc/frontend/system/Common.php(1119): CodeIgniter\View\View->render('cart', Array, true)
#14 /home/vntcbq34d1v5/public_html/cdncc/frontend/app/Controllers/Home.php(33): view('cart', Array)
#15 /home/vntcbq34d1v5/public_html/cdncc/frontend/system/CodeIgniter.php(924): App\Controllers\Home->cart()
#16 /home/vntcbq34d1v5/public_html/cdncc/frontend/system/CodeIgniter.php(410): CodeIgniter\CodeIgniter->runController(Object(App\Controllers\Home))
#17 /home/vntcbq34d1v5/public_html/cdncc/frontend/system/CodeIgniter.php(318): CodeIgniter\CodeIgniter->handleRequest(NULL, Object(Config\Cache), false)
#18 /home/vntcbq34d1v5/public_html/cdncc/frontend/index.php(46): CodeIgniter\CodeIgniter->run()
#19 {main}
