CRITICAL - 2021-02-10 00:12:55 --> Undefined index: slider_images
#0 /var/www/html/sunstone/app/Views/home.php(19): CodeIgniter\Debug\Exceptions->errorHandler()
#1 /var/www/html/sunstone/system/View/View.php(246): include('/var/www/html/s...')
#2 /var/www/html/sunstone/system/Common.php(1119): CodeIgniter\View\View->render()
#3 /var/www/html/sunstone/app/Controllers/Home.php(15): view()
#4 /var/www/html/sunstone/system/CodeIgniter.php(924): App\Controllers\Home->index()
#5 /var/www/html/sunstone/system/CodeIgniter.php(410): CodeIgniter\CodeIgniter->runController()
#6 /var/www/html/sunstone/system/CodeIgniter.php(318): CodeIgniter\CodeIgniter->handleRequest()
#7 /var/www/html/sunstone/index.php(46): CodeIgniter\CodeIgniter->run()
#8 {main}
CRITICAL - 2021-02-10 00:36:56 --> Call to undefined method CodeIgniter\Database\MySQLi\Result::getResults()
#0 /var/www/html/sunstone/system/CodeIgniter.php(924): App\Controllers\Home->index()
#1 /var/www/html/sunstone/system/CodeIgniter.php(410): CodeIgniter\CodeIgniter->runController()
#2 /var/www/html/sunstone/system/CodeIgniter.php(318): CodeIgniter\CodeIgniter->handleRequest()
#3 /var/www/html/sunstone/index.php(46): CodeIgniter\CodeIgniter->run()
#4 {main}
CRITICAL - 2021-02-10 00:37:02 --> Call to undefined method CodeIgniter\Database\MySQLi\Result::getResults()
#0 /var/www/html/sunstone/system/CodeIgniter.php(924): App\Controllers\Home->index()
#1 /var/www/html/sunstone/system/CodeIgniter.php(410): CodeIgniter\CodeIgniter->runController()
#2 /var/www/html/sunstone/system/CodeIgniter.php(318): CodeIgniter\CodeIgniter->handleRequest()
#3 /var/www/html/sunstone/index.php(46): CodeIgniter\CodeIgniter->run()
#4 {main}
CRITICAL - 2021-02-10 00:37:07 --> Call to undefined method CodeIgniter\Database\MySQLi\Result::getResults()
#0 /var/www/html/sunstone/system/CodeIgniter.php(924): App\Controllers\Home->index()
#1 /var/www/html/sunstone/system/CodeIgniter.php(410): CodeIgniter\CodeIgniter->runController()
#2 /var/www/html/sunstone/system/CodeIgniter.php(318): CodeIgniter\CodeIgniter->handleRequest()
#3 /var/www/html/sunstone/index.php(46): CodeIgniter\CodeIgniter->run()
#4 {main}
CRITICAL - 2021-02-10 00:40:41 --> Unknown column 'order_no' in 'order clause'
#0 /var/www/html/sunstone/system/Database/MySQLi/Connection.php(331): mysqli->query()
#1 /var/www/html/sunstone/system/Database/BaseConnection.php(741): CodeIgniter\Database\MySQLi\Connection->execute()
#2 /var/www/html/sunstone/system/Database/BaseConnection.php(669): CodeIgniter\Database\BaseConnection->simpleQuery()
#3 /var/www/html/sunstone/app/Controllers/Home.php(12): CodeIgniter\Database\BaseConnection->query()
#4 /var/www/html/sunstone/system/CodeIgniter.php(924): App\Controllers\Home->index()
#5 /var/www/html/sunstone/system/CodeIgniter.php(410): CodeIgniter\CodeIgniter->runController()
#6 /var/www/html/sunstone/system/CodeIgniter.php(318): CodeIgniter\CodeIgniter->handleRequest()
#7 /var/www/html/sunstone/index.php(46): CodeIgniter\CodeIgniter->run()
#8 {main}
CRITICAL - 2021-02-10 01:10:19 --> Table 'sunstone_backend.packages_points' doesn't exist
#0 /var/www/html/sunstone/system/Database/MySQLi/Connection.php(331): mysqli->query()
#1 /var/www/html/sunstone/system/Database/BaseConnection.php(741): CodeIgniter\Database\MySQLi\Connection->execute()
#2 /var/www/html/sunstone/system/Database/BaseConnection.php(669): CodeIgniter\Database\BaseConnection->simpleQuery()
#3 /var/www/html/sunstone/app/Controllers/Home.php(24): CodeIgniter\Database\BaseConnection->query()
#4 /var/www/html/sunstone/system/CodeIgniter.php(924): App\Controllers\Home->index()
#5 /var/www/html/sunstone/system/CodeIgniter.php(410): CodeIgniter\CodeIgniter->runController()
#6 /var/www/html/sunstone/system/CodeIgniter.php(318): CodeIgniter\CodeIgniter->handleRequest()
#7 /var/www/html/sunstone/index.php(46): CodeIgniter\CodeIgniter->run()
#8 {main}
CRITICAL - 2021-02-10 01:54:13 --> Undefined variable: heading
#0 /var/www/html/sunstone/app/Views/home.php(205): CodeIgniter\Debug\Exceptions->errorHandler()
#1 /var/www/html/sunstone/system/View/View.php(246): include('/var/www/html/s...')
#2 /var/www/html/sunstone/system/Common.php(1119): CodeIgniter\View\View->render()
#3 /var/www/html/sunstone/app/Controllers/Home.php(37): view()
#4 /var/www/html/sunstone/system/CodeIgniter.php(924): App\Controllers\Home->index()
#5 /var/www/html/sunstone/system/CodeIgniter.php(410): CodeIgniter\CodeIgniter->runController()
#6 /var/www/html/sunstone/system/CodeIgniter.php(318): CodeIgniter\CodeIgniter->handleRequest()
#7 /var/www/html/sunstone/index.php(46): CodeIgniter\CodeIgniter->run()
#8 {main}
CRITICAL - 2021-02-10 01:54:57 --> Undefined variable: heading
#0 /var/www/html/sunstone/app/Views/home.php(211): CodeIgniter\Debug\Exceptions->errorHandler()
#1 /var/www/html/sunstone/system/View/View.php(246): include('/var/www/html/s...')
#2 /var/www/html/sunstone/system/Common.php(1119): CodeIgniter\View\View->render()
#3 /var/www/html/sunstone/app/Controllers/Home.php(37): view()
#4 /var/www/html/sunstone/system/CodeIgniter.php(924): App\Controllers\Home->index()
#5 /var/www/html/sunstone/system/CodeIgniter.php(410): CodeIgniter\CodeIgniter->runController()
#6 /var/www/html/sunstone/system/CodeIgniter.php(318): CodeIgniter\CodeIgniter->handleRequest()
#7 /var/www/html/sunstone/index.php(46): CodeIgniter\CodeIgniter->run()
#8 {main}
CRITICAL - 2021-02-10 02:04:16 --> Call to undefined function word_limiter()
#0 /var/www/html/sunstone/system/View/View.php(246): include()
#1 /var/www/html/sunstone/system/Common.php(1119): CodeIgniter\View\View->render()
#2 /var/www/html/sunstone/app/Controllers/Home.php(37): view()
#3 /var/www/html/sunstone/system/CodeIgniter.php(924): App\Controllers\Home->index()
#4 /var/www/html/sunstone/system/CodeIgniter.php(410): CodeIgniter\CodeIgniter->runController()
#5 /var/www/html/sunstone/system/CodeIgniter.php(318): CodeIgniter\CodeIgniter->handleRequest()
#6 /var/www/html/sunstone/index.php(46): CodeIgniter\CodeIgniter->run()
#7 {main}
CRITICAL - 2021-02-10 02:45:18 --> Undefined variable: packages
#0 /var/www/html/sunstone/app/Views/services.php(78): CodeIgniter\Debug\Exceptions->errorHandler()
#1 /var/www/html/sunstone/system/View/View.php(246): include('/var/www/html/s...')
#2 /var/www/html/sunstone/system/Common.php(1119): CodeIgniter\View\View->render()
#3 /var/www/html/sunstone/app/Controllers/Services.php(15): view()
#4 /var/www/html/sunstone/system/CodeIgniter.php(924): App\Controllers\Services->index()
#5 /var/www/html/sunstone/system/CodeIgniter.php(410): CodeIgniter\CodeIgniter->runController()
#6 /var/www/html/sunstone/system/CodeIgniter.php(318): CodeIgniter\CodeIgniter->handleRequest()
#7 /var/www/html/sunstone/index.php(46): CodeIgniter\CodeIgniter->run()
#8 {main}
CRITICAL - 2021-02-10 02:46:25 --> Undefined variable: packages
#0 /var/www/html/sunstone/app/Views/services.php(78): CodeIgniter\Debug\Exceptions->errorHandler()
#1 /var/www/html/sunstone/system/View/View.php(246): include('/var/www/html/s...')
#2 /var/www/html/sunstone/system/Common.php(1119): CodeIgniter\View\View->render()
#3 /var/www/html/sunstone/app/Controllers/Services.php(15): view()
#4 /var/www/html/sunstone/system/CodeIgniter.php(924): App\Controllers\Services->index()
#5 /var/www/html/sunstone/system/CodeIgniter.php(410): CodeIgniter\CodeIgniter->runController()
#6 /var/www/html/sunstone/system/CodeIgniter.php(318): CodeIgniter\CodeIgniter->handleRequest()
#7 /var/www/html/sunstone/index.php(46): CodeIgniter\CodeIgniter->run()
#8 {main}
CRITICAL - 2021-02-10 04:44:21 --> Undefined index: descrpption
#0 /var/www/html/sunstone/app/Views/blogs.php(67): CodeIgniter\Debug\Exceptions->errorHandler()
#1 /var/www/html/sunstone/system/View/View.php(246): include('/var/www/html/s...')
#2 /var/www/html/sunstone/system/Common.php(1119): CodeIgniter\View\View->render()
#3 /var/www/html/sunstone/app/Controllers/Blogs.php(15): view()
#4 /var/www/html/sunstone/system/CodeIgniter.php(924): App\Controllers\Blogs->index()
#5 /var/www/html/sunstone/system/CodeIgniter.php(410): CodeIgniter\CodeIgniter->runController()
#6 /var/www/html/sunstone/system/CodeIgniter.php(318): CodeIgniter\CodeIgniter->handleRequest()
#7 /var/www/html/sunstone/index.php(46): CodeIgniter\CodeIgniter->run()
#8 {main}
CRITICAL - 2021-02-10 04:45:50 --> substr() expects at least 2 parameters, 1 given
#0 [internal function]: CodeIgniter\Debug\Exceptions->errorHandler()
#1 /var/www/html/sunstone/app/Views/blogs.php(67): substr()
#2 /var/www/html/sunstone/system/View/View.php(246): include('/var/www/html/s...')
#3 /var/www/html/sunstone/system/Common.php(1119): CodeIgniter\View\View->render()
#4 /var/www/html/sunstone/app/Controllers/Blogs.php(15): view()
#5 /var/www/html/sunstone/system/CodeIgniter.php(924): App\Controllers\Blogs->index()
#6 /var/www/html/sunstone/system/CodeIgniter.php(410): CodeIgniter\CodeIgniter->runController()
#7 /var/www/html/sunstone/system/CodeIgniter.php(318): CodeIgniter\CodeIgniter->handleRequest()
#8 /var/www/html/sunstone/index.php(46): CodeIgniter\CodeIgniter->run()
#9 {main}
CRITICAL - 2021-02-10 04:56:36 --> Call to undefined function mysqli_realescape_string()
#0 /var/www/html/sunstone/system/View/View.php(246): include()
#1 /var/www/html/sunstone/system/Common.php(1119): CodeIgniter\View\View->render()
#2 /var/www/html/sunstone/app/Controllers/Blogs.php(15): view()
#3 /var/www/html/sunstone/system/CodeIgniter.php(924): App\Controllers\Blogs->index()
#4 /var/www/html/sunstone/system/CodeIgniter.php(410): CodeIgniter\CodeIgniter->runController()
#5 /var/www/html/sunstone/system/CodeIgniter.php(318): CodeIgniter\CodeIgniter->handleRequest()
#6 /var/www/html/sunstone/index.php(46): CodeIgniter\CodeIgniter->run()
#7 {main}
CRITICAL - 2021-02-10 04:56:42 --> Call to undefined function mysqli_realescap_string()
#0 /var/www/html/sunstone/system/View/View.php(246): include()
#1 /var/www/html/sunstone/system/Common.php(1119): CodeIgniter\View\View->render()
#2 /var/www/html/sunstone/app/Controllers/Blogs.php(15): view()
#3 /var/www/html/sunstone/system/CodeIgniter.php(924): App\Controllers\Blogs->index()
#4 /var/www/html/sunstone/system/CodeIgniter.php(410): CodeIgniter\CodeIgniter->runController()
#5 /var/www/html/sunstone/system/CodeIgniter.php(318): CodeIgniter\CodeIgniter->handleRequest()
#6 /var/www/html/sunstone/index.php(46): CodeIgniter\CodeIgniter->run()
#7 {main}
CRITICAL - 2021-02-10 05:14:21 --> Undefined index: cateogory
#0 /var/www/html/sunstone/app/Views/portfolios.php(65): CodeIgniter\Debug\Exceptions->errorHandler()
#1 /var/www/html/sunstone/system/View/View.php(246): include('/var/www/html/s...')
#2 /var/www/html/sunstone/system/Common.php(1119): CodeIgniter\View\View->render()
#3 /var/www/html/sunstone/app/Controllers/Portfolios.php(14): view()
#4 /var/www/html/sunstone/system/CodeIgniter.php(924): App\Controllers\Portfolios->index()
#5 /var/www/html/sunstone/system/CodeIgniter.php(410): CodeIgniter\CodeIgniter->runController()
#6 /var/www/html/sunstone/system/CodeIgniter.php(318): CodeIgniter\CodeIgniter->handleRequest()
#7 /var/www/html/sunstone/index.php(46): CodeIgniter\CodeIgniter->run()
#8 {main}
CRITICAL - 2021-02-10 05:23:35 --> syntax error, unexpected '0' (T_LNUMBER), expecting ')'
#0 /var/www/html/sunstone/system/Common.php(1119): CodeIgniter\View\View->render()
#1 /var/www/html/sunstone/app/Controllers/Portfolios.php(14): view()
#2 /var/www/html/sunstone/system/CodeIgniter.php(924): App\Controllers\Portfolios->index()
#3 /var/www/html/sunstone/system/CodeIgniter.php(410): CodeIgniter\CodeIgniter->runController()
#4 /var/www/html/sunstone/system/CodeIgniter.php(318): CodeIgniter\CodeIgniter->handleRequest()
#5 /var/www/html/sunstone/index.php(46): CodeIgniter\CodeIgniter->run()
#6 {main}
CRITICAL - 2021-02-10 05:32:49 --> Call to undefined function sub_str()
#0 /var/www/html/sunstone/system/View/View.php(246): include()
#1 /var/www/html/sunstone/system/Common.php(1119): CodeIgniter\View\View->render()
#2 /var/www/html/sunstone/app/Controllers/Portfolios.php(14): view()
#3 /var/www/html/sunstone/system/CodeIgniter.php(924): App\Controllers\Portfolios->index()
#4 /var/www/html/sunstone/system/CodeIgniter.php(410): CodeIgniter\CodeIgniter->runController()
#5 /var/www/html/sunstone/system/CodeIgniter.php(318): CodeIgniter\CodeIgniter->handleRequest()
#6 /var/www/html/sunstone/index.php(46): CodeIgniter\CodeIgniter->run()
#7 {main}
CRITICAL - 2021-02-10 05:41:56 --> Invalid file: {0}
#0 /var/www/html/sunstone/system/View/View.php(228): CodeIgniter\Exceptions\FrameworkException::forInvalidFile()
#1 /var/www/html/sunstone/system/Common.php(1119): CodeIgniter\View\View->render()
#2 /var/www/html/sunstone/app/Controllers/Blogs.php(31): view()
#3 /var/www/html/sunstone/system/CodeIgniter.php(924): App\Controllers\Blogs->blog_detail()
#4 /var/www/html/sunstone/system/CodeIgniter.php(410): CodeIgniter\CodeIgniter->runController()
#5 /var/www/html/sunstone/system/CodeIgniter.php(318): CodeIgniter\CodeIgniter->handleRequest()
#6 /var/www/html/sunstone/index.php(46): CodeIgniter\CodeIgniter->run()
#7 {main}
CRITICAL - 2021-02-10 05:43:38 --> Invalid file: {0}
#0 /var/www/html/sunstone/system/View/View.php(228): CodeIgniter\Exceptions\FrameworkException::forInvalidFile()
#1 /var/www/html/sunstone/system/Common.php(1119): CodeIgniter\View\View->render()
#2 /var/www/html/sunstone/app/Controllers/Blogs.php(31): view()
#3 /var/www/html/sunstone/system/CodeIgniter.php(924): App\Controllers\Blogs->blog_detail()
#4 /var/www/html/sunstone/system/CodeIgniter.php(410): CodeIgniter\CodeIgniter->runController()
#5 /var/www/html/sunstone/system/CodeIgniter.php(318): CodeIgniter\CodeIgniter->handleRequest()
#6 /var/www/html/sunstone/index.php(46): CodeIgniter\CodeIgniter->run()
#7 {main}
CRITICAL - 2021-02-10 05:43:47 --> Invalid file: {0}
#0 /var/www/html/sunstone/system/View/View.php(228): CodeIgniter\Exceptions\FrameworkException::forInvalidFile()
#1 /var/www/html/sunstone/system/Common.php(1119): CodeIgniter\View\View->render()
#2 /var/www/html/sunstone/app/Controllers/Blogs.php(31): view()
#3 /var/www/html/sunstone/system/CodeIgniter.php(924): App\Controllers\Blogs->blog_detail()
#4 /var/www/html/sunstone/system/CodeIgniter.php(410): CodeIgniter\CodeIgniter->runController()
#5 /var/www/html/sunstone/system/CodeIgniter.php(318): CodeIgniter\CodeIgniter->handleRequest()
#6 /var/www/html/sunstone/index.php(46): CodeIgniter\CodeIgniter->run()
#7 {main}
CRITICAL - 2021-02-10 05:44:05 --> syntax error, unexpected ')', expecting ';' or ','
#0 /var/www/html/sunstone/system/Common.php(1119): CodeIgniter\View\View->render()
#1 /var/www/html/sunstone/app/Controllers/Blogs.php(31): view()
#2 /var/www/html/sunstone/system/CodeIgniter.php(924): App\Controllers\Blogs->blog_detail()
#3 /var/www/html/sunstone/system/CodeIgniter.php(410): CodeIgniter\CodeIgniter->runController()
#4 /var/www/html/sunstone/system/CodeIgniter.php(318): CodeIgniter\CodeIgniter->handleRequest()
#5 /var/www/html/sunstone/index.php(46): CodeIgniter\CodeIgniter->run()
#6 {main}
CRITICAL - 2021-02-10 05:44:19 --> Illegal string offset 'title'
#0 /var/www/html/sunstone/app/Views/blog_detail.php(51): CodeIgniter\Debug\Exceptions->errorHandler()
#1 /var/www/html/sunstone/system/View/View.php(246): include('/var/www/html/s...')
#2 /var/www/html/sunstone/system/Common.php(1119): CodeIgniter\View\View->render()
#3 /var/www/html/sunstone/app/Controllers/Blogs.php(31): view()
#4 /var/www/html/sunstone/system/CodeIgniter.php(924): App\Controllers\Blogs->blog_detail()
#5 /var/www/html/sunstone/system/CodeIgniter.php(410): CodeIgniter\CodeIgniter->runController()
#6 /var/www/html/sunstone/system/CodeIgniter.php(318): CodeIgniter\CodeIgniter->handleRequest()
#7 /var/www/html/sunstone/index.php(46): CodeIgniter\CodeIgniter->run()
#8 {main}
CRITICAL - 2021-02-10 05:44:50 --> Illegal string offset 'title'
#0 /var/www/html/sunstone/app/Views/blog_detail.php(51): CodeIgniter\Debug\Exceptions->errorHandler()
#1 /var/www/html/sunstone/system/View/View.php(246): include('/var/www/html/s...')
#2 /var/www/html/sunstone/system/Common.php(1119): CodeIgniter\View\View->render()
#3 /var/www/html/sunstone/app/Controllers/Blogs.php(31): view()
#4 /var/www/html/sunstone/system/CodeIgniter.php(924): App\Controllers\Blogs->blog_detail()
#5 /var/www/html/sunstone/system/CodeIgniter.php(410): CodeIgniter\CodeIgniter->runController()
#6 /var/www/html/sunstone/system/CodeIgniter.php(318): CodeIgniter\CodeIgniter->handleRequest()
#7 /var/www/html/sunstone/index.php(46): CodeIgniter\CodeIgniter->run()
#8 {main}
CRITICAL - 2021-02-10 05:45:46 --> Illegal string offset 'title'
#0 /var/www/html/sunstone/app/Views/blog_detail.php(54): CodeIgniter\Debug\Exceptions->errorHandler()
#1 /var/www/html/sunstone/system/View/View.php(246): include('/var/www/html/s...')
#2 /var/www/html/sunstone/system/Common.php(1119): CodeIgniter\View\View->render()
#3 /var/www/html/sunstone/app/Controllers/Blogs.php(31): view()
#4 /var/www/html/sunstone/system/CodeIgniter.php(924): App\Controllers\Blogs->blog_detail()
#5 /var/www/html/sunstone/system/CodeIgniter.php(410): CodeIgniter\CodeIgniter->runController()
#6 /var/www/html/sunstone/system/CodeIgniter.php(318): CodeIgniter\CodeIgniter->handleRequest()
#7 /var/www/html/sunstone/index.php(46): CodeIgniter\CodeIgniter->run()
#8 {main}
CRITICAL - 2021-02-10 06:09:52 --> Undefined variable: portfolios
#0 /var/www/html/sunstone/app/Views/blog_detail.php(90): CodeIgniter\Debug\Exceptions->errorHandler()
#1 /var/www/html/sunstone/system/View/View.php(246): include('/var/www/html/s...')
#2 /var/www/html/sunstone/system/Common.php(1119): CodeIgniter\View\View->render()
#3 /var/www/html/sunstone/app/Controllers/Blogs.php(31): view()
#4 /var/www/html/sunstone/system/CodeIgniter.php(924): App\Controllers\Blogs->blog_detail()
#5 /var/www/html/sunstone/system/CodeIgniter.php(410): CodeIgniter\CodeIgniter->runController()
#6 /var/www/html/sunstone/system/CodeIgniter.php(318): CodeIgniter\CodeIgniter->handleRequest()
#7 /var/www/html/sunstone/index.php(46): CodeIgniter\CodeIgniter->run()
#8 {main}
CRITICAL - 2021-02-10 06:17:27 --> Undefined variable: db
#0 /var/www/html/sunstone/app/Controllers/Aboutus.php(9): CodeIgniter\Debug\Exceptions->errorHandler()
#1 /var/www/html/sunstone/system/CodeIgniter.php(924): App\Controllers\Aboutus->index()
#2 /var/www/html/sunstone/system/CodeIgniter.php(410): CodeIgniter\CodeIgniter->runController()
#3 /var/www/html/sunstone/system/CodeIgniter.php(318): CodeIgniter\CodeIgniter->handleRequest()
#4 /var/www/html/sunstone/index.php(46): CodeIgniter\CodeIgniter->run()
#5 {main}
CRITICAL - 2021-02-10 06:24:39 --> Call to undefined function split_tags()
#0 /var/www/html/sunstone/system/View/View.php(246): include()
#1 /var/www/html/sunstone/system/Common.php(1119): CodeIgniter\View\View->render()
#2 /var/www/html/sunstone/app/Controllers/Home.php(37): view()
#3 /var/www/html/sunstone/system/CodeIgniter.php(924): App\Controllers\Home->index()
#4 /var/www/html/sunstone/system/CodeIgniter.php(410): CodeIgniter\CodeIgniter->runController()
#5 /var/www/html/sunstone/system/CodeIgniter.php(318): CodeIgniter\CodeIgniter->handleRequest()
#6 /var/www/html/sunstone/index.php(46): CodeIgniter\CodeIgniter->run()
#7 {main}
CRITICAL - 2021-02-10 06:24:42 --> Call to undefined function split_tag()
#0 /var/www/html/sunstone/system/View/View.php(246): include()
#1 /var/www/html/sunstone/system/Common.php(1119): CodeIgniter\View\View->render()
#2 /var/www/html/sunstone/app/Controllers/Home.php(37): view()
#3 /var/www/html/sunstone/system/CodeIgniter.php(924): App\Controllers\Home->index()
#4 /var/www/html/sunstone/system/CodeIgniter.php(410): CodeIgniter\CodeIgniter->runController()
#5 /var/www/html/sunstone/system/CodeIgniter.php(318): CodeIgniter\CodeIgniter->handleRequest()
#6 /var/www/html/sunstone/index.php(46): CodeIgniter\CodeIgniter->run()
#7 {main}
CRITICAL - 2021-02-10 06:27:23 --> Table 'sunstone_backend.portfolios' doesn't exist
#0 /var/www/html/sunstone/system/Database/MySQLi/Connection.php(331): mysqli->query()
#1 /var/www/html/sunstone/system/Database/BaseConnection.php(741): CodeIgniter\Database\MySQLi\Connection->execute()
#2 /var/www/html/sunstone/system/Database/BaseConnection.php(669): CodeIgniter\Database\BaseConnection->simpleQuery()
#3 /var/www/html/sunstone/app/Controllers/Services.php(15): CodeIgniter\Database\BaseConnection->query()
#4 /var/www/html/sunstone/system/CodeIgniter.php(924): App\Controllers\Services->index()
#5 /var/www/html/sunstone/system/CodeIgniter.php(410): CodeIgniter\CodeIgniter->runController()
#6 /var/www/html/sunstone/system/CodeIgniter.php(318): CodeIgniter\CodeIgniter->handleRequest()
#7 /var/www/html/sunstone/index.php(46): CodeIgniter\CodeIgniter->run()
#8 {main}
CRITICAL - 2021-02-10 06:39:39 --> Undefined variable: db
#0 /var/www/html/sunstone/app/Controllers/FAQs.php(9): CodeIgniter\Debug\Exceptions->errorHandler()
#1 /var/www/html/sunstone/system/CodeIgniter.php(924): App\Controllers\FAQs->index()
#2 /var/www/html/sunstone/system/CodeIgniter.php(410): CodeIgniter\CodeIgniter->runController()
#3 /var/www/html/sunstone/system/CodeIgniter.php(318): CodeIgniter\CodeIgniter->handleRequest()
#4 /var/www/html/sunstone/index.php(46): CodeIgniter\CodeIgniter->run()
#5 {main}
CRITICAL - 2021-02-10 07:17:02 --> Call to undefined function get_section()
#0 /var/www/html/sunstone/system/View/View.php(246): include()
#1 /var/www/html/sunstone/system/Common.php(1119): CodeIgniter\View\View->render()
#2 /var/www/html/sunstone/app/Controllers/Aboutus.php(12): view()
#3 /var/www/html/sunstone/system/CodeIgniter.php(924): App\Controllers\Aboutus->index()
#4 /var/www/html/sunstone/system/CodeIgniter.php(410): CodeIgniter\CodeIgniter->runController()
#5 /var/www/html/sunstone/system/CodeIgniter.php(318): CodeIgniter\CodeIgniter->handleRequest()
#6 /var/www/html/sunstone/index.php(46): CodeIgniter\CodeIgniter->run()
#7 {main}
CRITICAL - 2021-02-10 07:17:10 --> Call to undefined function get_section()
#0 /var/www/html/sunstone/system/View/View.php(246): include()
#1 /var/www/html/sunstone/system/Common.php(1119): CodeIgniter\View\View->render()
#2 /var/www/html/sunstone/app/Controllers/Aboutus.php(12): view()
#3 /var/www/html/sunstone/system/CodeIgniter.php(924): App\Controllers\Aboutus->index()
#4 /var/www/html/sunstone/system/CodeIgniter.php(410): CodeIgniter\CodeIgniter->runController()
#5 /var/www/html/sunstone/system/CodeIgniter.php(318): CodeIgniter\CodeIgniter->handleRequest()
#6 /var/www/html/sunstone/index.php(46): CodeIgniter\CodeIgniter->run()
#7 {main}
CRITICAL - 2021-02-10 07:17:32 --> Call to undefined function get_section()
#0 /var/www/html/sunstone/system/View/View.php(246): include()
#1 /var/www/html/sunstone/system/Common.php(1119): CodeIgniter\View\View->render()
#2 /var/www/html/sunstone/app/Controllers/Aboutus.php(13): view()
#3 /var/www/html/sunstone/system/CodeIgniter.php(924): App\Controllers\Aboutus->index()
#4 /var/www/html/sunstone/system/CodeIgniter.php(410): CodeIgniter\CodeIgniter->runController()
#5 /var/www/html/sunstone/system/CodeIgniter.php(318): CodeIgniter\CodeIgniter->handleRequest()
#6 /var/www/html/sunstone/index.php(46): CodeIgniter\CodeIgniter->run()
#7 {main}
CRITICAL - 2021-02-10 07:17:48 --> Call to undefined function get_section()
#0 /var/www/html/sunstone/system/View/View.php(246): include()
#1 /var/www/html/sunstone/system/Common.php(1119): CodeIgniter\View\View->render()
#2 /var/www/html/sunstone/app/Controllers/Aboutus.php(13): view()
#3 /var/www/html/sunstone/system/CodeIgniter.php(924): App\Controllers\Aboutus->index()
#4 /var/www/html/sunstone/system/CodeIgniter.php(410): CodeIgniter\CodeIgniter->runController()
#5 /var/www/html/sunstone/system/CodeIgniter.php(318): CodeIgniter\CodeIgniter->handleRequest()
#6 /var/www/html/sunstone/index.php(46): CodeIgniter\CodeIgniter->run()
#7 {main}
CRITICAL - 2021-02-10 07:18:26 --> Call to undefined function get_section()
#0 /var/www/html/sunstone/system/View/View.php(246): include()
#1 /var/www/html/sunstone/system/Common.php(1119): CodeIgniter\View\View->render()
#2 /var/www/html/sunstone/app/Controllers/Aboutus.php(13): view()
#3 /var/www/html/sunstone/system/CodeIgniter.php(924): App\Controllers\Aboutus->index()
#4 /var/www/html/sunstone/system/CodeIgniter.php(410): CodeIgniter\CodeIgniter->runController()
#5 /var/www/html/sunstone/system/CodeIgniter.php(318): CodeIgniter\CodeIgniter->handleRequest()
#6 /var/www/html/sunstone/index.php(46): CodeIgniter\CodeIgniter->run()
#7 {main}
CRITICAL - 2021-02-10 07:18:28 --> Call to undefined function get_section()
#0 /var/www/html/sunstone/system/View/View.php(246): include()
#1 /var/www/html/sunstone/system/Common.php(1119): CodeIgniter\View\View->render()
#2 /var/www/html/sunstone/app/Controllers/Aboutus.php(13): view()
#3 /var/www/html/sunstone/system/CodeIgniter.php(924): App\Controllers\Aboutus->index()
#4 /var/www/html/sunstone/system/CodeIgniter.php(410): CodeIgniter\CodeIgniter->runController()
#5 /var/www/html/sunstone/system/CodeIgniter.php(318): CodeIgniter\CodeIgniter->handleRequest()
#6 /var/www/html/sunstone/index.php(46): CodeIgniter\CodeIgniter->run()
#7 {main}
CRITICAL - 2021-02-10 07:18:28 --> Call to undefined function get_section()
#0 /var/www/html/sunstone/system/View/View.php(246): include()
#1 /var/www/html/sunstone/system/Common.php(1119): CodeIgniter\View\View->render()
#2 /var/www/html/sunstone/app/Controllers/Aboutus.php(13): view()
#3 /var/www/html/sunstone/system/CodeIgniter.php(924): App\Controllers\Aboutus->index()
#4 /var/www/html/sunstone/system/CodeIgniter.php(410): CodeIgniter\CodeIgniter->runController()
#5 /var/www/html/sunstone/system/CodeIgniter.php(318): CodeIgniter\CodeIgniter->handleRequest()
#6 /var/www/html/sunstone/index.php(46): CodeIgniter\CodeIgniter->run()
#7 {main}
CRITICAL - 2021-02-10 07:18:29 --> Call to undefined function get_section()
#0 /var/www/html/sunstone/system/View/View.php(246): include()
#1 /var/www/html/sunstone/system/Common.php(1119): CodeIgniter\View\View->render()
#2 /var/www/html/sunstone/app/Controllers/Aboutus.php(13): view()
#3 /var/www/html/sunstone/system/CodeIgniter.php(924): App\Controllers\Aboutus->index()
#4 /var/www/html/sunstone/system/CodeIgniter.php(410): CodeIgniter\CodeIgniter->runController()
#5 /var/www/html/sunstone/system/CodeIgniter.php(318): CodeIgniter\CodeIgniter->handleRequest()
#6 /var/www/html/sunstone/index.php(46): CodeIgniter\CodeIgniter->run()
#7 {main}
CRITICAL - 2021-02-10 07:18:38 --> Call to undefined function get_section()
#0 /var/www/html/sunstone/system/View/View.php(246): include()
#1 /var/www/html/sunstone/system/Common.php(1119): CodeIgniter\View\View->render()
#2 /var/www/html/sunstone/app/Controllers/Aboutus.php(13): view()
#3 /var/www/html/sunstone/system/CodeIgniter.php(924): App\Controllers\Aboutus->index()
#4 /var/www/html/sunstone/system/CodeIgniter.php(410): CodeIgniter\CodeIgniter->runController()
#5 /var/www/html/sunstone/system/CodeIgniter.php(318): CodeIgniter\CodeIgniter->handleRequest()
#6 /var/www/html/sunstone/index.php(46): CodeIgniter\CodeIgniter->run()
#7 {main}
CRITICAL - 2021-02-10 07:18:46 --> Call to undefined function get_section()
#0 /var/www/html/sunstone/system/View/View.php(246): include()
#1 /var/www/html/sunstone/system/Common.php(1119): CodeIgniter\View\View->render()
#2 /var/www/html/sunstone/app/Controllers/Aboutus.php(13): view()
#3 /var/www/html/sunstone/system/CodeIgniter.php(924): App\Controllers\Aboutus->index()
#4 /var/www/html/sunstone/system/CodeIgniter.php(410): CodeIgniter\CodeIgniter->runController()
#5 /var/www/html/sunstone/system/CodeIgniter.php(318): CodeIgniter\CodeIgniter->handleRequest()
#6 /var/www/html/sunstone/index.php(46): CodeIgniter\CodeIgniter->run()
#7 {main}
CRITICAL - 2021-02-10 07:19:35 --> Call to undefined function get_section()
#0 /var/www/html/sunstone/system/View/View.php(246): include()
#1 /var/www/html/sunstone/system/Common.php(1119): CodeIgniter\View\View->render()
#2 /var/www/html/sunstone/app/Controllers/Aboutus.php(13): view()
#3 /var/www/html/sunstone/system/CodeIgniter.php(924): App\Controllers\Aboutus->index()
#4 /var/www/html/sunstone/system/CodeIgniter.php(410): CodeIgniter\CodeIgniter->runController()
#5 /var/www/html/sunstone/system/CodeIgniter.php(318): CodeIgniter\CodeIgniter->handleRequest()
#6 /var/www/html/sunstone/index.php(46): CodeIgniter\CodeIgniter->run()
#7 {main}
CRITICAL - 2021-02-10 07:20:00 --> Call to undefined function get_section()
#0 /var/www/html/sunstone/system/View/View.php(246): include()
#1 /var/www/html/sunstone/system/Common.php(1119): CodeIgniter\View\View->render()
#2 /var/www/html/sunstone/app/Controllers/Aboutus.php(13): view()
#3 /var/www/html/sunstone/system/CodeIgniter.php(924): App\Controllers\Aboutus->index()
#4 /var/www/html/sunstone/system/CodeIgniter.php(410): CodeIgniter\CodeIgniter->runController()
#5 /var/www/html/sunstone/system/CodeIgniter.php(318): CodeIgniter\CodeIgniter->handleRequest()
#6 /var/www/html/sunstone/index.php(46): CodeIgniter\CodeIgniter->run()
#7 {main}
CRITICAL - 2021-02-10 07:20:01 --> Call to undefined function get_section()
#0 /var/www/html/sunstone/system/View/View.php(246): include()
#1 /var/www/html/sunstone/system/Common.php(1119): CodeIgniter\View\View->render()
#2 /var/www/html/sunstone/app/Controllers/Aboutus.php(13): view()
#3 /var/www/html/sunstone/system/CodeIgniter.php(924): App\Controllers\Aboutus->index()
#4 /var/www/html/sunstone/system/CodeIgniter.php(410): CodeIgniter\CodeIgniter->runController()
#5 /var/www/html/sunstone/system/CodeIgniter.php(318): CodeIgniter\CodeIgniter->handleRequest()
#6 /var/www/html/sunstone/index.php(46): CodeIgniter\CodeIgniter->run()
#7 {main}
CRITICAL - 2021-02-10 07:21:50 --> Call to undefined function get_section()
#0 /var/www/html/sunstone/system/View/View.php(246): include()
#1 /var/www/html/sunstone/system/Common.php(1119): CodeIgniter\View\View->render()
#2 /var/www/html/sunstone/app/Controllers/Aboutus.php(13): view()
#3 /var/www/html/sunstone/system/CodeIgniter.php(924): App\Controllers\Aboutus->index()
#4 /var/www/html/sunstone/system/CodeIgniter.php(410): CodeIgniter\CodeIgniter->runController()
#5 /var/www/html/sunstone/system/CodeIgniter.php(318): CodeIgniter\CodeIgniter->handleRequest()
#6 /var/www/html/sunstone/index.php(46): CodeIgniter\CodeIgniter->run()
#7 {main}
CRITICAL - 2021-02-10 07:21:52 --> Call to undefined function get_section()
#0 /var/www/html/sunstone/system/View/View.php(246): include()
#1 /var/www/html/sunstone/system/Common.php(1119): CodeIgniter\View\View->render()
#2 /var/www/html/sunstone/app/Controllers/Aboutus.php(13): view()
#3 /var/www/html/sunstone/system/CodeIgniter.php(924): App\Controllers\Aboutus->index()
#4 /var/www/html/sunstone/system/CodeIgniter.php(410): CodeIgniter\CodeIgniter->runController()
#5 /var/www/html/sunstone/system/CodeIgniter.php(318): CodeIgniter\CodeIgniter->handleRequest()
#6 /var/www/html/sunstone/index.php(46): CodeIgniter\CodeIgniter->run()
#7 {main}
CRITICAL - 2021-02-10 07:21:52 --> Call to undefined function get_section()
#0 /var/www/html/sunstone/system/View/View.php(246): include()
#1 /var/www/html/sunstone/system/Common.php(1119): CodeIgniter\View\View->render()
#2 /var/www/html/sunstone/app/Controllers/Aboutus.php(13): view()
#3 /var/www/html/sunstone/system/CodeIgniter.php(924): App\Controllers\Aboutus->index()
#4 /var/www/html/sunstone/system/CodeIgniter.php(410): CodeIgniter\CodeIgniter->runController()
#5 /var/www/html/sunstone/system/CodeIgniter.php(318): CodeIgniter\CodeIgniter->handleRequest()
#6 /var/www/html/sunstone/index.php(46): CodeIgniter\CodeIgniter->run()
#7 {main}
CRITICAL - 2021-02-10 07:22:04 --> Call to undefined function get_section()
#0 /var/www/html/sunstone/system/View/View.php(246): include()
#1 /var/www/html/sunstone/system/Common.php(1119): CodeIgniter\View\View->render()
#2 /var/www/html/sunstone/app/Controllers/Aboutus.php(13): view()
#3 /var/www/html/sunstone/system/CodeIgniter.php(924): App\Controllers\Aboutus->index()
#4 /var/www/html/sunstone/system/CodeIgniter.php(410): CodeIgniter\CodeIgniter->runController()
#5 /var/www/html/sunstone/system/CodeIgniter.php(318): CodeIgniter\CodeIgniter->handleRequest()
#6 /var/www/html/sunstone/index.php(46): CodeIgniter\CodeIgniter->run()
#7 {main}
CRITICAL - 2021-02-10 07:22:29 --> Call to undefined function get_section()
#0 /var/www/html/sunstone/system/View/View.php(246): include()
#1 /var/www/html/sunstone/system/Common.php(1119): CodeIgniter\View\View->render()
#2 /var/www/html/sunstone/app/Controllers/Aboutus.php(13): view()
#3 /var/www/html/sunstone/system/CodeIgniter.php(924): App\Controllers\Aboutus->index()
#4 /var/www/html/sunstone/system/CodeIgniter.php(410): CodeIgniter\CodeIgniter->runController()
#5 /var/www/html/sunstone/system/CodeIgniter.php(318): CodeIgniter\CodeIgniter->handleRequest()
#6 /var/www/html/sunstone/index.php(46): CodeIgniter\CodeIgniter->run()
#7 {main}
CRITICAL - 2021-02-10 07:22:29 --> Call to undefined function get_section()
#0 /var/www/html/sunstone/system/View/View.php(246): include()
#1 /var/www/html/sunstone/system/Common.php(1119): CodeIgniter\View\View->render()
#2 /var/www/html/sunstone/app/Controllers/Aboutus.php(13): view()
#3 /var/www/html/sunstone/system/CodeIgniter.php(924): App\Controllers\Aboutus->index()
#4 /var/www/html/sunstone/system/CodeIgniter.php(410): CodeIgniter\CodeIgniter->runController()
#5 /var/www/html/sunstone/system/CodeIgniter.php(318): CodeIgniter\CodeIgniter->handleRequest()
#6 /var/www/html/sunstone/index.php(46): CodeIgniter\CodeIgniter->run()
#7 {main}
CRITICAL - 2021-02-10 07:22:29 --> Call to undefined function get_section()
#0 /var/www/html/sunstone/system/View/View.php(246): include()
#1 /var/www/html/sunstone/system/Common.php(1119): CodeIgniter\View\View->render()
#2 /var/www/html/sunstone/app/Controllers/Aboutus.php(13): view()
#3 /var/www/html/sunstone/system/CodeIgniter.php(924): App\Controllers\Aboutus->index()
#4 /var/www/html/sunstone/system/CodeIgniter.php(410): CodeIgniter\CodeIgniter->runController()
#5 /var/www/html/sunstone/system/CodeIgniter.php(318): CodeIgniter\CodeIgniter->handleRequest()
#6 /var/www/html/sunstone/index.php(46): CodeIgniter\CodeIgniter->run()
#7 {main}
CRITICAL - 2021-02-10 07:23:29 --> Call to undefined function get_section()
#0 /var/www/html/sunstone/system/View/View.php(246): include()
#1 /var/www/html/sunstone/system/Common.php(1119): CodeIgniter\View\View->render()
#2 /var/www/html/sunstone/app/Controllers/Aboutus.php(23): view()
#3 /var/www/html/sunstone/system/CodeIgniter.php(924): App\Controllers\Aboutus->index()
#4 /var/www/html/sunstone/system/CodeIgniter.php(410): CodeIgniter\CodeIgniter->runController()
#5 /var/www/html/sunstone/system/CodeIgniter.php(318): CodeIgniter\CodeIgniter->handleRequest()
#6 /var/www/html/sunstone/index.php(46): CodeIgniter\CodeIgniter->run()
#7 {main}
CRITICAL - 2021-02-10 07:23:36 --> syntax error, unexpected 'protected' (T_PROTECTED)
#0 /var/www/html/sunstone/system/Router/Router.php(195): CodeIgniter\Router\Router->autoRoute()
#1 /var/www/html/sunstone/system/CodeIgniter.php(799): CodeIgniter\Router\Router->handle()
#2 /var/www/html/sunstone/system/CodeIgniter.php(370): CodeIgniter\CodeIgniter->tryToRouteIt()
#3 /var/www/html/sunstone/system/CodeIgniter.php(318): CodeIgniter\CodeIgniter->handleRequest()
#4 /var/www/html/sunstone/index.php(46): CodeIgniter\CodeIgniter->run()
#5 {main}
CRITICAL - 2021-02-10 07:25:58 --> Call to undefined function get_section()
#0 /var/www/html/sunstone/system/View/View.php(246): include()
#1 /var/www/html/sunstone/system/Common.php(1119): CodeIgniter\View\View->render()
#2 /var/www/html/sunstone/app/Controllers/Aboutus.php(16): view()
#3 /var/www/html/sunstone/system/CodeIgniter.php(924): App\Controllers\Aboutus->index()
#4 /var/www/html/sunstone/system/CodeIgniter.php(410): CodeIgniter\CodeIgniter->runController()
#5 /var/www/html/sunstone/system/CodeIgniter.php(318): CodeIgniter\CodeIgniter->handleRequest()
#6 /var/www/html/sunstone/index.php(46): CodeIgniter\CodeIgniter->run()
#7 {main}
CRITICAL - 2021-02-10 07:26:06 --> Call to undefined function get_section()
#0 /var/www/html/sunstone/system/View/View.php(246): include()
#1 /var/www/html/sunstone/system/Common.php(1119): CodeIgniter\View\View->render()
#2 /var/www/html/sunstone/app/Controllers/Aboutus.php(16): view()
#3 /var/www/html/sunstone/system/CodeIgniter.php(924): App\Controllers\Aboutus->index()
#4 /var/www/html/sunstone/system/CodeIgniter.php(410): CodeIgniter\CodeIgniter->runController()
#5 /var/www/html/sunstone/system/CodeIgniter.php(318): CodeIgniter\CodeIgniter->handleRequest()
#6 /var/www/html/sunstone/index.php(46): CodeIgniter\CodeIgniter->run()
#7 {main}
CRITICAL - 2021-02-10 07:26:34 --> Call to undefined function get_section()
#0 /var/www/html/sunstone/system/View/View.php(246): include()
#1 /var/www/html/sunstone/system/Common.php(1119): CodeIgniter\View\View->render()
#2 /var/www/html/sunstone/app/Controllers/Aboutus.php(16): view()
#3 /var/www/html/sunstone/system/CodeIgniter.php(924): App\Controllers\Aboutus->index()
#4 /var/www/html/sunstone/system/CodeIgniter.php(410): CodeIgniter\CodeIgniter->runController()
#5 /var/www/html/sunstone/system/CodeIgniter.php(318): CodeIgniter\CodeIgniter->handleRequest()
#6 /var/www/html/sunstone/index.php(46): CodeIgniter\CodeIgniter->run()
#7 {main}
CRITICAL - 2021-02-10 07:26:43 --> syntax error, unexpected '}', expecting end of file
#0 /var/www/html/sunstone/app/Controllers/Aboutus.php(11): helper()
#1 /var/www/html/sunstone/system/CodeIgniter.php(924): App\Controllers\Aboutus->index()
#2 /var/www/html/sunstone/system/CodeIgniter.php(410): CodeIgniter\CodeIgniter->runController()
#3 /var/www/html/sunstone/system/CodeIgniter.php(318): CodeIgniter\CodeIgniter->handleRequest()
#4 /var/www/html/sunstone/index.php(46): CodeIgniter\CodeIgniter->run()
#5 {main}
CRITICAL - 2021-02-10 07:26:54 --> Array to string conversion
#0 /var/www/html/sunstone/app/Views/about_us.php(47): CodeIgniter\Debug\Exceptions->errorHandler()
#1 /var/www/html/sunstone/system/View/View.php(246): include('/var/www/html/s...')
#2 /var/www/html/sunstone/system/Common.php(1119): CodeIgniter\View\View->render()
#3 /var/www/html/sunstone/app/Controllers/Aboutus.php(16): view()
#4 /var/www/html/sunstone/system/CodeIgniter.php(924): App\Controllers\Aboutus->index()
#5 /var/www/html/sunstone/system/CodeIgniter.php(410): CodeIgniter\CodeIgniter->runController()
#6 /var/www/html/sunstone/system/CodeIgniter.php(318): CodeIgniter\CodeIgniter->handleRequest()
#7 /var/www/html/sunstone/index.php(46): CodeIgniter\CodeIgniter->run()
#8 {main}
CRITICAL - 2021-02-10 07:27:14 --> Array to string conversion
#0 /var/www/html/sunstone/app/Views/about_us.php(47): CodeIgniter\Debug\Exceptions->errorHandler()
#1 /var/www/html/sunstone/system/View/View.php(246): include('/var/www/html/s...')
#2 /var/www/html/sunstone/system/Common.php(1119): CodeIgniter\View\View->render()
#3 /var/www/html/sunstone/app/Controllers/Aboutus.php(16): view()
#4 /var/www/html/sunstone/system/CodeIgniter.php(924): App\Controllers\Aboutus->index()
#5 /var/www/html/sunstone/system/CodeIgniter.php(410): CodeIgniter\CodeIgniter->runController()
#6 /var/www/html/sunstone/system/CodeIgniter.php(318): CodeIgniter\CodeIgniter->handleRequest()
#7 /var/www/html/sunstone/index.php(46): CodeIgniter\CodeIgniter->run()
#8 {main}
CRITICAL - 2021-02-10 07:27:22 --> Array to string conversion
#0 /var/www/html/sunstone/app/Views/about_us.php(47): CodeIgniter\Debug\Exceptions->errorHandler()
#1 /var/www/html/sunstone/system/View/View.php(246): include('/var/www/html/s...')
#2 /var/www/html/sunstone/system/Common.php(1119): CodeIgniter\View\View->render()
#3 /var/www/html/sunstone/app/Controllers/Aboutus.php(16): view()
#4 /var/www/html/sunstone/system/CodeIgniter.php(924): App\Controllers\Aboutus->index()
#5 /var/www/html/sunstone/system/CodeIgniter.php(410): CodeIgniter\CodeIgniter->runController()
#6 /var/www/html/sunstone/system/CodeIgniter.php(318): CodeIgniter\CodeIgniter->handleRequest()
#7 /var/www/html/sunstone/index.php(46): CodeIgniter\CodeIgniter->run()
#8 {main}
CRITICAL - 2021-02-10 07:29:09 --> Call to undefined function get_section()
#0 /var/www/html/sunstone/system/View/View.php(246): include()
#1 /var/www/html/sunstone/system/Common.php(1119): CodeIgniter\View\View->render()
#2 /var/www/html/sunstone/app/Controllers/Aboutus.php(16): view()
#3 /var/www/html/sunstone/system/CodeIgniter.php(924): App\Controllers\Aboutus->index()
#4 /var/www/html/sunstone/system/CodeIgniter.php(410): CodeIgniter\CodeIgniter->runController()
#5 /var/www/html/sunstone/system/CodeIgniter.php(318): CodeIgniter\CodeIgniter->handleRequest()
#6 /var/www/html/sunstone/index.php(46): CodeIgniter\CodeIgniter->run()
#7 {main}
CRITICAL - 2021-02-10 08:17:30 --> Unknown column 'service_id' in 'where clause'
#0 /var/www/html/sunstone/system/Database/MySQLi/Connection.php(331): mysqli->query()
#1 /var/www/html/sunstone/system/Database/BaseConnection.php(741): CodeIgniter\Database\MySQLi\Connection->execute()
#2 /var/www/html/sunstone/system/Database/BaseConnection.php(669): CodeIgniter\Database\BaseConnection->simpleQuery()
#3 /var/www/html/sunstone/app/Controllers/Services.php(25): CodeIgniter\Database\BaseConnection->query()
#4 /var/www/html/sunstone/system/CodeIgniter.php(924): App\Controllers\Services->index()
#5 /var/www/html/sunstone/system/CodeIgniter.php(410): CodeIgniter\CodeIgniter->runController()
#6 /var/www/html/sunstone/system/CodeIgniter.php(318): CodeIgniter\CodeIgniter->handleRequest()
#7 /var/www/html/sunstone/index.php(46): CodeIgniter\CodeIgniter->run()
#8 {main}
CRITICAL - 2021-02-10 08:18:00 --> Undefined index: package_id
#0 /var/www/html/sunstone/app/Controllers/Services.php(23): CodeIgniter\Debug\Exceptions->errorHandler()
#1 /var/www/html/sunstone/system/CodeIgniter.php(924): App\Controllers\Services->index()
#2 /var/www/html/sunstone/system/CodeIgniter.php(410): CodeIgniter\CodeIgniter->runController()
#3 /var/www/html/sunstone/system/CodeIgniter.php(318): CodeIgniter\CodeIgniter->handleRequest()
#4 /var/www/html/sunstone/index.php(46): CodeIgniter\CodeIgniter->run()
#5 {main}
CRITICAL - 2021-02-10 08:20:07 --> Undefined index: package_id
#0 /var/www/html/sunstone/app/Controllers/Services.php(23): CodeIgniter\Debug\Exceptions->errorHandler()
#1 /var/www/html/sunstone/system/CodeIgniter.php(924): App\Controllers\Services->index()
#2 /var/www/html/sunstone/system/CodeIgniter.php(410): CodeIgniter\CodeIgniter->runController()
#3 /var/www/html/sunstone/system/CodeIgniter.php(318): CodeIgniter\CodeIgniter->handleRequest()
#4 /var/www/html/sunstone/index.php(46): CodeIgniter\CodeIgniter->run()
#5 {main}
CRITICAL - 2021-02-10 08:23:35 --> Undefined index: package_id
#0 /var/www/html/sunstone/app/Controllers/Services.php(25): CodeIgniter\Debug\Exceptions->errorHandler()
#1 /var/www/html/sunstone/system/CodeIgniter.php(924): App\Controllers\Services->index()
#2 /var/www/html/sunstone/system/CodeIgniter.php(410): CodeIgniter\CodeIgniter->runController()
#3 /var/www/html/sunstone/system/CodeIgniter.php(318): CodeIgniter\CodeIgniter->handleRequest()
#4 /var/www/html/sunstone/index.php(46): CodeIgniter\CodeIgniter->run()
#5 {main}
CRITICAL - 2021-02-10 08:24:50 --> Undefined index: package_id
#0 /var/www/html/sunstone/app/Controllers/Services.php(26): CodeIgniter\Debug\Exceptions->errorHandler()
#1 /var/www/html/sunstone/system/CodeIgniter.php(924): App\Controllers\Services->index()
#2 /var/www/html/sunstone/system/CodeIgniter.php(410): CodeIgniter\CodeIgniter->runController()
#3 /var/www/html/sunstone/system/CodeIgniter.php(318): CodeIgniter\CodeIgniter->handleRequest()
#4 /var/www/html/sunstone/index.php(46): CodeIgniter\CodeIgniter->run()
#5 {main}
CRITICAL - 2021-02-10 08:25:24 --> Undefined index: package_id
#0 /var/www/html/sunstone/app/Controllers/Services.php(26): CodeIgniter\Debug\Exceptions->errorHandler()
#1 /var/www/html/sunstone/system/CodeIgniter.php(924): App\Controllers\Services->index()
#2 /var/www/html/sunstone/system/CodeIgniter.php(410): CodeIgniter\CodeIgniter->runController()
#3 /var/www/html/sunstone/system/CodeIgniter.php(318): CodeIgniter\CodeIgniter->handleRequest()
#4 /var/www/html/sunstone/index.php(46): CodeIgniter\CodeIgniter->run()
#5 {main}
CRITICAL - 2021-02-10 08:26:44 --> Undefined index: package_id
#0 /var/www/html/sunstone/app/Controllers/Services.php(28): CodeIgniter\Debug\Exceptions->errorHandler()
#1 /var/www/html/sunstone/system/CodeIgniter.php(924): App\Controllers\Services->index()
#2 /var/www/html/sunstone/system/CodeIgniter.php(410): CodeIgniter\CodeIgniter->runController()
#3 /var/www/html/sunstone/system/CodeIgniter.php(318): CodeIgniter\CodeIgniter->handleRequest()
#4 /var/www/html/sunstone/index.php(46): CodeIgniter\CodeIgniter->run()
#5 {main}
CRITICAL - 2021-02-10 08:29:36 --> Undefined index: id
#0 /var/www/html/sunstone/app/Controllers/Services.php(31): CodeIgniter\Debug\Exceptions->errorHandler()
#1 /var/www/html/sunstone/system/CodeIgniter.php(924): App\Controllers\Services->index()
#2 /var/www/html/sunstone/system/CodeIgniter.php(410): CodeIgniter\CodeIgniter->runController()
#3 /var/www/html/sunstone/system/CodeIgniter.php(318): CodeIgniter\CodeIgniter->handleRequest()
#4 /var/www/html/sunstone/index.php(46): CodeIgniter\CodeIgniter->run()
#5 {main}
CRITICAL - 2021-02-10 08:32:34 --> Undefined offset: 1
#0 /var/www/html/sunstone/app/Controllers/Services.php(34): CodeIgniter\Debug\Exceptions->errorHandler()
#1 /var/www/html/sunstone/system/CodeIgniter.php(924): App\Controllers\Services->index()
#2 /var/www/html/sunstone/system/CodeIgniter.php(410): CodeIgniter\CodeIgniter->runController()
#3 /var/www/html/sunstone/system/CodeIgniter.php(318): CodeIgniter\CodeIgniter->handleRequest()
#4 /var/www/html/sunstone/index.php(46): CodeIgniter\CodeIgniter->run()
#5 {main}
CRITICAL - 2021-02-10 08:38:31 --> Undefined index: package_heading
#0 /var/www/html/sunstone/app/Views/services.php(127): CodeIgniter\Debug\Exceptions->errorHandler()
#1 /var/www/html/sunstone/system/View/View.php(246): include('/var/www/html/s...')
#2 /var/www/html/sunstone/system/Common.php(1119): CodeIgniter\View\View->render()
#3 /var/www/html/sunstone/app/Controllers/Services.php(37): view()
#4 /var/www/html/sunstone/system/CodeIgniter.php(924): App\Controllers\Services->index()
#5 /var/www/html/sunstone/system/CodeIgniter.php(410): CodeIgniter\CodeIgniter->runController()
#6 /var/www/html/sunstone/system/CodeIgniter.php(318): CodeIgniter\CodeIgniter->handleRequest()
#7 /var/www/html/sunstone/index.php(46): CodeIgniter\CodeIgniter->run()
#8 {main}
CRITICAL - 2021-02-10 08:38:53 --> Undefined index: package_heading
#0 /var/www/html/sunstone/app/Views/services.php(127): CodeIgniter\Debug\Exceptions->errorHandler()
#1 /var/www/html/sunstone/system/View/View.php(246): include('/var/www/html/s...')
#2 /var/www/html/sunstone/system/Common.php(1119): CodeIgniter\View\View->render()
#3 /var/www/html/sunstone/app/Controllers/Services.php(37): view()
#4 /var/www/html/sunstone/system/CodeIgniter.php(924): App\Controllers\Services->index()
#5 /var/www/html/sunstone/system/CodeIgniter.php(410): CodeIgniter\CodeIgniter->runController()
#6 /var/www/html/sunstone/system/CodeIgniter.php(318): CodeIgniter\CodeIgniter->handleRequest()
#7 /var/www/html/sunstone/index.php(46): CodeIgniter\CodeIgniter->run()
#8 {main}
CRITICAL - 2021-02-10 08:39:36 --> Undefined index: package_heading
#0 /var/www/html/sunstone/app/Views/services.php(109): CodeIgniter\Debug\Exceptions->errorHandler()
#1 /var/www/html/sunstone/system/View/View.php(246): include('/var/www/html/s...')
#2 /var/www/html/sunstone/system/Common.php(1119): CodeIgniter\View\View->render()
#3 /var/www/html/sunstone/app/Controllers/Services.php(37): view()
#4 /var/www/html/sunstone/system/CodeIgniter.php(924): App\Controllers\Services->index()
#5 /var/www/html/sunstone/system/CodeIgniter.php(410): CodeIgniter\CodeIgniter->runController()
#6 /var/www/html/sunstone/system/CodeIgniter.php(318): CodeIgniter\CodeIgniter->handleRequest()
#7 /var/www/html/sunstone/index.php(46): CodeIgniter\CodeIgniter->run()
#8 {main}
CRITICAL - 2021-02-10 08:39:47 --> Undefined index: package_heading
#0 /var/www/html/sunstone/app/Views/services.php(109): CodeIgniter\Debug\Exceptions->errorHandler()
#1 /var/www/html/sunstone/system/View/View.php(246): include('/var/www/html/s...')
#2 /var/www/html/sunstone/system/Common.php(1119): CodeIgniter\View\View->render()
#3 /var/www/html/sunstone/app/Controllers/Services.php(37): view()
#4 /var/www/html/sunstone/system/CodeIgniter.php(924): App\Controllers\Services->index()
#5 /var/www/html/sunstone/system/CodeIgniter.php(410): CodeIgniter\CodeIgniter->runController()
#6 /var/www/html/sunstone/system/CodeIgniter.php(318): CodeIgniter\CodeIgniter->handleRequest()
#7 /var/www/html/sunstone/index.php(46): CodeIgniter\CodeIgniter->run()
#8 {main}
CRITICAL - 2021-02-10 08:40:26 --> Undefined index: package_heading
#0 /var/www/html/sunstone/app/Views/services.php(107): CodeIgniter\Debug\Exceptions->errorHandler()
#1 /var/www/html/sunstone/system/View/View.php(246): include('/var/www/html/s...')
#2 /var/www/html/sunstone/system/Common.php(1119): CodeIgniter\View\View->render()
#3 /var/www/html/sunstone/app/Controllers/Services.php(37): view()
#4 /var/www/html/sunstone/system/CodeIgniter.php(924): App\Controllers\Services->index()
#5 /var/www/html/sunstone/system/CodeIgniter.php(410): CodeIgniter\CodeIgniter->runController()
#6 /var/www/html/sunstone/system/CodeIgniter.php(318): CodeIgniter\CodeIgniter->handleRequest()
#7 /var/www/html/sunstone/index.php(46): CodeIgniter\CodeIgniter->run()
#8 {main}
CRITICAL - 2021-02-10 08:40:36 --> Undefined index: package_heading
#0 /var/www/html/sunstone/app/Views/services.php(109): CodeIgniter\Debug\Exceptions->errorHandler()
#1 /var/www/html/sunstone/system/View/View.php(246): include('/var/www/html/s...')
#2 /var/www/html/sunstone/system/Common.php(1119): CodeIgniter\View\View->render()
#3 /var/www/html/sunstone/app/Controllers/Services.php(37): view()
#4 /var/www/html/sunstone/system/CodeIgniter.php(924): App\Controllers\Services->index()
#5 /var/www/html/sunstone/system/CodeIgniter.php(410): CodeIgniter\CodeIgniter->runController()
#6 /var/www/html/sunstone/system/CodeIgniter.php(318): CodeIgniter\CodeIgniter->handleRequest()
#7 /var/www/html/sunstone/index.php(46): CodeIgniter\CodeIgniter->run()
#8 {main}
CRITICAL - 2021-02-10 08:40:40 --> Undefined index: package_heading
#0 /var/www/html/sunstone/app/Views/services.php(109): CodeIgniter\Debug\Exceptions->errorHandler()
#1 /var/www/html/sunstone/system/View/View.php(246): include('/var/www/html/s...')
#2 /var/www/html/sunstone/system/Common.php(1119): CodeIgniter\View\View->render()
#3 /var/www/html/sunstone/app/Controllers/Services.php(37): view()
#4 /var/www/html/sunstone/system/CodeIgniter.php(924): App\Controllers\Services->index()
#5 /var/www/html/sunstone/system/CodeIgniter.php(410): CodeIgniter\CodeIgniter->runController()
#6 /var/www/html/sunstone/system/CodeIgniter.php(318): CodeIgniter\CodeIgniter->handleRequest()
#7 /var/www/html/sunstone/index.php(46): CodeIgniter\CodeIgniter->run()
#8 {main}
CRITICAL - 2021-02-10 08:41:39 --> Undefined index: package_heading
#0 /var/www/html/sunstone/app/Views/services.php(109): CodeIgniter\Debug\Exceptions->errorHandler()
#1 /var/www/html/sunstone/system/View/View.php(246): include('/var/www/html/s...')
#2 /var/www/html/sunstone/system/Common.php(1119): CodeIgniter\View\View->render()
#3 /var/www/html/sunstone/app/Controllers/Services.php(37): view()
#4 /var/www/html/sunstone/system/CodeIgniter.php(924): App\Controllers\Services->index()
#5 /var/www/html/sunstone/system/CodeIgniter.php(410): CodeIgniter\CodeIgniter->runController()
#6 /var/www/html/sunstone/system/CodeIgniter.php(318): CodeIgniter\CodeIgniter->handleRequest()
#7 /var/www/html/sunstone/index.php(46): CodeIgniter\CodeIgniter->run()
#8 {main}
CRITICAL - 2021-02-10 08:44:58 --> Undefined variable: pack
#0 /var/www/html/sunstone/app/Views/services.php(111): CodeIgniter\Debug\Exceptions->errorHandler()
#1 /var/www/html/sunstone/system/View/View.php(246): include('/var/www/html/s...')
#2 /var/www/html/sunstone/system/Common.php(1119): CodeIgniter\View\View->render()
#3 /var/www/html/sunstone/app/Controllers/Services.php(37): view()
#4 /var/www/html/sunstone/system/CodeIgniter.php(924): App\Controllers\Services->index()
#5 /var/www/html/sunstone/system/CodeIgniter.php(410): CodeIgniter\CodeIgniter->runController()
#6 /var/www/html/sunstone/system/CodeIgniter.php(318): CodeIgniter\CodeIgniter->handleRequest()
#7 /var/www/html/sunstone/index.php(46): CodeIgniter\CodeIgniter->run()
#8 {main}
CRITICAL - 2021-02-10 08:45:32 --> Undefined variable: services_package
#0 /var/www/html/sunstone/app/Views/services.php(111): CodeIgniter\Debug\Exceptions->errorHandler()
#1 /var/www/html/sunstone/system/View/View.php(246): include('/var/www/html/s...')
#2 /var/www/html/sunstone/system/Common.php(1119): CodeIgniter\View\View->render()
#3 /var/www/html/sunstone/app/Controllers/Services.php(37): view()
#4 /var/www/html/sunstone/system/CodeIgniter.php(924): App\Controllers\Services->index()
#5 /var/www/html/sunstone/system/CodeIgniter.php(410): CodeIgniter\CodeIgniter->runController()
#6 /var/www/html/sunstone/system/CodeIgniter.php(318): CodeIgniter\CodeIgniter->handleRequest()
#7 /var/www/html/sunstone/index.php(46): CodeIgniter\CodeIgniter->run()
#8 {main}
CRITICAL - 2021-02-10 08:47:10 --> Undefined variable: services_package
#0 /var/www/html/sunstone/app/Views/services.php(111): CodeIgniter\Debug\Exceptions->errorHandler()
#1 /var/www/html/sunstone/system/View/View.php(246): include('/var/www/html/s...')
#2 /var/www/html/sunstone/system/Common.php(1119): CodeIgniter\View\View->render()
#3 /var/www/html/sunstone/app/Controllers/Services.php(37): view()
#4 /var/www/html/sunstone/system/CodeIgniter.php(924): App\Controllers\Services->index()
#5 /var/www/html/sunstone/system/CodeIgniter.php(410): CodeIgniter\CodeIgniter->runController()
#6 /var/www/html/sunstone/system/CodeIgniter.php(318): CodeIgniter\CodeIgniter->handleRequest()
#7 /var/www/html/sunstone/index.php(46): CodeIgniter\CodeIgniter->run()
#8 {main}
CRITICAL - 2021-02-10 08:47:23 --> Undefined variable: services_package
#0 /var/www/html/sunstone/app/Views/services.php(111): CodeIgniter\Debug\Exceptions->errorHandler()
#1 /var/www/html/sunstone/system/View/View.php(246): include('/var/www/html/s...')
#2 /var/www/html/sunstone/system/Common.php(1119): CodeIgniter\View\View->render()
#3 /var/www/html/sunstone/app/Controllers/Services.php(37): view()
#4 /var/www/html/sunstone/system/CodeIgniter.php(924): App\Controllers\Services->index()
#5 /var/www/html/sunstone/system/CodeIgniter.php(410): CodeIgniter\CodeIgniter->runController()
#6 /var/www/html/sunstone/system/CodeIgniter.php(318): CodeIgniter\CodeIgniter->handleRequest()
#7 /var/www/html/sunstone/index.php(46): CodeIgniter\CodeIgniter->run()
#8 {main}
CRITICAL - 2021-02-10 08:49:32 --> syntax error, unexpected end of file
#0 /var/www/html/sunstone/system/Common.php(1119): CodeIgniter\View\View->render()
#1 /var/www/html/sunstone/app/Controllers/Services.php(37): view()
#2 /var/www/html/sunstone/system/CodeIgniter.php(924): App\Controllers\Services->index()
#3 /var/www/html/sunstone/system/CodeIgniter.php(410): CodeIgniter\CodeIgniter->runController()
#4 /var/www/html/sunstone/system/CodeIgniter.php(318): CodeIgniter\CodeIgniter->handleRequest()
#5 /var/www/html/sunstone/index.php(46): CodeIgniter\CodeIgniter->run()
#6 {main}
CRITICAL - 2021-02-10 08:49:45 --> Undefined variable: services_package
#0 /var/www/html/sunstone/app/Views/services.php(112): CodeIgniter\Debug\Exceptions->errorHandler()
#1 /var/www/html/sunstone/system/View/View.php(246): include('/var/www/html/s...')
#2 /var/www/html/sunstone/system/Common.php(1119): CodeIgniter\View\View->render()
#3 /var/www/html/sunstone/app/Controllers/Services.php(37): view()
#4 /var/www/html/sunstone/system/CodeIgniter.php(924): App\Controllers\Services->index()
#5 /var/www/html/sunstone/system/CodeIgniter.php(410): CodeIgniter\CodeIgniter->runController()
#6 /var/www/html/sunstone/system/CodeIgniter.php(318): CodeIgniter\CodeIgniter->handleRequest()
#7 /var/www/html/sunstone/index.php(46): CodeIgniter\CodeIgniter->run()
#8 {main}
CRITICAL - 2021-02-10 08:50:26 --> Undefined index: package_heading
#0 /var/www/html/sunstone/app/Views/services.php(127): CodeIgniter\Debug\Exceptions->errorHandler()
#1 /var/www/html/sunstone/system/View/View.php(246): include('/var/www/html/s...')
#2 /var/www/html/sunstone/system/Common.php(1119): CodeIgniter\View\View->render()
#3 /var/www/html/sunstone/app/Controllers/Services.php(37): view()
#4 /var/www/html/sunstone/system/CodeIgniter.php(924): App\Controllers\Services->index()
#5 /var/www/html/sunstone/system/CodeIgniter.php(410): CodeIgniter\CodeIgniter->runController()
#6 /var/www/html/sunstone/system/CodeIgniter.php(318): CodeIgniter\CodeIgniter->handleRequest()
#7 /var/www/html/sunstone/index.php(46): CodeIgniter\CodeIgniter->run()
#8 {main}
CRITICAL - 2021-02-10 08:51:15 --> syntax error, unexpected ';', expecting ')'
#0 /var/www/html/sunstone/system/Common.php(1119): CodeIgniter\View\View->render()
#1 /var/www/html/sunstone/app/Controllers/Services.php(37): view()
#2 /var/www/html/sunstone/system/CodeIgniter.php(924): App\Controllers\Services->index()
#3 /var/www/html/sunstone/system/CodeIgniter.php(410): CodeIgniter\CodeIgniter->runController()
#4 /var/www/html/sunstone/system/CodeIgniter.php(318): CodeIgniter\CodeIgniter->handleRequest()
#5 /var/www/html/sunstone/index.php(46): CodeIgniter\CodeIgniter->run()
#6 {main}
CRITICAL - 2021-02-10 08:51:23 --> Undefined index: package_heading
#0 /var/www/html/sunstone/app/Views/services.php(108): CodeIgniter\Debug\Exceptions->errorHandler()
#1 /var/www/html/sunstone/system/View/View.php(246): include('/var/www/html/s...')
#2 /var/www/html/sunstone/system/Common.php(1119): CodeIgniter\View\View->render()
#3 /var/www/html/sunstone/app/Controllers/Services.php(37): view()
#4 /var/www/html/sunstone/system/CodeIgniter.php(924): App\Controllers\Services->index()
#5 /var/www/html/sunstone/system/CodeIgniter.php(410): CodeIgniter\CodeIgniter->runController()
#6 /var/www/html/sunstone/system/CodeIgniter.php(318): CodeIgniter\CodeIgniter->handleRequest()
#7 /var/www/html/sunstone/index.php(46): CodeIgniter\CodeIgniter->run()
#8 {main}
CRITICAL - 2021-02-10 08:51:30 --> Undefined index: package_heading
#0 /var/www/html/sunstone/app/Views/services.php(108): CodeIgniter\Debug\Exceptions->errorHandler()
#1 /var/www/html/sunstone/system/View/View.php(246): include('/var/www/html/s...')
#2 /var/www/html/sunstone/system/Common.php(1119): CodeIgniter\View\View->render()
#3 /var/www/html/sunstone/app/Controllers/Services.php(37): view()
#4 /var/www/html/sunstone/system/CodeIgniter.php(924): App\Controllers\Services->index()
#5 /var/www/html/sunstone/system/CodeIgniter.php(410): CodeIgniter\CodeIgniter->runController()
#6 /var/www/html/sunstone/system/CodeIgniter.php(318): CodeIgniter\CodeIgniter->handleRequest()
#7 /var/www/html/sunstone/index.php(46): CodeIgniter\CodeIgniter->run()
#8 {main}
CRITICAL - 2021-02-10 08:51:52 --> Undefined index: package_heading
#0 /var/www/html/sunstone/app/Views/services.php(128): CodeIgniter\Debug\Exceptions->errorHandler()
#1 /var/www/html/sunstone/system/View/View.php(246): include('/var/www/html/s...')
#2 /var/www/html/sunstone/system/Common.php(1119): CodeIgniter\View\View->render()
#3 /var/www/html/sunstone/app/Controllers/Services.php(37): view()
#4 /var/www/html/sunstone/system/CodeIgniter.php(924): App\Controllers\Services->index()
#5 /var/www/html/sunstone/system/CodeIgniter.php(410): CodeIgniter\CodeIgniter->runController()
#6 /var/www/html/sunstone/system/CodeIgniter.php(318): CodeIgniter\CodeIgniter->handleRequest()
#7 /var/www/html/sunstone/index.php(46): CodeIgniter\CodeIgniter->run()
#8 {main}
CRITICAL - 2021-02-10 08:54:31 --> Undefined index: package_heading
#0 /var/www/html/sunstone/app/Views/services.php(135): CodeIgniter\Debug\Exceptions->errorHandler()
#1 /var/www/html/sunstone/system/View/View.php(246): include('/var/www/html/s...')
#2 /var/www/html/sunstone/system/Common.php(1119): CodeIgniter\View\View->render()
#3 /var/www/html/sunstone/app/Controllers/Services.php(37): view()
#4 /var/www/html/sunstone/system/CodeIgniter.php(924): App\Controllers\Services->index()
#5 /var/www/html/sunstone/system/CodeIgniter.php(410): CodeIgniter\CodeIgniter->runController()
#6 /var/www/html/sunstone/system/CodeIgniter.php(318): CodeIgniter\CodeIgniter->handleRequest()
#7 /var/www/html/sunstone/index.php(46): CodeIgniter\CodeIgniter->run()
#8 {main}
CRITICAL - 2021-02-10 08:55:18 --> Undefined variable: pack
#0 /var/www/html/sunstone/app/Views/services.php(171): CodeIgniter\Debug\Exceptions->errorHandler()
#1 /var/www/html/sunstone/system/View/View.php(246): include('/var/www/html/s...')
#2 /var/www/html/sunstone/system/Common.php(1119): CodeIgniter\View\View->render()
#3 /var/www/html/sunstone/app/Controllers/Services.php(37): view()
#4 /var/www/html/sunstone/system/CodeIgniter.php(924): App\Controllers\Services->index()
#5 /var/www/html/sunstone/system/CodeIgniter.php(410): CodeIgniter\CodeIgniter->runController()
#6 /var/www/html/sunstone/system/CodeIgniter.php(318): CodeIgniter\CodeIgniter->handleRequest()
#7 /var/www/html/sunstone/index.php(46): CodeIgniter\CodeIgniter->run()
#8 {main}
CRITICAL - 2021-02-10 09:00:58 --> Undefined index: id
#0 /var/www/html/sunstone/app/Controllers/Services.php(32): CodeIgniter\Debug\Exceptions->errorHandler()
#1 /var/www/html/sunstone/system/CodeIgniter.php(924): App\Controllers\Services->index()
#2 /var/www/html/sunstone/system/CodeIgniter.php(410): CodeIgniter\CodeIgniter->runController()
#3 /var/www/html/sunstone/system/CodeIgniter.php(318): CodeIgniter\CodeIgniter->handleRequest()
#4 /var/www/html/sunstone/index.php(46): CodeIgniter\CodeIgniter->run()
#5 {main}
CRITICAL - 2021-02-10 09:01:18 --> Undefined index: id
#0 /var/www/html/sunstone/app/Controllers/Services.php(32): CodeIgniter\Debug\Exceptions->errorHandler()
#1 /var/www/html/sunstone/system/CodeIgniter.php(924): App\Controllers\Services->index()
#2 /var/www/html/sunstone/system/CodeIgniter.php(410): CodeIgniter\CodeIgniter->runController()
#3 /var/www/html/sunstone/system/CodeIgniter.php(318): CodeIgniter\CodeIgniter->handleRequest()
#4 /var/www/html/sunstone/index.php(46): CodeIgniter\CodeIgniter->run()
#5 {main}
CRITICAL - 2021-02-10 09:01:34 --> Undefined index: id
#0 /var/www/html/sunstone/app/Controllers/Services.php(32): CodeIgniter\Debug\Exceptions->errorHandler()
#1 /var/www/html/sunstone/system/CodeIgniter.php(924): App\Controllers\Services->index()
#2 /var/www/html/sunstone/system/CodeIgniter.php(410): CodeIgniter\CodeIgniter->runController()
#3 /var/www/html/sunstone/system/CodeIgniter.php(318): CodeIgniter\CodeIgniter->handleRequest()
#4 /var/www/html/sunstone/index.php(46): CodeIgniter\CodeIgniter->run()
#5 {main}
CRITICAL - 2021-02-10 09:03:53 --> Undefined index: package_point
#0 /var/www/html/sunstone/app/Views/services.php(110): CodeIgniter\Debug\Exceptions->errorHandler()
#1 /var/www/html/sunstone/system/View/View.php(246): include('/var/www/html/s...')
#2 /var/www/html/sunstone/system/Common.php(1119): CodeIgniter\View\View->render()
#3 /var/www/html/sunstone/app/Controllers/Services.php(45): view()
#4 /var/www/html/sunstone/system/CodeIgniter.php(924): App\Controllers\Services->index()
#5 /var/www/html/sunstone/system/CodeIgniter.php(410): CodeIgniter\CodeIgniter->runController()
#6 /var/www/html/sunstone/system/CodeIgniter.php(318): CodeIgniter\CodeIgniter->handleRequest()
#7 /var/www/html/sunstone/index.php(46): CodeIgniter\CodeIgniter->run()
#8 {main}
CRITICAL - 2021-02-10 09:04:04 --> Undefined index: package_point
#0 /var/www/html/sunstone/app/Views/services.php(108): CodeIgniter\Debug\Exceptions->errorHandler()
#1 /var/www/html/sunstone/system/View/View.php(246): include('/var/www/html/s...')
#2 /var/www/html/sunstone/system/Common.php(1119): CodeIgniter\View\View->render()
#3 /var/www/html/sunstone/app/Controllers/Services.php(45): view()
#4 /var/www/html/sunstone/system/CodeIgniter.php(924): App\Controllers\Services->index()
#5 /var/www/html/sunstone/system/CodeIgniter.php(410): CodeIgniter\CodeIgniter->runController()
#6 /var/www/html/sunstone/system/CodeIgniter.php(318): CodeIgniter\CodeIgniter->handleRequest()
#7 /var/www/html/sunstone/index.php(46): CodeIgniter\CodeIgniter->run()
#8 {main}
CRITICAL - 2021-02-10 09:04:23 --> Illegal string offset 'package_point'
#0 /var/www/html/sunstone/app/Views/services.php(109): CodeIgniter\Debug\Exceptions->errorHandler()
#1 /var/www/html/sunstone/system/View/View.php(246): include('/var/www/html/s...')
#2 /var/www/html/sunstone/system/Common.php(1119): CodeIgniter\View\View->render()
#3 /var/www/html/sunstone/app/Controllers/Services.php(45): view()
#4 /var/www/html/sunstone/system/CodeIgniter.php(924): App\Controllers\Services->index()
#5 /var/www/html/sunstone/system/CodeIgniter.php(410): CodeIgniter\CodeIgniter->runController()
#6 /var/www/html/sunstone/system/CodeIgniter.php(318): CodeIgniter\CodeIgniter->handleRequest()
#7 /var/www/html/sunstone/index.php(46): CodeIgniter\CodeIgniter->run()
#8 {main}
CRITICAL - 2021-02-10 09:05:15 --> syntax error, unexpected '}', expecting ';' or ','
#0 /var/www/html/sunstone/system/Router/Router.php(195): CodeIgniter\Router\Router->autoRoute()
#1 /var/www/html/sunstone/system/CodeIgniter.php(799): CodeIgniter\Router\Router->handle()
#2 /var/www/html/sunstone/system/CodeIgniter.php(370): CodeIgniter\CodeIgniter->tryToRouteIt()
#3 /var/www/html/sunstone/system/CodeIgniter.php(318): CodeIgniter\CodeIgniter->handleRequest()
#4 /var/www/html/sunstone/index.php(46): CodeIgniter\CodeIgniter->run()
#5 {main}
CRITICAL - 2021-02-10 09:05:32 --> Undefined variable: data
#0 /var/www/html/sunstone/app/Views/services.php(112): CodeIgniter\Debug\Exceptions->errorHandler()
#1 /var/www/html/sunstone/system/View/View.php(246): include('/var/www/html/s...')
#2 /var/www/html/sunstone/system/Common.php(1119): CodeIgniter\View\View->render()
#3 /var/www/html/sunstone/app/Controllers/Services.php(46): view()
#4 /var/www/html/sunstone/system/CodeIgniter.php(924): App\Controllers\Services->index()
#5 /var/www/html/sunstone/system/CodeIgniter.php(410): CodeIgniter\CodeIgniter->runController()
#6 /var/www/html/sunstone/system/CodeIgniter.php(318): CodeIgniter\CodeIgniter->handleRequest()
#7 /var/www/html/sunstone/index.php(46): CodeIgniter\CodeIgniter->run()
#8 {main}
CRITICAL - 2021-02-10 09:05:40 --> Undefined variable: data
#0 /var/www/html/sunstone/app/Views/services.php(112): CodeIgniter\Debug\Exceptions->errorHandler()
#1 /var/www/html/sunstone/system/View/View.php(246): include('/var/www/html/s...')
#2 /var/www/html/sunstone/system/Common.php(1119): CodeIgniter\View\View->render()
#3 /var/www/html/sunstone/app/Controllers/Services.php(46): view()
#4 /var/www/html/sunstone/system/CodeIgniter.php(924): App\Controllers\Services->index()
#5 /var/www/html/sunstone/system/CodeIgniter.php(410): CodeIgniter\CodeIgniter->runController()
#6 /var/www/html/sunstone/system/CodeIgniter.php(318): CodeIgniter\CodeIgniter->handleRequest()
#7 /var/www/html/sunstone/index.php(46): CodeIgniter\CodeIgniter->run()
#8 {main}
CRITICAL - 2021-02-10 09:06:36 --> Undefined variable: id
#0 /var/www/html/sunstone/app/Views/services.php(112): CodeIgniter\Debug\Exceptions->errorHandler()
#1 /var/www/html/sunstone/system/View/View.php(246): include('/var/www/html/s...')
#2 /var/www/html/sunstone/system/Common.php(1119): CodeIgniter\View\View->render()
#3 /var/www/html/sunstone/app/Controllers/Services.php(47): view()
#4 /var/www/html/sunstone/system/CodeIgniter.php(924): App\Controllers\Services->index()
#5 /var/www/html/sunstone/system/CodeIgniter.php(410): CodeIgniter\CodeIgniter->runController()
#6 /var/www/html/sunstone/system/CodeIgniter.php(318): CodeIgniter\CodeIgniter->handleRequest()
#7 /var/www/html/sunstone/index.php(46): CodeIgniter\CodeIgniter->run()
#8 {main}
CRITICAL - 2021-02-10 09:08:14 --> Undefined variable: points
#0 /var/www/html/sunstone/app/Views/services.php(112): CodeIgniter\Debug\Exceptions->errorHandler()
#1 /var/www/html/sunstone/system/View/View.php(246): include('/var/www/html/s...')
#2 /var/www/html/sunstone/system/Common.php(1119): CodeIgniter\View\View->render()
#3 /var/www/html/sunstone/app/Controllers/Services.php(37): view()
#4 /var/www/html/sunstone/system/CodeIgniter.php(924): App\Controllers\Services->index()
#5 /var/www/html/sunstone/system/CodeIgniter.php(410): CodeIgniter\CodeIgniter->runController()
#6 /var/www/html/sunstone/system/CodeIgniter.php(318): CodeIgniter\CodeIgniter->handleRequest()
#7 /var/www/html/sunstone/index.php(46): CodeIgniter\CodeIgniter->run()
#8 {main}
CRITICAL - 2021-02-10 09:08:22 --> Undefined variable: points
#0 /var/www/html/sunstone/app/Views/services.php(112): CodeIgniter\Debug\Exceptions->errorHandler()
#1 /var/www/html/sunstone/system/View/View.php(246): include('/var/www/html/s...')
#2 /var/www/html/sunstone/system/Common.php(1119): CodeIgniter\View\View->render()
#3 /var/www/html/sunstone/app/Controllers/Services.php(39): view()
#4 /var/www/html/sunstone/system/CodeIgniter.php(924): App\Controllers\Services->index()
#5 /var/www/html/sunstone/system/CodeIgniter.php(410): CodeIgniter\CodeIgniter->runController()
#6 /var/www/html/sunstone/system/CodeIgniter.php(318): CodeIgniter\CodeIgniter->handleRequest()
#7 /var/www/html/sunstone/index.php(46): CodeIgniter\CodeIgniter->run()
#8 {main}
CRITICAL - 2021-02-10 09:24:19 --> Undefined index: id
#0 /var/www/html/sunstone/app/Controllers/Services.php(35): CodeIgniter\Debug\Exceptions->errorHandler()
#1 /var/www/html/sunstone/system/CodeIgniter.php(924): App\Controllers\Services->index()
#2 /var/www/html/sunstone/system/CodeIgniter.php(410): CodeIgniter\CodeIgniter->runController()
#3 /var/www/html/sunstone/system/CodeIgniter.php(318): CodeIgniter\CodeIgniter->handleRequest()
#4 /var/www/html/sunstone/index.php(46): CodeIgniter\CodeIgniter->run()
#5 {main}
CRITICAL - 2021-02-10 09:24:49 --> Undefined index: id
#0 /var/www/html/sunstone/app/Controllers/Services.php(35): CodeIgniter\Debug\Exceptions->errorHandler()
#1 /var/www/html/sunstone/system/CodeIgniter.php(924): App\Controllers\Services->index()
#2 /var/www/html/sunstone/system/CodeIgniter.php(410): CodeIgniter\CodeIgniter->runController()
#3 /var/www/html/sunstone/system/CodeIgniter.php(318): CodeIgniter\CodeIgniter->handleRequest()
#4 /var/www/html/sunstone/index.php(46): CodeIgniter\CodeIgniter->run()
#5 {main}
CRITICAL - 2021-02-10 09:24:56 --> Undefined variable: pack
#0 /var/www/html/sunstone/app/Controllers/Services.php(35): CodeIgniter\Debug\Exceptions->errorHandler()
#1 /var/www/html/sunstone/system/CodeIgniter.php(924): App\Controllers\Services->index()
#2 /var/www/html/sunstone/system/CodeIgniter.php(410): CodeIgniter\CodeIgniter->runController()
#3 /var/www/html/sunstone/system/CodeIgniter.php(318): CodeIgniter\CodeIgniter->handleRequest()
#4 /var/www/html/sunstone/index.php(46): CodeIgniter\CodeIgniter->run()
#5 {main}
CRITICAL - 2021-02-10 09:25:04 --> Undefined index: id
#0 /var/www/html/sunstone/app/Controllers/Services.php(35): CodeIgniter\Debug\Exceptions->errorHandler()
#1 /var/www/html/sunstone/system/CodeIgniter.php(924): App\Controllers\Services->index()
#2 /var/www/html/sunstone/system/CodeIgniter.php(410): CodeIgniter\CodeIgniter->runController()
#3 /var/www/html/sunstone/system/CodeIgniter.php(318): CodeIgniter\CodeIgniter->handleRequest()
#4 /var/www/html/sunstone/index.php(46): CodeIgniter\CodeIgniter->run()
#5 {main}
