CRITICAL - 2021-09-29 00:40:40 --> Invalid argument supplied for foreach()
#0 /home/cdncitrusclean/public_html/app/Views/__partial/__available.php(14): CodeIgniter\Debug\Exceptions->errorHandler(2, 'Invalid argumen...', '/home/cdncitrus...', 14, Array)
#1 /home/cdncitrusclean/public_html/app/Views/all_products.php(191): include('/home/cdncitrus...')
#2 /home/cdncitrusclean/public_html/system/View/View.php(246): include('/home/cdncitrus...')
#3 /home/cdncitrusclean/public_html/system/Common.php(1119): CodeIgniter\View\View->render('all_products', Array, true)
#4 /home/cdncitrusclean/public_html/app/Controllers/Products.php(56): view('all_products', Array)
#5 /home/cdncitrusclean/public_html/system/CodeIgniter.php(924): App\Controllers\Products->all_products()
#6 /home/cdncitrusclean/public_html/system/CodeIgniter.php(410): CodeIgniter\CodeIgniter->runController(Object(App\Controllers\Products))
#7 /home/cdncitrusclean/public_html/system/CodeIgniter.php(318): CodeIgniter\CodeIgniter->handleRequest(NULL, Object(Config\Cache), false)
#8 /home/cdncitrusclean/public_html/index.php(46): CodeIgniter\CodeIgniter->run()
#9 {main}
CRITICAL - 2021-09-29 09:38:08 --> Invalid argument supplied for foreach()
#0 /home/cdncitrusclean/public_html/app/Views/__partial/__available.php(14): CodeIgniter\Debug\Exceptions->errorHandler(2, 'Invalid argumen...', '/home/cdncitrus...', 14, Array)
#1 /home/cdncitrusclean/public_html/app/Views/all_products.php(191): include('/home/cdncitrus...')
#2 /home/cdncitrusclean/public_html/system/View/View.php(246): include('/home/cdncitrus...')
#3 /home/cdncitrusclean/public_html/system/Common.php(1119): CodeIgniter\View\View->render('all_products', Array, true)
#4 /home/cdncitrusclean/public_html/app/Controllers/Products.php(56): view('all_products', Array)
#5 /home/cdncitrusclean/public_html/system/CodeIgniter.php(924): App\Controllers\Products->all_products()
#6 /home/cdncitrusclean/public_html/system/CodeIgniter.php(410): CodeIgniter\CodeIgniter->runController(Object(App\Controllers\Products))
#7 /home/cdncitrusclean/public_html/system/CodeIgniter.php(318): CodeIgniter\CodeIgniter->handleRequest(NULL, Object(Config\Cache), false)
#8 /home/cdncitrusclean/public_html/index.php(46): CodeIgniter\CodeIgniter->run()
#9 {main}
CRITICAL - 2021-09-29 11:37:19 --> Invalid argument supplied for foreach()
#0 /home/cdncitrusclean/public_html/app/Views/__partial/__available.php(14): CodeIgniter\Debug\Exceptions->errorHandler(2, 'Invalid argumen...', '/home/cdncitrus...', 14, Array)
#1 /home/cdncitrusclean/public_html/app/Views/all_products.php(191): include('/home/cdncitrus...')
#2 /home/cdncitrusclean/public_html/system/View/View.php(246): include('/home/cdncitrus...')
#3 /home/cdncitrusclean/public_html/system/Common.php(1119): CodeIgniter\View\View->render('all_products', Array, true)
#4 /home/cdncitrusclean/public_html/app/Controllers/Products.php(56): view('all_products', Array)
#5 /home/cdncitrusclean/public_html/system/CodeIgniter.php(924): App\Controllers\Products->all_products()
#6 /home/cdncitrusclean/public_html/system/CodeIgniter.php(410): CodeIgniter\CodeIgniter->runController(Object(App\Controllers\Products))
#7 /home/cdncitrusclean/public_html/system/CodeIgniter.php(318): CodeIgniter\CodeIgniter->handleRequest(NULL, Object(Config\Cache), false)
#8 /home/cdncitrusclean/public_html/index.php(46): CodeIgniter\CodeIgniter->run()
#9 {main}
CRITICAL - 2021-09-29 12:55:46 --> Invalid argument supplied for foreach()
#0 /home/cdncitrusclean/public_html/app/Views/__partial/__available.php(14): CodeIgniter\Debug\Exceptions->errorHandler(2, 'Invalid argumen...', '/home/cdncitrus...', 14, Array)
#1 /home/cdncitrusclean/public_html/app/Views/all_products.php(191): include('/home/cdncitrus...')
#2 /home/cdncitrusclean/public_html/system/View/View.php(246): include('/home/cdncitrus...')
#3 /home/cdncitrusclean/public_html/system/Common.php(1119): CodeIgniter\View\View->render('all_products', Array, true)
#4 /home/cdncitrusclean/public_html/app/Controllers/Products.php(56): view('all_products', Array)
#5 /home/cdncitrusclean/public_html/system/CodeIgniter.php(924): App\Controllers\Products->all_products()
#6 /home/cdncitrusclean/public_html/system/CodeIgniter.php(410): CodeIgniter\CodeIgniter->runController(Object(App\Controllers\Products))
#7 /home/cdncitrusclean/public_html/system/CodeIgniter.php(318): CodeIgniter\CodeIgniter->handleRequest(NULL, Object(Config\Cache), false)
#8 /home/cdncitrusclean/public_html/index.php(46): CodeIgniter\CodeIgniter->run()
#9 {main}
CRITICAL - 2021-09-29 15:29:36 --> count(): Parameter must be an array or an object that implements Countable
#0 /home/cdncitrusclean/public_html/app/Views/home.php(177): CodeIgniter\Debug\Exceptions->errorHandler(2, 'count(): Parame...', '/home/cdncitrus...', 177, Array)
#1 /home/cdncitrusclean/public_html/system/View/View.php(246): include('/home/cdncitrus...')
#2 /home/cdncitrusclean/public_html/system/Common.php(1119): CodeIgniter\View\View->render('home', Array, true)
#3 /home/cdncitrusclean/public_html/app/Controllers/Home.php(38): view('home', Array)
#4 /home/cdncitrusclean/public_html/system/CodeIgniter.php(924): App\Controllers\Home->index()
#5 /home/cdncitrusclean/public_html/system/CodeIgniter.php(410): CodeIgniter\CodeIgniter->runController(Object(App\Controllers\Home))
#6 /home/cdncitrusclean/public_html/system/CodeIgniter.php(318): CodeIgniter\CodeIgniter->handleRequest(NULL, Object(Config\Cache), false)
#7 /home/cdncitrusclean/public_html/index.php(46): CodeIgniter\CodeIgniter->run()
#8 {main}
CRITICAL - 2021-09-29 15:29:42 --> count(): Parameter must be an array or an object that implements Countable
#0 /home/cdncitrusclean/public_html/app/Views/home.php(177): CodeIgniter\Debug\Exceptions->errorHandler(2, 'count(): Parame...', '/home/cdncitrus...', 177, Array)
#1 /home/cdncitrusclean/public_html/system/View/View.php(246): include('/home/cdncitrus...')
#2 /home/cdncitrusclean/public_html/system/Common.php(1119): CodeIgniter\View\View->render('home', Array, true)
#3 /home/cdncitrusclean/public_html/app/Controllers/Home.php(38): view('home', Array)
#4 /home/cdncitrusclean/public_html/system/CodeIgniter.php(924): App\Controllers\Home->index()
#5 /home/cdncitrusclean/public_html/system/CodeIgniter.php(410): CodeIgniter\CodeIgniter->runController(Object(App\Controllers\Home))
#6 /home/cdncitrusclean/public_html/system/CodeIgniter.php(318): CodeIgniter\CodeIgniter->handleRequest(NULL, Object(Config\Cache), false)
#7 /home/cdncitrusclean/public_html/index.php(46): CodeIgniter\CodeIgniter->run()
#8 {main}
CRITICAL - 2021-09-29 15:29:46 --> count(): Parameter must be an array or an object that implements Countable
#0 /home/cdncitrusclean/public_html/app/Views/home.php(177): CodeIgniter\Debug\Exceptions->errorHandler(2, 'count(): Parame...', '/home/cdncitrus...', 177, Array)
#1 /home/cdncitrusclean/public_html/system/View/View.php(246): include('/home/cdncitrus...')
#2 /home/cdncitrusclean/public_html/system/Common.php(1119): CodeIgniter\View\View->render('home', Array, true)
#3 /home/cdncitrusclean/public_html/app/Controllers/Home.php(38): view('home', Array)
#4 /home/cdncitrusclean/public_html/system/CodeIgniter.php(924): App\Controllers\Home->index()
#5 /home/cdncitrusclean/public_html/system/CodeIgniter.php(410): CodeIgniter\CodeIgniter->runController(Object(App\Controllers\Home))
#6 /home/cdncitrusclean/public_html/system/CodeIgniter.php(318): CodeIgniter\CodeIgniter->handleRequest(NULL, Object(Config\Cache), false)
#7 /home/cdncitrusclean/public_html/index.php(46): CodeIgniter\CodeIgniter->run()
#8 {main}
CRITICAL - 2021-09-29 15:32:56 --> count(): Parameter must be an array or an object that implements Countable
#0 /home/cdncitrusclean/public_html/app/Views/home.php(177): CodeIgniter\Debug\Exceptions->errorHandler(2, 'count(): Parame...', '/home/cdncitrus...', 177, Array)
#1 /home/cdncitrusclean/public_html/system/View/View.php(246): include('/home/cdncitrus...')
#2 /home/cdncitrusclean/public_html/system/Common.php(1119): CodeIgniter\View\View->render('home', Array, true)
#3 /home/cdncitrusclean/public_html/app/Controllers/Home.php(38): view('home', Array)
#4 /home/cdncitrusclean/public_html/system/CodeIgniter.php(924): App\Controllers\Home->index()
#5 /home/cdncitrusclean/public_html/system/CodeIgniter.php(410): CodeIgniter\CodeIgniter->runController(Object(App\Controllers\Home))
#6 /home/cdncitrusclean/public_html/system/CodeIgniter.php(318): CodeIgniter\CodeIgniter->handleRequest(NULL, Object(Config\Cache), false)
#7 /home/cdncitrusclean/public_html/index.php(46): CodeIgniter\CodeIgniter->run()
#8 {main}
CRITICAL - 2021-09-29 15:34:45 --> count(): Parameter must be an array or an object that implements Countable
#0 /home/cdncitrusclean/public_html/app/Views/home.php(177): CodeIgniter\Debug\Exceptions->errorHandler(2, 'count(): Parame...', '/home/cdncitrus...', 177, Array)
#1 /home/cdncitrusclean/public_html/system/View/View.php(246): include('/home/cdncitrus...')
#2 /home/cdncitrusclean/public_html/system/Common.php(1119): CodeIgniter\View\View->render('home', Array, true)
#3 /home/cdncitrusclean/public_html/app/Controllers/Home.php(38): view('home', Array)
#4 /home/cdncitrusclean/public_html/system/CodeIgniter.php(924): App\Controllers\Home->index()
#5 /home/cdncitrusclean/public_html/system/CodeIgniter.php(410): CodeIgniter\CodeIgniter->runController(Object(App\Controllers\Home))
#6 /home/cdncitrusclean/public_html/system/CodeIgniter.php(318): CodeIgniter\CodeIgniter->handleRequest(NULL, Object(Config\Cache), false)
#7 /home/cdncitrusclean/public_html/index.php(46): CodeIgniter\CodeIgniter->run()
#8 {main}
CRITICAL - 2021-09-29 15:35:12 --> count(): Parameter must be an array or an object that implements Countable
#0 /home/cdncitrusclean/public_html/app/Views/home.php(177): CodeIgniter\Debug\Exceptions->errorHandler(2, 'count(): Parame...', '/home/cdncitrus...', 177, Array)
#1 /home/cdncitrusclean/public_html/system/View/View.php(246): include('/home/cdncitrus...')
#2 /home/cdncitrusclean/public_html/system/Common.php(1119): CodeIgniter\View\View->render('home', Array, true)
#3 /home/cdncitrusclean/public_html/app/Controllers/Home.php(38): view('home', Array)
#4 /home/cdncitrusclean/public_html/system/CodeIgniter.php(924): App\Controllers\Home->index()
#5 /home/cdncitrusclean/public_html/system/CodeIgniter.php(410): CodeIgniter\CodeIgniter->runController(Object(App\Controllers\Home))
#6 /home/cdncitrusclean/public_html/system/CodeIgniter.php(318): CodeIgniter\CodeIgniter->handleRequest(NULL, Object(Config\Cache), false)
#7 /home/cdncitrusclean/public_html/index.php(46): CodeIgniter\CodeIgniter->run()
#8 {main}
CRITICAL - 2021-09-29 15:38:14 --> count(): Parameter must be an array or an object that implements Countable
#0 /home/cdncitrusclean/public_html/app/Views/home.php(177): CodeIgniter\Debug\Exceptions->errorHandler(2, 'count(): Parame...', '/home/cdncitrus...', 177, Array)
#1 /home/cdncitrusclean/public_html/system/View/View.php(246): include('/home/cdncitrus...')
#2 /home/cdncitrusclean/public_html/system/Common.php(1119): CodeIgniter\View\View->render('home', Array, true)
#3 /home/cdncitrusclean/public_html/app/Controllers/Home.php(38): view('home', Array)
#4 /home/cdncitrusclean/public_html/system/CodeIgniter.php(924): App\Controllers\Home->index()
#5 /home/cdncitrusclean/public_html/system/CodeIgniter.php(410): CodeIgniter\CodeIgniter->runController(Object(App\Controllers\Home))
#6 /home/cdncitrusclean/public_html/system/CodeIgniter.php(318): CodeIgniter\CodeIgniter->handleRequest(NULL, Object(Config\Cache), false)
#7 /home/cdncitrusclean/public_html/index.php(46): CodeIgniter\CodeIgniter->run()
#8 {main}
CRITICAL - 2021-09-29 15:38:18 --> count(): Parameter must be an array or an object that implements Countable
#0 /home/cdncitrusclean/public_html/app/Views/home.php(177): CodeIgniter\Debug\Exceptions->errorHandler(2, 'count(): Parame...', '/home/cdncitrus...', 177, Array)
#1 /home/cdncitrusclean/public_html/system/View/View.php(246): include('/home/cdncitrus...')
#2 /home/cdncitrusclean/public_html/system/Common.php(1119): CodeIgniter\View\View->render('home', Array, true)
#3 /home/cdncitrusclean/public_html/app/Controllers/Home.php(38): view('home', Array)
#4 /home/cdncitrusclean/public_html/system/CodeIgniter.php(924): App\Controllers\Home->index()
#5 /home/cdncitrusclean/public_html/system/CodeIgniter.php(410): CodeIgniter\CodeIgniter->runController(Object(App\Controllers\Home))
#6 /home/cdncitrusclean/public_html/system/CodeIgniter.php(318): CodeIgniter\CodeIgniter->handleRequest(NULL, Object(Config\Cache), false)
#7 /home/cdncitrusclean/public_html/index.php(46): CodeIgniter\CodeIgniter->run()
#8 {main}
CRITICAL - 2021-09-29 15:38:23 --> count(): Parameter must be an array or an object that implements Countable
#0 /home/cdncitrusclean/public_html/app/Views/home.php(177): CodeIgniter\Debug\Exceptions->errorHandler(2, 'count(): Parame...', '/home/cdncitrus...', 177, Array)
#1 /home/cdncitrusclean/public_html/system/View/View.php(246): include('/home/cdncitrus...')
#2 /home/cdncitrusclean/public_html/system/Common.php(1119): CodeIgniter\View\View->render('home', Array, true)
#3 /home/cdncitrusclean/public_html/app/Controllers/Home.php(38): view('home', Array)
#4 /home/cdncitrusclean/public_html/system/CodeIgniter.php(924): App\Controllers\Home->index()
#5 /home/cdncitrusclean/public_html/system/CodeIgniter.php(410): CodeIgniter\CodeIgniter->runController(Object(App\Controllers\Home))
#6 /home/cdncitrusclean/public_html/system/CodeIgniter.php(318): CodeIgniter\CodeIgniter->handleRequest(NULL, Object(Config\Cache), false)
#7 /home/cdncitrusclean/public_html/index.php(46): CodeIgniter\CodeIgniter->run()
#8 {main}
CRITICAL - 2021-09-29 15:38:39 --> count(): Parameter must be an array or an object that implements Countable
#0 /home/cdncitrusclean/public_html/app/Views/home.php(177): CodeIgniter\Debug\Exceptions->errorHandler(2, 'count(): Parame...', '/home/cdncitrus...', 177, Array)
#1 /home/cdncitrusclean/public_html/system/View/View.php(246): include('/home/cdncitrus...')
#2 /home/cdncitrusclean/public_html/system/Common.php(1119): CodeIgniter\View\View->render('home', Array, true)
#3 /home/cdncitrusclean/public_html/app/Controllers/Home.php(38): view('home', Array)
#4 /home/cdncitrusclean/public_html/system/CodeIgniter.php(924): App\Controllers\Home->index()
#5 /home/cdncitrusclean/public_html/system/CodeIgniter.php(410): CodeIgniter\CodeIgniter->runController(Object(App\Controllers\Home))
#6 /home/cdncitrusclean/public_html/system/CodeIgniter.php(318): CodeIgniter\CodeIgniter->handleRequest(NULL, Object(Config\Cache), false)
#7 /home/cdncitrusclean/public_html/index.php(46): CodeIgniter\CodeIgniter->run()
#8 {main}
CRITICAL - 2021-09-29 15:39:54 --> count(): Parameter must be an array or an object that implements Countable
#0 /home/cdncitrusclean/public_html/app/Views/home.php(177): CodeIgniter\Debug\Exceptions->errorHandler(2, 'count(): Parame...', '/home/cdncitrus...', 177, Array)
#1 /home/cdncitrusclean/public_html/system/View/View.php(246): include('/home/cdncitrus...')
#2 /home/cdncitrusclean/public_html/system/Common.php(1119): CodeIgniter\View\View->render('home', Array, true)
#3 /home/cdncitrusclean/public_html/app/Controllers/Home.php(39): view('home', Array)
#4 /home/cdncitrusclean/public_html/system/CodeIgniter.php(924): App\Controllers\Home->index()
#5 /home/cdncitrusclean/public_html/system/CodeIgniter.php(410): CodeIgniter\CodeIgniter->runController(Object(App\Controllers\Home))
#6 /home/cdncitrusclean/public_html/system/CodeIgniter.php(318): CodeIgniter\CodeIgniter->handleRequest(NULL, Object(Config\Cache), false)
#7 /home/cdncitrusclean/public_html/index.php(46): CodeIgniter\CodeIgniter->run()
#8 {main}
CRITICAL - 2021-09-29 15:41:30 --> count(): Parameter must be an array or an object that implements Countable
#0 /home/cdncitrusclean/public_html/app/Views/home.php(177): CodeIgniter\Debug\Exceptions->errorHandler(2, 'count(): Parame...', '/home/cdncitrus...', 177, Array)
#1 /home/cdncitrusclean/public_html/system/View/View.php(246): include('/home/cdncitrus...')
#2 /home/cdncitrusclean/public_html/system/Common.php(1119): CodeIgniter\View\View->render('home', Array, true)
#3 /home/cdncitrusclean/public_html/app/Controllers/Home.php(39): view('home', Array)
#4 /home/cdncitrusclean/public_html/system/CodeIgniter.php(924): App\Controllers\Home->index()
#5 /home/cdncitrusclean/public_html/system/CodeIgniter.php(410): CodeIgniter\CodeIgniter->runController(Object(App\Controllers\Home))
#6 /home/cdncitrusclean/public_html/system/CodeIgniter.php(318): CodeIgniter\CodeIgniter->handleRequest(NULL, Object(Config\Cache), false)
#7 /home/cdncitrusclean/public_html/index.php(46): CodeIgniter\CodeIgniter->run()
#8 {main}
CRITICAL - 2021-09-29 15:42:15 --> count(): Parameter must be an array or an object that implements Countable
#0 /home/cdncitrusclean/public_html/app/Views/home.php(177): CodeIgniter\Debug\Exceptions->errorHandler(2, 'count(): Parame...', '/home/cdncitrus...', 177, Array)
#1 /home/cdncitrusclean/public_html/system/View/View.php(246): include('/home/cdncitrus...')
#2 /home/cdncitrusclean/public_html/system/Common.php(1119): CodeIgniter\View\View->render('home', Array, true)
#3 /home/cdncitrusclean/public_html/app/Controllers/Home.php(39): view('home', Array)
#4 /home/cdncitrusclean/public_html/system/CodeIgniter.php(924): App\Controllers\Home->index()
#5 /home/cdncitrusclean/public_html/system/CodeIgniter.php(410): CodeIgniter\CodeIgniter->runController(Object(App\Controllers\Home))
#6 /home/cdncitrusclean/public_html/system/CodeIgniter.php(318): CodeIgniter\CodeIgniter->handleRequest(NULL, Object(Config\Cache), false)
#7 /home/cdncitrusclean/public_html/index.php(46): CodeIgniter\CodeIgniter->run()
#8 {main}
CRITICAL - 2021-09-29 15:43:30 --> count(): Parameter must be an array or an object that implements Countable
#0 /home/cdncitrusclean/public_html/app/Views/home.php(177): CodeIgniter\Debug\Exceptions->errorHandler(2, 'count(): Parame...', '/home/cdncitrus...', 177, Array)
#1 /home/cdncitrusclean/public_html/system/View/View.php(246): include('/home/cdncitrus...')
#2 /home/cdncitrusclean/public_html/system/Common.php(1119): CodeIgniter\View\View->render('home', Array, true)
#3 /home/cdncitrusclean/public_html/app/Controllers/Home.php(39): view('home', Array)
#4 /home/cdncitrusclean/public_html/system/CodeIgniter.php(924): App\Controllers\Home->index()
#5 /home/cdncitrusclean/public_html/system/CodeIgniter.php(410): CodeIgniter\CodeIgniter->runController(Object(App\Controllers\Home))
#6 /home/cdncitrusclean/public_html/system/CodeIgniter.php(318): CodeIgniter\CodeIgniter->handleRequest(NULL, Object(Config\Cache), false)
#7 /home/cdncitrusclean/public_html/index.php(46): CodeIgniter\CodeIgniter->run()
#8 {main}
CRITICAL - 2021-09-29 15:45:35 --> count(): Parameter must be an array or an object that implements Countable
#0 /home/cdncitrusclean/public_html/app/Views/home.php(177): CodeIgniter\Debug\Exceptions->errorHandler(2, 'count(): Parame...', '/home/cdncitrus...', 177, Array)
#1 /home/cdncitrusclean/public_html/system/View/View.php(246): include('/home/cdncitrus...')
#2 /home/cdncitrusclean/public_html/system/Common.php(1119): CodeIgniter\View\View->render('home', Array, true)
#3 /home/cdncitrusclean/public_html/app/Controllers/Home.php(39): view('home', Array)
#4 /home/cdncitrusclean/public_html/system/CodeIgniter.php(924): App\Controllers\Home->index()
#5 /home/cdncitrusclean/public_html/system/CodeIgniter.php(410): CodeIgniter\CodeIgniter->runController(Object(App\Controllers\Home))
#6 /home/cdncitrusclean/public_html/system/CodeIgniter.php(318): CodeIgniter\CodeIgniter->handleRequest(NULL, Object(Config\Cache), false)
#7 /home/cdncitrusclean/public_html/index.php(46): CodeIgniter\CodeIgniter->run()
#8 {main}
CRITICAL - 2021-09-29 15:48:43 --> count(): Parameter must be an array or an object that implements Countable
#0 /home/cdncitrusclean/public_html/app/Views/home.php(177): CodeIgniter\Debug\Exceptions->errorHandler(2, 'count(): Parame...', '/home/cdncitrus...', 177, Array)
#1 /home/cdncitrusclean/public_html/system/View/View.php(246): include('/home/cdncitrus...')
#2 /home/cdncitrusclean/public_html/system/Common.php(1119): CodeIgniter\View\View->render('home', Array, true)
#3 /home/cdncitrusclean/public_html/app/Controllers/Home.php(39): view('home', Array)
#4 /home/cdncitrusclean/public_html/system/CodeIgniter.php(924): App\Controllers\Home->index()
#5 /home/cdncitrusclean/public_html/system/CodeIgniter.php(410): CodeIgniter\CodeIgniter->runController(Object(App\Controllers\Home))
#6 /home/cdncitrusclean/public_html/system/CodeIgniter.php(318): CodeIgniter\CodeIgniter->handleRequest(NULL, Object(Config\Cache), false)
#7 /home/cdncitrusclean/public_html/index.php(46): CodeIgniter\CodeIgniter->run()
#8 {main}
CRITICAL - 2021-09-29 15:49:19 --> Invalid argument supplied for foreach()
#0 /home/cdncitrusclean/public_html/app/Views/__partial/__available.php(14): CodeIgniter\Debug\Exceptions->errorHandler(2, 'Invalid argumen...', '/home/cdncitrus...', 14, Array)
#1 /home/cdncitrusclean/public_html/app/Views/all_products.php(191): include('/home/cdncitrus...')
#2 /home/cdncitrusclean/public_html/system/View/View.php(246): include('/home/cdncitrus...')
#3 /home/cdncitrusclean/public_html/system/Common.php(1119): CodeIgniter\View\View->render('all_products', Array, true)
#4 /home/cdncitrusclean/public_html/app/Controllers/Products.php(56): view('all_products', Array)
#5 /home/cdncitrusclean/public_html/system/CodeIgniter.php(924): App\Controllers\Products->all_products()
#6 /home/cdncitrusclean/public_html/system/CodeIgniter.php(410): CodeIgniter\CodeIgniter->runController(Object(App\Controllers\Products))
#7 /home/cdncitrusclean/public_html/system/CodeIgniter.php(318): CodeIgniter\CodeIgniter->handleRequest(NULL, Object(Config\Cache), false)
#8 /home/cdncitrusclean/public_html/index.php(46): CodeIgniter\CodeIgniter->run()
#9 {main}
CRITICAL - 2021-09-29 15:50:28 --> count(): Parameter must be an array or an object that implements Countable
#0 /home/cdncitrusclean/public_html/app/Views/home.php(177): CodeIgniter\Debug\Exceptions->errorHandler(2, 'count(): Parame...', '/home/cdncitrus...', 177, Array)
#1 /home/cdncitrusclean/public_html/system/View/View.php(246): include('/home/cdncitrus...')
#2 /home/cdncitrusclean/public_html/system/Common.php(1119): CodeIgniter\View\View->render('home', Array, true)
#3 /home/cdncitrusclean/public_html/app/Controllers/Home.php(39): view('home', Array)
#4 /home/cdncitrusclean/public_html/system/CodeIgniter.php(924): App\Controllers\Home->index()
#5 /home/cdncitrusclean/public_html/system/CodeIgniter.php(410): CodeIgniter\CodeIgniter->runController(Object(App\Controllers\Home))
#6 /home/cdncitrusclean/public_html/system/CodeIgniter.php(318): CodeIgniter\CodeIgniter->handleRequest(NULL, Object(Config\Cache), false)
#7 /home/cdncitrusclean/public_html/index.php(46): CodeIgniter\CodeIgniter->run()
#8 {main}
CRITICAL - 2021-09-29 16:44:35 --> Invalid argument supplied for foreach()
#0 /home/cdncitrusclean/public_html/app/Views/__partial/__available.php(14): CodeIgniter\Debug\Exceptions->errorHandler(2, 'Invalid argumen...', '/home/cdncitrus...', 14, Array)
#1 /home/cdncitrusclean/public_html/app/Views/all_products.php(191): include('/home/cdncitrus...')
#2 /home/cdncitrusclean/public_html/system/View/View.php(246): include('/home/cdncitrus...')
#3 /home/cdncitrusclean/public_html/system/Common.php(1119): CodeIgniter\View\View->render('all_products', Array, true)
#4 /home/cdncitrusclean/public_html/app/Controllers/Products.php(56): view('all_products', Array)
#5 /home/cdncitrusclean/public_html/system/CodeIgniter.php(924): App\Controllers\Products->all_products()
#6 /home/cdncitrusclean/public_html/system/CodeIgniter.php(410): CodeIgniter\CodeIgniter->runController(Object(App\Controllers\Products))
#7 /home/cdncitrusclean/public_html/system/CodeIgniter.php(318): CodeIgniter\CodeIgniter->handleRequest(NULL, Object(Config\Cache), false)
#8 /home/cdncitrusclean/public_html/index.php(46): CodeIgniter\CodeIgniter->run()
#9 {main}
