CRITICAL - 2021-03-04 04:14:25 --> Undefined variable: sel_service_id
#0 F:\wamp\www\freelancer\sunstone\frontend\app\Views\packages.php(358): CodeIgniter\Debug\Exceptions->errorHandler(8, 'Undefined varia...', 'F:\\wamp\\www\\fre...', 358, Array)
#1 F:\wamp\www\freelancer\sunstone\frontend\system\View\View.php(246): include('F:\\wamp\\www\\fre...')
#2 F:\wamp\www\freelancer\sunstone\frontend\system\Common.php(1119): CodeIgniter\View\View->render('packages', Array, true)
#3 F:\wamp\www\freelancer\sunstone\frontend\app\Controllers\Packages.php(58): view('packages', Array)
#4 F:\wamp\www\freelancer\sunstone\frontend\system\CodeIgniter.php(924): App\Controllers\Packages->index()
#5 F:\wamp\www\freelancer\sunstone\frontend\system\CodeIgniter.php(410): CodeIgniter\CodeIgniter->runController(Object(App\Controllers\Packages))
#6 F:\wamp\www\freelancer\sunstone\frontend\system\CodeIgniter.php(318): CodeIgniter\CodeIgniter->handleRequest(NULL, Object(Config\Cache), false)
#7 F:\wamp\www\freelancer\sunstone\frontend\index.php(46): CodeIgniter\CodeIgniter->run()
#8 {main}
CRITICAL - 2021-03-04 04:16:03 --> Undefined variable: id
#0 F:\wamp\www\freelancer\sunstone\frontend\app\Controllers\Packages.php(26): CodeIgniter\Debug\Exceptions->errorHandler(8, 'Undefined varia...', 'F:\\wamp\\www\\fre...', 26, Array)
#1 F:\wamp\www\freelancer\sunstone\frontend\system\CodeIgniter.php(924): App\Controllers\Packages->index()
#2 F:\wamp\www\freelancer\sunstone\frontend\system\CodeIgniter.php(410): CodeIgniter\CodeIgniter->runController(Object(App\Controllers\Packages))
#3 F:\wamp\www\freelancer\sunstone\frontend\system\CodeIgniter.php(318): CodeIgniter\CodeIgniter->handleRequest(NULL, Object(Config\Cache), false)
#4 F:\wamp\www\freelancer\sunstone\frontend\index.php(46): CodeIgniter\CodeIgniter->run()
#5 {main}
CRITICAL - 2021-03-04 04:16:24 --> Undefined variable: id
#0 F:\wamp\www\freelancer\sunstone\frontend\app\Controllers\Packages.php(30): CodeIgniter\Debug\Exceptions->errorHandler(8, 'Undefined varia...', 'F:\\wamp\\www\\fre...', 30, Array)
#1 F:\wamp\www\freelancer\sunstone\frontend\system\CodeIgniter.php(924): App\Controllers\Packages->index()
#2 F:\wamp\www\freelancer\sunstone\frontend\system\CodeIgniter.php(410): CodeIgniter\CodeIgniter->runController(Object(App\Controllers\Packages))
#3 F:\wamp\www\freelancer\sunstone\frontend\system\CodeIgniter.php(318): CodeIgniter\CodeIgniter->handleRequest(NULL, Object(Config\Cache), false)
#4 F:\wamp\www\freelancer\sunstone\frontend\index.php(46): CodeIgniter\CodeIgniter->run()
#5 {main}
CRITICAL - 2021-03-04 04:20:52 --> Undefined variable: id
#0 F:\wamp\www\freelancer\sunstone\frontend\app\Controllers\Packages.php(30): CodeIgniter\Debug\Exceptions->errorHandler(8, 'Undefined varia...', 'F:\\wamp\\www\\fre...', 30, Array)
#1 F:\wamp\www\freelancer\sunstone\frontend\system\CodeIgniter.php(924): App\Controllers\Packages->index()
#2 F:\wamp\www\freelancer\sunstone\frontend\system\CodeIgniter.php(410): CodeIgniter\CodeIgniter->runController(Object(App\Controllers\Packages))
#3 F:\wamp\www\freelancer\sunstone\frontend\system\CodeIgniter.php(318): CodeIgniter\CodeIgniter->handleRequest(NULL, Object(Config\Cache), false)
#4 F:\wamp\www\freelancer\sunstone\frontend\index.php(46): CodeIgniter\CodeIgniter->run()
#5 {main}
CRITICAL - 2021-03-04 04:20:54 --> Undefined variable: id
#0 F:\wamp\www\freelancer\sunstone\frontend\app\Controllers\Packages.php(30): CodeIgniter\Debug\Exceptions->errorHandler(8, 'Undefined varia...', 'F:\\wamp\\www\\fre...', 30, Array)
#1 F:\wamp\www\freelancer\sunstone\frontend\system\CodeIgniter.php(924): App\Controllers\Packages->index()
#2 F:\wamp\www\freelancer\sunstone\frontend\system\CodeIgniter.php(410): CodeIgniter\CodeIgniter->runController(Object(App\Controllers\Packages))
#3 F:\wamp\www\freelancer\sunstone\frontend\system\CodeIgniter.php(318): CodeIgniter\CodeIgniter->handleRequest(NULL, Object(Config\Cache), false)
#4 F:\wamp\www\freelancer\sunstone\frontend\index.php(46): CodeIgniter\CodeIgniter->run()
#5 {main}
CRITICAL - 2021-03-04 04:37:16 --> Cannot use object of type CodeIgniter\HTTP\IncomingRequest as array
#0 F:\wamp\www\freelancer\sunstone\frontend\system\CodeIgniter.php(924): App\Controllers\Payment->add_cart()
#1 F:\wamp\www\freelancer\sunstone\frontend\system\CodeIgniter.php(410): CodeIgniter\CodeIgniter->runController(Object(App\Controllers\Payment))
#2 F:\wamp\www\freelancer\sunstone\frontend\system\CodeIgniter.php(318): CodeIgniter\CodeIgniter->handleRequest(NULL, Object(Config\Cache), false)
#3 F:\wamp\www\freelancer\sunstone\frontend\index.php(46): CodeIgniter\CodeIgniter->run()
#4 {main}
CRITICAL - 2021-03-04 04:38:09 --> Cannot use object of type CodeIgniter\HTTP\IncomingRequest as array
#0 F:\wamp\www\freelancer\sunstone\frontend\system\CodeIgniter.php(924): App\Controllers\Payment->add_cart()
#1 F:\wamp\www\freelancer\sunstone\frontend\system\CodeIgniter.php(410): CodeIgniter\CodeIgniter->runController(Object(App\Controllers\Payment))
#2 F:\wamp\www\freelancer\sunstone\frontend\system\CodeIgniter.php(318): CodeIgniter\CodeIgniter->handleRequest(NULL, Object(Config\Cache), false)
#3 F:\wamp\www\freelancer\sunstone\frontend\index.php(46): CodeIgniter\CodeIgniter->run()
#4 {main}
CRITICAL - 2021-03-04 04:38:39 --> Unknown column 'service_id' in 'field list'
#0 F:\wamp\www\freelancer\sunstone\frontend\system\Database\MySQLi\Connection.php(331): mysqli->query('INSERT INTO `sa...')
#1 F:\wamp\www\freelancer\sunstone\frontend\system\Database\BaseConnection.php(741): CodeIgniter\Database\MySQLi\Connection->execute('INSERT INTO `sa...')
#2 F:\wamp\www\freelancer\sunstone\frontend\system\Database\BaseConnection.php(669): CodeIgniter\Database\BaseConnection->simpleQuery('INSERT INTO `sa...')
#3 F:\wamp\www\freelancer\sunstone\frontend\system\Database\BaseBuilder.php(2249): CodeIgniter\Database\BaseConnection->query('INSERT INTO `sa...', Array, false)
#4 F:\wamp\www\freelancer\sunstone\frontend\app\Controllers\Payment.php(80): CodeIgniter\Database\BaseBuilder->insert(Array)
#5 F:\wamp\www\freelancer\sunstone\frontend\system\CodeIgniter.php(924): App\Controllers\Payment->add_cart()
#6 F:\wamp\www\freelancer\sunstone\frontend\system\CodeIgniter.php(410): CodeIgniter\CodeIgniter->runController(Object(App\Controllers\Payment))
#7 F:\wamp\www\freelancer\sunstone\frontend\system\CodeIgniter.php(318): CodeIgniter\CodeIgniter->handleRequest(NULL, Object(Config\Cache), false)
#8 F:\wamp\www\freelancer\sunstone\frontend\index.php(46): CodeIgniter\CodeIgniter->run()
#9 {main}
CRITICAL - 2021-03-04 04:39:22 --> Undefined variable: curr
#0 F:\wamp\www\freelancer\sunstone\frontend\app\Views\payment.php(665): CodeIgniter\Debug\Exceptions->errorHandler(8, 'Undefined varia...', 'F:\\wamp\\www\\fre...', 665, Array)
#1 F:\wamp\www\freelancer\sunstone\frontend\system\View\View.php(246): include('F:\\wamp\\www\\fre...')
#2 F:\wamp\www\freelancer\sunstone\frontend\system\Common.php(1119): CodeIgniter\View\View->render('payment', Array, true)
#3 F:\wamp\www\freelancer\sunstone\frontend\app\Controllers\Payment.php(39): view('payment', Array)
#4 F:\wamp\www\freelancer\sunstone\frontend\system\CodeIgniter.php(924): App\Controllers\Payment->index()
#5 F:\wamp\www\freelancer\sunstone\frontend\system\CodeIgniter.php(410): CodeIgniter\CodeIgniter->runController(Object(App\Controllers\Payment))
#6 F:\wamp\www\freelancer\sunstone\frontend\system\CodeIgniter.php(318): CodeIgniter\CodeIgniter->handleRequest(NULL, Object(Config\Cache), false)
#7 F:\wamp\www\freelancer\sunstone\frontend\index.php(46): CodeIgniter\CodeIgniter->run()
#8 {main}
CRITICAL - 2021-03-04 04:39:25 --> Undefined variable: curr
#0 F:\wamp\www\freelancer\sunstone\frontend\app\Views\payment.php(665): CodeIgniter\Debug\Exceptions->errorHandler(8, 'Undefined varia...', 'F:\\wamp\\www\\fre...', 665, Array)
#1 F:\wamp\www\freelancer\sunstone\frontend\system\View\View.php(246): include('F:\\wamp\\www\\fre...')
#2 F:\wamp\www\freelancer\sunstone\frontend\system\Common.php(1119): CodeIgniter\View\View->render('payment', Array, true)
#3 F:\wamp\www\freelancer\sunstone\frontend\app\Controllers\Payment.php(39): view('payment', Array)
#4 F:\wamp\www\freelancer\sunstone\frontend\system\CodeIgniter.php(924): App\Controllers\Payment->index()
#5 F:\wamp\www\freelancer\sunstone\frontend\system\CodeIgniter.php(410): CodeIgniter\CodeIgniter->runController(Object(App\Controllers\Payment))
#6 F:\wamp\www\freelancer\sunstone\frontend\system\CodeIgniter.php(318): CodeIgniter\CodeIgniter->handleRequest(NULL, Object(Config\Cache), false)
#7 F:\wamp\www\freelancer\sunstone\frontend\index.php(46): CodeIgniter\CodeIgniter->run()
#8 {main}
CRITICAL - 2021-03-04 04:48:05 --> Unknown column 'sales_temp.qty' in 'field list'
#0 F:\wamp\www\freelancer\sunstone\frontend\system\Database\MySQLi\Connection.php(331): mysqli->query('SELECT distinct...')
#1 F:\wamp\www\freelancer\sunstone\frontend\system\Database\BaseConnection.php(741): CodeIgniter\Database\MySQLi\Connection->execute('SELECT distinct...')
#2 F:\wamp\www\freelancer\sunstone\frontend\system\Database\BaseConnection.php(669): CodeIgniter\Database\BaseConnection->simpleQuery('SELECT distinct...')
#3 F:\wamp\www\freelancer\sunstone\frontend\app\Controllers\Payment.php(18): CodeIgniter\Database\BaseConnection->query('SELECT distinct...')
#4 F:\wamp\www\freelancer\sunstone\frontend\system\CodeIgniter.php(924): App\Controllers\Payment->index()
#5 F:\wamp\www\freelancer\sunstone\frontend\system\CodeIgniter.php(410): CodeIgniter\CodeIgniter->runController(Object(App\Controllers\Payment))
#6 F:\wamp\www\freelancer\sunstone\frontend\system\CodeIgniter.php(318): CodeIgniter\CodeIgniter->handleRequest(NULL, Object(Config\Cache), false)
#7 F:\wamp\www\freelancer\sunstone\frontend\index.php(46): CodeIgniter\CodeIgniter->run()
#8 {main}
CRITICAL - 2021-03-04 04:48:23 --> Unknown column 'sales_temp.qty' in 'field list'
#0 F:\wamp\www\freelancer\sunstone\frontend\system\Database\MySQLi\Connection.php(331): mysqli->query('SELECT distinct...')
#1 F:\wamp\www\freelancer\sunstone\frontend\system\Database\BaseConnection.php(741): CodeIgniter\Database\MySQLi\Connection->execute('SELECT distinct...')
#2 F:\wamp\www\freelancer\sunstone\frontend\system\Database\BaseConnection.php(669): CodeIgniter\Database\BaseConnection->simpleQuery('SELECT distinct...')
#3 F:\wamp\www\freelancer\sunstone\frontend\app\Controllers\Payment.php(18): CodeIgniter\Database\BaseConnection->query('SELECT distinct...')
#4 F:\wamp\www\freelancer\sunstone\frontend\system\CodeIgniter.php(924): App\Controllers\Payment->index()
#5 F:\wamp\www\freelancer\sunstone\frontend\system\CodeIgniter.php(410): CodeIgniter\CodeIgniter->runController(Object(App\Controllers\Payment))
#6 F:\wamp\www\freelancer\sunstone\frontend\system\CodeIgniter.php(318): CodeIgniter\CodeIgniter->handleRequest(NULL, Object(Config\Cache), false)
#7 F:\wamp\www\freelancer\sunstone\frontend\index.php(46): CodeIgniter\CodeIgniter->run()
#8 {main}
CRITICAL - 2021-03-04 04:48:30 --> Unknown column 'sales_temp.qty' in 'field list'
#0 F:\wamp\www\freelancer\sunstone\frontend\system\Database\MySQLi\Connection.php(331): mysqli->query('SELECT distinct...')
#1 F:\wamp\www\freelancer\sunstone\frontend\system\Database\BaseConnection.php(741): CodeIgniter\Database\MySQLi\Connection->execute('SELECT distinct...')
#2 F:\wamp\www\freelancer\sunstone\frontend\system\Database\BaseConnection.php(669): CodeIgniter\Database\BaseConnection->simpleQuery('SELECT distinct...')
#3 F:\wamp\www\freelancer\sunstone\frontend\app\Controllers\Payment.php(18): CodeIgniter\Database\BaseConnection->query('SELECT distinct...')
#4 F:\wamp\www\freelancer\sunstone\frontend\system\CodeIgniter.php(924): App\Controllers\Payment->index()
#5 F:\wamp\www\freelancer\sunstone\frontend\system\CodeIgniter.php(410): CodeIgniter\CodeIgniter->runController(Object(App\Controllers\Payment))
#6 F:\wamp\www\freelancer\sunstone\frontend\system\CodeIgniter.php(318): CodeIgniter\CodeIgniter->handleRequest(NULL, Object(Config\Cache), false)
#7 F:\wamp\www\freelancer\sunstone\frontend\index.php(46): CodeIgniter\CodeIgniter->run()
#8 {main}
CRITICAL - 2021-03-04 04:48:43 --> Unknown column 'sales_temp.qty' in 'field list'
#0 F:\wamp\www\freelancer\sunstone\frontend\system\Database\MySQLi\Connection.php(331): mysqli->query('SELECT distinct...')
#1 F:\wamp\www\freelancer\sunstone\frontend\system\Database\BaseConnection.php(741): CodeIgniter\Database\MySQLi\Connection->execute('SELECT distinct...')
#2 F:\wamp\www\freelancer\sunstone\frontend\system\Database\BaseConnection.php(669): CodeIgniter\Database\BaseConnection->simpleQuery('SELECT distinct...')
#3 F:\wamp\www\freelancer\sunstone\frontend\app\Controllers\Payment.php(18): CodeIgniter\Database\BaseConnection->query('SELECT distinct...')
#4 F:\wamp\www\freelancer\sunstone\frontend\system\CodeIgniter.php(924): App\Controllers\Payment->index()
#5 F:\wamp\www\freelancer\sunstone\frontend\system\CodeIgniter.php(410): CodeIgniter\CodeIgniter->runController(Object(App\Controllers\Payment))
#6 F:\wamp\www\freelancer\sunstone\frontend\system\CodeIgniter.php(318): CodeIgniter\CodeIgniter->handleRequest(NULL, Object(Config\Cache), false)
#7 F:\wamp\www\freelancer\sunstone\frontend\index.php(46): CodeIgniter\CodeIgniter->run()
#8 {main}
CRITICAL - 2021-03-04 05:20:03 --> count(): Parameter must be an array or an object that implements Countable
#0 [internal function]: CodeIgniter\Debug\Exceptions->errorHandler(2, 'count(): Parame...', 'F:\\wamp\\www\\fre...', 56, Array)
#1 F:\wamp\www\freelancer\sunstone\frontend\app\Controllers\Payment.php(56): count(NULL)
#2 F:\wamp\www\freelancer\sunstone\frontend\system\CodeIgniter.php(924): App\Controllers\Payment->add_cart()
#3 F:\wamp\www\freelancer\sunstone\frontend\system\CodeIgniter.php(410): CodeIgniter\CodeIgniter->runController(Object(App\Controllers\Payment))
#4 F:\wamp\www\freelancer\sunstone\frontend\system\CodeIgniter.php(318): CodeIgniter\CodeIgniter->handleRequest(NULL, Object(Config\Cache), false)
#5 F:\wamp\www\freelancer\sunstone\frontend\index.php(46): CodeIgniter\CodeIgniter->run()
#6 {main}
CRITICAL - 2021-03-04 05:20:20 --> count(): Parameter must be an array or an object that implements Countable
#0 [internal function]: CodeIgniter\Debug\Exceptions->errorHandler(2, 'count(): Parame...', 'F:\\wamp\\www\\fre...', 56, Array)
#1 F:\wamp\www\freelancer\sunstone\frontend\app\Controllers\Payment.php(56): count(NULL)
#2 F:\wamp\www\freelancer\sunstone\frontend\system\CodeIgniter.php(924): App\Controllers\Payment->add_cart()
#3 F:\wamp\www\freelancer\sunstone\frontend\system\CodeIgniter.php(410): CodeIgniter\CodeIgniter->runController(Object(App\Controllers\Payment))
#4 F:\wamp\www\freelancer\sunstone\frontend\system\CodeIgniter.php(318): CodeIgniter\CodeIgniter->handleRequest(NULL, Object(Config\Cache), false)
#5 F:\wamp\www\freelancer\sunstone\frontend\index.php(46): CodeIgniter\CodeIgniter->run()
#6 {main}
CRITICAL - 2021-03-04 05:23:57 --> count(): Parameter must be an array or an object that implements Countable
#0 [internal function]: CodeIgniter\Debug\Exceptions->errorHandler(2, 'count(): Parame...', 'F:\\wamp\\www\\fre...', 60, Array)
#1 F:\wamp\www\freelancer\sunstone\frontend\app\Controllers\Payment.php(60): count(NULL)
#2 F:\wamp\www\freelancer\sunstone\frontend\system\CodeIgniter.php(924): App\Controllers\Payment->add_cart()
#3 F:\wamp\www\freelancer\sunstone\frontend\system\CodeIgniter.php(410): CodeIgniter\CodeIgniter->runController(Object(App\Controllers\Payment))
#4 F:\wamp\www\freelancer\sunstone\frontend\system\CodeIgniter.php(318): CodeIgniter\CodeIgniter->handleRequest(NULL, Object(Config\Cache), false)
#5 F:\wamp\www\freelancer\sunstone\frontend\index.php(46): CodeIgniter\CodeIgniter->run()
#6 {main}
CRITICAL - 2021-03-04 05:24:31 --> count(): Parameter must be an array or an object that implements Countable
#0 [internal function]: CodeIgniter\Debug\Exceptions->errorHandler(2, 'count(): Parame...', 'F:\\wamp\\www\\fre...', 61, Array)
#1 F:\wamp\www\freelancer\sunstone\frontend\app\Controllers\Payment.php(61): count(NULL)
#2 F:\wamp\www\freelancer\sunstone\frontend\system\CodeIgniter.php(924): App\Controllers\Payment->add_cart()
#3 F:\wamp\www\freelancer\sunstone\frontend\system\CodeIgniter.php(410): CodeIgniter\CodeIgniter->runController(Object(App\Controllers\Payment))
#4 F:\wamp\www\freelancer\sunstone\frontend\system\CodeIgniter.php(318): CodeIgniter\CodeIgniter->handleRequest(NULL, Object(Config\Cache), false)
#5 F:\wamp\www\freelancer\sunstone\frontend\index.php(46): CodeIgniter\CodeIgniter->run()
#6 {main}
CRITICAL - 2021-03-04 05:24:41 --> count(): Parameter must be an array or an object that implements Countable
#0 [internal function]: CodeIgniter\Debug\Exceptions->errorHandler(2, 'count(): Parame...', 'F:\\wamp\\www\\fre...', 61, Array)
#1 F:\wamp\www\freelancer\sunstone\frontend\app\Controllers\Payment.php(61): count(NULL)
#2 F:\wamp\www\freelancer\sunstone\frontend\system\CodeIgniter.php(924): App\Controllers\Payment->add_cart()
#3 F:\wamp\www\freelancer\sunstone\frontend\system\CodeIgniter.php(410): CodeIgniter\CodeIgniter->runController(Object(App\Controllers\Payment))
#4 F:\wamp\www\freelancer\sunstone\frontend\system\CodeIgniter.php(318): CodeIgniter\CodeIgniter->handleRequest(NULL, Object(Config\Cache), false)
#5 F:\wamp\www\freelancer\sunstone\frontend\index.php(46): CodeIgniter\CodeIgniter->run()
#6 {main}
CRITICAL - 2021-03-04 05:24:43 --> count(): Parameter must be an array or an object that implements Countable
#0 [internal function]: CodeIgniter\Debug\Exceptions->errorHandler(2, 'count(): Parame...', 'F:\\wamp\\www\\fre...', 61, Array)
#1 F:\wamp\www\freelancer\sunstone\frontend\app\Controllers\Payment.php(61): count(NULL)
#2 F:\wamp\www\freelancer\sunstone\frontend\system\CodeIgniter.php(924): App\Controllers\Payment->add_cart()
#3 F:\wamp\www\freelancer\sunstone\frontend\system\CodeIgniter.php(410): CodeIgniter\CodeIgniter->runController(Object(App\Controllers\Payment))
#4 F:\wamp\www\freelancer\sunstone\frontend\system\CodeIgniter.php(318): CodeIgniter\CodeIgniter->handleRequest(NULL, Object(Config\Cache), false)
#5 F:\wamp\www\freelancer\sunstone\frontend\index.php(46): CodeIgniter\CodeIgniter->run()
#6 {main}
CRITICAL - 2021-03-04 05:24:59 --> count(): Parameter must be an array or an object that implements Countable
#0 [internal function]: CodeIgniter\Debug\Exceptions->errorHandler(2, 'count(): Parame...', 'F:\\wamp\\www\\fre...', 62, Array)
#1 F:\wamp\www\freelancer\sunstone\frontend\app\Controllers\Payment.php(62): count(NULL)
#2 F:\wamp\www\freelancer\sunstone\frontend\system\CodeIgniter.php(924): App\Controllers\Payment->add_cart()
#3 F:\wamp\www\freelancer\sunstone\frontend\system\CodeIgniter.php(410): CodeIgniter\CodeIgniter->runController(Object(App\Controllers\Payment))
#4 F:\wamp\www\freelancer\sunstone\frontend\system\CodeIgniter.php(318): CodeIgniter\CodeIgniter->handleRequest(NULL, Object(Config\Cache), false)
#5 F:\wamp\www\freelancer\sunstone\frontend\index.php(46): CodeIgniter\CodeIgniter->run()
#6 {main}
CRITICAL - 2021-03-04 05:25:36 --> Invalid argument supplied for foreach()
#0 F:\wamp\www\freelancer\sunstone\frontend\app\Controllers\Payment.php(79): CodeIgniter\Debug\Exceptions->errorHandler(2, 'Invalid argumen...', 'F:\\wamp\\www\\fre...', 79, Array)
#1 F:\wamp\www\freelancer\sunstone\frontend\system\CodeIgniter.php(924): App\Controllers\Payment->add_cart()
#2 F:\wamp\www\freelancer\sunstone\frontend\system\CodeIgniter.php(410): CodeIgniter\CodeIgniter->runController(Object(App\Controllers\Payment))
#3 F:\wamp\www\freelancer\sunstone\frontend\system\CodeIgniter.php(318): CodeIgniter\CodeIgniter->handleRequest(NULL, Object(Config\Cache), false)
#4 F:\wamp\www\freelancer\sunstone\frontend\index.php(46): CodeIgniter\CodeIgniter->run()
#5 {main}
CRITICAL - 2021-03-04 05:26:37 --> Unknown column 'is_discount' in 'field list'
#0 F:\wamp\www\freelancer\sunstone\frontend\system\Database\MySQLi\Connection.php(331): mysqli->query('INSERT INTO `sa...')
#1 F:\wamp\www\freelancer\sunstone\frontend\system\Database\BaseConnection.php(741): CodeIgniter\Database\MySQLi\Connection->execute('INSERT INTO `sa...')
#2 F:\wamp\www\freelancer\sunstone\frontend\system\Database\BaseConnection.php(669): CodeIgniter\Database\BaseConnection->simpleQuery('INSERT INTO `sa...')
#3 F:\wamp\www\freelancer\sunstone\frontend\system\Database\BaseBuilder.php(2249): CodeIgniter\Database\BaseConnection->query('INSERT INTO `sa...', Array, false)
#4 F:\wamp\www\freelancer\sunstone\frontend\app\Controllers\Payment.php(97): CodeIgniter\Database\BaseBuilder->insert(Array)
#5 F:\wamp\www\freelancer\sunstone\frontend\system\CodeIgniter.php(924): App\Controllers\Payment->add_cart()
#6 F:\wamp\www\freelancer\sunstone\frontend\system\CodeIgniter.php(410): CodeIgniter\CodeIgniter->runController(Object(App\Controllers\Payment))
#7 F:\wamp\www\freelancer\sunstone\frontend\system\CodeIgniter.php(318): CodeIgniter\CodeIgniter->handleRequest(NULL, Object(Config\Cache), false)
#8 F:\wamp\www\freelancer\sunstone\frontend\index.php(46): CodeIgniter\CodeIgniter->run()
#9 {main}
CRITICAL - 2021-03-04 05:27:12 --> Unknown column 'is_discount' in 'field list'
#0 F:\wamp\www\freelancer\sunstone\frontend\system\Database\MySQLi\Connection.php(331): mysqli->query('INSERT INTO `sa...')
#1 F:\wamp\www\freelancer\sunstone\frontend\system\Database\BaseConnection.php(741): CodeIgniter\Database\MySQLi\Connection->execute('INSERT INTO `sa...')
#2 F:\wamp\www\freelancer\sunstone\frontend\system\Database\BaseConnection.php(669): CodeIgniter\Database\BaseConnection->simpleQuery('INSERT INTO `sa...')
#3 F:\wamp\www\freelancer\sunstone\frontend\system\Database\BaseBuilder.php(2249): CodeIgniter\Database\BaseConnection->query('INSERT INTO `sa...', Array, false)
#4 F:\wamp\www\freelancer\sunstone\frontend\app\Controllers\Payment.php(97): CodeIgniter\Database\BaseBuilder->insert(Array)
#5 F:\wamp\www\freelancer\sunstone\frontend\system\CodeIgniter.php(924): App\Controllers\Payment->add_cart()
#6 F:\wamp\www\freelancer\sunstone\frontend\system\CodeIgniter.php(410): CodeIgniter\CodeIgniter->runController(Object(App\Controllers\Payment))
#7 F:\wamp\www\freelancer\sunstone\frontend\system\CodeIgniter.php(318): CodeIgniter\CodeIgniter->handleRequest(NULL, Object(Config\Cache), false)
#8 F:\wamp\www\freelancer\sunstone\frontend\index.php(46): CodeIgniter\CodeIgniter->run()
#9 {main}
CRITICAL - 2021-03-04 05:27:22 --> Unknown column 'is_discount' in 'field list'
#0 F:\wamp\www\freelancer\sunstone\frontend\system\Database\MySQLi\Connection.php(331): mysqli->query('INSERT INTO `sa...')
#1 F:\wamp\www\freelancer\sunstone\frontend\system\Database\BaseConnection.php(741): CodeIgniter\Database\MySQLi\Connection->execute('INSERT INTO `sa...')
#2 F:\wamp\www\freelancer\sunstone\frontend\system\Database\BaseConnection.php(669): CodeIgniter\Database\BaseConnection->simpleQuery('INSERT INTO `sa...')
#3 F:\wamp\www\freelancer\sunstone\frontend\system\Database\BaseBuilder.php(2249): CodeIgniter\Database\BaseConnection->query('INSERT INTO `sa...', Array, false)
#4 F:\wamp\www\freelancer\sunstone\frontend\app\Controllers\Payment.php(97): CodeIgniter\Database\BaseBuilder->insert(Array)
#5 F:\wamp\www\freelancer\sunstone\frontend\system\CodeIgniter.php(924): App\Controllers\Payment->add_cart()
#6 F:\wamp\www\freelancer\sunstone\frontend\system\CodeIgniter.php(410): CodeIgniter\CodeIgniter->runController(Object(App\Controllers\Payment))
#7 F:\wamp\www\freelancer\sunstone\frontend\system\CodeIgniter.php(318): CodeIgniter\CodeIgniter->handleRequest(NULL, Object(Config\Cache), false)
#8 F:\wamp\www\freelancer\sunstone\frontend\index.php(46): CodeIgniter\CodeIgniter->run()
#9 {main}
CRITICAL - 2021-03-04 05:29:57 --> count(): Parameter must be an array or an object that implements Countable
#0 [internal function]: CodeIgniter\Debug\Exceptions->errorHandler(2, 'count(): Parame...', 'F:\\wamp\\www\\fre...', 64, Array)
#1 F:\wamp\www\freelancer\sunstone\frontend\app\Controllers\Payment.php(64): count(NULL)
#2 F:\wamp\www\freelancer\sunstone\frontend\system\CodeIgniter.php(924): App\Controllers\Payment->add_cart()
#3 F:\wamp\www\freelancer\sunstone\frontend\system\CodeIgniter.php(410): CodeIgniter\CodeIgniter->runController(Object(App\Controllers\Payment))
#4 F:\wamp\www\freelancer\sunstone\frontend\system\CodeIgniter.php(318): CodeIgniter\CodeIgniter->handleRequest(NULL, Object(Config\Cache), false)
#5 F:\wamp\www\freelancer\sunstone\frontend\index.php(46): CodeIgniter\CodeIgniter->run()
#6 {main}
CRITICAL - 2021-03-04 05:34:12 --> count(): Parameter must be an array or an object that implements Countable
#0 [internal function]: CodeIgniter\Debug\Exceptions->errorHandler(2, 'count(): Parame...', 'F:\\wamp\\www\\fre...', 66, Array)
#1 F:\wamp\www\freelancer\sunstone\frontend\app\Controllers\Payment.php(66): count(NULL)
#2 F:\wamp\www\freelancer\sunstone\frontend\system\CodeIgniter.php(924): App\Controllers\Payment->add_cart()
#3 F:\wamp\www\freelancer\sunstone\frontend\system\CodeIgniter.php(410): CodeIgniter\CodeIgniter->runController(Object(App\Controllers\Payment))
#4 F:\wamp\www\freelancer\sunstone\frontend\system\CodeIgniter.php(318): CodeIgniter\CodeIgniter->handleRequest(NULL, Object(Config\Cache), false)
#5 F:\wamp\www\freelancer\sunstone\frontend\index.php(46): CodeIgniter\CodeIgniter->run()
#6 {main}
CRITICAL - 2021-03-04 05:34:29 --> count(): Parameter must be an array or an object that implements Countable
#0 [internal function]: CodeIgniter\Debug\Exceptions->errorHandler(2, 'count(): Parame...', 'F:\\wamp\\www\\fre...', 66, Array)
#1 F:\wamp\www\freelancer\sunstone\frontend\app\Controllers\Payment.php(66): count(NULL)
#2 F:\wamp\www\freelancer\sunstone\frontend\system\CodeIgniter.php(924): App\Controllers\Payment->add_cart()
#3 F:\wamp\www\freelancer\sunstone\frontend\system\CodeIgniter.php(410): CodeIgniter\CodeIgniter->runController(Object(App\Controllers\Payment))
#4 F:\wamp\www\freelancer\sunstone\frontend\system\CodeIgniter.php(318): CodeIgniter\CodeIgniter->handleRequest(NULL, Object(Config\Cache), false)
#5 F:\wamp\www\freelancer\sunstone\frontend\index.php(46): CodeIgniter\CodeIgniter->run()
#6 {main}
CRITICAL - 2021-03-04 05:35:40 --> Undefined variable: addon_id
#0 F:\wamp\www\freelancer\sunstone\frontend\app\Controllers\Payment.php(75): CodeIgniter\Debug\Exceptions->errorHandler(8, 'Undefined varia...', 'F:\\wamp\\www\\fre...', 75, Array)
#1 F:\wamp\www\freelancer\sunstone\frontend\system\CodeIgniter.php(924): App\Controllers\Payment->add_cart()
#2 F:\wamp\www\freelancer\sunstone\frontend\system\CodeIgniter.php(410): CodeIgniter\CodeIgniter->runController(Object(App\Controllers\Payment))
#3 F:\wamp\www\freelancer\sunstone\frontend\system\CodeIgniter.php(318): CodeIgniter\CodeIgniter->handleRequest(NULL, Object(Config\Cache), false)
#4 F:\wamp\www\freelancer\sunstone\frontend\index.php(46): CodeIgniter\CodeIgniter->run()
#5 {main}
CRITICAL - 2021-03-04 06:23:04 --> Invalid argument supplied for foreach()
#0 F:\wamp\www\freelancer\sunstone\frontend\app\Controllers\Payment.php(84): CodeIgniter\Debug\Exceptions->errorHandler(2, 'Invalid argumen...', 'F:\\wamp\\www\\fre...', 84, Array)
#1 F:\wamp\www\freelancer\sunstone\frontend\system\CodeIgniter.php(924): App\Controllers\Payment->add_cart()
#2 F:\wamp\www\freelancer\sunstone\frontend\system\CodeIgniter.php(410): CodeIgniter\CodeIgniter->runController(Object(App\Controllers\Payment))
#3 F:\wamp\www\freelancer\sunstone\frontend\system\CodeIgniter.php(318): CodeIgniter\CodeIgniter->handleRequest(NULL, Object(Config\Cache), false)
#4 F:\wamp\www\freelancer\sunstone\frontend\index.php(46): CodeIgniter\CodeIgniter->run()
#5 {main}
CRITICAL - 2021-03-04 06:24:36 --> Invalid argument supplied for foreach()
#0 F:\wamp\www\freelancer\sunstone\frontend\app\Controllers\Payment.php(84): CodeIgniter\Debug\Exceptions->errorHandler(2, 'Invalid argumen...', 'F:\\wamp\\www\\fre...', 84, Array)
#1 F:\wamp\www\freelancer\sunstone\frontend\system\CodeIgniter.php(924): App\Controllers\Payment->add_cart()
#2 F:\wamp\www\freelancer\sunstone\frontend\system\CodeIgniter.php(410): CodeIgniter\CodeIgniter->runController(Object(App\Controllers\Payment))
#3 F:\wamp\www\freelancer\sunstone\frontend\system\CodeIgniter.php(318): CodeIgniter\CodeIgniter->handleRequest(NULL, Object(Config\Cache), false)
#4 F:\wamp\www\freelancer\sunstone\frontend\index.php(46): CodeIgniter\CodeIgniter->run()
#5 {main}
CRITICAL - 2021-03-04 06:30:12 --> Undefined variable: is_claim_popup
#0 F:\wamp\www\freelancer\sunstone\frontend\app\Views\payment.php(752): CodeIgniter\Debug\Exceptions->errorHandler(8, 'Undefined varia...', 'F:\\wamp\\www\\fre...', 752, Array)
#1 F:\wamp\www\freelancer\sunstone\frontend\system\View\View.php(246): include('F:\\wamp\\www\\fre...')
#2 F:\wamp\www\freelancer\sunstone\frontend\system\Common.php(1119): CodeIgniter\View\View->render('payment', Array, true)
#3 F:\wamp\www\freelancer\sunstone\frontend\app\Controllers\Payment.php(39): view('payment', Array)
#4 F:\wamp\www\freelancer\sunstone\frontend\system\CodeIgniter.php(924): App\Controllers\Payment->index()
#5 F:\wamp\www\freelancer\sunstone\frontend\system\CodeIgniter.php(410): CodeIgniter\CodeIgniter->runController(Object(App\Controllers\Payment))
#6 F:\wamp\www\freelancer\sunstone\frontend\system\CodeIgniter.php(318): CodeIgniter\CodeIgniter->handleRequest(NULL, Object(Config\Cache), false)
#7 F:\wamp\www\freelancer\sunstone\frontend\index.php(46): CodeIgniter\CodeIgniter->run()
#8 {main}
CRITICAL - 2021-03-04 11:41:11 --> Call to undefined method CodeIgniter\Session\Session::session_id()
#0 F:\wamp\www\freelancer\sunstone\frontend\app\Views\__partial\__header.php(31): get_cart_qty()
#1 F:\wamp\www\freelancer\sunstone\frontend\app\Views\services.php(73): include('F:\\wamp\\www\\fre...')
#2 F:\wamp\www\freelancer\sunstone\frontend\system\View\View.php(246): include('F:\\wamp\\www\\fre...')
#3 F:\wamp\www\freelancer\sunstone\frontend\system\Common.php(1119): CodeIgniter\View\View->render('services', Array, true)
#4 F:\wamp\www\freelancer\sunstone\frontend\app\Controllers\Services.php(57): view('services', Array)
#5 F:\wamp\www\freelancer\sunstone\frontend\system\CodeIgniter.php(924): App\Controllers\Services->index()
#6 F:\wamp\www\freelancer\sunstone\frontend\system\CodeIgniter.php(410): CodeIgniter\CodeIgniter->runController(Object(App\Controllers\Services))
#7 F:\wamp\www\freelancer\sunstone\frontend\system\CodeIgniter.php(318): CodeIgniter\CodeIgniter->handleRequest(NULL, Object(Config\Cache), false)
#8 F:\wamp\www\freelancer\sunstone\frontend\index.php(46): CodeIgniter\CodeIgniter->run()
#9 {main}
CRITICAL - 2021-03-04 11:41:20 --> Call to undefined method CodeIgniter\Session\Session::session_id()
#0 F:\wamp\www\freelancer\sunstone\frontend\app\Views\__partial\__header.php(31): get_cart_qty()
#1 F:\wamp\www\freelancer\sunstone\frontend\app\Views\services.php(73): include('F:\\wamp\\www\\fre...')
#2 F:\wamp\www\freelancer\sunstone\frontend\system\View\View.php(246): include('F:\\wamp\\www\\fre...')
#3 F:\wamp\www\freelancer\sunstone\frontend\system\Common.php(1119): CodeIgniter\View\View->render('services', Array, true)
#4 F:\wamp\www\freelancer\sunstone\frontend\app\Controllers\Services.php(57): view('services', Array)
#5 F:\wamp\www\freelancer\sunstone\frontend\system\CodeIgniter.php(924): App\Controllers\Services->index()
#6 F:\wamp\www\freelancer\sunstone\frontend\system\CodeIgniter.php(410): CodeIgniter\CodeIgniter->runController(Object(App\Controllers\Services))
#7 F:\wamp\www\freelancer\sunstone\frontend\system\CodeIgniter.php(318): CodeIgniter\CodeIgniter->handleRequest(NULL, Object(Config\Cache), false)
#8 F:\wamp\www\freelancer\sunstone\frontend\index.php(46): CodeIgniter\CodeIgniter->run()
#9 {main}
CRITICAL - 2021-03-04 11:41:27 --> Undefined variable: id
#0 F:\wamp\www\freelancer\sunstone\frontend\app\Helpers\fun_helper.php(76): CodeIgniter\Debug\Exceptions->errorHandler(8, 'Undefined varia...', 'F:\\wamp\\www\\fre...', 76, Array)
#1 F:\wamp\www\freelancer\sunstone\frontend\app\Views\__partial\__header.php(31): get_cart_qty()
#2 F:\wamp\www\freelancer\sunstone\frontend\app\Views\services.php(73): include('F:\\wamp\\www\\fre...')
#3 F:\wamp\www\freelancer\sunstone\frontend\system\View\View.php(246): include('F:\\wamp\\www\\fre...')
#4 F:\wamp\www\freelancer\sunstone\frontend\system\Common.php(1119): CodeIgniter\View\View->render('services', Array, true)
#5 F:\wamp\www\freelancer\sunstone\frontend\app\Controllers\Services.php(57): view('services', Array)
#6 F:\wamp\www\freelancer\sunstone\frontend\system\CodeIgniter.php(924): App\Controllers\Services->index()
#7 F:\wamp\www\freelancer\sunstone\frontend\system\CodeIgniter.php(410): CodeIgniter\CodeIgniter->runController(Object(App\Controllers\Services))
#8 F:\wamp\www\freelancer\sunstone\frontend\system\CodeIgniter.php(318): CodeIgniter\CodeIgniter->handleRequest(NULL, Object(Config\Cache), false)
#9 F:\wamp\www\freelancer\sunstone\frontend\index.php(46): CodeIgniter\CodeIgniter->run()
#10 {main}
CRITICAL - 2021-03-04 11:41:37 --> Undefined variable: db
#0 F:\wamp\www\freelancer\sunstone\frontend\app\Helpers\fun_helper.php(77): CodeIgniter\Debug\Exceptions->errorHandler(8, 'Undefined varia...', 'F:\\wamp\\www\\fre...', 77, Array)
#1 F:\wamp\www\freelancer\sunstone\frontend\app\Views\__partial\__header.php(31): get_cart_qty()
#2 F:\wamp\www\freelancer\sunstone\frontend\app\Views\services.php(73): include('F:\\wamp\\www\\fre...')
#3 F:\wamp\www\freelancer\sunstone\frontend\system\View\View.php(246): include('F:\\wamp\\www\\fre...')
#4 F:\wamp\www\freelancer\sunstone\frontend\system\Common.php(1119): CodeIgniter\View\View->render('services', Array, true)
#5 F:\wamp\www\freelancer\sunstone\frontend\app\Controllers\Services.php(57): view('services', Array)
#6 F:\wamp\www\freelancer\sunstone\frontend\system\CodeIgniter.php(924): App\Controllers\Services->index()
#7 F:\wamp\www\freelancer\sunstone\frontend\system\CodeIgniter.php(410): CodeIgniter\CodeIgniter->runController(Object(App\Controllers\Services))
#8 F:\wamp\www\freelancer\sunstone\frontend\system\CodeIgniter.php(318): CodeIgniter\CodeIgniter->handleRequest(NULL, Object(Config\Cache), false)
#9 F:\wamp\www\freelancer\sunstone\frontend\index.php(46): CodeIgniter\CodeIgniter->run()
#10 {main}
CRITICAL - 2021-03-04 11:41:47 --> Undefined index: currency
#0 F:\wamp\www\freelancer\sunstone\frontend\app\Helpers\fun_helper.php(35): CodeIgniter\Debug\Exceptions->errorHandler(8, 'Undefined index...', 'F:\\wamp\\www\\fre...', 35, Array)
#1 F:\wamp\www\freelancer\sunstone\frontend\app\Views\services.php(224): get_package_was_price('16')
#2 F:\wamp\www\freelancer\sunstone\frontend\system\View\View.php(246): include('F:\\wamp\\www\\fre...')
#3 F:\wamp\www\freelancer\sunstone\frontend\system\Common.php(1119): CodeIgniter\View\View->render('services', Array, true)
#4 F:\wamp\www\freelancer\sunstone\frontend\app\Controllers\Services.php(57): view('services', Array)
#5 F:\wamp\www\freelancer\sunstone\frontend\system\CodeIgniter.php(924): App\Controllers\Services->index()
#6 F:\wamp\www\freelancer\sunstone\frontend\system\CodeIgniter.php(410): CodeIgniter\CodeIgniter->runController(Object(App\Controllers\Services))
#7 F:\wamp\www\freelancer\sunstone\frontend\system\CodeIgniter.php(318): CodeIgniter\CodeIgniter->handleRequest(NULL, Object(Config\Cache), false)
#8 F:\wamp\www\freelancer\sunstone\frontend\index.php(46): CodeIgniter\CodeIgniter->run()
#9 {main}
CRITICAL - 2021-03-04 11:45:24 --> Undefined index: currency
#0 F:\wamp\www\freelancer\sunstone\frontend\app\Helpers\fun_helper.php(47): CodeIgniter\Debug\Exceptions->errorHandler(8, 'Undefined index...', 'F:\\wamp\\www\\fre...', 47, Array)
#1 F:\wamp\www\freelancer\sunstone\frontend\app\Views\services.php(224): get_package_was_price('16')
#2 F:\wamp\www\freelancer\sunstone\frontend\system\View\View.php(246): include('F:\\wamp\\www\\fre...')
#3 F:\wamp\www\freelancer\sunstone\frontend\system\Common.php(1119): CodeIgniter\View\View->render('services', Array, true)
#4 F:\wamp\www\freelancer\sunstone\frontend\app\Controllers\Services.php(57): view('services', Array)
#5 F:\wamp\www\freelancer\sunstone\frontend\system\CodeIgniter.php(924): App\Controllers\Services->index()
#6 F:\wamp\www\freelancer\sunstone\frontend\system\CodeIgniter.php(410): CodeIgniter\CodeIgniter->runController(Object(App\Controllers\Services))
#7 F:\wamp\www\freelancer\sunstone\frontend\system\CodeIgniter.php(318): CodeIgniter\CodeIgniter->handleRequest(NULL, Object(Config\Cache), false)
#8 F:\wamp\www\freelancer\sunstone\frontend\index.php(46): CodeIgniter\CodeIgniter->run()
#9 {main}
CRITICAL - 2021-03-04 11:46:12 --> Undefined index: currency
#0 F:\wamp\www\freelancer\sunstone\frontend\app\Helpers\fun_helper.php(47): CodeIgniter\Debug\Exceptions->errorHandler(8, 'Undefined index...', 'F:\\wamp\\www\\fre...', 47, Array)
#1 F:\wamp\www\freelancer\sunstone\frontend\app\Views\services.php(224): get_package_was_price('16')
#2 F:\wamp\www\freelancer\sunstone\frontend\system\View\View.php(246): include('F:\\wamp\\www\\fre...')
#3 F:\wamp\www\freelancer\sunstone\frontend\system\Common.php(1119): CodeIgniter\View\View->render('services', Array, true)
#4 F:\wamp\www\freelancer\sunstone\frontend\app\Controllers\Services.php(57): view('services', Array)
#5 F:\wamp\www\freelancer\sunstone\frontend\system\CodeIgniter.php(924): App\Controllers\Services->index()
#6 F:\wamp\www\freelancer\sunstone\frontend\system\CodeIgniter.php(410): CodeIgniter\CodeIgniter->runController(Object(App\Controllers\Services))
#7 F:\wamp\www\freelancer\sunstone\frontend\system\CodeIgniter.php(318): CodeIgniter\CodeIgniter->handleRequest(NULL, Object(Config\Cache), false)
#8 F:\wamp\www\freelancer\sunstone\frontend\index.php(46): CodeIgniter\CodeIgniter->run()
#9 {main}
CRITICAL - 2021-03-04 11:46:13 --> Undefined index: currency
#0 F:\wamp\www\freelancer\sunstone\frontend\app\Helpers\fun_helper.php(47): CodeIgniter\Debug\Exceptions->errorHandler(8, 'Undefined index...', 'F:\\wamp\\www\\fre...', 47, Array)
#1 F:\wamp\www\freelancer\sunstone\frontend\app\Views\services.php(224): get_package_was_price('16')
#2 F:\wamp\www\freelancer\sunstone\frontend\system\View\View.php(246): include('F:\\wamp\\www\\fre...')
#3 F:\wamp\www\freelancer\sunstone\frontend\system\Common.php(1119): CodeIgniter\View\View->render('services', Array, true)
#4 F:\wamp\www\freelancer\sunstone\frontend\app\Controllers\Services.php(57): view('services', Array)
#5 F:\wamp\www\freelancer\sunstone\frontend\system\CodeIgniter.php(924): App\Controllers\Services->index()
#6 F:\wamp\www\freelancer\sunstone\frontend\system\CodeIgniter.php(410): CodeIgniter\CodeIgniter->runController(Object(App\Controllers\Services))
#7 F:\wamp\www\freelancer\sunstone\frontend\system\CodeIgniter.php(318): CodeIgniter\CodeIgniter->handleRequest(NULL, Object(Config\Cache), false)
#8 F:\wamp\www\freelancer\sunstone\frontend\index.php(46): CodeIgniter\CodeIgniter->run()
#9 {main}
CRITICAL - 2021-03-04 11:46:14 --> Undefined index: currency
#0 F:\wamp\www\freelancer\sunstone\frontend\app\Helpers\fun_helper.php(47): CodeIgniter\Debug\Exceptions->errorHandler(8, 'Undefined index...', 'F:\\wamp\\www\\fre...', 47, Array)
#1 F:\wamp\www\freelancer\sunstone\frontend\app\Views\services.php(224): get_package_was_price('16')
#2 F:\wamp\www\freelancer\sunstone\frontend\system\View\View.php(246): include('F:\\wamp\\www\\fre...')
#3 F:\wamp\www\freelancer\sunstone\frontend\system\Common.php(1119): CodeIgniter\View\View->render('services', Array, true)
#4 F:\wamp\www\freelancer\sunstone\frontend\app\Controllers\Services.php(57): view('services', Array)
#5 F:\wamp\www\freelancer\sunstone\frontend\system\CodeIgniter.php(924): App\Controllers\Services->index()
#6 F:\wamp\www\freelancer\sunstone\frontend\system\CodeIgniter.php(410): CodeIgniter\CodeIgniter->runController(Object(App\Controllers\Services))
#7 F:\wamp\www\freelancer\sunstone\frontend\system\CodeIgniter.php(318): CodeIgniter\CodeIgniter->handleRequest(NULL, Object(Config\Cache), false)
#8 F:\wamp\www\freelancer\sunstone\frontend\index.php(46): CodeIgniter\CodeIgniter->run()
#9 {main}
CRITICAL - 2021-03-04 11:46:14 --> Undefined index: currency
#0 F:\wamp\www\freelancer\sunstone\frontend\app\Helpers\fun_helper.php(47): CodeIgniter\Debug\Exceptions->errorHandler(8, 'Undefined index...', 'F:\\wamp\\www\\fre...', 47, Array)
#1 F:\wamp\www\freelancer\sunstone\frontend\app\Views\services.php(224): get_package_was_price('16')
#2 F:\wamp\www\freelancer\sunstone\frontend\system\View\View.php(246): include('F:\\wamp\\www\\fre...')
#3 F:\wamp\www\freelancer\sunstone\frontend\system\Common.php(1119): CodeIgniter\View\View->render('services', Array, true)
#4 F:\wamp\www\freelancer\sunstone\frontend\app\Controllers\Services.php(57): view('services', Array)
#5 F:\wamp\www\freelancer\sunstone\frontend\system\CodeIgniter.php(924): App\Controllers\Services->index()
#6 F:\wamp\www\freelancer\sunstone\frontend\system\CodeIgniter.php(410): CodeIgniter\CodeIgniter->runController(Object(App\Controllers\Services))
#7 F:\wamp\www\freelancer\sunstone\frontend\system\CodeIgniter.php(318): CodeIgniter\CodeIgniter->handleRequest(NULL, Object(Config\Cache), false)
#8 F:\wamp\www\freelancer\sunstone\frontend\index.php(46): CodeIgniter\CodeIgniter->run()
#9 {main}
CRITICAL - 2021-03-04 11:46:14 --> Undefined index: currency
#0 F:\wamp\www\freelancer\sunstone\frontend\app\Helpers\fun_helper.php(47): CodeIgniter\Debug\Exceptions->errorHandler(8, 'Undefined index...', 'F:\\wamp\\www\\fre...', 47, Array)
#1 F:\wamp\www\freelancer\sunstone\frontend\app\Views\services.php(224): get_package_was_price('16')
#2 F:\wamp\www\freelancer\sunstone\frontend\system\View\View.php(246): include('F:\\wamp\\www\\fre...')
#3 F:\wamp\www\freelancer\sunstone\frontend\system\Common.php(1119): CodeIgniter\View\View->render('services', Array, true)
#4 F:\wamp\www\freelancer\sunstone\frontend\app\Controllers\Services.php(57): view('services', Array)
#5 F:\wamp\www\freelancer\sunstone\frontend\system\CodeIgniter.php(924): App\Controllers\Services->index()
#6 F:\wamp\www\freelancer\sunstone\frontend\system\CodeIgniter.php(410): CodeIgniter\CodeIgniter->runController(Object(App\Controllers\Services))
#7 F:\wamp\www\freelancer\sunstone\frontend\system\CodeIgniter.php(318): CodeIgniter\CodeIgniter->handleRequest(NULL, Object(Config\Cache), false)
#8 F:\wamp\www\freelancer\sunstone\frontend\index.php(46): CodeIgniter\CodeIgniter->run()
#9 {main}
CRITICAL - 2021-03-04 11:46:52 --> Undefined index: currency
#0 F:\wamp\www\freelancer\sunstone\frontend\app\Helpers\fun_helper.php(48): CodeIgniter\Debug\Exceptions->errorHandler(8, 'Undefined index...', 'F:\\wamp\\www\\fre...', 48, Array)
#1 F:\wamp\www\freelancer\sunstone\frontend\app\Views\services.php(224): get_package_was_price('16')
#2 F:\wamp\www\freelancer\sunstone\frontend\system\View\View.php(246): include('F:\\wamp\\www\\fre...')
#3 F:\wamp\www\freelancer\sunstone\frontend\system\Common.php(1119): CodeIgniter\View\View->render('services', Array, true)
#4 F:\wamp\www\freelancer\sunstone\frontend\app\Controllers\Services.php(57): view('services', Array)
#5 F:\wamp\www\freelancer\sunstone\frontend\system\CodeIgniter.php(924): App\Controllers\Services->index()
#6 F:\wamp\www\freelancer\sunstone\frontend\system\CodeIgniter.php(410): CodeIgniter\CodeIgniter->runController(Object(App\Controllers\Services))
#7 F:\wamp\www\freelancer\sunstone\frontend\system\CodeIgniter.php(318): CodeIgniter\CodeIgniter->handleRequest(NULL, Object(Config\Cache), false)
#8 F:\wamp\www\freelancer\sunstone\frontend\index.php(46): CodeIgniter\CodeIgniter->run()
#9 {main}
CRITICAL - 2021-03-04 11:47:32 --> Undefined index: currency
#0 F:\wamp\www\freelancer\sunstone\frontend\app\Helpers\fun_helper.php(48): CodeIgniter\Debug\Exceptions->errorHandler(8, 'Undefined index...', 'F:\\wamp\\www\\fre...', 48, Array)
#1 F:\wamp\www\freelancer\sunstone\frontend\app\Views\services.php(224): get_package_was_price('16')
#2 F:\wamp\www\freelancer\sunstone\frontend\system\View\View.php(246): include('F:\\wamp\\www\\fre...')
#3 F:\wamp\www\freelancer\sunstone\frontend\system\Common.php(1119): CodeIgniter\View\View->render('services', Array, true)
#4 F:\wamp\www\freelancer\sunstone\frontend\app\Controllers\Services.php(57): view('services', Array)
#5 F:\wamp\www\freelancer\sunstone\frontend\system\CodeIgniter.php(924): App\Controllers\Services->index()
#6 F:\wamp\www\freelancer\sunstone\frontend\system\CodeIgniter.php(410): CodeIgniter\CodeIgniter->runController(Object(App\Controllers\Services))
#7 F:\wamp\www\freelancer\sunstone\frontend\system\CodeIgniter.php(318): CodeIgniter\CodeIgniter->handleRequest(NULL, Object(Config\Cache), false)
#8 F:\wamp\www\freelancer\sunstone\frontend\index.php(46): CodeIgniter\CodeIgniter->run()
#9 {main}
CRITICAL - 2021-03-04 11:47:33 --> Undefined index: currency
#0 F:\wamp\www\freelancer\sunstone\frontend\app\Helpers\fun_helper.php(48): CodeIgniter\Debug\Exceptions->errorHandler(8, 'Undefined index...', 'F:\\wamp\\www\\fre...', 48, Array)
#1 F:\wamp\www\freelancer\sunstone\frontend\app\Views\services.php(224): get_package_was_price('16')
#2 F:\wamp\www\freelancer\sunstone\frontend\system\View\View.php(246): include('F:\\wamp\\www\\fre...')
#3 F:\wamp\www\freelancer\sunstone\frontend\system\Common.php(1119): CodeIgniter\View\View->render('services', Array, true)
#4 F:\wamp\www\freelancer\sunstone\frontend\app\Controllers\Services.php(57): view('services', Array)
#5 F:\wamp\www\freelancer\sunstone\frontend\system\CodeIgniter.php(924): App\Controllers\Services->index()
#6 F:\wamp\www\freelancer\sunstone\frontend\system\CodeIgniter.php(410): CodeIgniter\CodeIgniter->runController(Object(App\Controllers\Services))
#7 F:\wamp\www\freelancer\sunstone\frontend\system\CodeIgniter.php(318): CodeIgniter\CodeIgniter->handleRequest(NULL, Object(Config\Cache), false)
#8 F:\wamp\www\freelancer\sunstone\frontend\index.php(46): CodeIgniter\CodeIgniter->run()
#9 {main}
CRITICAL - 2021-03-04 11:47:55 --> Undefined index: currency
#0 F:\wamp\www\freelancer\sunstone\frontend\app\Helpers\fun_helper.php(49): CodeIgniter\Debug\Exceptions->errorHandler(8, 'Undefined index...', 'F:\\wamp\\www\\fre...', 49, Array)
#1 F:\wamp\www\freelancer\sunstone\frontend\app\Views\services.php(224): get_package_was_price('16')
#2 F:\wamp\www\freelancer\sunstone\frontend\system\View\View.php(246): include('F:\\wamp\\www\\fre...')
#3 F:\wamp\www\freelancer\sunstone\frontend\system\Common.php(1119): CodeIgniter\View\View->render('services', Array, true)
#4 F:\wamp\www\freelancer\sunstone\frontend\app\Controllers\Services.php(57): view('services', Array)
#5 F:\wamp\www\freelancer\sunstone\frontend\system\CodeIgniter.php(924): App\Controllers\Services->index()
#6 F:\wamp\www\freelancer\sunstone\frontend\system\CodeIgniter.php(410): CodeIgniter\CodeIgniter->runController(Object(App\Controllers\Services))
#7 F:\wamp\www\freelancer\sunstone\frontend\system\CodeIgniter.php(318): CodeIgniter\CodeIgniter->handleRequest(NULL, Object(Config\Cache), false)
#8 F:\wamp\www\freelancer\sunstone\frontend\index.php(46): CodeIgniter\CodeIgniter->run()
#9 {main}
CRITICAL - 2021-03-04 11:48:17 --> Undefined index: country
#0 F:\wamp\www\freelancer\sunstone\frontend\app\Helpers\fun_helper.php(48): CodeIgniter\Debug\Exceptions->errorHandler(8, 'Undefined index...', 'F:\\wamp\\www\\fre...', 48, Array)
#1 F:\wamp\www\freelancer\sunstone\frontend\app\Views\services.php(224): get_package_was_price('16')
#2 F:\wamp\www\freelancer\sunstone\frontend\system\View\View.php(246): include('F:\\wamp\\www\\fre...')
#3 F:\wamp\www\freelancer\sunstone\frontend\system\Common.php(1119): CodeIgniter\View\View->render('services', Array, true)
#4 F:\wamp\www\freelancer\sunstone\frontend\app\Controllers\Services.php(57): view('services', Array)
#5 F:\wamp\www\freelancer\sunstone\frontend\system\CodeIgniter.php(924): App\Controllers\Services->index()
#6 F:\wamp\www\freelancer\sunstone\frontend\system\CodeIgniter.php(410): CodeIgniter\CodeIgniter->runController(Object(App\Controllers\Services))
#7 F:\wamp\www\freelancer\sunstone\frontend\system\CodeIgniter.php(318): CodeIgniter\CodeIgniter->handleRequest(NULL, Object(Config\Cache), false)
#8 F:\wamp\www\freelancer\sunstone\frontend\index.php(46): CodeIgniter\CodeIgniter->run()
#9 {main}
CRITICAL - 2021-03-04 11:48:59 --> ini_set(): A session is active. You cannot change the session module's ini settings at this time
#0 [internal function]: CodeIgniter\Debug\Exceptions->errorHandler(2, 'ini_set(): A se...', 'F:\\wamp\\www\\fre...', 101, Array)
#1 F:\wamp\www\freelancer\sunstone\frontend\system\Session\Handlers\FileHandler.php(101): ini_set('session.save_pa...', 'F:\\wamp\\www\\fre...')
#2 F:\wamp\www\freelancer\sunstone\frontend\system\Config\Services.php(780): CodeIgniter\Session\Handlers\FileHandler->__construct(Object(Config\App), '192.168.30.44')
#3 F:\wamp\www\freelancer\sunstone\frontend\system\Config\BaseService.php(123): CodeIgniter\Config\Services::session(Object(Config\App), false)
#4 F:\wamp\www\freelancer\sunstone\frontend\system\Config\Services.php(769): CodeIgniter\Config\BaseService::getSharedInstance('session', NULL)
#5 F:\wamp\www\freelancer\sunstone\frontend\system\Common.php(957): CodeIgniter\Config\Services::session()
#6 F:\wamp\www\freelancer\sunstone\frontend\app\Helpers\fun_helper.php(88): service('session')
#7 F:\wamp\www\freelancer\sunstone\frontend\app\Views\__partial\__header.php(33): get_cart_qty()
#8 F:\wamp\www\freelancer\sunstone\frontend\app\Views\services.php(73): include('F:\\wamp\\www\\fre...')
#9 F:\wamp\www\freelancer\sunstone\frontend\system\View\View.php(246): include('F:\\wamp\\www\\fre...')
#10 F:\wamp\www\freelancer\sunstone\frontend\system\Common.php(1119): CodeIgniter\View\View->render('services', Array, true)
#11 F:\wamp\www\freelancer\sunstone\frontend\app\Controllers\Services.php(57): view('services', Array)
#12 F:\wamp\www\freelancer\sunstone\frontend\system\CodeIgniter.php(924): App\Controllers\Services->index()
#13 F:\wamp\www\freelancer\sunstone\frontend\system\CodeIgniter.php(410): CodeIgniter\CodeIgniter->runController(Object(App\Controllers\Services))
#14 F:\wamp\www\freelancer\sunstone\frontend\system\CodeIgniter.php(318): CodeIgniter\CodeIgniter->handleRequest(NULL, Object(Config\Cache), false)
#15 F:\wamp\www\freelancer\sunstone\frontend\index.php(46): CodeIgniter\CodeIgniter->run()
#16 {main}
CRITICAL - 2021-03-04 11:49:38 --> ini_set(): A session is active. You cannot change the session module's ini settings at this time
#0 [internal function]: CodeIgniter\Debug\Exceptions->errorHandler(2, 'ini_set(): A se...', 'F:\\wamp\\www\\fre...', 101, Array)
#1 F:\wamp\www\freelancer\sunstone\frontend\system\Session\Handlers\FileHandler.php(101): ini_set('session.save_pa...', 'F:\\wamp\\www\\fre...')
#2 F:\wamp\www\freelancer\sunstone\frontend\system\Config\Services.php(780): CodeIgniter\Session\Handlers\FileHandler->__construct(Object(Config\App), '192.168.30.44')
#3 F:\wamp\www\freelancer\sunstone\frontend\system\Config\BaseService.php(123): CodeIgniter\Config\Services::session(Object(Config\App), false)
#4 F:\wamp\www\freelancer\sunstone\frontend\system\Config\Services.php(769): CodeIgniter\Config\BaseService::getSharedInstance('session', NULL)
#5 F:\wamp\www\freelancer\sunstone\frontend\system\Common.php(957): CodeIgniter\Config\Services::session()
#6 F:\wamp\www\freelancer\sunstone\frontend\app\Helpers\fun_helper.php(89): service('session')
#7 F:\wamp\www\freelancer\sunstone\frontend\app\Views\__partial\__header.php(32): get_cart_qty()
#8 F:\wamp\www\freelancer\sunstone\frontend\app\Views\services.php(73): include('F:\\wamp\\www\\fre...')
#9 F:\wamp\www\freelancer\sunstone\frontend\system\View\View.php(246): include('F:\\wamp\\www\\fre...')
#10 F:\wamp\www\freelancer\sunstone\frontend\system\Common.php(1119): CodeIgniter\View\View->render('services', Array, true)
#11 F:\wamp\www\freelancer\sunstone\frontend\app\Controllers\Services.php(57): view('services', Array)
#12 F:\wamp\www\freelancer\sunstone\frontend\system\CodeIgniter.php(924): App\Controllers\Services->index()
#13 F:\wamp\www\freelancer\sunstone\frontend\system\CodeIgniter.php(410): CodeIgniter\CodeIgniter->runController(Object(App\Controllers\Services))
#14 F:\wamp\www\freelancer\sunstone\frontend\system\CodeIgniter.php(318): CodeIgniter\CodeIgniter->handleRequest(NULL, Object(Config\Cache), false)
#15 F:\wamp\www\freelancer\sunstone\frontend\index.php(46): CodeIgniter\CodeIgniter->run()
#16 {main}
CRITICAL - 2021-03-04 11:52:28 --> Undefined variable: session
#0 F:\wamp\www\freelancer\sunstone\frontend\app\Helpers\fun_helper.php(39): CodeIgniter\Debug\Exceptions->errorHandler(8, 'Undefined varia...', 'F:\\wamp\\www\\fre...', 39, Array)
#1 F:\wamp\www\freelancer\sunstone\frontend\app\Helpers\fun_helper.php(28): get_currency()
#2 F:\wamp\www\freelancer\sunstone\frontend\app\Views\__partial\__header.php(3): get_country()
#3 F:\wamp\www\freelancer\sunstone\frontend\app\Views\services.php(73): include('F:\\wamp\\www\\fre...')
#4 F:\wamp\www\freelancer\sunstone\frontend\system\View\View.php(246): include('F:\\wamp\\www\\fre...')
#5 F:\wamp\www\freelancer\sunstone\frontend\system\Common.php(1119): CodeIgniter\View\View->render('services', Array, true)
#6 F:\wamp\www\freelancer\sunstone\frontend\app\Controllers\Services.php(57): view('services', Array)
#7 F:\wamp\www\freelancer\sunstone\frontend\system\CodeIgniter.php(924): App\Controllers\Services->index()
#8 F:\wamp\www\freelancer\sunstone\frontend\system\CodeIgniter.php(410): CodeIgniter\CodeIgniter->runController(Object(App\Controllers\Services))
#9 F:\wamp\www\freelancer\sunstone\frontend\system\CodeIgniter.php(318): CodeIgniter\CodeIgniter->handleRequest(NULL, Object(Config\Cache), false)
#10 F:\wamp\www\freelancer\sunstone\frontend\index.php(46): CodeIgniter\CodeIgniter->run()
#11 {main}
CRITICAL - 2021-03-04 11:53:07 --> Undefined variable: db
#0 F:\wamp\www\freelancer\sunstone\frontend\app\Helpers\fun_helper.php(60): CodeIgniter\Debug\Exceptions->errorHandler(8, 'Undefined varia...', 'F:\\wamp\\www\\fre...', 60, Array)
#1 F:\wamp\www\freelancer\sunstone\frontend\app\Views\services.php(224): get_package_was_price('16')
#2 F:\wamp\www\freelancer\sunstone\frontend\system\View\View.php(246): include('F:\\wamp\\www\\fre...')
#3 F:\wamp\www\freelancer\sunstone\frontend\system\Common.php(1119): CodeIgniter\View\View->render('services', Array, true)
#4 F:\wamp\www\freelancer\sunstone\frontend\app\Controllers\Services.php(57): view('services', Array)
#5 F:\wamp\www\freelancer\sunstone\frontend\system\CodeIgniter.php(924): App\Controllers\Services->index()
#6 F:\wamp\www\freelancer\sunstone\frontend\system\CodeIgniter.php(410): CodeIgniter\CodeIgniter->runController(Object(App\Controllers\Services))
#7 F:\wamp\www\freelancer\sunstone\frontend\system\CodeIgniter.php(318): CodeIgniter\CodeIgniter->handleRequest(NULL, Object(Config\Cache), false)
#8 F:\wamp\www\freelancer\sunstone\frontend\index.php(46): CodeIgniter\CodeIgniter->run()
#9 {main}
CRITICAL - 2021-03-04 11:53:27 --> Undefined index: price
#0 F:\wamp\www\freelancer\sunstone\frontend\app\Helpers\fun_helper.php(62): CodeIgniter\Debug\Exceptions->errorHandler(8, 'Undefined index...', 'F:\\wamp\\www\\fre...', 62, Array)
#1 F:\wamp\www\freelancer\sunstone\frontend\app\Views\services.php(224): get_package_was_price('16')
#2 F:\wamp\www\freelancer\sunstone\frontend\system\View\View.php(246): include('F:\\wamp\\www\\fre...')
#3 F:\wamp\www\freelancer\sunstone\frontend\system\Common.php(1119): CodeIgniter\View\View->render('services', Array, true)
#4 F:\wamp\www\freelancer\sunstone\frontend\app\Controllers\Services.php(57): view('services', Array)
#5 F:\wamp\www\freelancer\sunstone\frontend\system\CodeIgniter.php(924): App\Controllers\Services->index()
#6 F:\wamp\www\freelancer\sunstone\frontend\system\CodeIgniter.php(410): CodeIgniter\CodeIgniter->runController(Object(App\Controllers\Services))
#7 F:\wamp\www\freelancer\sunstone\frontend\system\CodeIgniter.php(318): CodeIgniter\CodeIgniter->handleRequest(NULL, Object(Config\Cache), false)
#8 F:\wamp\www\freelancer\sunstone\frontend\index.php(46): CodeIgniter\CodeIgniter->run()
#9 {main}
CRITICAL - 2021-03-04 11:54:16 --> Division by zero
#0 F:\wamp\www\freelancer\sunstone\frontend\app\Views\services.php(229): CodeIgniter\Debug\Exceptions->errorHandler(2, 'Division by zer...', 'F:\\wamp\\www\\fre...', 229, Array)
#1 F:\wamp\www\freelancer\sunstone\frontend\system\View\View.php(246): include('F:\\wamp\\www\\fre...')
#2 F:\wamp\www\freelancer\sunstone\frontend\system\Common.php(1119): CodeIgniter\View\View->render('services', Array, true)
#3 F:\wamp\www\freelancer\sunstone\frontend\app\Controllers\Services.php(57): view('services', Array)
#4 F:\wamp\www\freelancer\sunstone\frontend\system\CodeIgniter.php(924): App\Controllers\Services->index()
#5 F:\wamp\www\freelancer\sunstone\frontend\system\CodeIgniter.php(410): CodeIgniter\CodeIgniter->runController(Object(App\Controllers\Services))
#6 F:\wamp\www\freelancer\sunstone\frontend\system\CodeIgniter.php(318): CodeIgniter\CodeIgniter->handleRequest(NULL, Object(Config\Cache), false)
#7 F:\wamp\www\freelancer\sunstone\frontend\index.php(46): CodeIgniter\CodeIgniter->run()
#8 {main}
CRITICAL - 2021-03-04 11:55:32 --> Division by zero
#0 F:\wamp\www\freelancer\sunstone\frontend\app\Views\services.php(230): CodeIgniter\Debug\Exceptions->errorHandler(2, 'Division by zer...', 'F:\\wamp\\www\\fre...', 230, Array)
#1 F:\wamp\www\freelancer\sunstone\frontend\system\View\View.php(246): include('F:\\wamp\\www\\fre...')
#2 F:\wamp\www\freelancer\sunstone\frontend\system\Common.php(1119): CodeIgniter\View\View->render('services', Array, true)
#3 F:\wamp\www\freelancer\sunstone\frontend\app\Controllers\Services.php(57): view('services', Array)
#4 F:\wamp\www\freelancer\sunstone\frontend\system\CodeIgniter.php(924): App\Controllers\Services->index()
#5 F:\wamp\www\freelancer\sunstone\frontend\system\CodeIgniter.php(410): CodeIgniter\CodeIgniter->runController(Object(App\Controllers\Services))
#6 F:\wamp\www\freelancer\sunstone\frontend\system\CodeIgniter.php(318): CodeIgniter\CodeIgniter->handleRequest(NULL, Object(Config\Cache), false)
#7 F:\wamp\www\freelancer\sunstone\frontend\index.php(46): CodeIgniter\CodeIgniter->run()
#8 {main}
CRITICAL - 2021-03-04 11:56:08 --> Division by zero
#0 F:\wamp\www\freelancer\sunstone\frontend\app\Views\packages.php(261): CodeIgniter\Debug\Exceptions->errorHandler(2, 'Division by zer...', 'F:\\wamp\\www\\fre...', 261, Array)
#1 F:\wamp\www\freelancer\sunstone\frontend\system\View\View.php(246): include('F:\\wamp\\www\\fre...')
#2 F:\wamp\www\freelancer\sunstone\frontend\system\Common.php(1119): CodeIgniter\View\View->render('packages', Array, true)
#3 F:\wamp\www\freelancer\sunstone\frontend\app\Controllers\Packages.php(60): view('packages', Array)
#4 F:\wamp\www\freelancer\sunstone\frontend\system\CodeIgniter.php(924): App\Controllers\Packages->index()
#5 F:\wamp\www\freelancer\sunstone\frontend\system\CodeIgniter.php(410): CodeIgniter\CodeIgniter->runController(Object(App\Controllers\Packages))
#6 F:\wamp\www\freelancer\sunstone\frontend\system\CodeIgniter.php(318): CodeIgniter\CodeIgniter->handleRequest(NULL, Object(Config\Cache), false)
#7 F:\wamp\www\freelancer\sunstone\frontend\index.php(46): CodeIgniter\CodeIgniter->run()
#8 {main}
CRITICAL - 2021-03-04 11:56:54 --> Division by zero
#0 F:\wamp\www\freelancer\sunstone\frontend\app\Views\packages.php(544): CodeIgniter\Debug\Exceptions->errorHandler(2, 'Division by zer...', 'F:\\wamp\\www\\fre...', 544, Array)
#1 F:\wamp\www\freelancer\sunstone\frontend\system\View\View.php(246): include('F:\\wamp\\www\\fre...')
#2 F:\wamp\www\freelancer\sunstone\frontend\system\Common.php(1119): CodeIgniter\View\View->render('packages', Array, true)
#3 F:\wamp\www\freelancer\sunstone\frontend\app\Controllers\Packages.php(60): view('packages', Array)
#4 F:\wamp\www\freelancer\sunstone\frontend\system\CodeIgniter.php(924): App\Controllers\Packages->index()
#5 F:\wamp\www\freelancer\sunstone\frontend\system\CodeIgniter.php(410): CodeIgniter\CodeIgniter->runController(Object(App\Controllers\Packages))
#6 F:\wamp\www\freelancer\sunstone\frontend\system\CodeIgniter.php(318): CodeIgniter\CodeIgniter->handleRequest(NULL, Object(Config\Cache), false)
#7 F:\wamp\www\freelancer\sunstone\frontend\index.php(46): CodeIgniter\CodeIgniter->run()
#8 {main}
CRITICAL - 2021-03-04 11:57:56 --> Undefined variable: price
#0 F:\wamp\www\freelancer\sunstone\frontend\app\Views\packages.php(539): CodeIgniter\Debug\Exceptions->errorHandler(8, 'Undefined varia...', 'F:\\wamp\\www\\fre...', 539, Array)
#1 F:\wamp\www\freelancer\sunstone\frontend\system\View\View.php(246): include('F:\\wamp\\www\\fre...')
#2 F:\wamp\www\freelancer\sunstone\frontend\system\Common.php(1119): CodeIgniter\View\View->render('packages', Array, true)
#3 F:\wamp\www\freelancer\sunstone\frontend\app\Controllers\Packages.php(60): view('packages', Array)
#4 F:\wamp\www\freelancer\sunstone\frontend\system\CodeIgniter.php(924): App\Controllers\Packages->index()
#5 F:\wamp\www\freelancer\sunstone\frontend\system\CodeIgniter.php(410): CodeIgniter\CodeIgniter->runController(Object(App\Controllers\Packages))
#6 F:\wamp\www\freelancer\sunstone\frontend\system\CodeIgniter.php(318): CodeIgniter\CodeIgniter->handleRequest(NULL, Object(Config\Cache), false)
#7 F:\wamp\www\freelancer\sunstone\frontend\index.php(46): CodeIgniter\CodeIgniter->run()
#8 {main}
CRITICAL - 2021-03-04 11:58:21 --> Division by zero
#0 F:\wamp\www\freelancer\sunstone\frontend\app\Views\packages.php(549): CodeIgniter\Debug\Exceptions->errorHandler(2, 'Division by zer...', 'F:\\wamp\\www\\fre...', 549, Array)
#1 F:\wamp\www\freelancer\sunstone\frontend\system\View\View.php(246): include('F:\\wamp\\www\\fre...')
#2 F:\wamp\www\freelancer\sunstone\frontend\system\Common.php(1119): CodeIgniter\View\View->render('packages', Array, true)
#3 F:\wamp\www\freelancer\sunstone\frontend\app\Controllers\Packages.php(60): view('packages', Array)
#4 F:\wamp\www\freelancer\sunstone\frontend\system\CodeIgniter.php(924): App\Controllers\Packages->index()
#5 F:\wamp\www\freelancer\sunstone\frontend\system\CodeIgniter.php(410): CodeIgniter\CodeIgniter->runController(Object(App\Controllers\Packages))
#6 F:\wamp\www\freelancer\sunstone\frontend\system\CodeIgniter.php(318): CodeIgniter\CodeIgniter->handleRequest(NULL, Object(Config\Cache), false)
#7 F:\wamp\www\freelancer\sunstone\frontend\index.php(46): CodeIgniter\CodeIgniter->run()
#8 {main}
CRITICAL - 2021-03-04 12:27:12 --> Division by zero
#0 F:\wamp\www\freelancer\sunstone\frontend\app\Views\home.php(172): CodeIgniter\Debug\Exceptions->errorHandler(2, 'Division by zer...', 'F:\\wamp\\www\\fre...', 172, Array)
#1 F:\wamp\www\freelancer\sunstone\frontend\system\View\View.php(246): include('F:\\wamp\\www\\fre...')
#2 F:\wamp\www\freelancer\sunstone\frontend\system\Common.php(1119): CodeIgniter\View\View->render('home', Array, true)
#3 F:\wamp\www\freelancer\sunstone\frontend\app\Controllers\Home.php(37): view('home', Array)
#4 F:\wamp\www\freelancer\sunstone\frontend\system\CodeIgniter.php(924): App\Controllers\Home->index()
#5 F:\wamp\www\freelancer\sunstone\frontend\system\CodeIgniter.php(410): CodeIgniter\CodeIgniter->runController(Object(App\Controllers\Home))
#6 F:\wamp\www\freelancer\sunstone\frontend\system\CodeIgniter.php(318): CodeIgniter\CodeIgniter->handleRequest(NULL, Object(Config\Cache), false)
#7 F:\wamp\www\freelancer\sunstone\frontend\index.php(46): CodeIgniter\CodeIgniter->run()
#8 {main}
