CRITICAL - 2021-02-23 01:28:08 --> Undefined variable: package
#0 /var/www/html/sunstone/app/Views/home.php(147): CodeIgniter\Debug\Exceptions->errorHandler()
#1 /var/www/html/sunstone/system/View/View.php(246): include('/var/www/html/s...')
#2 /var/www/html/sunstone/system/Common.php(1119): CodeIgniter\View\View->render()
#3 /var/www/html/sunstone/app/Controllers/Home.php(37): view()
#4 /var/www/html/sunstone/system/CodeIgniter.php(924): App\Controllers\Home->index()
#5 /var/www/html/sunstone/system/CodeIgniter.php(410): CodeIgniter\CodeIgniter->runController()
#6 /var/www/html/sunstone/system/CodeIgniter.php(318): CodeIgniter\CodeIgniter->handleRequest()
#7 /var/www/html/sunstone/index.php(46): CodeIgniter\CodeIgniter->run()
#8 {main}
CRITICAL - 2021-02-23 04:24:02 --> Undefined variable: service
#0 /var/www/html/sunstone/app/Views/addons.php(103): CodeIgniter\Debug\Exceptions->errorHandler()
#1 /var/www/html/sunstone/system/View/View.php(246): include('/var/www/html/s...')
#2 /var/www/html/sunstone/system/Common.php(1119): CodeIgniter\View\View->render()
#3 /var/www/html/sunstone/app/Controllers/Addons.php(38): view()
#4 /var/www/html/sunstone/system/CodeIgniter.php(924): App\Controllers\Addons->index()
#5 /var/www/html/sunstone/system/CodeIgniter.php(410): CodeIgniter\CodeIgniter->runController()
#6 /var/www/html/sunstone/system/CodeIgniter.php(318): CodeIgniter\CodeIgniter->handleRequest()
#7 /var/www/html/sunstone/index.php(46): CodeIgniter\CodeIgniter->run()
#8 {main}
CRITICAL - 2021-02-23 06:30:01 --> Undefined variable: service
#0 /var/www/html/sunstone/app/Views/addons.php(112): CodeIgniter\Debug\Exceptions->errorHandler()
#1 /var/www/html/sunstone/system/View/View.php(246): include('/var/www/html/s...')
#2 /var/www/html/sunstone/system/Common.php(1119): CodeIgniter\View\View->render()
#3 /var/www/html/sunstone/app/Controllers/Addons.php(38): view()
#4 /var/www/html/sunstone/system/CodeIgniter.php(924): App\Controllers\Addons->index()
#5 /var/www/html/sunstone/system/CodeIgniter.php(410): CodeIgniter\CodeIgniter->runController()
#6 /var/www/html/sunstone/system/CodeIgniter.php(318): CodeIgniter\CodeIgniter->handleRequest()
#7 /var/www/html/sunstone/index.php(46): CodeIgniter\CodeIgniter->run()
#8 {main}
CRITICAL - 2021-02-23 07:17:15 --> Undefined variable: service
#0 /var/www/html/sunstone/app/Views/addons.php(115): CodeIgniter\Debug\Exceptions->errorHandler()
#1 /var/www/html/sunstone/system/View/View.php(246): include('/var/www/html/s...')
#2 /var/www/html/sunstone/system/Common.php(1119): CodeIgniter\View\View->render()
#3 /var/www/html/sunstone/app/Controllers/Addons.php(38): view()
#4 /var/www/html/sunstone/system/CodeIgniter.php(924): App\Controllers\Addons->index()
#5 /var/www/html/sunstone/system/CodeIgniter.php(410): CodeIgniter\CodeIgniter->runController()
#6 /var/www/html/sunstone/system/CodeIgniter.php(318): CodeIgniter\CodeIgniter->handleRequest()
#7 /var/www/html/sunstone/index.php(46): CodeIgniter\CodeIgniter->run()
#8 {main}
