CRITICAL - 2021-01-07 01:45:57 --> Invalid file: {0}
#0 /var/www/html/image_gallery_2/system/View/View.php(228): CodeIgniter\Exceptions\FrameworkException::forInvalidFile()
#1 /var/www/html/image_gallery_2/system/Common.php(1119): CodeIgniter\View\View->render()
#2 /var/www/html/image_gallery_2/app/Controllers/Image_gallery.php(7): view()
#3 /var/www/html/image_gallery_2/system/CodeIgniter.php(924): App\Controllers\Image_gallery->index()
#4 /var/www/html/image_gallery_2/system/CodeIgniter.php(410): CodeIgniter\CodeIgniter->runController()
#5 /var/www/html/image_gallery_2/system/CodeIgniter.php(318): CodeIgniter\CodeIgniter->handleRequest()
#6 /var/www/html/image_gallery_2/index.php(46): CodeIgniter\CodeIgniter->run()
#7 {main}
CRITICAL - 2021-01-07 01:46:22 --> Invalid file: {0}
#0 /var/www/html/image_gallery_2/system/View/View.php(228): CodeIgniter\Exceptions\FrameworkException::forInvalidFile()
#1 /var/www/html/image_gallery_2/system/Common.php(1119): CodeIgniter\View\View->render()
#2 /var/www/html/image_gallery_2/app/Controllers/Image_gallery.php(7): view()
#3 /var/www/html/image_gallery_2/system/CodeIgniter.php(924): App\Controllers\Image_gallery->index()
#4 /var/www/html/image_gallery_2/system/CodeIgniter.php(410): CodeIgniter\CodeIgniter->runController()
#5 /var/www/html/image_gallery_2/system/CodeIgniter.php(318): CodeIgniter\CodeIgniter->handleRequest()
#6 /var/www/html/image_gallery_2/index.php(46): CodeIgniter\CodeIgniter->run()
#7 {main}
CRITICAL - 2021-01-07 01:46:28 --> Invalid file: {0}
#0 /var/www/html/image_gallery_2/system/View/View.php(228): CodeIgniter\Exceptions\FrameworkException::forInvalidFile()
#1 /var/www/html/image_gallery_2/system/Common.php(1119): CodeIgniter\View\View->render()
#2 /var/www/html/image_gallery_2/app/Controllers/Image_gallery.php(7): view()
#3 /var/www/html/image_gallery_2/system/CodeIgniter.php(924): App\Controllers\Image_gallery->index()
#4 /var/www/html/image_gallery_2/system/CodeIgniter.php(410): CodeIgniter\CodeIgniter->runController()
#5 /var/www/html/image_gallery_2/system/CodeIgniter.php(318): CodeIgniter\CodeIgniter->handleRequest()
#6 /var/www/html/image_gallery_2/index.php(46): CodeIgniter\CodeIgniter->run()
#7 {main}
CRITICAL - 2021-01-07 01:46:50 --> Invalid file: {0}
#0 /var/www/html/image_gallery_2/system/View/View.php(228): CodeIgniter\Exceptions\FrameworkException::forInvalidFile()
#1 /var/www/html/image_gallery_2/system/Common.php(1119): CodeIgniter\View\View->render()
#2 /var/www/html/image_gallery_2/app/Controllers/Image_gallery.php(7): view()
#3 /var/www/html/image_gallery_2/system/CodeIgniter.php(924): App\Controllers\Image_gallery->index()
#4 /var/www/html/image_gallery_2/system/CodeIgniter.php(410): CodeIgniter\CodeIgniter->runController()
#5 /var/www/html/image_gallery_2/system/CodeIgniter.php(318): CodeIgniter\CodeIgniter->handleRequest()
#6 /var/www/html/image_gallery_2/index.php(46): CodeIgniter\CodeIgniter->run()
#7 {main}
CRITICAL - 2021-01-07 02:18:13 --> mkdir(): Invalid path
#0 [internal function]: CodeIgniter\Debug\Exceptions->errorHandler()
#1 /var/www/html/image_gallery_2/system/HTTP/Files/UploadedFile.php(212): mkdir()
#2 /var/www/html/image_gallery_2/system/HTTP/Files/UploadedFile.php(163): CodeIgniter\HTTP\Files\UploadedFile->setPath()
#3 /var/www/html/image_gallery_2/app/Controllers/Upload_image.php(35): CodeIgniter\HTTP\Files\UploadedFile->move()
#4 /var/www/html/image_gallery_2/system/CodeIgniter.php(924): App\Controllers\Upload_image->file_upload()
#5 /var/www/html/image_gallery_2/system/CodeIgniter.php(410): CodeIgniter\CodeIgniter->runController()
#6 /var/www/html/image_gallery_2/system/CodeIgniter.php(318): CodeIgniter\CodeIgniter->handleRequest()
#7 /var/www/html/image_gallery_2/index.php(46): CodeIgniter\CodeIgniter->run()
#8 {main}
CRITICAL - 2021-01-07 02:19:43 --> mkdir(): Invalid path
#0 [internal function]: CodeIgniter\Debug\Exceptions->errorHandler()
#1 /var/www/html/image_gallery_2/system/HTTP/Files/UploadedFile.php(212): mkdir()
#2 /var/www/html/image_gallery_2/system/HTTP/Files/UploadedFile.php(163): CodeIgniter\HTTP\Files\UploadedFile->setPath()
#3 /var/www/html/image_gallery_2/app/Controllers/Upload_image.php(37): CodeIgniter\HTTP\Files\UploadedFile->move()
#4 /var/www/html/image_gallery_2/system/CodeIgniter.php(924): App\Controllers\Upload_image->file_upload()
#5 /var/www/html/image_gallery_2/system/CodeIgniter.php(410): CodeIgniter\CodeIgniter->runController()
#6 /var/www/html/image_gallery_2/system/CodeIgniter.php(318): CodeIgniter\CodeIgniter->handleRequest()
#7 /var/www/html/image_gallery_2/index.php(46): CodeIgniter\CodeIgniter->run()
#8 {main}
CRITICAL - 2021-01-07 02:19:54 --> mkdir(): Invalid path
#0 [internal function]: CodeIgniter\Debug\Exceptions->errorHandler()
#1 /var/www/html/image_gallery_2/system/HTTP/Files/UploadedFile.php(212): mkdir()
#2 /var/www/html/image_gallery_2/system/HTTP/Files/UploadedFile.php(163): CodeIgniter\HTTP\Files\UploadedFile->setPath()
#3 /var/www/html/image_gallery_2/app/Controllers/Upload_image.php(37): CodeIgniter\HTTP\Files\UploadedFile->move()
#4 /var/www/html/image_gallery_2/system/CodeIgniter.php(924): App\Controllers\Upload_image->file_upload()
#5 /var/www/html/image_gallery_2/system/CodeIgniter.php(410): CodeIgniter\CodeIgniter->runController()
#6 /var/www/html/image_gallery_2/system/CodeIgniter.php(318): CodeIgniter\CodeIgniter->handleRequest()
#7 /var/www/html/image_gallery_2/index.php(46): CodeIgniter\CodeIgniter->run()
#8 {main}
CRITICAL - 2021-01-07 02:20:39 --> syntax error, unexpected 'die' (T_EXIT), expecting ';' or ','
#0 /var/www/html/image_gallery_2/system/Router/Router.php(195): CodeIgniter\Router\Router->autoRoute()
#1 /var/www/html/image_gallery_2/system/CodeIgniter.php(799): CodeIgniter\Router\Router->handle()
#2 /var/www/html/image_gallery_2/system/CodeIgniter.php(370): CodeIgniter\CodeIgniter->tryToRouteIt()
#3 /var/www/html/image_gallery_2/system/CodeIgniter.php(318): CodeIgniter\CodeIgniter->handleRequest()
#4 /var/www/html/image_gallery_2/index.php(46): CodeIgniter\CodeIgniter->run()
#5 {main}
CRITICAL - 2021-01-07 02:21:08 --> syntax error, unexpected 'die' (T_EXIT), expecting ';' or ','
#0 /var/www/html/image_gallery_2/system/Router/Router.php(195): CodeIgniter\Router\Router->autoRoute()
#1 /var/www/html/image_gallery_2/system/CodeIgniter.php(799): CodeIgniter\Router\Router->handle()
#2 /var/www/html/image_gallery_2/system/CodeIgniter.php(370): CodeIgniter\CodeIgniter->tryToRouteIt()
#3 /var/www/html/image_gallery_2/system/CodeIgniter.php(318): CodeIgniter\CodeIgniter->handleRequest()
#4 /var/www/html/image_gallery_2/index.php(46): CodeIgniter\CodeIgniter->run()
#5 {main}
CRITICAL - 2021-01-07 02:24:50 --> mkdir(): Invalid path
#0 [internal function]: CodeIgniter\Debug\Exceptions->errorHandler()
#1 /var/www/html/image_gallery_2/system/HTTP/Files/UploadedFile.php(212): mkdir()
#2 /var/www/html/image_gallery_2/system/HTTP/Files/UploadedFile.php(163): CodeIgniter\HTTP\Files\UploadedFile->setPath()
#3 /var/www/html/image_gallery_2/app/Controllers/Upload_image.php(39): CodeIgniter\HTTP\Files\UploadedFile->move()
#4 /var/www/html/image_gallery_2/system/CodeIgniter.php(924): App\Controllers\Upload_image->file_upload()
#5 /var/www/html/image_gallery_2/system/CodeIgniter.php(410): CodeIgniter\CodeIgniter->runController()
#6 /var/www/html/image_gallery_2/system/CodeIgniter.php(318): CodeIgniter\CodeIgniter->handleRequest()
#7 /var/www/html/image_gallery_2/index.php(46): CodeIgniter\CodeIgniter->run()
#8 {main}
CRITICAL - 2021-01-07 02:26:39 --> mkdir(): Invalid path
#0 [internal function]: CodeIgniter\Debug\Exceptions->errorHandler()
#1 /var/www/html/image_gallery_2/system/HTTP/Files/UploadedFile.php(212): mkdir()
#2 /var/www/html/image_gallery_2/system/HTTP/Files/UploadedFile.php(163): CodeIgniter\HTTP\Files\UploadedFile->setPath()
#3 /var/www/html/image_gallery_2/app/Controllers/Upload_image.php(39): CodeIgniter\HTTP\Files\UploadedFile->move()
#4 /var/www/html/image_gallery_2/system/CodeIgniter.php(924): App\Controllers\Upload_image->file_upload()
#5 /var/www/html/image_gallery_2/system/CodeIgniter.php(410): CodeIgniter\CodeIgniter->runController()
#6 /var/www/html/image_gallery_2/system/CodeIgniter.php(318): CodeIgniter\CodeIgniter->handleRequest()
#7 /var/www/html/image_gallery_2/index.php(46): CodeIgniter\CodeIgniter->run()
#8 {main}
CRITICAL - 2021-01-07 02:27:07 --> mkdir(): Invalid path
#0 [internal function]: CodeIgniter\Debug\Exceptions->errorHandler()
#1 /var/www/html/image_gallery_2/system/HTTP/Files/UploadedFile.php(212): mkdir()
#2 /var/www/html/image_gallery_2/system/HTTP/Files/UploadedFile.php(163): CodeIgniter\HTTP\Files\UploadedFile->setPath()
#3 /var/www/html/image_gallery_2/app/Controllers/Upload_image.php(39): CodeIgniter\HTTP\Files\UploadedFile->move()
#4 /var/www/html/image_gallery_2/system/CodeIgniter.php(924): App\Controllers\Upload_image->file_upload()
#5 /var/www/html/image_gallery_2/system/CodeIgniter.php(410): CodeIgniter\CodeIgniter->runController()
#6 /var/www/html/image_gallery_2/system/CodeIgniter.php(318): CodeIgniter\CodeIgniter->handleRequest()
#7 /var/www/html/image_gallery_2/index.php(46): CodeIgniter\CodeIgniter->run()
#8 {main}
CRITICAL - 2021-01-07 02:27:35 --> mkdir(): Invalid path
#0 [internal function]: CodeIgniter\Debug\Exceptions->errorHandler()
#1 /var/www/html/image_gallery_2/system/HTTP/Files/UploadedFile.php(212): mkdir()
#2 /var/www/html/image_gallery_2/system/HTTP/Files/UploadedFile.php(163): CodeIgniter\HTTP\Files\UploadedFile->setPath()
#3 /var/www/html/image_gallery_2/app/Controllers/Upload_image.php(39): CodeIgniter\HTTP\Files\UploadedFile->move()
#4 /var/www/html/image_gallery_2/system/CodeIgniter.php(924): App\Controllers\Upload_image->file_upload()
#5 /var/www/html/image_gallery_2/system/CodeIgniter.php(410): CodeIgniter\CodeIgniter->runController()
#6 /var/www/html/image_gallery_2/system/CodeIgniter.php(318): CodeIgniter\CodeIgniter->handleRequest()
#7 /var/www/html/image_gallery_2/index.php(46): CodeIgniter\CodeIgniter->run()
#8 {main}
CRITICAL - 2021-01-07 02:28:49 --> mkdir(): Invalid path
#0 [internal function]: CodeIgniter\Debug\Exceptions->errorHandler()
#1 /var/www/html/image_gallery_2/system/HTTP/Files/UploadedFile.php(212): mkdir()
#2 /var/www/html/image_gallery_2/system/HTTP/Files/UploadedFile.php(163): CodeIgniter\HTTP\Files\UploadedFile->setPath()
#3 /var/www/html/image_gallery_2/app/Controllers/Upload_image.php(39): CodeIgniter\HTTP\Files\UploadedFile->move()
#4 /var/www/html/image_gallery_2/system/CodeIgniter.php(924): App\Controllers\Upload_image->file_upload()
#5 /var/www/html/image_gallery_2/system/CodeIgniter.php(410): CodeIgniter\CodeIgniter->runController()
#6 /var/www/html/image_gallery_2/system/CodeIgniter.php(318): CodeIgniter\CodeIgniter->handleRequest()
#7 /var/www/html/image_gallery_2/index.php(46): CodeIgniter\CodeIgniter->run()
#8 {main}
CRITICAL - 2021-01-07 02:29:08 --> mkdir(): Invalid path
#0 [internal function]: CodeIgniter\Debug\Exceptions->errorHandler()
#1 /var/www/html/image_gallery_2/system/HTTP/Files/UploadedFile.php(212): mkdir()
#2 /var/www/html/image_gallery_2/system/HTTP/Files/UploadedFile.php(163): CodeIgniter\HTTP\Files\UploadedFile->setPath()
#3 /var/www/html/image_gallery_2/app/Controllers/Upload_image.php(39): CodeIgniter\HTTP\Files\UploadedFile->move()
#4 /var/www/html/image_gallery_2/system/CodeIgniter.php(924): App\Controllers\Upload_image->file_upload()
#5 /var/www/html/image_gallery_2/system/CodeIgniter.php(410): CodeIgniter\CodeIgniter->runController()
#6 /var/www/html/image_gallery_2/system/CodeIgniter.php(318): CodeIgniter\CodeIgniter->handleRequest()
#7 /var/www/html/image_gallery_2/index.php(46): CodeIgniter\CodeIgniter->run()
#8 {main}
CRITICAL - 2021-01-07 02:29:27 --> mkdir(): Invalid path
#0 [internal function]: CodeIgniter\Debug\Exceptions->errorHandler()
#1 /var/www/html/image_gallery_2/system/HTTP/Files/UploadedFile.php(212): mkdir()
#2 /var/www/html/image_gallery_2/system/HTTP/Files/UploadedFile.php(163): CodeIgniter\HTTP\Files\UploadedFile->setPath()
#3 /var/www/html/image_gallery_2/app/Controllers/Upload_image.php(39): CodeIgniter\HTTP\Files\UploadedFile->move()
#4 /var/www/html/image_gallery_2/system/CodeIgniter.php(924): App\Controllers\Upload_image->file_upload()
#5 /var/www/html/image_gallery_2/system/CodeIgniter.php(410): CodeIgniter\CodeIgniter->runController()
#6 /var/www/html/image_gallery_2/system/CodeIgniter.php(318): CodeIgniter\CodeIgniter->handleRequest()
#7 /var/www/html/image_gallery_2/index.php(46): CodeIgniter\CodeIgniter->run()
#8 {main}
CRITICAL - 2021-01-07 02:29:48 --> mkdir(): Invalid path
#0 [internal function]: CodeIgniter\Debug\Exceptions->errorHandler()
#1 /var/www/html/image_gallery_2/system/HTTP/Files/UploadedFile.php(212): mkdir()
#2 /var/www/html/image_gallery_2/system/HTTP/Files/UploadedFile.php(163): CodeIgniter\HTTP\Files\UploadedFile->setPath()
#3 /var/www/html/image_gallery_2/app/Controllers/Upload_image.php(39): CodeIgniter\HTTP\Files\UploadedFile->move()
#4 /var/www/html/image_gallery_2/system/CodeIgniter.php(924): App\Controllers\Upload_image->file_upload()
#5 /var/www/html/image_gallery_2/system/CodeIgniter.php(410): CodeIgniter\CodeIgniter->runController()
#6 /var/www/html/image_gallery_2/system/CodeIgniter.php(318): CodeIgniter\CodeIgniter->handleRequest()
#7 /var/www/html/image_gallery_2/index.php(46): CodeIgniter\CodeIgniter->run()
#8 {main}
CRITICAL - 2021-01-07 02:30:38 --> mkdir(): Invalid path
#0 [internal function]: CodeIgniter\Debug\Exceptions->errorHandler()
#1 /var/www/html/image_gallery_2/system/HTTP/Files/UploadedFile.php(212): mkdir()
#2 /var/www/html/image_gallery_2/system/HTTP/Files/UploadedFile.php(163): CodeIgniter\HTTP\Files\UploadedFile->setPath()
#3 /var/www/html/image_gallery_2/app/Controllers/Upload_image.php(39): CodeIgniter\HTTP\Files\UploadedFile->move()
#4 /var/www/html/image_gallery_2/system/CodeIgniter.php(924): App\Controllers\Upload_image->file_upload()
#5 /var/www/html/image_gallery_2/system/CodeIgniter.php(410): CodeIgniter\CodeIgniter->runController()
#6 /var/www/html/image_gallery_2/system/CodeIgniter.php(318): CodeIgniter\CodeIgniter->handleRequest()
#7 /var/www/html/image_gallery_2/index.php(46): CodeIgniter\CodeIgniter->run()
#8 {main}
CRITICAL - 2021-01-07 02:30:43 --> mkdir(): Invalid path
#0 [internal function]: CodeIgniter\Debug\Exceptions->errorHandler()
#1 /var/www/html/image_gallery_2/system/HTTP/Files/UploadedFile.php(212): mkdir()
#2 /var/www/html/image_gallery_2/system/HTTP/Files/UploadedFile.php(163): CodeIgniter\HTTP\Files\UploadedFile->setPath()
#3 /var/www/html/image_gallery_2/app/Controllers/Upload_image.php(39): CodeIgniter\HTTP\Files\UploadedFile->move()
#4 /var/www/html/image_gallery_2/system/CodeIgniter.php(924): App\Controllers\Upload_image->file_upload()
#5 /var/www/html/image_gallery_2/system/CodeIgniter.php(410): CodeIgniter\CodeIgniter->runController()
#6 /var/www/html/image_gallery_2/system/CodeIgniter.php(318): CodeIgniter\CodeIgniter->handleRequest()
#7 /var/www/html/image_gallery_2/index.php(46): CodeIgniter\CodeIgniter->run()
#8 {main}
CRITICAL - 2021-01-07 02:34:25 --> mkdir(): Invalid path
#0 [internal function]: CodeIgniter\Debug\Exceptions->errorHandler()
#1 /var/www/html/image_gallery_2/system/HTTP/Files/UploadedFile.php(212): mkdir()
#2 /var/www/html/image_gallery_2/system/HTTP/Files/UploadedFile.php(163): CodeIgniter\HTTP\Files\UploadedFile->setPath()
#3 /var/www/html/image_gallery_2/app/Controllers/Upload_image.php(39): CodeIgniter\HTTP\Files\UploadedFile->move()
#4 /var/www/html/image_gallery_2/system/CodeIgniter.php(924): App\Controllers\Upload_image->file_upload()
#5 /var/www/html/image_gallery_2/system/CodeIgniter.php(410): CodeIgniter\CodeIgniter->runController()
#6 /var/www/html/image_gallery_2/system/CodeIgniter.php(318): CodeIgniter\CodeIgniter->handleRequest()
#7 /var/www/html/image_gallery_2/index.php(46): CodeIgniter\CodeIgniter->run()
#8 {main}
CRITICAL - 2021-01-07 02:35:49 --> mkdir(): Invalid path
#0 [internal function]: CodeIgniter\Debug\Exceptions->errorHandler()
#1 /var/www/html/image_gallery_2/system/HTTP/Files/UploadedFile.php(212): mkdir()
#2 /var/www/html/image_gallery_2/system/HTTP/Files/UploadedFile.php(163): CodeIgniter\HTTP\Files\UploadedFile->setPath()
#3 /var/www/html/image_gallery_2/app/Controllers/Upload_image.php(39): CodeIgniter\HTTP\Files\UploadedFile->move()
#4 /var/www/html/image_gallery_2/system/CodeIgniter.php(924): App\Controllers\Upload_image->file_upload()
#5 /var/www/html/image_gallery_2/system/CodeIgniter.php(410): CodeIgniter\CodeIgniter->runController()
#6 /var/www/html/image_gallery_2/system/CodeIgniter.php(318): CodeIgniter\CodeIgniter->handleRequest()
#7 /var/www/html/image_gallery_2/index.php(46): CodeIgniter\CodeIgniter->run()
#8 {main}
CRITICAL - 2021-01-07 02:36:49 --> mkdir(): Invalid path
#0 [internal function]: CodeIgniter\Debug\Exceptions->errorHandler()
#1 /var/www/html/image_gallery_2/system/HTTP/Files/UploadedFile.php(212): mkdir()
#2 /var/www/html/image_gallery_2/system/HTTP/Files/UploadedFile.php(163): CodeIgniter\HTTP\Files\UploadedFile->setPath()
#3 /var/www/html/image_gallery_2/app/Controllers/Upload_image.php(39): CodeIgniter\HTTP\Files\UploadedFile->move()
#4 /var/www/html/image_gallery_2/system/CodeIgniter.php(924): App\Controllers\Upload_image->file_upload()
#5 /var/www/html/image_gallery_2/system/CodeIgniter.php(410): CodeIgniter\CodeIgniter->runController()
#6 /var/www/html/image_gallery_2/system/CodeIgniter.php(318): CodeIgniter\CodeIgniter->handleRequest()
#7 /var/www/html/image_gallery_2/index.php(46): CodeIgniter\CodeIgniter->run()
#8 {main}
CRITICAL - 2021-01-07 02:38:06 --> mkdir(): Invalid path
#0 [internal function]: CodeIgniter\Debug\Exceptions->errorHandler()
#1 /var/www/html/image_gallery_2/system/HTTP/Files/UploadedFile.php(212): mkdir()
#2 /var/www/html/image_gallery_2/system/HTTP/Files/UploadedFile.php(163): CodeIgniter\HTTP\Files\UploadedFile->setPath()
#3 /var/www/html/image_gallery_2/app/Controllers/Upload_image.php(39): CodeIgniter\HTTP\Files\UploadedFile->move()
#4 /var/www/html/image_gallery_2/system/CodeIgniter.php(924): App\Controllers\Upload_image->file_upload()
#5 /var/www/html/image_gallery_2/system/CodeIgniter.php(410): CodeIgniter\CodeIgniter->runController()
#6 /var/www/html/image_gallery_2/system/CodeIgniter.php(318): CodeIgniter\CodeIgniter->handleRequest()
#7 /var/www/html/image_gallery_2/index.php(46): CodeIgniter\CodeIgniter->run()
#8 {main}
CRITICAL - 2021-01-07 02:40:50 --> mkdir(): Invalid path
#0 [internal function]: CodeIgniter\Debug\Exceptions->errorHandler()
#1 /var/www/html/image_gallery_2/system/HTTP/Files/UploadedFile.php(212): mkdir()
#2 /var/www/html/image_gallery_2/system/HTTP/Files/UploadedFile.php(163): CodeIgniter\HTTP\Files\UploadedFile->setPath()
#3 /var/www/html/image_gallery_2/app/Controllers/Upload_image.php(39): CodeIgniter\HTTP\Files\UploadedFile->move()
#4 /var/www/html/image_gallery_2/system/CodeIgniter.php(924): App\Controllers\Upload_image->file_upload()
#5 /var/www/html/image_gallery_2/system/CodeIgniter.php(410): CodeIgniter\CodeIgniter->runController()
#6 /var/www/html/image_gallery_2/system/CodeIgniter.php(318): CodeIgniter\CodeIgniter->handleRequest()
#7 /var/www/html/image_gallery_2/index.php(46): CodeIgniter\CodeIgniter->run()
#8 {main}
CRITICAL - 2021-01-07 02:42:53 --> mkdir(): Invalid path
#0 [internal function]: CodeIgniter\Debug\Exceptions->errorHandler()
#1 /var/www/html/image_gallery_2/system/HTTP/Files/UploadedFile.php(212): mkdir()
#2 /var/www/html/image_gallery_2/system/HTTP/Files/UploadedFile.php(163): CodeIgniter\HTTP\Files\UploadedFile->setPath()
#3 /var/www/html/image_gallery_2/app/Controllers/Upload_image.php(39): CodeIgniter\HTTP\Files\UploadedFile->move()
#4 /var/www/html/image_gallery_2/system/CodeIgniter.php(924): App\Controllers\Upload_image->file_upload()
#5 /var/www/html/image_gallery_2/system/CodeIgniter.php(410): CodeIgniter\CodeIgniter->runController()
#6 /var/www/html/image_gallery_2/system/CodeIgniter.php(318): CodeIgniter\CodeIgniter->handleRequest()
#7 /var/www/html/image_gallery_2/index.php(46): CodeIgniter\CodeIgniter->run()
#8 {main}
CRITICAL - 2021-01-07 02:43:10 --> Argument 1 passed to CodeIgniter\Database\BaseConnection::query() must be of the type string, object given, called in /var/www/html/image_gallery_2/app/Controllers/Upload_image.php on line 45
#0 /var/www/html/image_gallery_2/app/Controllers/Upload_image.php(45): CodeIgniter\Database\BaseConnection->query()
#1 /var/www/html/image_gallery_2/system/CodeIgniter.php(924): App\Controllers\Upload_image->file_upload()
#2 /var/www/html/image_gallery_2/system/CodeIgniter.php(410): CodeIgniter\CodeIgniter->runController()
#3 /var/www/html/image_gallery_2/system/CodeIgniter.php(318): CodeIgniter\CodeIgniter->handleRequest()
#4 /var/www/html/image_gallery_2/index.php(46): CodeIgniter\CodeIgniter->run()
#5 {main}
CRITICAL - 2021-01-07 02:44:13 --> Argument 1 passed to CodeIgniter\Database\BaseConnection::query() must be of the type string, object given, called in /var/www/html/image_gallery_2/app/Controllers/Upload_image.php on line 45
#0 /var/www/html/image_gallery_2/app/Controllers/Upload_image.php(45): CodeIgniter\Database\BaseConnection->query()
#1 /var/www/html/image_gallery_2/system/CodeIgniter.php(924): App\Controllers\Upload_image->file_upload()
#2 /var/www/html/image_gallery_2/system/CodeIgniter.php(410): CodeIgniter\CodeIgniter->runController()
#3 /var/www/html/image_gallery_2/system/CodeIgniter.php(318): CodeIgniter\CodeIgniter->handleRequest()
#4 /var/www/html/image_gallery_2/index.php(46): CodeIgniter\CodeIgniter->run()
#5 {main}
CRITICAL - 2021-01-07 02:44:35 --> Argument 1 passed to CodeIgniter\Database\BaseConnection::query() must be of the type string, object given, called in /var/www/html/image_gallery_2/app/Controllers/Upload_image.php on line 46
#0 /var/www/html/image_gallery_2/app/Controllers/Upload_image.php(46): CodeIgniter\Database\BaseConnection->query()
#1 /var/www/html/image_gallery_2/system/CodeIgniter.php(924): App\Controllers\Upload_image->file_upload()
#2 /var/www/html/image_gallery_2/system/CodeIgniter.php(410): CodeIgniter\CodeIgniter->runController()
#3 /var/www/html/image_gallery_2/system/CodeIgniter.php(318): CodeIgniter\CodeIgniter->handleRequest()
#4 /var/www/html/image_gallery_2/index.php(46): CodeIgniter\CodeIgniter->run()
#5 {main}
CRITICAL - 2021-01-07 02:45:18 --> Argument 1 passed to CodeIgniter\Database\BaseConnection::query() must be of the type string, object given, called in /var/www/html/image_gallery_2/app/Controllers/Upload_image.php on line 46
#0 /var/www/html/image_gallery_2/app/Controllers/Upload_image.php(46): CodeIgniter\Database\BaseConnection->query()
#1 /var/www/html/image_gallery_2/system/CodeIgniter.php(924): App\Controllers\Upload_image->file_upload()
#2 /var/www/html/image_gallery_2/system/CodeIgniter.php(410): CodeIgniter\CodeIgniter->runController()
#3 /var/www/html/image_gallery_2/system/CodeIgniter.php(318): CodeIgniter\CodeIgniter->handleRequest()
#4 /var/www/html/image_gallery_2/index.php(46): CodeIgniter\CodeIgniter->run()
#5 {main}
CRITICAL - 2021-01-07 02:45:39 --> Argument 1 passed to CodeIgniter\Database\BaseConnection::query() must be of the type string, object given, called in /var/www/html/image_gallery_2/app/Controllers/Upload_image.php on line 46
#0 /var/www/html/image_gallery_2/app/Controllers/Upload_image.php(46): CodeIgniter\Database\BaseConnection->query()
#1 /var/www/html/image_gallery_2/system/CodeIgniter.php(924): App\Controllers\Upload_image->file_upload()
#2 /var/www/html/image_gallery_2/system/CodeIgniter.php(410): CodeIgniter\CodeIgniter->runController()
#3 /var/www/html/image_gallery_2/system/CodeIgniter.php(318): CodeIgniter\CodeIgniter->handleRequest()
#4 /var/www/html/image_gallery_2/index.php(46): CodeIgniter\CodeIgniter->run()
#5 {main}
CRITICAL - 2021-01-07 02:46:34 --> Argument 1 passed to CodeIgniter\Database\BaseConnection::query() must be of the type string, object given, called in /var/www/html/image_gallery_2/app/Controllers/Upload_image.php on line 46
#0 /var/www/html/image_gallery_2/app/Controllers/Upload_image.php(46): CodeIgniter\Database\BaseConnection->query()
#1 /var/www/html/image_gallery_2/system/CodeIgniter.php(924): App\Controllers\Upload_image->file_upload()
#2 /var/www/html/image_gallery_2/system/CodeIgniter.php(410): CodeIgniter\CodeIgniter->runController()
#3 /var/www/html/image_gallery_2/system/CodeIgniter.php(318): CodeIgniter\CodeIgniter->handleRequest()
#4 /var/www/html/image_gallery_2/index.php(46): CodeIgniter\CodeIgniter->run()
#5 {main}
CRITICAL - 2021-01-07 02:46:56 --> Argument 1 passed to CodeIgniter\Database\BaseConnection::query() must be of the type string, object given, called in /var/www/html/image_gallery_2/app/Controllers/Upload_image.php on line 46
#0 /var/www/html/image_gallery_2/app/Controllers/Upload_image.php(46): CodeIgniter\Database\BaseConnection->query()
#1 /var/www/html/image_gallery_2/system/CodeIgniter.php(924): App\Controllers\Upload_image->file_upload()
#2 /var/www/html/image_gallery_2/system/CodeIgniter.php(410): CodeIgniter\CodeIgniter->runController()
#3 /var/www/html/image_gallery_2/system/CodeIgniter.php(318): CodeIgniter\CodeIgniter->handleRequest()
#4 /var/www/html/image_gallery_2/index.php(46): CodeIgniter\CodeIgniter->run()
#5 {main}
CRITICAL - 2021-01-07 02:47:31 --> Argument 1 passed to CodeIgniter\Database\BaseConnection::query() must be of the type string, object given, called in /var/www/html/image_gallery_2/app/Controllers/Upload_image.php on line 46
#0 /var/www/html/image_gallery_2/app/Controllers/Upload_image.php(46): CodeIgniter\Database\BaseConnection->query()
#1 /var/www/html/image_gallery_2/system/CodeIgniter.php(924): App\Controllers\Upload_image->file_upload()
#2 /var/www/html/image_gallery_2/system/CodeIgniter.php(410): CodeIgniter\CodeIgniter->runController()
#3 /var/www/html/image_gallery_2/system/CodeIgniter.php(318): CodeIgniter\CodeIgniter->handleRequest()
#4 /var/www/html/image_gallery_2/index.php(46): CodeIgniter\CodeIgniter->run()
#5 {main}
CRITICAL - 2021-01-07 02:47:42 --> Argument 1 passed to CodeIgniter\Database\BaseConnection::query() must be of the type string, object given, called in /var/www/html/image_gallery_2/app/Controllers/Upload_image.php on line 46
#0 /var/www/html/image_gallery_2/app/Controllers/Upload_image.php(46): CodeIgniter\Database\BaseConnection->query()
#1 /var/www/html/image_gallery_2/system/CodeIgniter.php(924): App\Controllers\Upload_image->file_upload()
#2 /var/www/html/image_gallery_2/system/CodeIgniter.php(410): CodeIgniter\CodeIgniter->runController()
#3 /var/www/html/image_gallery_2/system/CodeIgniter.php(318): CodeIgniter\CodeIgniter->handleRequest()
#4 /var/www/html/image_gallery_2/index.php(46): CodeIgniter\CodeIgniter->run()
#5 {main}
CRITICAL - 2021-01-07 02:48:12 --> mkdir(): Invalid path
#0 [internal function]: CodeIgniter\Debug\Exceptions->errorHandler()
#1 /var/www/html/image_gallery_2/system/HTTP/Files/UploadedFile.php(212): mkdir()
#2 /var/www/html/image_gallery_2/system/HTTP/Files/UploadedFile.php(163): CodeIgniter\HTTP\Files\UploadedFile->setPath()
#3 /var/www/html/image_gallery_2/app/Controllers/Upload_image.php(39): CodeIgniter\HTTP\Files\UploadedFile->move()
#4 /var/www/html/image_gallery_2/system/CodeIgniter.php(924): App\Controllers\Upload_image->file_upload()
#5 /var/www/html/image_gallery_2/system/CodeIgniter.php(410): CodeIgniter\CodeIgniter->runController()
#6 /var/www/html/image_gallery_2/system/CodeIgniter.php(318): CodeIgniter\CodeIgniter->handleRequest()
#7 /var/www/html/image_gallery_2/index.php(46): CodeIgniter\CodeIgniter->run()
#8 {main}
CRITICAL - 2021-01-07 02:49:52 --> Argument 1 passed to CodeIgniter\Database\BaseConnection::query() must be of the type string, object given, called in /var/www/html/image_gallery_2/app/Controllers/Upload_image.php on line 45
#0 /var/www/html/image_gallery_2/app/Controllers/Upload_image.php(45): CodeIgniter\Database\BaseConnection->query()
#1 /var/www/html/image_gallery_2/system/CodeIgniter.php(924): App\Controllers\Upload_image->file_upload()
#2 /var/www/html/image_gallery_2/system/CodeIgniter.php(410): CodeIgniter\CodeIgniter->runController()
#3 /var/www/html/image_gallery_2/system/CodeIgniter.php(318): CodeIgniter\CodeIgniter->handleRequest()
#4 /var/www/html/image_gallery_2/index.php(46): CodeIgniter\CodeIgniter->run()
#5 {main}
CRITICAL - 2021-01-07 02:52:56 --> Argument 1 passed to CodeIgniter\Database\BaseConnection::query() must be of the type string, object given, called in /var/www/html/image_gallery_2/app/Controllers/Upload_image.php on line 45
#0 /var/www/html/image_gallery_2/app/Controllers/Upload_image.php(45): CodeIgniter\Database\BaseConnection->query()
#1 /var/www/html/image_gallery_2/system/CodeIgniter.php(924): App\Controllers\Upload_image->file_upload()
#2 /var/www/html/image_gallery_2/system/CodeIgniter.php(410): CodeIgniter\CodeIgniter->runController()
#3 /var/www/html/image_gallery_2/system/CodeIgniter.php(318): CodeIgniter\CodeIgniter->handleRequest()
#4 /var/www/html/image_gallery_2/index.php(46): CodeIgniter\CodeIgniter->run()
#5 {main}
CRITICAL - 2021-01-07 02:53:13 --> mkdir(): Invalid path
#0 [internal function]: CodeIgniter\Debug\Exceptions->errorHandler()
#1 /var/www/html/image_gallery_2/system/HTTP/Files/UploadedFile.php(212): mkdir()
#2 /var/www/html/image_gallery_2/system/HTTP/Files/UploadedFile.php(163): CodeIgniter\HTTP\Files\UploadedFile->setPath()
#3 /var/www/html/image_gallery_2/app/Controllers/Upload_image.php(39): CodeIgniter\HTTP\Files\UploadedFile->move()
#4 /var/www/html/image_gallery_2/system/CodeIgniter.php(924): App\Controllers\Upload_image->file_upload()
#5 /var/www/html/image_gallery_2/system/CodeIgniter.php(410): CodeIgniter\CodeIgniter->runController()
#6 /var/www/html/image_gallery_2/system/CodeIgniter.php(318): CodeIgniter\CodeIgniter->handleRequest()
#7 /var/www/html/image_gallery_2/index.php(46): CodeIgniter\CodeIgniter->run()
#8 {main}
CRITICAL - 2021-01-07 02:54:24 --> mkdir(): Invalid path
#0 [internal function]: CodeIgniter\Debug\Exceptions->errorHandler()
#1 /var/www/html/image_gallery_2/system/HTTP/Files/UploadedFile.php(212): mkdir()
#2 /var/www/html/image_gallery_2/system/HTTP/Files/UploadedFile.php(163): CodeIgniter\HTTP\Files\UploadedFile->setPath()
#3 /var/www/html/image_gallery_2/app/Controllers/Upload_image.php(39): CodeIgniter\HTTP\Files\UploadedFile->move()
#4 /var/www/html/image_gallery_2/system/CodeIgniter.php(924): App\Controllers\Upload_image->file_upload()
#5 /var/www/html/image_gallery_2/system/CodeIgniter.php(410): CodeIgniter\CodeIgniter->runController()
#6 /var/www/html/image_gallery_2/system/CodeIgniter.php(318): CodeIgniter\CodeIgniter->handleRequest()
#7 /var/www/html/image_gallery_2/index.php(46): CodeIgniter\CodeIgniter->run()
#8 {main}
CRITICAL - 2021-01-07 02:55:05 --> Argument 1 passed to CodeIgniter\Database\BaseConnection::query() must be of the type string, object given, called in /var/www/html/image_gallery_2/app/Controllers/Upload_image.php on line 47
#0 /var/www/html/image_gallery_2/app/Controllers/Upload_image.php(47): CodeIgniter\Database\BaseConnection->query()
#1 /var/www/html/image_gallery_2/system/CodeIgniter.php(924): App\Controllers\Upload_image->file_upload()
#2 /var/www/html/image_gallery_2/system/CodeIgniter.php(410): CodeIgniter\CodeIgniter->runController()
#3 /var/www/html/image_gallery_2/system/CodeIgniter.php(318): CodeIgniter\CodeIgniter->handleRequest()
#4 /var/www/html/image_gallery_2/index.php(46): CodeIgniter\CodeIgniter->run()
#5 {main}
CRITICAL - 2021-01-07 02:59:35 --> Could not move file {0} to {1} ({2})
#0 /var/www/html/image_gallery_2/system/HTTP/Files/UploadedFile.php(187): CodeIgniter\HTTP\Exceptions\HTTPException::forMoveFailed()
#1 /var/www/html/image_gallery_2/app/Controllers/Upload_image.php(40): CodeIgniter\HTTP\Files\UploadedFile->move()
#2 /var/www/html/image_gallery_2/system/CodeIgniter.php(924): App\Controllers\Upload_image->file_upload()
#3 /var/www/html/image_gallery_2/system/CodeIgniter.php(410): CodeIgniter\CodeIgniter->runController()
#4 /var/www/html/image_gallery_2/system/CodeIgniter.php(318): CodeIgniter\CodeIgniter->handleRequest()
#5 /var/www/html/image_gallery_2/index.php(46): CodeIgniter\CodeIgniter->run()
#6 {main}
CRITICAL - 2021-01-07 03:00:06 --> Could not move file {0} to {1} ({2})
#0 /var/www/html/image_gallery_2/system/HTTP/Files/UploadedFile.php(187): CodeIgniter\HTTP\Exceptions\HTTPException::forMoveFailed()
#1 /var/www/html/image_gallery_2/app/Controllers/Upload_image.php(40): CodeIgniter\HTTP\Files\UploadedFile->move()
#2 /var/www/html/image_gallery_2/system/CodeIgniter.php(924): App\Controllers\Upload_image->file_upload()
#3 /var/www/html/image_gallery_2/system/CodeIgniter.php(410): CodeIgniter\CodeIgniter->runController()
#4 /var/www/html/image_gallery_2/system/CodeIgniter.php(318): CodeIgniter\CodeIgniter->handleRequest()
#5 /var/www/html/image_gallery_2/index.php(46): CodeIgniter\CodeIgniter->run()
#6 {main}
CRITICAL - 2021-01-07 03:01:39 --> Could not move file {0} to {1} ({2})
#0 /var/www/html/image_gallery_2/system/HTTP/Files/UploadedFile.php(187): CodeIgniter\HTTP\Exceptions\HTTPException::forMoveFailed()
#1 /var/www/html/image_gallery_2/app/Controllers/Upload_image.php(40): CodeIgniter\HTTP\Files\UploadedFile->move()
#2 /var/www/html/image_gallery_2/system/CodeIgniter.php(924): App\Controllers\Upload_image->file_upload()
#3 /var/www/html/image_gallery_2/system/CodeIgniter.php(410): CodeIgniter\CodeIgniter->runController()
#4 /var/www/html/image_gallery_2/system/CodeIgniter.php(318): CodeIgniter\CodeIgniter->handleRequest()
#5 /var/www/html/image_gallery_2/index.php(46): CodeIgniter\CodeIgniter->run()
#6 {main}
CRITICAL - 2021-01-07 03:01:51 --> Argument 1 passed to CodeIgniter\Database\BaseConnection::query() must be of the type string, object given, called in /var/www/html/image_gallery_2/app/Controllers/Upload_image.php on line 47
#0 /var/www/html/image_gallery_2/app/Controllers/Upload_image.php(47): CodeIgniter\Database\BaseConnection->query()
#1 /var/www/html/image_gallery_2/system/CodeIgniter.php(924): App\Controllers\Upload_image->file_upload()
#2 /var/www/html/image_gallery_2/system/CodeIgniter.php(410): CodeIgniter\CodeIgniter->runController()
#3 /var/www/html/image_gallery_2/system/CodeIgniter.php(318): CodeIgniter\CodeIgniter->handleRequest()
#4 /var/www/html/image_gallery_2/index.php(46): CodeIgniter\CodeIgniter->run()
#5 {main}
CRITICAL - 2021-01-07 03:08:33 --> mkdir(): Invalid path
#0 [internal function]: CodeIgniter\Debug\Exceptions->errorHandler()
#1 /var/www/html/image_gallery_2/system/HTTP/Files/UploadedFile.php(212): mkdir()
#2 /var/www/html/image_gallery_2/system/HTTP/Files/UploadedFile.php(163): CodeIgniter\HTTP\Files\UploadedFile->setPath()
#3 /var/www/html/image_gallery_2/app/Controllers/Upload_image.php(41): CodeIgniter\HTTP\Files\UploadedFile->move()
#4 /var/www/html/image_gallery_2/system/CodeIgniter.php(924): App\Controllers\Upload_image->file_upload()
#5 /var/www/html/image_gallery_2/system/CodeIgniter.php(410): CodeIgniter\CodeIgniter->runController()
#6 /var/www/html/image_gallery_2/system/CodeIgniter.php(318): CodeIgniter\CodeIgniter->handleRequest()
#7 /var/www/html/image_gallery_2/index.php(46): CodeIgniter\CodeIgniter->run()
#8 {main}
CRITICAL - 2021-01-07 03:08:41 --> mkdir(): Invalid path
#0 [internal function]: CodeIgniter\Debug\Exceptions->errorHandler()
#1 /var/www/html/image_gallery_2/system/HTTP/Files/UploadedFile.php(212): mkdir()
#2 /var/www/html/image_gallery_2/system/HTTP/Files/UploadedFile.php(163): CodeIgniter\HTTP\Files\UploadedFile->setPath()
#3 /var/www/html/image_gallery_2/app/Controllers/Upload_image.php(41): CodeIgniter\HTTP\Files\UploadedFile->move()
#4 /var/www/html/image_gallery_2/system/CodeIgniter.php(924): App\Controllers\Upload_image->file_upload()
#5 /var/www/html/image_gallery_2/system/CodeIgniter.php(410): CodeIgniter\CodeIgniter->runController()
#6 /var/www/html/image_gallery_2/system/CodeIgniter.php(318): CodeIgniter\CodeIgniter->handleRequest()
#7 /var/www/html/image_gallery_2/index.php(46): CodeIgniter\CodeIgniter->run()
#8 {main}
CRITICAL - 2021-01-07 03:14:23 --> mkdir(): Invalid path
#0 [internal function]: CodeIgniter\Debug\Exceptions->errorHandler()
#1 /var/www/html/image_gallery_2/system/HTTP/Files/UploadedFile.php(212): mkdir()
#2 /var/www/html/image_gallery_2/system/HTTP/Files/UploadedFile.php(163): CodeIgniter\HTTP\Files\UploadedFile->setPath()
#3 /var/www/html/image_gallery_2/app/Controllers/Upload_image.php(41): CodeIgniter\HTTP\Files\UploadedFile->move()
#4 /var/www/html/image_gallery_2/system/CodeIgniter.php(924): App\Controllers\Upload_image->file_upload()
#5 /var/www/html/image_gallery_2/system/CodeIgniter.php(410): CodeIgniter\CodeIgniter->runController()
#6 /var/www/html/image_gallery_2/system/CodeIgniter.php(318): CodeIgniter\CodeIgniter->handleRequest()
#7 /var/www/html/image_gallery_2/index.php(46): CodeIgniter\CodeIgniter->run()
#8 {main}
CRITICAL - 2021-01-07 03:16:40 --> Argument 1 passed to CodeIgniter\Database\BaseConnection::query() must be of the type string, object given, called in /var/www/html/image_gallery_2/app/Controllers/Upload_image.php on line 48
#0 /var/www/html/image_gallery_2/app/Controllers/Upload_image.php(48): CodeIgniter\Database\BaseConnection->query()
#1 /var/www/html/image_gallery_2/system/CodeIgniter.php(924): App\Controllers\Upload_image->file_upload()
#2 /var/www/html/image_gallery_2/system/CodeIgniter.php(410): CodeIgniter\CodeIgniter->runController()
#3 /var/www/html/image_gallery_2/system/CodeIgniter.php(318): CodeIgniter\CodeIgniter->handleRequest()
#4 /var/www/html/image_gallery_2/index.php(46): CodeIgniter\CodeIgniter->run()
#5 {main}
CRITICAL - 2021-01-07 05:03:44 --> Argument 1 passed to CodeIgniter\Database\BaseConnection::query() must be of the type string, object given, called in /var/www/html/image_gallery_2/app/Controllers/Upload_image.php on line 48
#0 /var/www/html/image_gallery_2/app/Controllers/Upload_image.php(48): CodeIgniter\Database\BaseConnection->query()
#1 /var/www/html/image_gallery_2/system/CodeIgniter.php(924): App\Controllers\Upload_image->file_upload()
#2 /var/www/html/image_gallery_2/system/CodeIgniter.php(410): CodeIgniter\CodeIgniter->runController()
#3 /var/www/html/image_gallery_2/system/CodeIgniter.php(318): CodeIgniter\CodeIgniter->handleRequest()
#4 /var/www/html/image_gallery_2/index.php(46): CodeIgniter\CodeIgniter->run()
#5 {main}
CRITICAL - 2021-01-07 05:05:50 --> Argument 1 passed to CodeIgniter\Database\BaseConnection::query() must be of the type string, object given, called in /var/www/html/image_gallery_2/app/Controllers/Upload_image.php on line 48
#0 /var/www/html/image_gallery_2/app/Controllers/Upload_image.php(48): CodeIgniter\Database\BaseConnection->query()
#1 /var/www/html/image_gallery_2/system/CodeIgniter.php(924): App\Controllers\Upload_image->file_upload()
#2 /var/www/html/image_gallery_2/system/CodeIgniter.php(410): CodeIgniter\CodeIgniter->runController()
#3 /var/www/html/image_gallery_2/system/CodeIgniter.php(318): CodeIgniter\CodeIgniter->handleRequest()
#4 /var/www/html/image_gallery_2/index.php(46): CodeIgniter\CodeIgniter->run()
#5 {main}
CRITICAL - 2021-01-07 05:06:25 --> Argument 1 passed to CodeIgniter\Database\BaseConnection::query() must be of the type string, object given, called in /var/www/html/image_gallery_2/app/Controllers/Upload_image.php on line 48
#0 /var/www/html/image_gallery_2/app/Controllers/Upload_image.php(48): CodeIgniter\Database\BaseConnection->query()
#1 /var/www/html/image_gallery_2/system/CodeIgniter.php(924): App\Controllers\Upload_image->file_upload()
#2 /var/www/html/image_gallery_2/system/CodeIgniter.php(410): CodeIgniter\CodeIgniter->runController()
#3 /var/www/html/image_gallery_2/system/CodeIgniter.php(318): CodeIgniter\CodeIgniter->handleRequest()
#4 /var/www/html/image_gallery_2/index.php(46): CodeIgniter\CodeIgniter->run()
#5 {main}
CRITICAL - 2021-01-07 05:06:54 --> Argument 1 passed to CodeIgniter\Database\BaseConnection::query() must be of the type string, object given, called in /var/www/html/image_gallery_2/app/Controllers/Upload_image.php on line 48
#0 /var/www/html/image_gallery_2/app/Controllers/Upload_image.php(48): CodeIgniter\Database\BaseConnection->query()
#1 /var/www/html/image_gallery_2/system/CodeIgniter.php(924): App\Controllers\Upload_image->file_upload()
#2 /var/www/html/image_gallery_2/system/CodeIgniter.php(410): CodeIgniter\CodeIgniter->runController()
#3 /var/www/html/image_gallery_2/system/CodeIgniter.php(318): CodeIgniter\CodeIgniter->handleRequest()
#4 /var/www/html/image_gallery_2/index.php(46): CodeIgniter\CodeIgniter->run()
#5 {main}
CRITICAL - 2021-01-07 06:18:07 --> Use of undefined constant category - assumed 'category' (this will throw an Error in a future version of PHP)
#0 /var/www/html/image_gallery_2/app/Views/upload_image.php(170): CodeIgniter\Debug\Exceptions->errorHandler()
#1 /var/www/html/image_gallery_2/system/View/View.php(246): include('/var/www/html/i...')
#2 /var/www/html/image_gallery_2/system/Common.php(1119): CodeIgniter\View\View->render()
#3 /var/www/html/image_gallery_2/app/Controllers/Upload_image.php(19): view()
#4 /var/www/html/image_gallery_2/system/CodeIgniter.php(924): App\Controllers\Upload_image->index()
#5 /var/www/html/image_gallery_2/system/CodeIgniter.php(410): CodeIgniter\CodeIgniter->runController()
#6 /var/www/html/image_gallery_2/system/CodeIgniter.php(318): CodeIgniter\CodeIgniter->handleRequest()
#7 /var/www/html/image_gallery_2/index.php(46): CodeIgniter\CodeIgniter->run()
#8 {main}
CRITICAL - 2021-01-07 06:36:53 --> Invalid argument supplied for foreach()
#0 /var/www/html/image_gallery_2/app/Views/image_gallery.php(166): CodeIgniter\Debug\Exceptions->errorHandler()
#1 /var/www/html/image_gallery_2/system/View/View.php(246): include('/var/www/html/i...')
#2 /var/www/html/image_gallery_2/system/Common.php(1119): CodeIgniter\View\View->render()
#3 /var/www/html/image_gallery_2/app/Controllers/Image_gallery.php(17): view()
#4 /var/www/html/image_gallery_2/system/CodeIgniter.php(924): App\Controllers\Image_gallery->index()
#5 /var/www/html/image_gallery_2/system/CodeIgniter.php(410): CodeIgniter\CodeIgniter->runController()
#6 /var/www/html/image_gallery_2/system/CodeIgniter.php(318): CodeIgniter\CodeIgniter->handleRequest()
#7 /var/www/html/image_gallery_2/index.php(46): CodeIgniter\CodeIgniter->run()
#8 {main}
CRITICAL - 2021-01-07 06:37:04 --> Invalid argument supplied for foreach()
#0 /var/www/html/image_gallery_2/app/Views/image_gallery.php(166): CodeIgniter\Debug\Exceptions->errorHandler()
#1 /var/www/html/image_gallery_2/system/View/View.php(246): include('/var/www/html/i...')
#2 /var/www/html/image_gallery_2/system/Common.php(1119): CodeIgniter\View\View->render()
#3 /var/www/html/image_gallery_2/app/Controllers/Image_gallery.php(17): view()
#4 /var/www/html/image_gallery_2/system/CodeIgniter.php(924): App\Controllers\Image_gallery->index()
#5 /var/www/html/image_gallery_2/system/CodeIgniter.php(410): CodeIgniter\CodeIgniter->runController()
#6 /var/www/html/image_gallery_2/system/CodeIgniter.php(318): CodeIgniter\CodeIgniter->handleRequest()
#7 /var/www/html/image_gallery_2/index.php(46): CodeIgniter\CodeIgniter->run()
#8 {main}
CRITICAL - 2021-01-07 06:40:56 --> Invalid argument supplied for foreach()
#0 /var/www/html/image_gallery_2/app/Views/image_gallery.php(166): CodeIgniter\Debug\Exceptions->errorHandler()
#1 /var/www/html/image_gallery_2/system/View/View.php(246): include('/var/www/html/i...')
#2 /var/www/html/image_gallery_2/system/Common.php(1119): CodeIgniter\View\View->render()
#3 /var/www/html/image_gallery_2/app/Controllers/Image_gallery.php(20): view()
#4 /var/www/html/image_gallery_2/system/CodeIgniter.php(924): App\Controllers\Image_gallery->index()
#5 /var/www/html/image_gallery_2/system/CodeIgniter.php(410): CodeIgniter\CodeIgniter->runController()
#6 /var/www/html/image_gallery_2/system/CodeIgniter.php(318): CodeIgniter\CodeIgniter->handleRequest()
#7 /var/www/html/image_gallery_2/index.php(46): CodeIgniter\CodeIgniter->run()
#8 {main}
CRITICAL - 2021-01-07 06:47:52 --> syntax error, unexpected '}', expecting end of file
#0 /var/www/html/image_gallery_2/system/Common.php(1119): CodeIgniter\View\View->render()
#1 /var/www/html/image_gallery_2/app/Controllers/Image_gallery.php(26): view()
#2 /var/www/html/image_gallery_2/system/CodeIgniter.php(924): App\Controllers\Image_gallery->index()
#3 /var/www/html/image_gallery_2/system/CodeIgniter.php(410): CodeIgniter\CodeIgniter->runController()
#4 /var/www/html/image_gallery_2/system/CodeIgniter.php(318): CodeIgniter\CodeIgniter->handleRequest()
#5 /var/www/html/image_gallery_2/index.php(46): CodeIgniter\CodeIgniter->run()
#6 {main}
CRITICAL - 2021-01-07 06:48:02 --> syntax error, unexpected '}', expecting end of file
#0 /var/www/html/image_gallery_2/system/Common.php(1119): CodeIgniter\View\View->render()
#1 /var/www/html/image_gallery_2/app/Controllers/Image_gallery.php(26): view()
#2 /var/www/html/image_gallery_2/system/CodeIgniter.php(924): App\Controllers\Image_gallery->index()
#3 /var/www/html/image_gallery_2/system/CodeIgniter.php(410): CodeIgniter\CodeIgniter->runController()
#4 /var/www/html/image_gallery_2/system/CodeIgniter.php(318): CodeIgniter\CodeIgniter->handleRequest()
#5 /var/www/html/image_gallery_2/index.php(46): CodeIgniter\CodeIgniter->run()
#6 {main}
CRITICAL - 2021-01-07 06:48:13 --> syntax error, unexpected '}', expecting end of file
#0 /var/www/html/image_gallery_2/system/Common.php(1119): CodeIgniter\View\View->render()
#1 /var/www/html/image_gallery_2/app/Controllers/Image_gallery.php(26): view()
#2 /var/www/html/image_gallery_2/system/CodeIgniter.php(924): App\Controllers\Image_gallery->index()
#3 /var/www/html/image_gallery_2/system/CodeIgniter.php(410): CodeIgniter\CodeIgniter->runController()
#4 /var/www/html/image_gallery_2/system/CodeIgniter.php(318): CodeIgniter\CodeIgniter->handleRequest()
#5 /var/www/html/image_gallery_2/index.php(46): CodeIgniter\CodeIgniter->run()
#6 {main}
CRITICAL - 2021-01-07 07:00:51 --> Illegal string offset 'id'
#0 /var/www/html/image_gallery_2/app/Views/image_gallery.php(173): CodeIgniter\Debug\Exceptions->errorHandler()
#1 /var/www/html/image_gallery_2/system/View/View.php(246): include('/var/www/html/i...')
#2 /var/www/html/image_gallery_2/system/Common.php(1119): CodeIgniter\View\View->render()
#3 /var/www/html/image_gallery_2/app/Controllers/Image_gallery.php(27): view()
#4 /var/www/html/image_gallery_2/system/CodeIgniter.php(924): App\Controllers\Image_gallery->index()
#5 /var/www/html/image_gallery_2/system/CodeIgniter.php(410): CodeIgniter\CodeIgniter->runController()
#6 /var/www/html/image_gallery_2/system/CodeIgniter.php(318): CodeIgniter\CodeIgniter->handleRequest()
#7 /var/www/html/image_gallery_2/index.php(46): CodeIgniter\CodeIgniter->run()
#8 {main}
CRITICAL - 2021-01-07 07:01:56 --> Illegal string offset 'id'
#0 /var/www/html/image_gallery_2/app/Views/image_gallery.php(173): CodeIgniter\Debug\Exceptions->errorHandler()
#1 /var/www/html/image_gallery_2/system/View/View.php(246): include('/var/www/html/i...')
#2 /var/www/html/image_gallery_2/system/Common.php(1119): CodeIgniter\View\View->render()
#3 /var/www/html/image_gallery_2/app/Controllers/Image_gallery.php(28): view()
#4 /var/www/html/image_gallery_2/system/CodeIgniter.php(924): App\Controllers\Image_gallery->index()
#5 /var/www/html/image_gallery_2/system/CodeIgniter.php(410): CodeIgniter\CodeIgniter->runController()
#6 /var/www/html/image_gallery_2/system/CodeIgniter.php(318): CodeIgniter\CodeIgniter->handleRequest()
#7 /var/www/html/image_gallery_2/index.php(46): CodeIgniter\CodeIgniter->run()
#8 {main}
CRITICAL - 2021-01-07 07:02:30 --> Illegal string offset 'name'
#0 /var/www/html/image_gallery_2/app/Views/image_gallery.php(176): CodeIgniter\Debug\Exceptions->errorHandler()
#1 /var/www/html/image_gallery_2/system/View/View.php(246): include('/var/www/html/i...')
#2 /var/www/html/image_gallery_2/system/Common.php(1119): CodeIgniter\View\View->render()
#3 /var/www/html/image_gallery_2/app/Controllers/Image_gallery.php(28): view()
#4 /var/www/html/image_gallery_2/system/CodeIgniter.php(924): App\Controllers\Image_gallery->index()
#5 /var/www/html/image_gallery_2/system/CodeIgniter.php(410): CodeIgniter\CodeIgniter->runController()
#6 /var/www/html/image_gallery_2/system/CodeIgniter.php(318): CodeIgniter\CodeIgniter->handleRequest()
#7 /var/www/html/image_gallery_2/index.php(46): CodeIgniter\CodeIgniter->run()
#8 {main}
CRITICAL - 2021-01-07 07:02:49 --> Illegal string offset 'name'
#0 /var/www/html/image_gallery_2/app/Views/image_gallery.php(176): CodeIgniter\Debug\Exceptions->errorHandler()
#1 /var/www/html/image_gallery_2/system/View/View.php(246): include('/var/www/html/i...')
#2 /var/www/html/image_gallery_2/system/Common.php(1119): CodeIgniter\View\View->render()
#3 /var/www/html/image_gallery_2/app/Controllers/Image_gallery.php(28): view()
#4 /var/www/html/image_gallery_2/system/CodeIgniter.php(924): App\Controllers\Image_gallery->index()
#5 /var/www/html/image_gallery_2/system/CodeIgniter.php(410): CodeIgniter\CodeIgniter->runController()
#6 /var/www/html/image_gallery_2/system/CodeIgniter.php(318): CodeIgniter\CodeIgniter->handleRequest()
#7 /var/www/html/image_gallery_2/index.php(46): CodeIgniter\CodeIgniter->run()
#8 {main}
CRITICAL - 2021-01-07 07:02:50 --> Illegal string offset 'name'
#0 /var/www/html/image_gallery_2/app/Views/image_gallery.php(176): CodeIgniter\Debug\Exceptions->errorHandler()
#1 /var/www/html/image_gallery_2/system/View/View.php(246): include('/var/www/html/i...')
#2 /var/www/html/image_gallery_2/system/Common.php(1119): CodeIgniter\View\View->render()
#3 /var/www/html/image_gallery_2/app/Controllers/Image_gallery.php(28): view()
#4 /var/www/html/image_gallery_2/system/CodeIgniter.php(924): App\Controllers\Image_gallery->index()
#5 /var/www/html/image_gallery_2/system/CodeIgniter.php(410): CodeIgniter\CodeIgniter->runController()
#6 /var/www/html/image_gallery_2/system/CodeIgniter.php(318): CodeIgniter\CodeIgniter->handleRequest()
#7 /var/www/html/image_gallery_2/index.php(46): CodeIgniter\CodeIgniter->run()
#8 {main}
