CRITICAL - 2021-01-08 00:14:44 --> Illegal string offset 'category_id'
#0 /var/www/html/image_gallery_2/app/Views/image_gallery.php(181): CodeIgniter\Debug\Exceptions->errorHandler()
#1 /var/www/html/image_gallery_2/system/View/View.php(246): include('/var/www/html/i...')
#2 /var/www/html/image_gallery_2/system/Common.php(1119): CodeIgniter\View\View->render()
#3 /var/www/html/image_gallery_2/app/Controllers/Image_gallery.php(31): view()
#4 /var/www/html/image_gallery_2/system/CodeIgniter.php(924): App\Controllers\Image_gallery->index()
#5 /var/www/html/image_gallery_2/system/CodeIgniter.php(410): CodeIgniter\CodeIgniter->runController()
#6 /var/www/html/image_gallery_2/system/CodeIgniter.php(318): CodeIgniter\CodeIgniter->handleRequest()
#7 /var/www/html/image_gallery_2/index.php(46): CodeIgniter\CodeIgniter->run()
#8 {main}
CRITICAL - 2021-01-08 01:03:07 --> Call to a member function query() on null
#0 /var/www/html/image_gallery_2/system/CodeIgniter.php(924): App\Controllers\Image_gallery->view_gallery()
#1 /var/www/html/image_gallery_2/system/CodeIgniter.php(410): CodeIgniter\CodeIgniter->runController()
#2 /var/www/html/image_gallery_2/system/CodeIgniter.php(318): CodeIgniter\CodeIgniter->handleRequest()
#3 /var/www/html/image_gallery_2/index.php(46): CodeIgniter\CodeIgniter->run()
#4 {main}
CRITICAL - 2021-01-08 01:06:16 --> Illegal string offset 'id'
#0 /var/www/html/image_gallery_2/app/Views/image_gallery.php(182): CodeIgniter\Debug\Exceptions->errorHandler()
#1 /var/www/html/image_gallery_2/system/View/View.php(246): include('/var/www/html/i...')
#2 /var/www/html/image_gallery_2/system/Common.php(1119): CodeIgniter\View\View->render()
#3 /var/www/html/image_gallery_2/app/Controllers/Image_gallery.php(30): view()
#4 /var/www/html/image_gallery_2/system/CodeIgniter.php(924): App\Controllers\Image_gallery->index()
#5 /var/www/html/image_gallery_2/system/CodeIgniter.php(410): CodeIgniter\CodeIgniter->runController()
#6 /var/www/html/image_gallery_2/system/CodeIgniter.php(318): CodeIgniter\CodeIgniter->handleRequest()
#7 /var/www/html/image_gallery_2/index.php(46): CodeIgniter\CodeIgniter->run()
#8 {main}
CRITICAL - 2021-01-08 01:07:24 --> Illegal string offset 'id'
#0 /var/www/html/image_gallery_2/app/Views/image_gallery.php(182): CodeIgniter\Debug\Exceptions->errorHandler()
#1 /var/www/html/image_gallery_2/system/View/View.php(246): include('/var/www/html/i...')
#2 /var/www/html/image_gallery_2/system/Common.php(1119): CodeIgniter\View\View->render()
#3 /var/www/html/image_gallery_2/app/Controllers/Image_gallery.php(30): view()
#4 /var/www/html/image_gallery_2/system/CodeIgniter.php(924): App\Controllers\Image_gallery->index()
#5 /var/www/html/image_gallery_2/system/CodeIgniter.php(410): CodeIgniter\CodeIgniter->runController()
#6 /var/www/html/image_gallery_2/system/CodeIgniter.php(318): CodeIgniter\CodeIgniter->handleRequest()
#7 /var/www/html/image_gallery_2/index.php(46): CodeIgniter\CodeIgniter->run()
#8 {main}
CRITICAL - 2021-01-08 01:09:18 --> Illegal string offset 'id'
#0 /var/www/html/image_gallery_2/app/Views/image_gallery.php(182): CodeIgniter\Debug\Exceptions->errorHandler()
#1 /var/www/html/image_gallery_2/system/View/View.php(246): include('/var/www/html/i...')
#2 /var/www/html/image_gallery_2/system/Common.php(1119): CodeIgniter\View\View->render()
#3 /var/www/html/image_gallery_2/app/Controllers/Image_gallery.php(59): view()
#4 /var/www/html/image_gallery_2/system/CodeIgniter.php(924): App\Controllers\Image_gallery->view_gallery()
#5 /var/www/html/image_gallery_2/system/CodeIgniter.php(410): CodeIgniter\CodeIgniter->runController()
#6 /var/www/html/image_gallery_2/system/CodeIgniter.php(318): CodeIgniter\CodeIgniter->handleRequest()
#7 /var/www/html/image_gallery_2/index.php(46): CodeIgniter\CodeIgniter->run()
#8 {main}
CRITICAL - 2021-01-08 01:10:42 --> Illegal string offset 'id'
#0 /var/www/html/image_gallery_2/app/Views/image_gallery.php(182): CodeIgniter\Debug\Exceptions->errorHandler()
#1 /var/www/html/image_gallery_2/system/View/View.php(246): include('/var/www/html/i...')
#2 /var/www/html/image_gallery_2/system/Common.php(1119): CodeIgniter\View\View->render()
#3 /var/www/html/image_gallery_2/app/Controllers/Image_gallery.php(59): view()
#4 /var/www/html/image_gallery_2/system/CodeIgniter.php(924): App\Controllers\Image_gallery->view_gallery()
#5 /var/www/html/image_gallery_2/system/CodeIgniter.php(410): CodeIgniter\CodeIgniter->runController()
#6 /var/www/html/image_gallery_2/system/CodeIgniter.php(318): CodeIgniter\CodeIgniter->handleRequest()
#7 /var/www/html/image_gallery_2/index.php(46): CodeIgniter\CodeIgniter->run()
#8 {main}
CRITICAL - 2021-01-08 01:11:35 --> Illegal string offset 'id'
#0 /var/www/html/image_gallery_2/app/Views/image_gallery.php(182): CodeIgniter\Debug\Exceptions->errorHandler()
#1 /var/www/html/image_gallery_2/system/View/View.php(246): include('/var/www/html/i...')
#2 /var/www/html/image_gallery_2/system/Common.php(1119): CodeIgniter\View\View->render()
#3 /var/www/html/image_gallery_2/app/Controllers/Image_gallery.php(59): view()
#4 /var/www/html/image_gallery_2/system/CodeIgniter.php(924): App\Controllers\Image_gallery->view_gallery()
#5 /var/www/html/image_gallery_2/system/CodeIgniter.php(410): CodeIgniter\CodeIgniter->runController()
#6 /var/www/html/image_gallery_2/system/CodeIgniter.php(318): CodeIgniter\CodeIgniter->handleRequest()
#7 /var/www/html/image_gallery_2/index.php(46): CodeIgniter\CodeIgniter->run()
#8 {main}
CRITICAL - 2021-01-08 01:12:55 --> Illegal string offset 'id'
#0 /var/www/html/image_gallery_2/app/Views/image_gallery.php(182): CodeIgniter\Debug\Exceptions->errorHandler()
#1 /var/www/html/image_gallery_2/system/View/View.php(246): include('/var/www/html/i...')
#2 /var/www/html/image_gallery_2/system/Common.php(1119): CodeIgniter\View\View->render()
#3 /var/www/html/image_gallery_2/app/Controllers/Image_gallery.php(59): view()
#4 /var/www/html/image_gallery_2/system/CodeIgniter.php(924): App\Controllers\Image_gallery->view_gallery()
#5 /var/www/html/image_gallery_2/system/CodeIgniter.php(410): CodeIgniter\CodeIgniter->runController()
#6 /var/www/html/image_gallery_2/system/CodeIgniter.php(318): CodeIgniter\CodeIgniter->handleRequest()
#7 /var/www/html/image_gallery_2/index.php(46): CodeIgniter\CodeIgniter->run()
#8 {main}
CRITICAL - 2021-01-08 01:13:03 --> Illegal string offset 'id'
#0 /var/www/html/image_gallery_2/app/Views/image_gallery.php(182): CodeIgniter\Debug\Exceptions->errorHandler()
#1 /var/www/html/image_gallery_2/system/View/View.php(246): include('/var/www/html/i...')
#2 /var/www/html/image_gallery_2/system/Common.php(1119): CodeIgniter\View\View->render()
#3 /var/www/html/image_gallery_2/app/Controllers/Image_gallery.php(59): view()
#4 /var/www/html/image_gallery_2/system/CodeIgniter.php(924): App\Controllers\Image_gallery->view_gallery()
#5 /var/www/html/image_gallery_2/system/CodeIgniter.php(410): CodeIgniter\CodeIgniter->runController()
#6 /var/www/html/image_gallery_2/system/CodeIgniter.php(318): CodeIgniter\CodeIgniter->handleRequest()
#7 /var/www/html/image_gallery_2/index.php(46): CodeIgniter\CodeIgniter->run()
#8 {main}
CRITICAL - 2021-01-08 01:13:03 --> Illegal string offset 'id'
#0 /var/www/html/image_gallery_2/app/Views/image_gallery.php(182): CodeIgniter\Debug\Exceptions->errorHandler()
#1 /var/www/html/image_gallery_2/system/View/View.php(246): include('/var/www/html/i...')
#2 /var/www/html/image_gallery_2/system/Common.php(1119): CodeIgniter\View\View->render()
#3 /var/www/html/image_gallery_2/app/Controllers/Image_gallery.php(59): view()
#4 /var/www/html/image_gallery_2/system/CodeIgniter.php(924): App\Controllers\Image_gallery->view_gallery()
#5 /var/www/html/image_gallery_2/system/CodeIgniter.php(410): CodeIgniter\CodeIgniter->runController()
#6 /var/www/html/image_gallery_2/system/CodeIgniter.php(318): CodeIgniter\CodeIgniter->handleRequest()
#7 /var/www/html/image_gallery_2/index.php(46): CodeIgniter\CodeIgniter->run()
#8 {main}
CRITICAL - 2021-01-08 01:13:03 --> Illegal string offset 'id'
#0 /var/www/html/image_gallery_2/app/Views/image_gallery.php(182): CodeIgniter\Debug\Exceptions->errorHandler()
#1 /var/www/html/image_gallery_2/system/View/View.php(246): include('/var/www/html/i...')
#2 /var/www/html/image_gallery_2/system/Common.php(1119): CodeIgniter\View\View->render()
#3 /var/www/html/image_gallery_2/app/Controllers/Image_gallery.php(59): view()
#4 /var/www/html/image_gallery_2/system/CodeIgniter.php(924): App\Controllers\Image_gallery->view_gallery()
#5 /var/www/html/image_gallery_2/system/CodeIgniter.php(410): CodeIgniter\CodeIgniter->runController()
#6 /var/www/html/image_gallery_2/system/CodeIgniter.php(318): CodeIgniter\CodeIgniter->handleRequest()
#7 /var/www/html/image_gallery_2/index.php(46): CodeIgniter\CodeIgniter->run()
#8 {main}
CRITICAL - 2021-01-08 01:13:03 --> Illegal string offset 'id'
#0 /var/www/html/image_gallery_2/app/Views/image_gallery.php(182): CodeIgniter\Debug\Exceptions->errorHandler()
#1 /var/www/html/image_gallery_2/system/View/View.php(246): include('/var/www/html/i...')
#2 /var/www/html/image_gallery_2/system/Common.php(1119): CodeIgniter\View\View->render()
#3 /var/www/html/image_gallery_2/app/Controllers/Image_gallery.php(59): view()
#4 /var/www/html/image_gallery_2/system/CodeIgniter.php(924): App\Controllers\Image_gallery->view_gallery()
#5 /var/www/html/image_gallery_2/system/CodeIgniter.php(410): CodeIgniter\CodeIgniter->runController()
#6 /var/www/html/image_gallery_2/system/CodeIgniter.php(318): CodeIgniter\CodeIgniter->handleRequest()
#7 /var/www/html/image_gallery_2/index.php(46): CodeIgniter\CodeIgniter->run()
#8 {main}
CRITICAL - 2021-01-08 01:13:14 --> Illegal string offset 'id'
#0 /var/www/html/image_gallery_2/app/Views/image_gallery.php(182): CodeIgniter\Debug\Exceptions->errorHandler()
#1 /var/www/html/image_gallery_2/system/View/View.php(246): include('/var/www/html/i...')
#2 /var/www/html/image_gallery_2/system/Common.php(1119): CodeIgniter\View\View->render()
#3 /var/www/html/image_gallery_2/app/Controllers/Image_gallery.php(59): view()
#4 /var/www/html/image_gallery_2/system/CodeIgniter.php(924): App\Controllers\Image_gallery->view_gallery()
#5 /var/www/html/image_gallery_2/system/CodeIgniter.php(410): CodeIgniter\CodeIgniter->runController()
#6 /var/www/html/image_gallery_2/system/CodeIgniter.php(318): CodeIgniter\CodeIgniter->handleRequest()
#7 /var/www/html/image_gallery_2/index.php(46): CodeIgniter\CodeIgniter->run()
#8 {main}
CRITICAL - 2021-01-08 01:13:46 --> Illegal string offset 'id'
#0 /var/www/html/image_gallery_2/app/Views/image_gallery.php(182): CodeIgniter\Debug\Exceptions->errorHandler()
#1 /var/www/html/image_gallery_2/system/View/View.php(246): include('/var/www/html/i...')
#2 /var/www/html/image_gallery_2/system/Common.php(1119): CodeIgniter\View\View->render()
#3 /var/www/html/image_gallery_2/app/Controllers/Image_gallery.php(59): view()
#4 /var/www/html/image_gallery_2/system/CodeIgniter.php(924): App\Controllers\Image_gallery->view_gallery()
#5 /var/www/html/image_gallery_2/system/CodeIgniter.php(410): CodeIgniter\CodeIgniter->runController()
#6 /var/www/html/image_gallery_2/system/CodeIgniter.php(318): CodeIgniter\CodeIgniter->handleRequest()
#7 /var/www/html/image_gallery_2/index.php(46): CodeIgniter\CodeIgniter->run()
#8 {main}
CRITICAL - 2021-01-08 01:13:59 --> Illegal string offset 'id'
#0 /var/www/html/image_gallery_2/app/Views/image_gallery.php(182): CodeIgniter\Debug\Exceptions->errorHandler()
#1 /var/www/html/image_gallery_2/system/View/View.php(246): include('/var/www/html/i...')
#2 /var/www/html/image_gallery_2/system/Common.php(1119): CodeIgniter\View\View->render()
#3 /var/www/html/image_gallery_2/app/Controllers/Image_gallery.php(59): view()
#4 /var/www/html/image_gallery_2/system/CodeIgniter.php(924): App\Controllers\Image_gallery->view_gallery()
#5 /var/www/html/image_gallery_2/system/CodeIgniter.php(410): CodeIgniter\CodeIgniter->runController()
#6 /var/www/html/image_gallery_2/system/CodeIgniter.php(318): CodeIgniter\CodeIgniter->handleRequest()
#7 /var/www/html/image_gallery_2/index.php(46): CodeIgniter\CodeIgniter->run()
#8 {main}
CRITICAL - 2021-01-08 01:14:23 --> Illegal string offset 'id'
#0 /var/www/html/image_gallery_2/app/Views/image_gallery.php(182): CodeIgniter\Debug\Exceptions->errorHandler()
#1 /var/www/html/image_gallery_2/system/View/View.php(246): include('/var/www/html/i...')
#2 /var/www/html/image_gallery_2/system/Common.php(1119): CodeIgniter\View\View->render()
#3 /var/www/html/image_gallery_2/app/Controllers/Image_gallery.php(59): view()
#4 /var/www/html/image_gallery_2/system/CodeIgniter.php(924): App\Controllers\Image_gallery->view_gallery()
#5 /var/www/html/image_gallery_2/system/CodeIgniter.php(410): CodeIgniter\CodeIgniter->runController()
#6 /var/www/html/image_gallery_2/system/CodeIgniter.php(318): CodeIgniter\CodeIgniter->handleRequest()
#7 /var/www/html/image_gallery_2/index.php(46): CodeIgniter\CodeIgniter->run()
#8 {main}
CRITICAL - 2021-01-08 01:14:46 --> Illegal string offset 'id'
#0 /var/www/html/image_gallery_2/app/Views/image_gallery.php(182): CodeIgniter\Debug\Exceptions->errorHandler()
#1 /var/www/html/image_gallery_2/system/View/View.php(246): include('/var/www/html/i...')
#2 /var/www/html/image_gallery_2/system/Common.php(1119): CodeIgniter\View\View->render()
#3 /var/www/html/image_gallery_2/app/Controllers/Image_gallery.php(59): view()
#4 /var/www/html/image_gallery_2/system/CodeIgniter.php(924): App\Controllers\Image_gallery->view_gallery()
#5 /var/www/html/image_gallery_2/system/CodeIgniter.php(410): CodeIgniter\CodeIgniter->runController()
#6 /var/www/html/image_gallery_2/system/CodeIgniter.php(318): CodeIgniter\CodeIgniter->handleRequest()
#7 /var/www/html/image_gallery_2/index.php(46): CodeIgniter\CodeIgniter->run()
#8 {main}
CRITICAL - 2021-01-08 01:14:53 --> Illegal string offset 'id'
#0 /var/www/html/image_gallery_2/app/Views/image_gallery.php(182): CodeIgniter\Debug\Exceptions->errorHandler()
#1 /var/www/html/image_gallery_2/system/View/View.php(246): include('/var/www/html/i...')
#2 /var/www/html/image_gallery_2/system/Common.php(1119): CodeIgniter\View\View->render()
#3 /var/www/html/image_gallery_2/app/Controllers/Image_gallery.php(59): view()
#4 /var/www/html/image_gallery_2/system/CodeIgniter.php(924): App\Controllers\Image_gallery->view_gallery()
#5 /var/www/html/image_gallery_2/system/CodeIgniter.php(410): CodeIgniter\CodeIgniter->runController()
#6 /var/www/html/image_gallery_2/system/CodeIgniter.php(318): CodeIgniter\CodeIgniter->handleRequest()
#7 /var/www/html/image_gallery_2/index.php(46): CodeIgniter\CodeIgniter->run()
#8 {main}
CRITICAL - 2021-01-08 01:15:29 --> Illegal string offset 'id'
#0 /var/www/html/image_gallery_2/app/Views/view_gallery.php(182): CodeIgniter\Debug\Exceptions->errorHandler()
#1 /var/www/html/image_gallery_2/system/View/View.php(246): include('/var/www/html/i...')
#2 /var/www/html/image_gallery_2/system/Common.php(1119): CodeIgniter\View\View->render()
#3 /var/www/html/image_gallery_2/app/Controllers/Image_gallery.php(59): view()
#4 /var/www/html/image_gallery_2/system/CodeIgniter.php(924): App\Controllers\Image_gallery->view_gallery()
#5 /var/www/html/image_gallery_2/system/CodeIgniter.php(410): CodeIgniter\CodeIgniter->runController()
#6 /var/www/html/image_gallery_2/system/CodeIgniter.php(318): CodeIgniter\CodeIgniter->handleRequest()
#7 /var/www/html/image_gallery_2/index.php(46): CodeIgniter\CodeIgniter->run()
#8 {main}
CRITICAL - 2021-01-08 01:15:42 --> Undefined variable: category
#0 /var/www/html/image_gallery_2/app/Views/view_gallery.php(184): CodeIgniter\Debug\Exceptions->errorHandler()
#1 /var/www/html/image_gallery_2/system/View/View.php(246): include('/var/www/html/i...')
#2 /var/www/html/image_gallery_2/system/Common.php(1119): CodeIgniter\View\View->render()
#3 /var/www/html/image_gallery_2/app/Controllers/Image_gallery.php(59): view()
#4 /var/www/html/image_gallery_2/system/CodeIgniter.php(924): App\Controllers\Image_gallery->view_gallery()
#5 /var/www/html/image_gallery_2/system/CodeIgniter.php(410): CodeIgniter\CodeIgniter->runController()
#6 /var/www/html/image_gallery_2/system/CodeIgniter.php(318): CodeIgniter\CodeIgniter->handleRequest()
#7 /var/www/html/image_gallery_2/index.php(46): CodeIgniter\CodeIgniter->run()
#8 {main}
CRITICAL - 2021-01-08 01:16:13 --> Illegal string offset 'id'
#0 /var/www/html/image_gallery_2/app/Views/view_gallery.php(185): CodeIgniter\Debug\Exceptions->errorHandler()
#1 /var/www/html/image_gallery_2/system/View/View.php(246): include('/var/www/html/i...')
#2 /var/www/html/image_gallery_2/system/Common.php(1119): CodeIgniter\View\View->render()
#3 /var/www/html/image_gallery_2/app/Controllers/Image_gallery.php(59): view()
#4 /var/www/html/image_gallery_2/system/CodeIgniter.php(924): App\Controllers\Image_gallery->view_gallery()
#5 /var/www/html/image_gallery_2/system/CodeIgniter.php(410): CodeIgniter\CodeIgniter->runController()
#6 /var/www/html/image_gallery_2/system/CodeIgniter.php(318): CodeIgniter\CodeIgniter->handleRequest()
#7 /var/www/html/image_gallery_2/index.php(46): CodeIgniter\CodeIgniter->run()
#8 {main}
CRITICAL - 2021-01-08 01:17:04 --> syntax error, unexpected '}', expecting end of file
#0 /var/www/html/image_gallery_2/system/Common.php(1119): CodeIgniter\View\View->render()
#1 /var/www/html/image_gallery_2/app/Controllers/Image_gallery.php(59): view()
#2 /var/www/html/image_gallery_2/system/CodeIgniter.php(924): App\Controllers\Image_gallery->view_gallery()
#3 /var/www/html/image_gallery_2/system/CodeIgniter.php(410): CodeIgniter\CodeIgniter->runController()
#4 /var/www/html/image_gallery_2/system/CodeIgniter.php(318): CodeIgniter\CodeIgniter->handleRequest()
#5 /var/www/html/image_gallery_2/index.php(46): CodeIgniter\CodeIgniter->run()
#6 {main}
CRITICAL - 2021-01-08 01:17:09 --> Undefined index: category_id
#0 /var/www/html/image_gallery_2/app/Views/view_gallery.php(185): CodeIgniter\Debug\Exceptions->errorHandler()
#1 /var/www/html/image_gallery_2/system/View/View.php(246): include('/var/www/html/i...')
#2 /var/www/html/image_gallery_2/system/Common.php(1119): CodeIgniter\View\View->render()
#3 /var/www/html/image_gallery_2/app/Controllers/Image_gallery.php(59): view()
#4 /var/www/html/image_gallery_2/system/CodeIgniter.php(924): App\Controllers\Image_gallery->view_gallery()
#5 /var/www/html/image_gallery_2/system/CodeIgniter.php(410): CodeIgniter\CodeIgniter->runController()
#6 /var/www/html/image_gallery_2/system/CodeIgniter.php(318): CodeIgniter\CodeIgniter->handleRequest()
#7 /var/www/html/image_gallery_2/index.php(46): CodeIgniter\CodeIgniter->run()
#8 {main}
CRITICAL - 2021-01-08 01:18:03 --> Undefined variable: category
#0 /var/www/html/image_gallery_2/app/Views/view_gallery.php(187): CodeIgniter\Debug\Exceptions->errorHandler()
#1 /var/www/html/image_gallery_2/system/View/View.php(246): include('/var/www/html/i...')
#2 /var/www/html/image_gallery_2/system/Common.php(1119): CodeIgniter\View\View->render()
#3 /var/www/html/image_gallery_2/app/Controllers/Image_gallery.php(59): view()
#4 /var/www/html/image_gallery_2/system/CodeIgniter.php(924): App\Controllers\Image_gallery->view_gallery()
#5 /var/www/html/image_gallery_2/system/CodeIgniter.php(410): CodeIgniter\CodeIgniter->runController()
#6 /var/www/html/image_gallery_2/system/CodeIgniter.php(318): CodeIgniter\CodeIgniter->handleRequest()
#7 /var/www/html/image_gallery_2/index.php(46): CodeIgniter\CodeIgniter->run()
#8 {main}
CRITICAL - 2021-01-08 01:18:15 --> Undefined index: count
#0 /var/www/html/image_gallery_2/app/Views/view_gallery.php(188): CodeIgniter\Debug\Exceptions->errorHandler()
#1 /var/www/html/image_gallery_2/system/View/View.php(246): include('/var/www/html/i...')
#2 /var/www/html/image_gallery_2/system/Common.php(1119): CodeIgniter\View\View->render()
#3 /var/www/html/image_gallery_2/app/Controllers/Image_gallery.php(59): view()
#4 /var/www/html/image_gallery_2/system/CodeIgniter.php(924): App\Controllers\Image_gallery->view_gallery()
#5 /var/www/html/image_gallery_2/system/CodeIgniter.php(410): CodeIgniter\CodeIgniter->runController()
#6 /var/www/html/image_gallery_2/system/CodeIgniter.php(318): CodeIgniter\CodeIgniter->handleRequest()
#7 /var/www/html/image_gallery_2/index.php(46): CodeIgniter\CodeIgniter->run()
#8 {main}
CRITICAL - 2021-01-08 01:19:06 --> Undefined index: id
#0 /var/www/html/image_gallery_2/app/Controllers/Image_gallery.php(12): CodeIgniter\Debug\Exceptions->errorHandler()
#1 /var/www/html/image_gallery_2/system/CodeIgniter.php(924): App\Controllers\Image_gallery->index()
#2 /var/www/html/image_gallery_2/system/CodeIgniter.php(410): CodeIgniter\CodeIgniter->runController()
#3 /var/www/html/image_gallery_2/system/CodeIgniter.php(318): CodeIgniter\CodeIgniter->handleRequest()
#4 /var/www/html/image_gallery_2/index.php(46): CodeIgniter\CodeIgniter->run()
#5 {main}
CRITICAL - 2021-01-08 01:19:23 --> Undefined variable: images
#0 /var/www/html/image_gallery_2/app/Controllers/Image_gallery.php(27): CodeIgniter\Debug\Exceptions->errorHandler()
#1 /var/www/html/image_gallery_2/system/CodeIgniter.php(924): App\Controllers\Image_gallery->index()
#2 /var/www/html/image_gallery_2/system/CodeIgniter.php(410): CodeIgniter\CodeIgniter->runController()
#3 /var/www/html/image_gallery_2/system/CodeIgniter.php(318): CodeIgniter\CodeIgniter->handleRequest()
#4 /var/www/html/image_gallery_2/index.php(46): CodeIgniter\CodeIgniter->run()
#5 {main}
CRITICAL - 2021-01-08 01:19:28 --> Undefined variable: images_data
#0 /var/www/html/image_gallery_2/app/Views/image_gallery.php(200): CodeIgniter\Debug\Exceptions->errorHandler()
#1 /var/www/html/image_gallery_2/system/View/View.php(246): include('/var/www/html/i...')
#2 /var/www/html/image_gallery_2/system/Common.php(1119): CodeIgniter\View\View->render()
#3 /var/www/html/image_gallery_2/app/Controllers/Image_gallery.php(30): view()
#4 /var/www/html/image_gallery_2/system/CodeIgniter.php(924): App\Controllers\Image_gallery->index()
#5 /var/www/html/image_gallery_2/system/CodeIgniter.php(410): CodeIgniter\CodeIgniter->runController()
#6 /var/www/html/image_gallery_2/system/CodeIgniter.php(318): CodeIgniter\CodeIgniter->handleRequest()
#7 /var/www/html/image_gallery_2/index.php(46): CodeIgniter\CodeIgniter->run()
#8 {main}
CRITICAL - 2021-01-08 01:19:55 --> Undefined variable: images_data
#0 /var/www/html/image_gallery_2/app/Views/image_gallery.php(200): CodeIgniter\Debug\Exceptions->errorHandler()
#1 /var/www/html/image_gallery_2/system/View/View.php(246): include('/var/www/html/i...')
#2 /var/www/html/image_gallery_2/system/Common.php(1119): CodeIgniter\View\View->render()
#3 /var/www/html/image_gallery_2/app/Controllers/Image_gallery.php(30): view()
#4 /var/www/html/image_gallery_2/system/CodeIgniter.php(924): App\Controllers\Image_gallery->index()
#5 /var/www/html/image_gallery_2/system/CodeIgniter.php(410): CodeIgniter\CodeIgniter->runController()
#6 /var/www/html/image_gallery_2/system/CodeIgniter.php(318): CodeIgniter\CodeIgniter->handleRequest()
#7 /var/www/html/image_gallery_2/index.php(46): CodeIgniter\CodeIgniter->run()
#8 {main}
CRITICAL - 2021-01-08 01:23:36 --> Undefined index: category_id
#0 /var/www/html/image_gallery_2/app/Views/view_gallery.php(188): CodeIgniter\Debug\Exceptions->errorHandler()
#1 /var/www/html/image_gallery_2/system/View/View.php(246): include('/var/www/html/i...')
#2 /var/www/html/image_gallery_2/system/Common.php(1119): CodeIgniter\View\View->render()
#3 /var/www/html/image_gallery_2/app/Controllers/Image_gallery.php(59): view()
#4 /var/www/html/image_gallery_2/system/CodeIgniter.php(924): App\Controllers\Image_gallery->view_gallery()
#5 /var/www/html/image_gallery_2/system/CodeIgniter.php(410): CodeIgniter\CodeIgniter->runController()
#6 /var/www/html/image_gallery_2/system/CodeIgniter.php(318): CodeIgniter\CodeIgniter->handleRequest()
#7 /var/www/html/image_gallery_2/index.php(46): CodeIgniter\CodeIgniter->run()
#8 {main}
CRITICAL - 2021-01-08 01:23:55 --> Array to string conversion
#0 /var/www/html/image_gallery_2/app/Controllers/Image_gallery.php(52): CodeIgniter\Debug\Exceptions->errorHandler()
#1 /var/www/html/image_gallery_2/system/CodeIgniter.php(924): App\Controllers\Image_gallery->view_gallery()
#2 /var/www/html/image_gallery_2/system/CodeIgniter.php(410): CodeIgniter\CodeIgniter->runController()
#3 /var/www/html/image_gallery_2/system/CodeIgniter.php(318): CodeIgniter\CodeIgniter->handleRequest()
#4 /var/www/html/image_gallery_2/index.php(46): CodeIgniter\CodeIgniter->run()
#5 {main}
CRITICAL - 2021-01-08 01:36:40 --> Argument 1 passed to CodeIgniter\Database\BaseConnection::query() must be of the type string, object given, called in /var/www/html/image_gallery_2/app/Controllers/Upload_image.php on line 61
#0 /var/www/html/image_gallery_2/app/Controllers/Upload_image.php(61): CodeIgniter\Database\BaseConnection->query()
#1 /var/www/html/image_gallery_2/system/CodeIgniter.php(924): App\Controllers\Upload_image->file_upload()
#2 /var/www/html/image_gallery_2/system/CodeIgniter.php(410): CodeIgniter\CodeIgniter->runController()
#3 /var/www/html/image_gallery_2/system/CodeIgniter.php(318): CodeIgniter\CodeIgniter->handleRequest()
#4 /var/www/html/image_gallery_2/index.php(46): CodeIgniter\CodeIgniter->run()
#5 {main}
CRITICAL - 2021-01-08 01:38:49 --> Column 'category_id' cannot be null
#0 /var/www/html/image_gallery_2/system/Database/MySQLi/Connection.php(331): mysqli->query()
#1 /var/www/html/image_gallery_2/system/Database/BaseConnection.php(741): CodeIgniter\Database\MySQLi\Connection->execute()
#2 /var/www/html/image_gallery_2/system/Database/BaseConnection.php(669): CodeIgniter\Database\BaseConnection->simpleQuery()
#3 /var/www/html/image_gallery_2/system/Database/BaseBuilder.php(2249): CodeIgniter\Database\BaseConnection->query()
#4 /var/www/html/image_gallery_2/app/Controllers/Upload_image.php(62): CodeIgniter\Database\BaseBuilder->insert()
#5 /var/www/html/image_gallery_2/system/CodeIgniter.php(924): App\Controllers\Upload_image->file_upload()
#6 /var/www/html/image_gallery_2/system/CodeIgniter.php(410): CodeIgniter\CodeIgniter->runController()
#7 /var/www/html/image_gallery_2/system/CodeIgniter.php(318): CodeIgniter\CodeIgniter->handleRequest()
#8 /var/www/html/image_gallery_2/index.php(46): CodeIgniter\CodeIgniter->run()
#9 {main}
CRITICAL - 2021-01-08 01:40:45 --> Undefined variable: request
#0 /var/www/html/image_gallery_2/app/Controllers/Upload_image.php(39): CodeIgniter\Debug\Exceptions->errorHandler()
#1 /var/www/html/image_gallery_2/system/CodeIgniter.php(924): App\Controllers\Upload_image->file_upload()
#2 /var/www/html/image_gallery_2/system/CodeIgniter.php(410): CodeIgniter\CodeIgniter->runController()
#3 /var/www/html/image_gallery_2/system/CodeIgniter.php(318): CodeIgniter\CodeIgniter->handleRequest()
#4 /var/www/html/image_gallery_2/index.php(46): CodeIgniter\CodeIgniter->run()
#5 {main}
CRITICAL - 2021-01-08 01:41:09 --> Undefined variable: request
#0 /var/www/html/image_gallery_2/app/Controllers/Upload_image.php(33): CodeIgniter\Debug\Exceptions->errorHandler()
#1 /var/www/html/image_gallery_2/system/CodeIgniter.php(924): App\Controllers\Upload_image->file_upload()
#2 /var/www/html/image_gallery_2/system/CodeIgniter.php(410): CodeIgniter\CodeIgniter->runController()
#3 /var/www/html/image_gallery_2/system/CodeIgniter.php(318): CodeIgniter\CodeIgniter->handleRequest()
#4 /var/www/html/image_gallery_2/index.php(46): CodeIgniter\CodeIgniter->run()
#5 {main}
CRITICAL - 2021-01-08 01:41:47 --> Undefined variable: request
#0 /var/www/html/image_gallery_2/app/Controllers/Upload_image.php(28): CodeIgniter\Debug\Exceptions->errorHandler()
#1 /var/www/html/image_gallery_2/system/CodeIgniter.php(924): App\Controllers\Upload_image->file_upload()
#2 /var/www/html/image_gallery_2/system/CodeIgniter.php(410): CodeIgniter\CodeIgniter->runController()
#3 /var/www/html/image_gallery_2/system/CodeIgniter.php(318): CodeIgniter\CodeIgniter->handleRequest()
#4 /var/www/html/image_gallery_2/index.php(46): CodeIgniter\CodeIgniter->run()
#5 {main}
CRITICAL - 2021-01-08 01:45:57 --> Array callback has to contain indices 0 and 1
#0 /var/www/html/image_gallery_2/system/CodeIgniter.php(924): App\Controllers\Upload_image->file_upload()
#1 /var/www/html/image_gallery_2/system/CodeIgniter.php(410): CodeIgniter\CodeIgniter->runController()
#2 /var/www/html/image_gallery_2/system/CodeIgniter.php(318): CodeIgniter\CodeIgniter->handleRequest()
#3 /var/www/html/image_gallery_2/index.php(46): CodeIgniter\CodeIgniter->run()
#4 {main}
CRITICAL - 2021-01-08 01:46:22 --> Undefined variable: category
#0 /var/www/html/image_gallery_2/app/Controllers/Upload_image.php(61): CodeIgniter\Debug\Exceptions->errorHandler()
#1 /var/www/html/image_gallery_2/system/CodeIgniter.php(924): App\Controllers\Upload_image->file_upload()
#2 /var/www/html/image_gallery_2/system/CodeIgniter.php(410): CodeIgniter\CodeIgniter->runController()
#3 /var/www/html/image_gallery_2/system/CodeIgniter.php(318): CodeIgniter\CodeIgniter->handleRequest()
#4 /var/www/html/image_gallery_2/index.php(46): CodeIgniter\CodeIgniter->run()
#5 {main}
CRITICAL - 2021-01-08 01:47:16 --> Unknown column 'field' in 'field list'
#0 /var/www/html/image_gallery_2/system/Database/MySQLi/Connection.php(331): mysqli->query()
#1 /var/www/html/image_gallery_2/system/Database/BaseConnection.php(741): CodeIgniter\Database\MySQLi\Connection->execute()
#2 /var/www/html/image_gallery_2/system/Database/BaseConnection.php(669): CodeIgniter\Database\BaseConnection->simpleQuery()
#3 /var/www/html/image_gallery_2/system/Database/BaseBuilder.php(2249): CodeIgniter\Database\BaseConnection->query()
#4 /var/www/html/image_gallery_2/app/Controllers/Upload_image.php(65): CodeIgniter\Database\BaseBuilder->insert()
#5 /var/www/html/image_gallery_2/system/CodeIgniter.php(924): App\Controllers\Upload_image->file_upload()
#6 /var/www/html/image_gallery_2/system/CodeIgniter.php(410): CodeIgniter\CodeIgniter->runController()
#7 /var/www/html/image_gallery_2/system/CodeIgniter.php(318): CodeIgniter\CodeIgniter->handleRequest()
#8 /var/www/html/image_gallery_2/index.php(46): CodeIgniter\CodeIgniter->run()
#9 {main}
CRITICAL - 2021-01-08 01:47:48 --> Unknown column 'field' in 'field list'
#0 /var/www/html/image_gallery_2/system/Database/MySQLi/Connection.php(331): mysqli->query()
#1 /var/www/html/image_gallery_2/system/Database/BaseConnection.php(741): CodeIgniter\Database\MySQLi\Connection->execute()
#2 /var/www/html/image_gallery_2/system/Database/BaseConnection.php(669): CodeIgniter\Database\BaseConnection->simpleQuery()
#3 /var/www/html/image_gallery_2/system/Database/BaseBuilder.php(2249): CodeIgniter\Database\BaseConnection->query()
#4 /var/www/html/image_gallery_2/app/Controllers/Upload_image.php(65): CodeIgniter\Database\BaseBuilder->insert()
#5 /var/www/html/image_gallery_2/system/CodeIgniter.php(924): App\Controllers\Upload_image->file_upload()
#6 /var/www/html/image_gallery_2/system/CodeIgniter.php(410): CodeIgniter\CodeIgniter->runController()
#7 /var/www/html/image_gallery_2/system/CodeIgniter.php(318): CodeIgniter\CodeIgniter->handleRequest()
#8 /var/www/html/image_gallery_2/index.php(46): CodeIgniter\CodeIgniter->run()
#9 {main}
CRITICAL - 2021-01-08 01:48:03 --> Unknown column 'field' in 'field list'
#0 /var/www/html/image_gallery_2/system/Database/MySQLi/Connection.php(331): mysqli->query()
#1 /var/www/html/image_gallery_2/system/Database/BaseConnection.php(741): CodeIgniter\Database\MySQLi\Connection->execute()
#2 /var/www/html/image_gallery_2/system/Database/BaseConnection.php(669): CodeIgniter\Database\BaseConnection->simpleQuery()
#3 /var/www/html/image_gallery_2/system/Database/BaseBuilder.php(2249): CodeIgniter\Database\BaseConnection->query()
#4 /var/www/html/image_gallery_2/app/Controllers/Upload_image.php(65): CodeIgniter\Database\BaseBuilder->insert()
#5 /var/www/html/image_gallery_2/system/CodeIgniter.php(924): App\Controllers\Upload_image->file_upload()
#6 /var/www/html/image_gallery_2/system/CodeIgniter.php(410): CodeIgniter\CodeIgniter->runController()
#7 /var/www/html/image_gallery_2/system/CodeIgniter.php(318): CodeIgniter\CodeIgniter->handleRequest()
#8 /var/www/html/image_gallery_2/index.php(46): CodeIgniter\CodeIgniter->run()
#9 {main}
CRITICAL - 2021-01-08 01:48:49 --> Argument 1 passed to CodeIgniter\Database\BaseConnection::query() must be of the type string, object given, called in /var/www/html/image_gallery_2/app/Controllers/Upload_image.php on line 67
#0 /var/www/html/image_gallery_2/app/Controllers/Upload_image.php(67): CodeIgniter\Database\BaseConnection->query()
#1 /var/www/html/image_gallery_2/system/CodeIgniter.php(924): App\Controllers\Upload_image->file_upload()
#2 /var/www/html/image_gallery_2/system/CodeIgniter.php(410): CodeIgniter\CodeIgniter->runController()
#3 /var/www/html/image_gallery_2/system/CodeIgniter.php(318): CodeIgniter\CodeIgniter->handleRequest()
#4 /var/www/html/image_gallery_2/index.php(46): CodeIgniter\CodeIgniter->run()
#5 {main}
CRITICAL - 2021-01-08 01:50:34 --> Argument 1 passed to CodeIgniter\Database\BaseConnection::query() must be of the type string, object given, called in /var/www/html/image_gallery_2/app/Controllers/Upload_image.php on line 67
#0 /var/www/html/image_gallery_2/app/Controllers/Upload_image.php(67): CodeIgniter\Database\BaseConnection->query()
#1 /var/www/html/image_gallery_2/system/CodeIgniter.php(924): App\Controllers\Upload_image->file_upload()
#2 /var/www/html/image_gallery_2/system/CodeIgniter.php(410): CodeIgniter\CodeIgniter->runController()
#3 /var/www/html/image_gallery_2/system/CodeIgniter.php(318): CodeIgniter\CodeIgniter->handleRequest()
#4 /var/www/html/image_gallery_2/index.php(46): CodeIgniter\CodeIgniter->run()
#5 {main}
CRITICAL - 2021-01-08 01:52:02 --> Argument 1 passed to CodeIgniter\Database\BaseConnection::query() must be of the type string, object given, called in /var/www/html/image_gallery_2/app/Controllers/Upload_image.php on line 67
#0 /var/www/html/image_gallery_2/app/Controllers/Upload_image.php(67): CodeIgniter\Database\BaseConnection->query()
#1 /var/www/html/image_gallery_2/system/CodeIgniter.php(924): App\Controllers\Upload_image->file_upload()
#2 /var/www/html/image_gallery_2/system/CodeIgniter.php(410): CodeIgniter\CodeIgniter->runController()
#3 /var/www/html/image_gallery_2/system/CodeIgniter.php(318): CodeIgniter\CodeIgniter->handleRequest()
#4 /var/www/html/image_gallery_2/index.php(46): CodeIgniter\CodeIgniter->run()
#5 {main}
CRITICAL - 2021-01-08 01:52:08 --> Argument 1 passed to CodeIgniter\Database\BaseConnection::query() must be of the type string, object given, called in /var/www/html/image_gallery_2/app/Controllers/Upload_image.php on line 67
#0 /var/www/html/image_gallery_2/app/Controllers/Upload_image.php(67): CodeIgniter\Database\BaseConnection->query()
#1 /var/www/html/image_gallery_2/system/CodeIgniter.php(924): App\Controllers\Upload_image->file_upload()
#2 /var/www/html/image_gallery_2/system/CodeIgniter.php(410): CodeIgniter\CodeIgniter->runController()
#3 /var/www/html/image_gallery_2/system/CodeIgniter.php(318): CodeIgniter\CodeIgniter->handleRequest()
#4 /var/www/html/image_gallery_2/index.php(46): CodeIgniter\CodeIgniter->run()
#5 {main}
CRITICAL - 2021-01-08 01:52:43 --> Argument 1 passed to CodeIgniter\Database\BaseConnection::query() must be of the type string, object given, called in /var/www/html/image_gallery_2/app/Controllers/Upload_image.php on line 67
#0 /var/www/html/image_gallery_2/app/Controllers/Upload_image.php(67): CodeIgniter\Database\BaseConnection->query()
#1 /var/www/html/image_gallery_2/system/CodeIgniter.php(924): App\Controllers\Upload_image->file_upload()
#2 /var/www/html/image_gallery_2/system/CodeIgniter.php(410): CodeIgniter\CodeIgniter->runController()
#3 /var/www/html/image_gallery_2/system/CodeIgniter.php(318): CodeIgniter\CodeIgniter->handleRequest()
#4 /var/www/html/image_gallery_2/index.php(46): CodeIgniter\CodeIgniter->run()
#5 {main}
CRITICAL - 2021-01-08 01:52:52 --> Argument 1 passed to CodeIgniter\Database\BaseConnection::query() must be of the type string, object given, called in /var/www/html/image_gallery_2/app/Controllers/Upload_image.php on line 67
#0 /var/www/html/image_gallery_2/app/Controllers/Upload_image.php(67): CodeIgniter\Database\BaseConnection->query()
#1 /var/www/html/image_gallery_2/system/CodeIgniter.php(924): App\Controllers\Upload_image->file_upload()
#2 /var/www/html/image_gallery_2/system/CodeIgniter.php(410): CodeIgniter\CodeIgniter->runController()
#3 /var/www/html/image_gallery_2/system/CodeIgniter.php(318): CodeIgniter\CodeIgniter->handleRequest()
#4 /var/www/html/image_gallery_2/index.php(46): CodeIgniter\CodeIgniter->run()
#5 {main}
CRITICAL - 2021-01-08 01:55:31 --> Argument 1 passed to CodeIgniter\Database\BaseConnection::query() must be of the type string, object given, called in /var/www/html/image_gallery_2/app/Controllers/Upload_image.php on line 67
#0 /var/www/html/image_gallery_2/app/Controllers/Upload_image.php(67): CodeIgniter\Database\BaseConnection->query()
#1 /var/www/html/image_gallery_2/system/CodeIgniter.php(924): App\Controllers\Upload_image->file_upload()
#2 /var/www/html/image_gallery_2/system/CodeIgniter.php(410): CodeIgniter\CodeIgniter->runController()
#3 /var/www/html/image_gallery_2/system/CodeIgniter.php(318): CodeIgniter\CodeIgniter->handleRequest()
#4 /var/www/html/image_gallery_2/index.php(46): CodeIgniter\CodeIgniter->run()
#5 {main}
CRITICAL - 2021-01-08 01:56:30 --> Argument 1 passed to CodeIgniter\Database\BaseConnection::query() must be of the type string, object given, called in /var/www/html/image_gallery_2/app/Controllers/Upload_image.php on line 67
#0 /var/www/html/image_gallery_2/app/Controllers/Upload_image.php(67): CodeIgniter\Database\BaseConnection->query()
#1 /var/www/html/image_gallery_2/system/CodeIgniter.php(924): App\Controllers\Upload_image->file_upload()
#2 /var/www/html/image_gallery_2/system/CodeIgniter.php(410): CodeIgniter\CodeIgniter->runController()
#3 /var/www/html/image_gallery_2/system/CodeIgniter.php(318): CodeIgniter\CodeIgniter->handleRequest()
#4 /var/www/html/image_gallery_2/index.php(46): CodeIgniter\CodeIgniter->run()
#5 {main}
CRITICAL - 2021-01-08 01:56:46 --> Argument 1 passed to CodeIgniter\Database\BaseConnection::query() must be of the type string, object given, called in /var/www/html/image_gallery_2/app/Controllers/Upload_image.php on line 67
#0 /var/www/html/image_gallery_2/app/Controllers/Upload_image.php(67): CodeIgniter\Database\BaseConnection->query()
#1 /var/www/html/image_gallery_2/system/CodeIgniter.php(924): App\Controllers\Upload_image->file_upload()
#2 /var/www/html/image_gallery_2/system/CodeIgniter.php(410): CodeIgniter\CodeIgniter->runController()
#3 /var/www/html/image_gallery_2/system/CodeIgniter.php(318): CodeIgniter\CodeIgniter->handleRequest()
#4 /var/www/html/image_gallery_2/index.php(46): CodeIgniter\CodeIgniter->run()
#5 {main}
CRITICAL - 2021-01-08 01:56:56 --> Argument 1 passed to CodeIgniter\Database\BaseConnection::query() must be of the type string, object given, called in /var/www/html/image_gallery_2/app/Controllers/Upload_image.php on line 67
#0 /var/www/html/image_gallery_2/app/Controllers/Upload_image.php(67): CodeIgniter\Database\BaseConnection->query()
#1 /var/www/html/image_gallery_2/system/CodeIgniter.php(924): App\Controllers\Upload_image->file_upload()
#2 /var/www/html/image_gallery_2/system/CodeIgniter.php(410): CodeIgniter\CodeIgniter->runController()
#3 /var/www/html/image_gallery_2/system/CodeIgniter.php(318): CodeIgniter\CodeIgniter->handleRequest()
#4 /var/www/html/image_gallery_2/index.php(46): CodeIgniter\CodeIgniter->run()
#5 {main}
CRITICAL - 2021-01-08 01:57:16 --> Argument 1 passed to CodeIgniter\Database\BaseConnection::query() must be of the type string, object given, called in /var/www/html/image_gallery_2/app/Controllers/Upload_image.php on line 67
#0 /var/www/html/image_gallery_2/app/Controllers/Upload_image.php(67): CodeIgniter\Database\BaseConnection->query()
#1 /var/www/html/image_gallery_2/system/CodeIgniter.php(924): App\Controllers\Upload_image->file_upload()
#2 /var/www/html/image_gallery_2/system/CodeIgniter.php(410): CodeIgniter\CodeIgniter->runController()
#3 /var/www/html/image_gallery_2/system/CodeIgniter.php(318): CodeIgniter\CodeIgniter->handleRequest()
#4 /var/www/html/image_gallery_2/index.php(46): CodeIgniter\CodeIgniter->run()
#5 {main}
CRITICAL - 2021-01-08 01:57:26 --> Argument 1 passed to CodeIgniter\Database\BaseConnection::query() must be of the type string, object given, called in /var/www/html/image_gallery_2/app/Controllers/Upload_image.php on line 67
#0 /var/www/html/image_gallery_2/app/Controllers/Upload_image.php(67): CodeIgniter\Database\BaseConnection->query()
#1 /var/www/html/image_gallery_2/system/CodeIgniter.php(924): App\Controllers\Upload_image->file_upload()
#2 /var/www/html/image_gallery_2/system/CodeIgniter.php(410): CodeIgniter\CodeIgniter->runController()
#3 /var/www/html/image_gallery_2/system/CodeIgniter.php(318): CodeIgniter\CodeIgniter->handleRequest()
#4 /var/www/html/image_gallery_2/index.php(46): CodeIgniter\CodeIgniter->run()
#5 {main}
CRITICAL - 2021-01-08 01:58:19 --> Argument 1 passed to CodeIgniter\Database\BaseConnection::query() must be of the type string, object given, called in /var/www/html/image_gallery_2/app/Controllers/Upload_image.php on line 67
#0 /var/www/html/image_gallery_2/app/Controllers/Upload_image.php(67): CodeIgniter\Database\BaseConnection->query()
#1 /var/www/html/image_gallery_2/system/CodeIgniter.php(924): App\Controllers\Upload_image->file_upload()
#2 /var/www/html/image_gallery_2/system/CodeIgniter.php(410): CodeIgniter\CodeIgniter->runController()
#3 /var/www/html/image_gallery_2/system/CodeIgniter.php(318): CodeIgniter\CodeIgniter->handleRequest()
#4 /var/www/html/image_gallery_2/index.php(46): CodeIgniter\CodeIgniter->run()
#5 {main}
CRITICAL - 2021-01-08 02:55:52 --> Array to string conversion
#0 /var/www/html/image_gallery_2/app/Controllers/Image_gallery.php(74): CodeIgniter\Debug\Exceptions->errorHandler()
#1 /var/www/html/image_gallery_2/system/CodeIgniter.php(924): App\Controllers\Image_gallery->file_remove()
#2 /var/www/html/image_gallery_2/system/CodeIgniter.php(410): CodeIgniter\CodeIgniter->runController()
#3 /var/www/html/image_gallery_2/system/CodeIgniter.php(318): CodeIgniter\CodeIgniter->handleRequest()
#4 /var/www/html/image_gallery_2/index.php(46): CodeIgniter\CodeIgniter->run()
#5 {main}
CRITICAL - 2021-01-08 02:56:51 --> Array to string conversion
#0 /var/www/html/image_gallery_2/app/Controllers/Image_gallery.php(74): CodeIgniter\Debug\Exceptions->errorHandler()
#1 /var/www/html/image_gallery_2/system/CodeIgniter.php(924): App\Controllers\Image_gallery->file_remove()
#2 /var/www/html/image_gallery_2/system/CodeIgniter.php(410): CodeIgniter\CodeIgniter->runController()
#3 /var/www/html/image_gallery_2/system/CodeIgniter.php(318): CodeIgniter\CodeIgniter->handleRequest()
#4 /var/www/html/image_gallery_2/index.php(46): CodeIgniter\CodeIgniter->run()
#5 {main}
