CRITICAL - 2021-03-19 00:19:57 --> Undefined variable: key
#0 C:\wamp64\www\kelly\frontend\app\Views\home.php(99): CodeIgniter\Debug\Exceptions->errorHandler(8, 'Undefined varia...', 'C:\\wamp64\\www\\k...', 99, Array)
#1 C:\wamp64\www\kelly\frontend\system\View\View.php(246): include('C:\\wamp64\\www\\k...')
#2 C:\wamp64\www\kelly\frontend\system\Common.php(1119): CodeIgniter\View\View->render('home', Array, true)
#3 C:\wamp64\www\kelly\frontend\app\Controllers\Home.php(66): view('home', Array)
#4 C:\wamp64\www\kelly\frontend\system\CodeIgniter.php(924): App\Controllers\Home->index()
#5 C:\wamp64\www\kelly\frontend\system\CodeIgniter.php(410): CodeIgniter\CodeIgniter->runController(Object(App\Controllers\Home))
#6 C:\wamp64\www\kelly\frontend\system\CodeIgniter.php(318): CodeIgniter\CodeIgniter->handleRequest(NULL, Object(Config\Cache), false)
#7 C:\wamp64\www\kelly\frontend\index.php(46): CodeIgniter\CodeIgniter->run()
#8 {main}
CRITICAL - 2021-03-19 00:21:55 --> Undefined index: sale_price
#0 C:\wamp64\www\kelly\frontend\app\Views\home.php(102): CodeIgniter\Debug\Exceptions->errorHandler(8, 'Undefined index...', 'C:\\wamp64\\www\\k...', 102, Array)
#1 C:\wamp64\www\kelly\frontend\system\View\View.php(246): include('C:\\wamp64\\www\\k...')
#2 C:\wamp64\www\kelly\frontend\system\Common.php(1119): CodeIgniter\View\View->render('home', Array, true)
#3 C:\wamp64\www\kelly\frontend\app\Controllers\Home.php(66): view('home', Array)
#4 C:\wamp64\www\kelly\frontend\system\CodeIgniter.php(924): App\Controllers\Home->index()
#5 C:\wamp64\www\kelly\frontend\system\CodeIgniter.php(410): CodeIgniter\CodeIgniter->runController(Object(App\Controllers\Home))
#6 C:\wamp64\www\kelly\frontend\system\CodeIgniter.php(318): CodeIgniter\CodeIgniter->handleRequest(NULL, Object(Config\Cache), false)
#7 C:\wamp64\www\kelly\frontend\index.php(46): CodeIgniter\CodeIgniter->run()
#8 {main}
CRITICAL - 2021-03-19 01:19:48 --> Undefined variable: data
#0 C:\wamp64\www\kelly\frontend\app\Controllers\Register.php(24): CodeIgniter\Debug\Exceptions->errorHandler(8, 'Undefined varia...', 'C:\\wamp64\\www\\k...', 24, Array)
#1 C:\wamp64\www\kelly\frontend\system\CodeIgniter.php(924): App\Controllers\Register->index()
#2 C:\wamp64\www\kelly\frontend\system\CodeIgniter.php(410): CodeIgniter\CodeIgniter->runController(Object(App\Controllers\Register))
#3 C:\wamp64\www\kelly\frontend\system\CodeIgniter.php(318): CodeIgniter\CodeIgniter->handleRequest(NULL, Object(Config\Cache), false)
#4 C:\wamp64\www\kelly\frontend\index.php(46): CodeIgniter\CodeIgniter->run()
#5 {main}
CRITICAL - 2021-03-19 04:57:44 --> Undefined index: file
#0 C:\wamp64\www\kelly\frontend\app\Controllers\Register.php(24): CodeIgniter\Debug\Exceptions->errorHandler(8, 'Undefined index...', 'C:\\wamp64\\www\\k...', 24, Array)
#1 C:\wamp64\www\kelly\frontend\system\CodeIgniter.php(924): App\Controllers\Register->submit()
#2 C:\wamp64\www\kelly\frontend\system\CodeIgniter.php(410): CodeIgniter\CodeIgniter->runController(Object(App\Controllers\Register))
#3 C:\wamp64\www\kelly\frontend\system\CodeIgniter.php(318): CodeIgniter\CodeIgniter->handleRequest(NULL, Object(Config\Cache), false)
#4 C:\wamp64\www\kelly\frontend\index.php(46): CodeIgniter\CodeIgniter->run()
#5 {main}
CRITICAL - 2021-03-19 05:03:44 --> Undefined index: file
#0 C:\wamp64\www\kelly\frontend\app\Controllers\Register.php(24): CodeIgniter\Debug\Exceptions->errorHandler(8, 'Undefined index...', 'C:\\wamp64\\www\\k...', 24, Array)
#1 C:\wamp64\www\kelly\frontend\system\CodeIgniter.php(924): App\Controllers\Register->submit()
#2 C:\wamp64\www\kelly\frontend\system\CodeIgniter.php(410): CodeIgniter\CodeIgniter->runController(Object(App\Controllers\Register))
#3 C:\wamp64\www\kelly\frontend\system\CodeIgniter.php(318): CodeIgniter\CodeIgniter->handleRequest(NULL, Object(Config\Cache), false)
#4 C:\wamp64\www\kelly\frontend\index.php(46): CodeIgniter\CodeIgniter->run()
#5 {main}
CRITICAL - 2021-03-19 05:06:42 --> Undefined index: file
#0 C:\wamp64\www\kelly\frontend\app\Controllers\Register.php(24): CodeIgniter\Debug\Exceptions->errorHandler(8, 'Undefined index...', 'C:\\wamp64\\www\\k...', 24, Array)
#1 C:\wamp64\www\kelly\frontend\system\CodeIgniter.php(924): App\Controllers\Register->submit()
#2 C:\wamp64\www\kelly\frontend\system\CodeIgniter.php(410): CodeIgniter\CodeIgniter->runController(Object(App\Controllers\Register))
#3 C:\wamp64\www\kelly\frontend\system\CodeIgniter.php(318): CodeIgniter\CodeIgniter->handleRequest(NULL, Object(Config\Cache), false)
#4 C:\wamp64\www\kelly\frontend\index.php(46): CodeIgniter\CodeIgniter->run()
#5 {main}
CRITICAL - 2021-03-19 05:28:02 --> You have an error in your SQL syntax; check the manual that corresponds to your MariaDB server version for the right syntax to use near '' at line 1
#0 C:\wamp64\www\kelly\frontend\system\Database\MySQLi\Connection.php(331): mysqli->query('SELECT * FROM p...')
#1 C:\wamp64\www\kelly\frontend\system\Database\BaseConnection.php(741): CodeIgniter\Database\MySQLi\Connection->execute('SELECT * FROM p...')
#2 C:\wamp64\www\kelly\frontend\system\Database\BaseConnection.php(669): CodeIgniter\Database\BaseConnection->simpleQuery('SELECT * FROM p...')
#3 C:\wamp64\www\kelly\frontend\app\Controllers\Register.php(36): CodeIgniter\Database\BaseConnection->query('SELECT * FROM p...')
#4 C:\wamp64\www\kelly\frontend\system\CodeIgniter.php(924): App\Controllers\Register->submit()
#5 C:\wamp64\www\kelly\frontend\system\CodeIgniter.php(410): CodeIgniter\CodeIgniter->runController(Object(App\Controllers\Register))
#6 C:\wamp64\www\kelly\frontend\system\CodeIgniter.php(318): CodeIgniter\CodeIgniter->handleRequest(NULL, Object(Config\Cache), false)
#7 C:\wamp64\www\kelly\frontend\index.php(46): CodeIgniter\CodeIgniter->run()
#8 {main}
CRITICAL - 2021-03-19 05:30:19 --> Undefined variable: packageId
#0 C:\wamp64\www\kelly\frontend\app\Controllers\Register.php(24): CodeIgniter\Debug\Exceptions->errorHandler(8, 'Undefined varia...', 'C:\\wamp64\\www\\k...', 24, Array)
#1 C:\wamp64\www\kelly\frontend\system\CodeIgniter.php(924): App\Controllers\Register->submit()
#2 C:\wamp64\www\kelly\frontend\system\CodeIgniter.php(410): CodeIgniter\CodeIgniter->runController(Object(App\Controllers\Register))
#3 C:\wamp64\www\kelly\frontend\system\CodeIgniter.php(318): CodeIgniter\CodeIgniter->handleRequest(NULL, Object(Config\Cache), false)
#4 C:\wamp64\www\kelly\frontend\index.php(46): CodeIgniter\CodeIgniter->run()
#5 {main}
CRITICAL - 2021-03-19 05:32:27 --> move_uploaded_file(/assets/images/attachments/package1.png): failed to open stream: No such file or directory
#0 [internal function]: CodeIgniter\Debug\Exceptions->errorHandler(2, 'move_uploaded_f...', 'C:\\wamp64\\www\\k...', 55, Array)
#1 C:\wamp64\www\kelly\frontend\app\Controllers\Register.php(55): move_uploaded_file('C:\\wamp64\\tmp\\p...', '/assets/images/...')
#2 C:\wamp64\www\kelly\frontend\system\CodeIgniter.php(924): App\Controllers\Register->submit()
#3 C:\wamp64\www\kelly\frontend\system\CodeIgniter.php(410): CodeIgniter\CodeIgniter->runController(Object(App\Controllers\Register))
#4 C:\wamp64\www\kelly\frontend\system\CodeIgniter.php(318): CodeIgniter\CodeIgniter->handleRequest(NULL, Object(Config\Cache), false)
#5 C:\wamp64\www\kelly\frontend\index.php(46): CodeIgniter\CodeIgniter->run()
#6 {main}
CRITICAL - 2021-03-19 05:33:14 --> move_uploaded_file(frontend/assets/images/attachments/package1.png): failed to open stream: No such file or directory
#0 [internal function]: CodeIgniter\Debug\Exceptions->errorHandler(2, 'move_uploaded_f...', 'C:\\wamp64\\www\\k...', 55, Array)
#1 C:\wamp64\www\kelly\frontend\app\Controllers\Register.php(55): move_uploaded_file('C:\\wamp64\\tmp\\p...', 'frontend/assets...')
#2 C:\wamp64\www\kelly\frontend\system\CodeIgniter.php(924): App\Controllers\Register->submit()
#3 C:\wamp64\www\kelly\frontend\system\CodeIgniter.php(410): CodeIgniter\CodeIgniter->runController(Object(App\Controllers\Register))
#4 C:\wamp64\www\kelly\frontend\system\CodeIgniter.php(318): CodeIgniter\CodeIgniter->handleRequest(NULL, Object(Config\Cache), false)
#5 C:\wamp64\www\kelly\frontend\index.php(46): CodeIgniter\CodeIgniter->run()
#6 {main}
CRITICAL - 2021-03-19 05:36:53 --> move_uploaded_file(http://192.168.30.46/kelly/frontend/assets/images/attachments/package1.png): failed to open stream: HTTP wrapper does not support writeable connections
#0 [internal function]: CodeIgniter\Debug\Exceptions->errorHandler(2, 'move_uploaded_f...', 'C:\\wamp64\\www\\k...', 55, Array)
#1 C:\wamp64\www\kelly\frontend\app\Controllers\Register.php(55): move_uploaded_file('C:\\wamp64\\tmp\\p...', 'http://192.168....')
#2 C:\wamp64\www\kelly\frontend\system\CodeIgniter.php(924): App\Controllers\Register->submit()
#3 C:\wamp64\www\kelly\frontend\system\CodeIgniter.php(410): CodeIgniter\CodeIgniter->runController(Object(App\Controllers\Register))
#4 C:\wamp64\www\kelly\frontend\system\CodeIgniter.php(318): CodeIgniter\CodeIgniter->handleRequest(NULL, Object(Config\Cache), false)
#5 C:\wamp64\www\kelly\frontend\index.php(46): CodeIgniter\CodeIgniter->run()
#6 {main}
